1CSurr.txt
Executed in: 440.1750726699829 seconds
ep: 0.05 percent_pool: 10 number of updts: 5193
acc_percent: [[0.84952381 0.63931298 0.60877863 0.64122137 0.63358779 0.64571429
  0.66603053 0.58206107 0.59923664 0.59160305 0.64571429 0.60305344
  0.59923664 0.57442748 0.57633588 0.57142857 0.53053435 0.59160305
  0.55534351 0.54389313 0.55152672 0.55047619 0.5648855  0.5
  0.55725191 0.48664122 0.38857143 0.36832061 0.20801527 0.24236641
  0.23091603 0.21333333 0.27671756 0.24236641 0.27480916 0.27862595
  0.29333333 0.3148855  0.30534351 0.33396947 0.26145038 0.22900763
  0.26095238 0.23854962 0.21946565 0.22900763 0.29389313 0.26857143
  0.29770992 0.36450382 0.42748092 0.44465649 0.3352381  0.34732824
  0.34923664 0.41221374 0.44083969 0.35619048 0.3721374  0.37022901
  0.42748092 0.4980916  0.58015267 0.63809524 0.63740458 0.72709924
  0.72519084 0.70419847 0.75047619 0.71946565 0.68320611 0.70038168
  0.74427481 0.74857143 0.76145038 0.75       0.72519084 0.75
  0.74666667 0.71755725 0.74045802 0.75       0.76145038 0.80343511
  0.82285714 0.83206107 0.85114504 0.79770992 0.78053435 0.63809524
  0.45038168 0.3148855  0.20610687 0.12022901 0.16761905 0.17938931
  0.45801527 0.53435115 0.61832061 0.60380952]]
score: 0.5111546710287168
f1: 0.5087778616793175
mcc: 0.060253990170157465
Memory peak: 101976

1CSurr.txt
Executed in: 361.0167820453644 seconds
ep: 0.05 percent_pool: 20 number of updts: 2186
acc_percent: [[0.82095238 0.67748092 0.64694656 0.67366412 0.63549618 0.64571429
  0.67557252 0.60114504 0.59541985 0.61641221 0.65904762 0.61641221
  0.61641221 0.57251908 0.58778626 0.58857143 0.55725191 0.60305344
  0.56870229 0.5610687  0.55152672 0.56571429 0.57251908 0.5
  0.44847328 0.41412214 0.39809524 0.41984733 0.31679389 0.25572519
  0.24618321 0.18095238 0.15839695 0.12977099 0.19083969 0.15648855
  0.15619048 0.14885496 0.14122137 0.16030534 0.15267176 0.09923664
  0.13714286 0.1259542  0.10114504 0.11259542 0.10496183 0.07619048
  0.11832061 0.12022901 0.12977099 0.11259542 0.12380952 0.14885496
  0.13931298 0.15648855 0.1889313  0.16571429 0.16984733 0.20610687
  0.20801527 0.33969466 0.3778626  0.4552381  0.46374046 0.51145038
  0.50381679 0.55152672 0.55428571 0.57251908 0.55152672 0.57442748
  0.58396947 0.55047619 0.5648855  0.54580153 0.52862595 0.53816794
  0.54285714 0.50572519 0.53435115 0.52671756 0.54007634 0.59923664
  0.60761905 0.59732824 0.64694656 0.6278626  0.67366412 0.66857143
  0.63167939 0.4980916  0.46183206 0.27862595 0.24380952 0.21183206
  0.14122137 0.14122137 0.13549618 0.13333333]]
score: 0.4024565976008724
f1: 0.40181301245349615
mcc: -0.11855486304353587
Memory peak: 113576

1CSurr.txt
Executed in: 305.49260091781616 seconds
ep: 0.05 percent_pool: 30 number of updts: 1255
acc_percent: [[0.77333333 0.65648855 0.64122137 0.66030534 0.64122137 0.63619048
  0.66603053 0.60305344 0.61450382 0.62022901 0.64952381 0.63931298
  0.63740458 0.60305344 0.59541985 0.57714286 0.55343511 0.59923664
  0.5629771  0.55343511 0.54770992 0.5752381  0.53625954 0.46755725
  0.4389313  0.3759542  0.34285714 0.30343511 0.23664122 0.21183206
  0.19656489 0.15619048 0.16030534 0.14312977 0.19847328 0.18129771
  0.18666667 0.14694656 0.15839695 0.17366412 0.17748092 0.1240458
  0.14857143 0.16221374 0.12977099 0.14122137 0.13931298 0.09142857
  0.13549618 0.14885496 0.12977099 0.1240458  0.12761905 0.16412214
  0.15076336 0.16412214 0.19656489 0.1752381  0.17748092 0.20801527
  0.19274809 0.25381679 0.27290076 0.32571429 0.42366412 0.49045802
  0.51335878 0.55725191 0.56761905 0.60114504 0.57442748 0.59351145
  0.6221374  0.55619048 0.57824427 0.56870229 0.55725191 0.57442748
  0.56380952 0.53625954 0.54389313 0.54961832 0.5629771  0.61450382
  0.60190476 0.59923664 0.65839695 0.64694656 0.69465649 0.68190476
  0.59923664 0.46946565 0.41030534 0.20610687 0.17904762 0.13931298
  0.10305344 0.1240458  0.14503817 0.15238095]]
score: 0.3984338058887677
f1: 0.39832137103200993
mcc: -0.13863527105041476
Memory peak: 116240

1CSurr.txt
Executed in: 420.42009139060974 seconds
ep: 0.1 percent_pool: 10 number of updts: 5157
acc_percent: [[0.76761905 0.67748092 0.63740458 0.65839695 0.64694656 0.63428571
  0.65648855 0.58396947 0.59923664 0.60687023 0.63809524 0.60877863
  0.60114504 0.5648855  0.5610687  0.56380952 0.53625954 0.59160305
  0.55152672 0.54389313 0.54389313 0.54666667 0.54580153 0.48282443
  0.47900763 0.49618321 0.51619048 0.40458015 0.26717557 0.27480916
  0.26145038 0.19809524 0.22709924 0.19465649 0.22519084 0.23091603
  0.26857143 0.27862595 0.26908397 0.28053435 0.24618321 0.23091603
  0.25904762 0.26335878 0.24045802 0.27099237 0.27480916 0.22285714
  0.25572519 0.27099237 0.26908397 0.27862595 0.28952381 0.32442748
  0.31870229 0.34732824 0.36641221 0.37333333 0.34541985 0.36259542
  0.46183206 0.58778626 0.60877863 0.32952381 0.41412214 0.46755725
  0.58206107 0.58396947 0.75809524 0.77862595 0.75954198 0.78435115
  0.82061069 0.79047619 0.79007634 0.79961832 0.80343511 0.7519084
  0.78095238 0.73091603 0.71374046 0.69656489 0.71183206 0.70992366
  0.68571429 0.65267176 0.69847328 0.73664122 0.69274809 0.70285714
  0.6278626  0.46183206 0.36450382 0.28625954 0.42285714 0.53625954
  0.52290076 0.57061069 0.50954198 0.4952381 ]]
score: 0.5021518356961105
f1: 0.5009932019712725
mcc: 0.05264824419703733
Memory peak: 117336

1CSurr.txt
Executed in: 259.97622632980347 seconds
ep: 0.1 percent_pool: 20 number of updts: 1543
acc_percent: [[0.84380952 0.69274809 0.61259542 0.63740458 0.61641221 0.62285714
  0.65267176 0.58969466 0.60496183 0.60305344 0.64761905 0.63549618
  0.61832061 0.58396947 0.58396947 0.57142857 0.54961832 0.59923664
  0.5610687  0.5610687  0.5610687  0.56571429 0.57633588 0.48091603
  0.46946565 0.37977099 0.38095238 0.34923664 0.23854962 0.20038168
  0.19083969 0.15238095 0.14503817 0.13167939 0.19083969 0.16603053
  0.16952381 0.14694656 0.15076336 0.16030534 0.16412214 0.10496183
  0.14095238 0.1278626  0.10687023 0.13358779 0.1240458  0.09142857
  0.1240458  0.14312977 0.14122137 0.1240458  0.12571429 0.16412214
  0.14885496 0.17557252 0.20038168 0.17714286 0.1889313  0.21564885
  0.23282443 0.29007634 0.38740458 0.46666667 0.46755725 0.52480916
  0.51908397 0.55343511 0.5447619  0.58396947 0.55916031 0.56870229
  0.60687023 0.55047619 0.56679389 0.55343511 0.54007634 0.55343511
  0.55047619 0.51717557 0.53435115 0.53435115 0.54580153 0.59541985
  0.58857143 0.59541985 0.64122137 0.63167939 0.67366412 0.67809524
  0.59541985 0.46374046 0.42175573 0.21183206 0.20190476 0.15839695
  0.08587786 0.10877863 0.13358779 0.12952381]]
score: 0.3978396946564886
f1: 0.3972556449065924
mcc: -0.1297563740085892
Memory peak: 118580

1CSurr.txt
Executed in: 257.3867247104645 seconds
ep: 0.1 percent_pool: 30 number of updts: 1065
acc_percent: [[0.7352381  0.62022901 0.61068702 0.64312977 0.6259542  0.64380952
  0.66603053 0.59541985 0.61641221 0.6221374  0.65714286 0.6259542
  0.63358779 0.58015267 0.57633588 0.57714286 0.54961832 0.59923664
  0.5610687  0.55343511 0.54580153 0.56       0.54389313 0.46755725
  0.42938931 0.34923664 0.31428571 0.28625954 0.21374046 0.19274809
  0.17366412 0.16571429 0.14503817 0.13358779 0.20229008 0.17175573
  0.17714286 0.14885496 0.15267176 0.16984733 0.17557252 0.11068702
  0.13714286 0.13549618 0.11450382 0.12022901 0.1221374  0.08190476
  0.13167939 0.13549618 0.13931298 0.1240458  0.12380952 0.16221374
  0.14122137 0.15648855 0.1870229  0.16952381 0.15839695 0.21564885
  0.20038168 0.2480916  0.33396947 0.43619048 0.47328244 0.53244275
  0.52671756 0.55343511 0.55619048 0.59351145 0.56679389 0.59351145
  0.61068702 0.55809524 0.57442748 0.57251908 0.54770992 0.56870229
  0.56190476 0.52862595 0.54770992 0.54007634 0.55343511 0.60114504
  0.59428571 0.58587786 0.66412214 0.63549618 0.69083969 0.68571429
  0.58396947 0.45038168 0.40267176 0.19274809 0.17142857 0.14503817
  0.08969466 0.1259542  0.13931298 0.15428571]]
score: 0.3937011268629589
f1: 0.3934649426386325
mcc: -0.1447864945142004
Memory peak: 118584

1CSurr.txt
Executed in: 233.3367030620575 seconds
ep: 0.15 percent_pool: 10 number of updts: 2488
acc_percent: [[0.79619048 0.68129771 0.6259542  0.67748092 0.6278626  0.65333333
  0.66030534 0.60496183 0.6259542  0.6278626  0.66095238 0.66030534
  0.62977099 0.59351145 0.58206107 0.57714286 0.55725191 0.60496183
  0.5610687  0.55916031 0.54389313 0.56190476 0.56679389 0.48282443
  0.4351145  0.34923664 0.31047619 0.28816794 0.20610687 0.20038168
  0.17748092 0.16190476 0.14503817 0.13358779 0.19847328 0.16221374
  0.17142857 0.15076336 0.14694656 0.15648855 0.15648855 0.1221374
  0.13904762 0.13740458 0.11068702 0.13358779 0.1259542  0.08190476
  0.13549618 0.13549618 0.14122137 0.11832061 0.13142857 0.16603053
  0.14122137 0.17175573 0.20419847 0.1752381  0.17366412 0.21755725
  0.29389313 0.41984733 0.46946565 0.52952381 0.54389313 0.58587786
  0.55343511 0.56679389 0.57142857 0.60114504 0.57824427 0.59351145
  0.6259542  0.55809524 0.5610687  0.5648855  0.54580153 0.58587786
  0.57333333 0.53053435 0.55343511 0.5629771  0.60877863 0.62977099
  0.62857143 0.6278626  0.67366412 0.66984733 0.69656489 0.6952381
  0.64122137 0.54961832 0.51717557 0.31679389 0.28190476 0.25763359
  0.17366412 0.17748092 0.20419847 0.19238095]]
score: 0.41546848418756815
f1: 0.4152989765175843
mcc: -0.09758069169886416
Memory peak: 118584

1CSurr.txt
Executed in: 288.0086348056793 seconds
ep: 0.15 percent_pool: 20 number of updts: 1781
acc_percent: [[0.87619048 0.70801527 0.69274809 0.73282443 0.68129771 0.70285714
  0.71755725 0.64312977 0.6851145  0.66030534 0.68761905 0.64694656
  0.64503817 0.62022901 0.61641221 0.6        0.57251908 0.61450382
  0.57824427 0.56870229 0.55343511 0.5752381  0.5648855  0.48091603
  0.45038168 0.3721374  0.3447619  0.33396947 0.20419847 0.19847328
  0.17366412 0.15809524 0.14503817 0.14503817 0.19083969 0.16793893
  0.17142857 0.16221374 0.14122137 0.16603053 0.17748092 0.11641221
  0.14857143 0.14694656 0.11259542 0.13167939 0.11832061 0.08380952
  0.13167939 0.14312977 0.13358779 0.11259542 0.12380952 0.15267176
  0.14503817 0.16984733 0.19465649 0.17904762 0.17175573 0.20610687
  0.20992366 0.31870229 0.39694656 0.43238095 0.46564885 0.52671756
  0.51145038 0.54961832 0.55428571 0.58206107 0.5648855  0.57633588
  0.59541985 0.55428571 0.55916031 0.55725191 0.53244275 0.55152672
  0.55238095 0.51526718 0.53625954 0.54007634 0.54580153 0.59351145
  0.60761905 0.59351145 0.65458015 0.63549618 0.69083969 0.68
  0.58587786 0.46564885 0.41603053 0.21946565 0.19619048 0.13358779
  0.08396947 0.11641221 0.1240458  0.11428571]]
score: 0.40489803707742644
f1: 0.404681214968158
mcc: -0.12094141206965964
Memory peak: 118588

1CSurr.txt
Executed in: 254.12398838996887 seconds
ep: 0.15 percent_pool: 30 number of updts: 1074
acc_percent: [[0.83428571 0.6870229  0.63740458 0.67938931 0.65076336 0.6647619
  0.6870229  0.6259542  0.65076336 0.65267176 0.65333333 0.67748092
  0.64694656 0.61641221 0.60496183 0.59047619 0.56679389 0.60877863
  0.55152672 0.5648855  0.55725191 0.5752381  0.55916031 0.50381679
  0.45992366 0.3740458  0.33714286 0.32633588 0.22900763 0.22137405
  0.20229008 0.17714286 0.16793893 0.14694656 0.22328244 0.19274809
  0.19047619 0.15267176 0.16412214 0.17748092 0.19274809 0.1259542
  0.16       0.16603053 0.1259542  0.14312977 0.14122137 0.10095238
  0.14122137 0.16221374 0.14885496 0.12977099 0.1352381  0.17366412
  0.16603053 0.17748092 0.20992366 0.18666667 0.1851145  0.21374046
  0.1870229  0.27671756 0.30152672 0.39809524 0.4351145  0.50763359
  0.53244275 0.55916031 0.57714286 0.59923664 0.58206107 0.59732824
  0.62022901 0.56571429 0.58206107 0.58015267 0.55343511 0.56679389
  0.56571429 0.52862595 0.54580153 0.55343511 0.56679389 0.60114504
  0.60190476 0.59732824 0.66412214 0.65076336 0.69656489 0.68380952
  0.59160305 0.46374046 0.39122137 0.1870229  0.16952381 0.13549618
  0.09351145 0.12977099 0.14885496 0.15047619]]
score: 0.4071504180298073
f1: 0.40705185933868315
mcc: -0.12395566994298132
Memory peak: 118588

