2CDT.txt
Executed in: 19.16540813446045 seconds
ep: 0.05 percent_pool: 10 number of updts: 154
acc_percent: [[0.92105263 0.91390728 0.94039735 0.97350993 0.9602649  0.95364238
  0.9602649  0.94039735 0.87417219 0.78807947 0.70198675 0.68211921
  0.64900662 0.56291391 0.49006623 0.54304636 0.57615894 0.47019868
  0.43708609 0.53642384 0.50993377 0.51655629 0.48344371 0.51655629
  0.51655629 0.49668874 0.50331126 0.52980132 0.44370861 0.50331126
  0.50993377 0.50993377 0.50993377 0.47019868 0.53642384 0.45033113
  0.49668874 0.54966887 0.47682119 0.55629139 0.47682119 0.43708609
  0.47019868 0.52317881 0.50993377 0.49006623 0.49006623 0.49006623
  0.51655629 0.51655629 0.45033113 0.54304636 0.54304636 0.47682119
  0.48344371 0.49668874 0.45033113 0.56953642 0.52317881 0.50993377
  0.44370861 0.50331126 0.47682119 0.54304636 0.47019868 0.47682119
  0.47019868 0.53642384 0.50331126 0.47019868 0.52317881 0.45033113
  0.54966887 0.51655629 0.44370861 0.50331126 0.58278146 0.52980132
  0.45695364 0.46357616 0.50331126 0.54966887 0.52980132 0.56953642
  0.59602649 0.58940397 0.62251656 0.83443709 0.86754967 0.88741722
  0.97350993 0.9205298  0.96688742 0.93377483 0.9205298  0.79470199
  0.82119205 0.75496689 0.60927152 0.60927152]]
score: 0.5969588706866503
f1: 0.5347130433222814
mcc: 0.2855940365636957
Memory peak: 118588

2CDT.txt
Executed in: 21.996318578720093 seconds
ep: 0.05 percent_pool: 20 number of updts: 166
acc_percent: [[0.94736842 0.9602649  0.9602649  0.90066225 0.90066225 0.79470199
  0.88741722 0.70198675 0.64238411 0.56953642 0.56291391 0.56291391
  0.54304636 0.52317881 0.46357616 0.52980132 0.56953642 0.46357616
  0.43708609 0.53642384 0.50993377 0.51655629 0.48344371 0.51655629
  0.51655629 0.49668874 0.50331126 0.52980132 0.44370861 0.50331126
  0.50993377 0.50993377 0.50993377 0.47019868 0.53642384 0.45033113
  0.49668874 0.54966887 0.47682119 0.55629139 0.47682119 0.43708609
  0.47019868 0.52317881 0.50993377 0.49006623 0.49006623 0.49006623
  0.51655629 0.51655629 0.45033113 0.54304636 0.54304636 0.47682119
  0.48344371 0.49668874 0.45033113 0.56953642 0.52317881 0.50993377
  0.44370861 0.50331126 0.47682119 0.54304636 0.47019868 0.47682119
  0.47019868 0.53642384 0.50331126 0.47019868 0.52317881 0.45033113
  0.54966887 0.51655629 0.44370861 0.50331126 0.58278146 0.52980132
  0.45695364 0.45695364 0.50331126 0.52980132 0.50331126 0.55629139
  0.56291391 0.52317881 0.56291391 0.69536424 0.70198675 0.71523179
  0.8807947  0.8807947  0.9602649  0.96688742 0.98013245 0.9602649
  0.95364238 0.89403974 0.86754967 0.86092715]]
score: 0.5847716974555595
f1: 0.5035266188374447
mcc: 0.28957563766157973
Memory peak: 118588

2CDT.txt
Executed in: 24.079766273498535 seconds
ep: 0.05 percent_pool: 30 number of updts: 145
acc_percent: [[0.95394737 0.94701987 0.93377483 0.86092715 0.91390728 0.74172185
  0.81456954 0.75496689 0.62913907 0.52317881 0.48344371 0.50331126
  0.52980132 0.50993377 0.46357616 0.52980132 0.56953642 0.46357616
  0.43708609 0.53642384 0.50993377 0.51655629 0.48344371 0.51655629
  0.51655629 0.49668874 0.50331126 0.52980132 0.44370861 0.50331126
  0.50993377 0.50993377 0.50993377 0.47019868 0.53642384 0.45033113
  0.49668874 0.54966887 0.47682119 0.55629139 0.47682119 0.43708609
  0.47019868 0.52317881 0.50993377 0.49006623 0.49006623 0.49006623
  0.51655629 0.51655629 0.45033113 0.54304636 0.54304636 0.47682119
  0.48344371 0.49668874 0.45033113 0.56953642 0.52317881 0.50993377
  0.44370861 0.50331126 0.47682119 0.54304636 0.47019868 0.47682119
  0.47019868 0.53642384 0.50331126 0.47019868 0.52317881 0.45033113
  0.54966887 0.51655629 0.44370861 0.50331126 0.58278146 0.52980132
  0.45695364 0.45695364 0.50331126 0.52317881 0.49006623 0.54304636
  0.49006623 0.50331126 0.49006623 0.50993377 0.52980132 0.44370861
  0.54304636 0.78145695 0.93377483 0.9602649  0.98013245 0.91390728
  0.94039735 0.8807947  0.8410596  0.87417219]]
score: 0.5673540432206343
f1: 0.4742042083566921
mcc: 0.2510411607855513
Memory peak: 118588

2CDT.txt
Executed in: 19.148483991622925 seconds
ep: 0.1 percent_pool: 10 number of updts: 155
acc_percent: [[0.93421053 0.8807947  0.90066225 0.98013245 0.97350993 0.94039735
  0.9602649  0.9205298  0.85430464 0.81456954 0.74834437 0.68874172
  0.66225166 0.58278146 0.49006623 0.55629139 0.57615894 0.47682119
  0.43708609 0.53642384 0.50993377 0.51655629 0.48344371 0.51655629
  0.51655629 0.49668874 0.50331126 0.52980132 0.44370861 0.50331126
  0.50993377 0.50993377 0.50993377 0.47019868 0.53642384 0.45033113
  0.49668874 0.54966887 0.47682119 0.55629139 0.47682119 0.43708609
  0.47019868 0.52317881 0.50993377 0.49006623 0.49006623 0.49006623
  0.51655629 0.51655629 0.45033113 0.54304636 0.54304636 0.47682119
  0.48344371 0.49668874 0.45033113 0.56953642 0.52317881 0.50993377
  0.44370861 0.50331126 0.47682119 0.54304636 0.47019868 0.47682119
  0.47019868 0.53642384 0.50331126 0.47019868 0.52317881 0.45033113
  0.54966887 0.51655629 0.44370861 0.50331126 0.58278146 0.52980132
  0.45695364 0.46357616 0.50331126 0.55629139 0.54304636 0.57615894
  0.62251656 0.61589404 0.71523179 0.8807947  0.88741722 0.90728477
  0.98675497 0.94039735 0.9602649  0.94039735 0.90066225 0.82119205
  0.80794702 0.68874172 0.63576159 0.66225166]]
score: 0.6003354827466016
f1: 0.5402934229792382
mcc: 0.2921745436369251
Memory peak: 118588

2CDT.txt
Executed in: 21.37879252433777 seconds
ep: 0.1 percent_pool: 20 number of updts: 146
acc_percent: [[0.90789474 0.92715232 0.91390728 0.9205298  0.95364238 0.81456954
  0.87417219 0.83443709 0.7218543  0.65562914 0.56953642 0.54966887
  0.54966887 0.52317881 0.46357616 0.52980132 0.56953642 0.46357616
  0.43708609 0.53642384 0.50993377 0.51655629 0.48344371 0.51655629
  0.51655629 0.49668874 0.50331126 0.52980132 0.44370861 0.50331126
  0.50993377 0.50993377 0.50993377 0.47019868 0.53642384 0.45033113
  0.49668874 0.54966887 0.47682119 0.55629139 0.47682119 0.43708609
  0.47019868 0.52317881 0.50993377 0.49006623 0.49006623 0.49006623
  0.51655629 0.51655629 0.45033113 0.54304636 0.54304636 0.47682119
  0.48344371 0.49668874 0.45033113 0.56953642 0.52317881 0.50993377
  0.44370861 0.50331126 0.47682119 0.54304636 0.47019868 0.47682119
  0.47019868 0.53642384 0.50331126 0.47019868 0.52317881 0.45033113
  0.54966887 0.51655629 0.44370861 0.50331126 0.58278146 0.52980132
  0.45695364 0.45695364 0.50331126 0.52980132 0.50331126 0.56291391
  0.56291391 0.52317881 0.58278146 0.7218543  0.70860927 0.80794702
  0.89403974 0.88741722 0.94701987 0.9602649  0.9602649  0.91390728
  0.95364238 0.84768212 0.74834437 0.77483444]]
score: 0.5857014639247123
f1: 0.5092496747372537
mcc: 0.2805914897864394
Memory peak: 118588

2CDT.txt
Executed in: 23.845343589782715 seconds
ep: 0.1 percent_pool: 30 number of updts: 141
acc_percent: [[0.95394737 0.95364238 0.93377483 0.9602649  0.90066225 0.69536424
  0.79470199 0.68211921 0.65562914 0.52980132 0.49668874 0.50993377
  0.53642384 0.51655629 0.46357616 0.52980132 0.56953642 0.46357616
  0.43708609 0.53642384 0.50993377 0.51655629 0.48344371 0.51655629
  0.51655629 0.49668874 0.50331126 0.52980132 0.44370861 0.50331126
  0.50993377 0.50993377 0.50993377 0.47019868 0.53642384 0.45033113
  0.49668874 0.54966887 0.47682119 0.55629139 0.47682119 0.43708609
  0.47019868 0.52317881 0.50993377 0.49006623 0.49006623 0.49006623
  0.51655629 0.51655629 0.45033113 0.54304636 0.54304636 0.47682119
  0.48344371 0.49668874 0.45033113 0.56953642 0.52317881 0.50993377
  0.44370861 0.50331126 0.47682119 0.54304636 0.47019868 0.47682119
  0.47019868 0.53642384 0.50331126 0.47019868 0.52317881 0.45033113
  0.54966887 0.51655629 0.44370861 0.50331126 0.58278146 0.52980132
  0.45695364 0.45695364 0.50331126 0.52317881 0.49006623 0.54304636
  0.49668874 0.50331126 0.51655629 0.62913907 0.58940397 0.66887417
  0.8410596  0.86092715 0.94039735 0.95364238 0.9602649  0.9205298
  0.94039735 0.87417219 0.8013245  0.85430464]]
score: 0.5749037120948066
f1: 0.48810201169483625
mcc: 0.265207056029038
Memory peak: 118588

2CDT.txt
Executed in: 19.038756847381592 seconds
ep: 0.15 percent_pool: 10 number of updts: 140
acc_percent: [[0.92763158 0.9205298  0.93377483 0.98013245 0.95364238 0.86754967
  0.94701987 0.93377483 0.87417219 0.84768212 0.7615894  0.62251656
  0.66225166 0.56291391 0.48344371 0.54304636 0.57615894 0.47019868
  0.44370861 0.53642384 0.50993377 0.51655629 0.48344371 0.51655629
  0.51655629 0.49668874 0.50331126 0.52980132 0.44370861 0.50331126
  0.50993377 0.50993377 0.50993377 0.47019868 0.53642384 0.45033113
  0.49668874 0.54966887 0.47682119 0.55629139 0.47682119 0.43708609
  0.47019868 0.52317881 0.50993377 0.49006623 0.49006623 0.49006623
  0.51655629 0.51655629 0.45033113 0.54304636 0.54304636 0.47682119
  0.48344371 0.49668874 0.45033113 0.56953642 0.52317881 0.50993377
  0.44370861 0.50331126 0.47682119 0.54304636 0.47019868 0.47682119
  0.47019868 0.53642384 0.50331126 0.47019868 0.52317881 0.45033113
  0.54966887 0.51655629 0.44370861 0.50331126 0.58278146 0.52980132
  0.45695364 0.46357616 0.50331126 0.54966887 0.54304636 0.56953642
  0.60927152 0.60264901 0.66887417 0.8013245  0.8410596  0.88741722
  0.98013245 0.9205298  0.97350993 0.9602649  0.93377483 0.8410596
  0.83443709 0.71523179 0.62913907 0.66225166]]
score: 0.5984153886371558
f1: 0.5353983997849796
mcc: 0.2921769118934585
Memory peak: 118588

2CDT.txt
Executed in: 21.498010396957397 seconds
ep: 0.15 percent_pool: 20 number of updts: 149
acc_percent: [[0.93421053 0.95364238 0.9602649  0.95364238 0.83443709 0.8013245
  0.88741722 0.8013245  0.8013245  0.73509934 0.64900662 0.56953642
  0.55629139 0.52980132 0.47019868 0.53642384 0.57615894 0.46357616
  0.43708609 0.53642384 0.50993377 0.51655629 0.48344371 0.51655629
  0.51655629 0.49668874 0.50331126 0.52980132 0.44370861 0.50331126
  0.50993377 0.50993377 0.50993377 0.47019868 0.53642384 0.45033113
  0.49668874 0.54966887 0.47682119 0.55629139 0.47682119 0.43708609
  0.47019868 0.52317881 0.50993377 0.49006623 0.49006623 0.49006623
  0.51655629 0.51655629 0.45033113 0.54304636 0.54304636 0.47682119
  0.48344371 0.49668874 0.45033113 0.56953642 0.52317881 0.50993377
  0.44370861 0.50331126 0.47682119 0.54304636 0.47019868 0.47682119
  0.47019868 0.53642384 0.50331126 0.47019868 0.52317881 0.45033113
  0.54966887 0.51655629 0.44370861 0.50331126 0.58278146 0.52980132
  0.45695364 0.45695364 0.50331126 0.54304636 0.50331126 0.56953642
  0.60264901 0.54304636 0.60927152 0.7615894  0.7615894  0.82781457
  0.93377483 0.8807947  0.96688742 0.9602649  0.97350993 0.90066225
  0.8807947  0.82781457 0.72847682 0.74834437]]
score: 0.5897394562565353
f1: 0.5166761975320731
mcc: 0.2874752053111459
Memory peak: 118588

2CDT.txt
Executed in: 23.48151159286499 seconds
ep: 0.15 percent_pool: 30 number of updts: 133
acc_percent: [[0.91447368 0.94701987 0.95364238 0.94039735 0.94039735 0.7615894
  0.80794702 0.72847682 0.65562914 0.58278146 0.55629139 0.53642384
  0.54304636 0.52317881 0.46357616 0.52980132 0.56953642 0.46357616
  0.43708609 0.53642384 0.50993377 0.51655629 0.48344371 0.51655629
  0.51655629 0.49668874 0.50331126 0.52980132 0.44370861 0.50331126
  0.50993377 0.50993377 0.50993377 0.47019868 0.53642384 0.45033113
  0.49668874 0.54966887 0.47682119 0.55629139 0.47682119 0.43708609
  0.47019868 0.52317881 0.50993377 0.49006623 0.49006623 0.49006623
  0.51655629 0.51655629 0.45033113 0.54304636 0.54304636 0.47682119
  0.48344371 0.49668874 0.45033113 0.56953642 0.52317881 0.50993377
  0.44370861 0.50331126 0.47682119 0.54304636 0.47019868 0.47682119
  0.47019868 0.53642384 0.50331126 0.47019868 0.52317881 0.45033113
  0.54966887 0.51655629 0.44370861 0.50331126 0.58278146 0.52980132
  0.45695364 0.45695364 0.50331126 0.54304636 0.50331126 0.55629139
  0.53642384 0.52317881 0.53642384 0.65562914 0.61589404 0.65562914
  0.79470199 0.8013245  0.94039735 0.91390728 0.93377483 0.90728477
  0.9205298  0.88741722 0.80794702 0.85430464]]
score: 0.5774228825374695
f1: 0.49265959570935847
mcc: 0.27069595955186715
Memory peak: 118588

