2CHT.txt
Executed in: 41.31119203567505 seconds
ep: 0.05 percent_pool: 10 number of updts: 1099
acc_percent: [[0.83552632 0.78807947 0.82119205 0.83443709 0.87417219 0.86092715
  0.8807947  0.85430464 0.8807947  0.78807947 0.8013245  0.73509934
  0.75496689 0.72847682 0.75496689 0.69536424 0.77483444 0.81456954
  0.74834437 0.68211921 0.62913907 0.69536424 0.74834437 0.57615894
  0.58278146 0.7615894  0.86092715 0.82119205 0.47019868 0.52317881
  0.50331126 0.48344371 0.52317881 0.45695364 0.49668874 0.49668874
  0.50993377 0.46357616 0.53642384 0.51655629 0.54966887 0.45033113
  0.48344371 0.52317881 0.46357616 0.48344371 0.57615894 0.47019868
  0.44370861 0.53642384 0.49668874 0.52980132 0.47682119 0.51655629
  0.48344371 0.49668874 0.50993377 0.50331126 0.47682119 0.49668874
  0.51655629 0.51655629 0.48344371 0.52317881 0.49006623 0.49006623
  0.50331126 0.53642384 0.55629139 0.57615894 0.69536424 0.77483444
  0.69536424 0.75496689 0.7615894  0.78807947 0.8807947  0.8013245
  0.81456954 0.7615894  0.7218543  0.58940397 0.62251656 0.62251656
  0.56291391 0.58940397 0.53642384 0.43708609 0.55629139 0.47682119
  0.50993377 0.54966887 0.54304636 0.46357616 0.54966887 0.48344371
  0.49668874 0.45695364 0.52980132 0.48344371]]
score: 0.6123287730916696
f1: 0.602181401015367
mcc: 0.23766671859364752
Memory peak: 118588

2CHT.txt
Executed in: 24.458641290664673 seconds
ep: 0.05 percent_pool: 20 number of updts: 229
acc_percent: [[0.88157895 0.86092715 0.87417219 0.86092715 0.89403974 0.68874172
  0.75496689 0.62913907 0.63576159 0.49006623 0.48344371 0.49668874
  0.52317881 0.42384106 0.52317881 0.53642384 0.53642384 0.44370861
  0.54966887 0.46357616 0.49668874 0.59602649 0.47682119 0.43046358
  0.51655629 0.50993377 0.49006623 0.51655629 0.46357616 0.52317881
  0.50331126 0.48344371 0.52317881 0.45695364 0.49668874 0.49668874
  0.50993377 0.46357616 0.53642384 0.51655629 0.54966887 0.45033113
  0.48344371 0.52317881 0.46357616 0.48344371 0.57615894 0.47019868
  0.44370861 0.53642384 0.49668874 0.52980132 0.47682119 0.51655629
  0.48344371 0.49668874 0.50993377 0.50331126 0.47682119 0.49668874
  0.51655629 0.51655629 0.48344371 0.52317881 0.49006623 0.49006623
  0.50331126 0.52980132 0.50331126 0.45695364 0.52317881 0.48344371
  0.53642384 0.51655629 0.49668874 0.47682119 0.50993377 0.44370861
  0.54966887 0.52317881 0.47019868 0.57615894 0.49668874 0.47019868
  0.52317881 0.51655629 0.46357616 0.58940397 0.47019868 0.54304636
  0.75496689 0.70860927 0.83443709 0.90066225 0.84768212 0.80794702
  0.8807947  0.83443709 0.84768212 0.87417219]]
score: 0.5600740676193796
f1: 0.46363401454150505
mcc: 0.22446355516793864
Memory peak: 118588

2CHT.txt
Executed in: 27.75474452972412 seconds
ep: 0.05 percent_pool: 30 number of updts: 211
acc_percent: [[0.79605263 0.86754967 0.90728477 0.8410596  0.68211921 0.61589404
  0.69536424 0.70198675 0.71523179 0.54304636 0.58940397 0.58278146
  0.60264901 0.47019868 0.54304636 0.53642384 0.54304636 0.45033113
  0.54966887 0.46357616 0.49668874 0.59602649 0.47682119 0.43046358
  0.51655629 0.50993377 0.49006623 0.51655629 0.46357616 0.52317881
  0.50331126 0.48344371 0.52317881 0.45695364 0.49668874 0.49668874
  0.50993377 0.46357616 0.53642384 0.51655629 0.54966887 0.45033113
  0.48344371 0.52317881 0.46357616 0.48344371 0.57615894 0.47019868
  0.44370861 0.53642384 0.49668874 0.52980132 0.47682119 0.51655629
  0.48344371 0.49668874 0.50993377 0.50331126 0.47682119 0.49668874
  0.51655629 0.51655629 0.48344371 0.52317881 0.49006623 0.49006623
  0.50331126 0.52980132 0.50331126 0.45695364 0.52317881 0.48344371
  0.53642384 0.51655629 0.49668874 0.47682119 0.50993377 0.44370861
  0.55629139 0.52317881 0.47682119 0.57615894 0.49668874 0.47019868
  0.50993377 0.49668874 0.46357616 0.57615894 0.49006623 0.57615894
  0.55629139 0.57615894 0.75496689 0.87417219 0.84768212 0.81456954
  0.90728477 0.86092715 0.82781457 0.80794702]]
score: 0.5570995991634715
f1: 0.45848514833618115
mcc: 0.2173936396155311
Memory peak: 118588

2CHT.txt
Executed in: 19.90167760848999 seconds
ep: 0.1 percent_pool: 10 number of updts: 171
acc_percent: [[0.84210526 0.8410596  0.91390728 0.88741722 0.87417219 0.85430464
  0.8807947  0.8807947  0.88741722 0.89403974 0.86754967 0.8013245
  0.8013245  0.67549669 0.67549669 0.64238411 0.60264901 0.53642384
  0.60264901 0.49006623 0.53642384 0.59602649 0.49668874 0.46357616
  0.52317881 0.51655629 0.49006623 0.51655629 0.46357616 0.52317881
  0.50331126 0.48344371 0.52317881 0.45695364 0.49668874 0.49668874
  0.50993377 0.46357616 0.53642384 0.51655629 0.54966887 0.45033113
  0.48344371 0.52317881 0.46357616 0.48344371 0.57615894 0.47019868
  0.44370861 0.53642384 0.49668874 0.52980132 0.47682119 0.51655629
  0.48344371 0.49668874 0.50993377 0.50331126 0.47682119 0.49668874
  0.51655629 0.51655629 0.48344371 0.52317881 0.49006623 0.49006623
  0.50331126 0.52980132 0.50331126 0.45695364 0.52317881 0.48344371
  0.53642384 0.52317881 0.49668874 0.47682119 0.52317881 0.45033113
  0.56953642 0.57615894 0.52980132 0.61589404 0.60264901 0.57615894
  0.72847682 0.77483444 0.7218543  0.86754967 0.8410596  0.90066225
  0.93377483 0.88741722 0.86754967 0.78807947 0.7615894  0.68874172
  0.66225166 0.60927152 0.60264901 0.58278146]]
score: 0.6024607877309166
f1: 0.5537571883836012
mcc: 0.2719215262084692
Memory peak: 118588

2CHT.txt
Executed in: 25.459859371185303 seconds
ep: 0.1 percent_pool: 20 number of updts: 260
acc_percent: [[0.875      0.87417219 0.90066225 0.88741722 0.8410596  0.66887417
  0.59602649 0.55629139 0.62251656 0.47682119 0.48344371 0.49668874
  0.52317881 0.43046358 0.52317881 0.53642384 0.54304636 0.44370861
  0.54966887 0.46357616 0.49668874 0.59602649 0.47682119 0.43046358
  0.51655629 0.50993377 0.49006623 0.51655629 0.46357616 0.52317881
  0.50331126 0.48344371 0.52317881 0.45695364 0.49668874 0.49668874
  0.50993377 0.46357616 0.53642384 0.51655629 0.54966887 0.45033113
  0.48344371 0.52317881 0.46357616 0.48344371 0.57615894 0.47019868
  0.44370861 0.53642384 0.49668874 0.52980132 0.47682119 0.51655629
  0.48344371 0.49668874 0.50993377 0.50331126 0.47682119 0.49668874
  0.51655629 0.51655629 0.48344371 0.52317881 0.49006623 0.49006623
  0.50331126 0.52980132 0.50331126 0.45695364 0.52317881 0.48344371
  0.53642384 0.51655629 0.49668874 0.47682119 0.50993377 0.45033113
  0.54966887 0.52317881 0.47019868 0.57615894 0.50993377 0.46357616
  0.52980132 0.56953642 0.50993377 0.68874172 0.63576159 0.74834437
  0.74172185 0.66887417 0.80794702 0.89403974 0.90066225 0.81456954
  0.90066225 0.84768212 0.8410596  0.82781457]]
score: 0.5629221854304636
f1: 0.46882255155935326
mcc: 0.2298768523248186
Memory peak: 118588

2CHT.txt
Executed in: 31.722728967666626 seconds
ep: 0.1 percent_pool: 30 number of updts: 287
acc_percent: [[0.89473684 0.87417219 0.86754967 0.82119205 0.81456954 0.60264901
  0.68874172 0.70860927 0.64900662 0.60264901 0.56953642 0.50993377
  0.53642384 0.43046358 0.52317881 0.53642384 0.54304636 0.44370861
  0.54966887 0.46357616 0.49668874 0.59602649 0.47682119 0.43046358
  0.51655629 0.50993377 0.49006623 0.51655629 0.46357616 0.52317881
  0.50331126 0.48344371 0.52317881 0.45695364 0.49668874 0.49668874
  0.50993377 0.46357616 0.53642384 0.51655629 0.54966887 0.45033113
  0.48344371 0.52317881 0.46357616 0.48344371 0.57615894 0.47019868
  0.44370861 0.53642384 0.49668874 0.52980132 0.47682119 0.51655629
  0.48344371 0.49668874 0.50993377 0.50331126 0.47682119 0.49668874
  0.51655629 0.51655629 0.48344371 0.52317881 0.49006623 0.49006623
  0.50331126 0.52980132 0.50331126 0.45695364 0.52317881 0.48344371
  0.53642384 0.51655629 0.49668874 0.47682119 0.50993377 0.44370861
  0.54966887 0.52317881 0.47019868 0.57615894 0.50331126 0.47019868
  0.52317881 0.53642384 0.51655629 0.70860927 0.58278146 0.62913907
  0.59602649 0.56291391 0.74172185 0.90728477 0.84768212 0.8410596
  0.89403974 0.86754967 0.86754967 0.89403974]]
score: 0.5621261763680725
f1: 0.4616339270021881
mcc: 0.24225081594867043
Memory peak: 118588

2CHT.txt
Executed in: 20.21535015106201 seconds
ep: 0.15 percent_pool: 10 number of updts: 194
acc_percent: [[0.84210526 0.78807947 0.81456954 0.84768212 0.89403974 0.86092715
  0.88741722 0.8807947  0.86754967 0.83443709 0.79470199 0.72847682
  0.7615894  0.64900662 0.65562914 0.60927152 0.57615894 0.50331126
  0.58278146 0.47682119 0.52317881 0.59602649 0.47682119 0.43046358
  0.51655629 0.50993377 0.49006623 0.51655629 0.46357616 0.52317881
  0.50331126 0.48344371 0.52317881 0.45695364 0.49668874 0.49668874
  0.50993377 0.46357616 0.53642384 0.51655629 0.54966887 0.45033113
  0.48344371 0.52317881 0.46357616 0.48344371 0.57615894 0.47019868
  0.44370861 0.53642384 0.49668874 0.52980132 0.47682119 0.51655629
  0.48344371 0.49668874 0.50993377 0.50331126 0.47682119 0.49668874
  0.51655629 0.51655629 0.48344371 0.52317881 0.49006623 0.49006623
  0.50331126 0.52980132 0.50331126 0.45695364 0.52317881 0.48344371
  0.53642384 0.52317881 0.49668874 0.47682119 0.52317881 0.45033113
  0.56953642 0.55629139 0.54966887 0.59602649 0.63576159 0.59602649
  0.7218543  0.76821192 0.7218543  0.88741722 0.84768212 0.90066225
  0.94039735 0.90066225 0.86092715 0.8410596  0.8013245  0.73509934
  0.7218543  0.64238411 0.58940397 0.57615894]]
score: 0.598421052631579
f1: 0.5470967200582912
mcc: 0.2652632910590792
Memory peak: 118588

2CHT.txt
Executed in: 23.537776708602905 seconds
ep: 0.15 percent_pool: 20 number of updts: 200
acc_percent: [[0.875      0.84768212 0.93377483 0.8807947  0.79470199 0.75496689
  0.79470199 0.68211921 0.69536424 0.50331126 0.54304636 0.58940397
  0.60927152 0.49668874 0.54966887 0.56953642 0.55629139 0.45033113
  0.54966887 0.46357616 0.49668874 0.59602649 0.47682119 0.43046358
  0.51655629 0.50993377 0.49006623 0.51655629 0.46357616 0.52317881
  0.50331126 0.48344371 0.52317881 0.45695364 0.49668874 0.49668874
  0.50993377 0.46357616 0.53642384 0.51655629 0.54966887 0.45033113
  0.48344371 0.52317881 0.46357616 0.48344371 0.57615894 0.47019868
  0.44370861 0.53642384 0.49668874 0.52980132 0.47682119 0.51655629
  0.48344371 0.49668874 0.50993377 0.50331126 0.47682119 0.49668874
  0.51655629 0.51655629 0.48344371 0.52317881 0.49006623 0.49006623
  0.50331126 0.52980132 0.50331126 0.45695364 0.52317881 0.48344371
  0.53642384 0.51655629 0.49668874 0.47682119 0.50993377 0.44370861
  0.54966887 0.52317881 0.47682119 0.57615894 0.49668874 0.47019868
  0.52317881 0.49668874 0.46357616 0.58940397 0.47682119 0.58940397
  0.53642384 0.49006623 0.8013245  0.90728477 0.88741722 0.80794702
  0.8410596  0.79470199 0.7218543  0.68211921]]
score: 0.5581539735099338
f1: 0.4661042698553265
mcc: 0.20640150996361978
Memory peak: 118588

2CHT.txt
Executed in: 26.553910970687866 seconds
ep: 0.15 percent_pool: 30 number of updts: 191
acc_percent: [[0.83552632 0.86754967 0.85430464 0.86754967 0.80794702 0.65562914
  0.64900662 0.67549669 0.7218543  0.52317881 0.48344371 0.49668874
  0.53642384 0.42384106 0.52317881 0.53642384 0.54304636 0.44370861
  0.54966887 0.46357616 0.49668874 0.59602649 0.47682119 0.43046358
  0.51655629 0.50993377 0.49006623 0.51655629 0.46357616 0.52317881
  0.50331126 0.48344371 0.52317881 0.45695364 0.49668874 0.49668874
  0.50993377 0.46357616 0.53642384 0.51655629 0.54966887 0.45033113
  0.48344371 0.52317881 0.46357616 0.48344371 0.57615894 0.47019868
  0.44370861 0.53642384 0.49668874 0.52980132 0.47682119 0.51655629
  0.48344371 0.49668874 0.50993377 0.50331126 0.47682119 0.49668874
  0.51655629 0.51655629 0.48344371 0.52317881 0.49006623 0.49006623
  0.50331126 0.52980132 0.50331126 0.45695364 0.52317881 0.48344371
  0.53642384 0.51655629 0.49668874 0.47682119 0.50993377 0.44370861
  0.54966887 0.52317881 0.47019868 0.57615894 0.50331126 0.47019868
  0.50993377 0.49668874 0.46357616 0.57615894 0.48344371 0.58940397
  0.65562914 0.68211921 0.78807947 0.88741722 0.88741722 0.86092715
  0.8807947  0.86092715 0.81456954 0.78145695]]
score: 0.5574281108400139
f1: 0.4605150787870748
mcc: 0.21523905800684942
Memory peak: 118588

