elec.txt
Executed in: 507.10040378570557 seconds
ep: 0.05 percent_pool: 10 number of updts: 13177
acc_percent: [[0.69731801 0.50574713 0.4789272  0.46360153 0.63461538 0.54789272
  0.60536398 0.79693487 0.80384615 0.63984674 0.75095785 0.61685824
  0.58846154 0.59386973 0.47126437 0.7394636  0.64615385 0.78927203
  0.57088123 0.80076628 0.70384615 0.53256705 0.83141762 0.60153257
  0.56538462 0.5440613  0.63601533 0.61302682 0.55384615 0.68199234
  0.5210728  0.56321839 0.56538462 0.70114943 0.66666667 0.70114943
  0.65769231 0.63984674 0.6743295  0.53256705 0.57692308 0.67049808
  0.64367816 0.60153257 0.76923077 0.57088123 0.59386973 0.54789272
  0.69230769 0.6743295  0.44061303 0.4789272  0.62307692 0.53639847
  0.5862069  0.65517241 0.68846154 0.37164751 0.74329502 0.62452107
  0.67692308 0.84291188 0.8697318  0.83908046 0.84230769 0.68965517
  0.62068966 0.651341   0.75384615 0.80842912 0.63984674 0.77777778
  0.66538462 0.73563218 0.62452107 0.48275862 0.70384615 0.63601533
  0.54022989 0.44444444 0.48461538 0.6743295  0.62835249 0.75095785
  0.73461538 0.66666667 0.81226054 0.75095785 0.65769231 0.4789272
  0.59386973 0.8045977  0.7        0.73563218 0.68199234 0.75478927
  0.63461538 0.7164751  0.73563218 0.7816092 ]]
score: 0.6494223401119953
f1: 0.5640046267773997
mcc: 0.26183936726321777
Memory peak: 118588

elec.txt
Executed in: 945.2031965255737 seconds
ep: 0.05 percent_pool: 20 number of updts: 12889
acc_percent: [[0.63601533 0.68199234 0.62452107 0.60536398 0.61153846 0.55555556
  0.58237548 0.82375479 0.88461538 0.70881226 0.71264368 0.67049808
  0.6        0.57088123 0.63218391 0.53639847 0.61923077 0.85057471
  0.62835249 0.65900383 0.58461538 0.63218391 0.83908046 0.66666667
  0.55769231 0.65517241 0.7394636  0.70498084 0.71923077 0.78927203
  0.42528736 0.79693487 0.56153846 0.7394636  0.72030651 0.70881226
  0.72307692 0.69348659 0.66666667 0.62068966 0.64615385 0.65900383
  0.651341   0.76245211 0.58846154 0.48275862 0.57854406 0.49425287
  0.69230769 0.64367816 0.42911877 0.59003831 0.64615385 0.55555556
  0.57471264 0.63601533 0.73461538 0.3908046  0.68965517 0.62068966
  0.71923077 0.84291188 0.7816092  0.65517241 0.75384615 0.70498084
  0.64750958 0.80842912 0.82692308 0.84291188 0.68199234 0.68199234
  0.80769231 0.65900383 0.651341   0.59770115 0.55769231 0.70881226
  0.67049808 0.68582375 0.62692308 0.68965517 0.62068966 0.67816092
  0.68461538 0.56704981 0.63601533 0.68582375 0.66923077 0.61302682
  0.50191571 0.68965517 0.64230769 0.62068966 0.73180077 0.72030651
  0.66538462 0.7164751  0.7394636  0.70881226]]
score: 0.6629932213380489
f1: 0.6365472286598284
mcc: 0.2890285560724338
Memory peak: 118588

elec.txt
Executed in: 1374.4139087200165 seconds
ep: 0.05 percent_pool: 30 number of updts: 11498
acc_percent: [[0.64367816 0.67816092 0.65517241 0.63984674 0.58076923 0.65900383
  0.5440613  0.69348659 0.52692308 0.5862069  0.68582375 0.73563218
  0.58846154 0.71264368 0.59386973 0.50574713 0.58461538 0.63601533
  0.5862069  0.79310345 0.73076923 0.62452107 0.85440613 0.6091954
  0.53846154 0.71264368 0.83141762 0.63601533 0.75769231 0.70498084
  0.47126437 0.69731801 0.64615385 0.72413793 0.7816092  0.70881226
  0.69615385 0.70881226 0.651341   0.57088123 0.58846154 0.66666667
  0.72413793 0.67816092 0.71538462 0.53639847 0.61302682 0.55172414
  0.68846154 0.69731801 0.4559387  0.5210728  0.62692308 0.54022989
  0.77011494 0.73180077 0.70769231 0.40613027 0.76628352 0.62835249
  0.72307692 0.85057471 0.81226054 0.88888889 0.71153846 0.70114943
  0.65517241 0.80076628 0.78076923 0.72796935 0.72796935 0.68965517
  0.76153846 0.57088123 0.47126437 0.45210728 0.67692308 0.651341
  0.65900383 0.75862069 0.60384615 0.68582375 0.66666667 0.73563218
  0.77307692 0.63601533 0.78927203 0.73180077 0.75       0.7816092
  0.60153257 0.75862069 0.69615385 0.62835249 0.59386973 0.72796935
  0.65769231 0.70114943 0.65517241 0.72030651]]
score: 0.6686632773356912
f1: 0.6435899464046009
mcc: 0.301623804939558
Memory peak: 118588

elec.txt
Executed in: 491.8441662788391 seconds
ep: 0.1 percent_pool: 10 number of updts: 12492
acc_percent: [[0.68199234 0.50957854 0.51340996 0.43678161 0.64230769 0.52873563
  0.59770115 0.78544061 0.79615385 0.64367816 0.75862069 0.59770115
  0.56153846 0.59386973 0.51724138 0.73563218 0.65769231 0.83141762
  0.57088123 0.81226054 0.71538462 0.57471264 0.79310345 0.59003831
  0.53461538 0.75478927 0.80842912 0.64750958 0.56538462 0.55555556
  0.37547893 0.83141762 0.58846154 0.72796935 0.66666667 0.68582375
  0.65       0.62452107 0.57088123 0.54022989 0.58076923 0.64367816
  0.70881226 0.5862069  0.76153846 0.58237548 0.55938697 0.55555556
  0.68846154 0.67816092 0.43295019 0.4789272  0.62307692 0.56704981
  0.58237548 0.65517241 0.69615385 0.38697318 0.74329502 0.62452107
  0.67307692 0.86206897 0.82758621 0.87739464 0.83461538 0.69731801
  0.62452107 0.7394636  0.78846154 0.86590038 0.7164751  0.76245211
  0.86923077 0.70498084 0.55938697 0.49425287 0.56538462 0.72796935
  0.63601533 0.65517241 0.72692308 0.78927203 0.7164751  0.7394636
  0.74615385 0.68199234 0.74329502 0.77777778 0.70769231 0.4789272
  0.52873563 0.56321839 0.60384615 0.67049808 0.53639847 0.77394636
  0.63846154 0.77777778 0.72796935 0.77394636]]
score: 0.6589354553492484
f1: 0.5814552069722279
mcc: 0.28613876354011786
Memory peak: 118588

elec.txt
Executed in: 944.9240374565125 seconds
ep: 0.1 percent_pool: 20 number of updts: 12901
acc_percent: [[0.63984674 0.69348659 0.62068966 0.61302682 0.54230769 0.64750958
  0.58237548 0.83141762 0.62692308 0.66666667 0.68965517 0.76245211
  0.70769231 0.59770115 0.44061303 0.53256705 0.62692308 0.62452107
  0.5862069  0.64367816 0.62692308 0.63218391 0.83141762 0.70498084
  0.63461538 0.58237548 0.75095785 0.71264368 0.67307692 0.651341
  0.43295019 0.78927203 0.63461538 0.73180077 0.7816092  0.69731801
  0.71153846 0.74712644 0.69348659 0.64750958 0.57307692 0.74329502
  0.63984674 0.65900383 0.71538462 0.63984674 0.59386973 0.55938697
  0.72307692 0.63218391 0.42528736 0.67816092 0.60384615 0.57088123
  0.59003831 0.62835249 0.69230769 0.42911877 0.75478927 0.62452107
  0.71153846 0.83908046 0.83141762 0.68965517 0.76923077 0.67049808
  0.63601533 0.79310345 0.81153846 0.7816092  0.72796935 0.78544061
  0.83846154 0.70881226 0.62835249 0.62068966 0.56153846 0.75095785
  0.59386973 0.70498084 0.58461538 0.72030651 0.61302682 0.65517241
  0.68461538 0.58237548 0.6743295  0.69348659 0.71153846 0.74712644
  0.62452107 0.80842912 0.74230769 0.7164751  0.66666667 0.60536398
  0.56153846 0.651341   0.71264368 0.651341  ]]
score: 0.6668225758915415
f1: 0.6414071518674123
mcc: 0.29733184645206284
Memory peak: 118588

elec.txt
Executed in: 1342.447161912918 seconds
ep: 0.1 percent_pool: 30 number of updts: 13005
acc_percent: [[0.65900383 0.70498084 0.65900383 0.65900383 0.58076923 0.67816092
  0.52873563 0.71264368 0.5        0.57088123 0.66666667 0.73563218
  0.6        0.6091954  0.60153257 0.51724138 0.56153846 0.82758621
  0.67049808 0.74712644 0.74230769 0.62835249 0.84291188 0.68582375
  0.63461538 0.68965517 0.78544061 0.63601533 0.73846154 0.65900383
  0.4789272  0.67816092 0.63461538 0.7164751  0.77777778 0.71264368
  0.69230769 0.61685824 0.72796935 0.55555556 0.61538462 0.72030651
  0.7394636  0.63984674 0.7        0.50574713 0.64367816 0.57088123
  0.71538462 0.67049808 0.44061303 0.61302682 0.73846154 0.63984674
  0.57471264 0.60153257 0.73076923 0.52490421 0.61302682 0.57854406
  0.72307692 0.85440613 0.83141762 0.85823755 0.63461538 0.71264368
  0.67816092 0.7816092  0.81153846 0.72796935 0.72030651 0.66283525
  0.73461538 0.63601533 0.651341   0.67049808 0.52692308 0.71264368
  0.56321839 0.76245211 0.57307692 0.5862069  0.50191571 0.57854406
  0.45769231 0.48275862 0.60536398 0.6091954  0.65384615 0.51340996
  0.36398467 0.59386973 0.61923077 0.48659004 0.48275862 0.38697318
  0.5        0.45210728 0.38314176 0.35249042]]
score: 0.6343838785735337
f1: 0.6104962592125385
mcc: 0.23016904287950632
Memory peak: 118588

elec.txt
Executed in: 515.9637489318848 seconds
ep: 0.15 percent_pool: 10 number of updts: 12996
acc_percent: [[0.69348659 0.49808429 0.46360153 0.45210728 0.65384615 0.54789272
  0.60536398 0.8045977  0.81538462 0.63218391 0.75478927 0.60536398
  0.55384615 0.59386973 0.4789272  0.69348659 0.62307692 0.81226054
  0.55938697 0.82375479 0.71923077 0.53639847 0.74712644 0.57471264
  0.53846154 0.63984674 0.63218391 0.62068966 0.56153846 0.57471264
  0.348659   0.82375479 0.55769231 0.72413793 0.65900383 0.68199234
  0.69615385 0.72030651 0.63984674 0.5440613  0.58076923 0.65517241
  0.70114943 0.59386973 0.76153846 0.5862069  0.60153257 0.55555556
  0.69615385 0.67816092 0.44827586 0.4789272  0.62307692 0.54022989
  0.57854406 0.64750958 0.67692308 0.37931034 0.74329502 0.62452107
  0.66923077 0.8467433  0.79693487 0.80842912 0.81153846 0.68582375
  0.59386973 0.67049808 0.71153846 0.88122605 0.72796935 0.75095785
  0.78846154 0.74712644 0.69731801 0.7394636  0.56923077 0.75478927
  0.651341   0.69731801 0.68846154 0.72030651 0.61685824 0.651341
  0.75       0.65900383 0.81226054 0.76628352 0.71153846 0.56704981
  0.60536398 0.77011494 0.72307692 0.68199234 0.59386973 0.68965517
  0.61153846 0.72413793 0.71264368 0.59770115]]
score: 0.6560954907161803
f1: 0.5766391801123516
mcc: 0.27818947245293923
Memory peak: 118588

elec.txt
Executed in: 954.988115310669 seconds
ep: 0.15 percent_pool: 20 number of updts: 13078
acc_percent: [[0.64367816 0.68965517 0.59003831 0.62835249 0.57692308 0.64367816
  0.62452107 0.82375479 0.61923077 0.61685824 0.61302682 0.72413793
  0.59615385 0.61685824 0.64750958 0.53256705 0.62307692 0.83524904
  0.72413793 0.651341   0.72307692 0.62835249 0.83141762 0.6743295
  0.51923077 0.65517241 0.74712644 0.68582375 0.69615385 0.64750958
  0.45977011 0.77394636 0.55769231 0.74329502 0.74712644 0.67816092
  0.70769231 0.69348659 0.7164751  0.63601533 0.55769231 0.65900383
  0.65517241 0.51724138 0.73076923 0.60536398 0.57088123 0.5440613
  0.66538462 0.64367816 0.48659004 0.54022989 0.64230769 0.59386973
  0.57471264 0.61685824 0.69230769 0.39463602 0.6743295  0.62452107
  0.67692308 0.85057471 0.67049808 0.80842912 0.56923077 0.67816092
  0.67049808 0.74329502 0.75       0.69348659 0.60153257 0.50574713
  0.67307692 0.5440613  0.50957854 0.53256705 0.79615385 0.74329502
  0.59003831 0.76245211 0.76923077 0.6743295  0.74712644 0.60153257
  0.44615385 0.41762452 0.59386973 0.63218391 0.7        0.45977011
  0.5440613  0.63218391 0.67692308 0.6091954  0.69348659 0.66283525
  0.64230769 0.54789272 0.57088123 0.57854406]]
score: 0.6410194518125553
f1: 0.6102222591935325
mcc: 0.23888049302970768
Memory peak: 118588

elec.txt
Executed in: 1379.937698841095 seconds
ep: 0.15 percent_pool: 30 number of updts: 13232
acc_percent: [[0.64750958 0.6743295  0.67049808 0.63984674 0.61153846 0.65517241
  0.6091954  0.69731801 0.57307692 0.55938697 0.651341   0.72030651
  0.59230769 0.59386973 0.65517241 0.53639847 0.68846154 0.83524904
  0.57854406 0.74712644 0.74615385 0.62452107 0.85823755 0.5862069
  0.55769231 0.67816092 0.82375479 0.6743295  0.72692308 0.70498084
  0.47509579 0.6743295  0.63846154 0.72796935 0.77777778 0.64367816
  0.68846154 0.73563218 0.651341   0.66666667 0.60384615 0.69731801
  0.72413793 0.61685824 0.70384615 0.57854406 0.60536398 0.55938697
  0.68076923 0.62835249 0.44444444 0.48275862 0.67692308 0.60536398
  0.56321839 0.57088123 0.66923077 0.37931034 0.70881226 0.67049808
  0.78076923 0.80842912 0.79693487 0.85823755 0.74615385 0.69731801
  0.67816092 0.79693487 0.81923077 0.77394636 0.68199234 0.61302682
  0.75769231 0.55172414 0.53256705 0.53256705 0.60769231 0.651341
  0.4559387  0.49425287 0.54230769 0.56704981 0.40613027 0.52490421
  0.44230769 0.47509579 0.49808429 0.62452107 0.74230769 0.80842912
  0.65517241 0.66666667 0.54230769 0.50574713 0.59770115 0.60536398
  0.56923077 0.74329502 0.77394636 0.80842912]]
score: 0.6450079575596817
f1: 0.6189787055669187
mcc: 0.2509516552124371
Memory peak: 118588

