keystroke.txt
Executed in: 2.379021644592285 seconds
ep: 0.05 percent_pool: 10 number of updts: 108
acc_percent: [[0.73333333 0.5        0.21428571 0.28571429 0.33333333 0.21428571
  0.21428571 0.21428571 0.35714286 0.46666667 0.35714286 0.28571429
  0.21428571 0.28571429 0.26666667 0.28571429 0.28571429 0.21428571
  0.28571429 0.2        0.28571429 0.28571429 0.21428571 0.28571429
  0.26666667 0.21428571 0.21428571 0.21428571 0.28571429 0.26666667
  0.21428571 0.21428571 0.21428571 0.35714286 0.26666667 0.28571429
  0.21428571 0.28571429 0.28571429 0.26666667 0.28571429 0.21428571
  0.28571429 0.28571429 0.2        0.28571429 0.28571429 0.28571429
  0.21428571 0.33333333 0.21428571 0.28571429 0.28571429 0.28571429
  0.26666667 0.28571429 0.28571429 0.21428571 0.28571429 0.26666667
  0.28571429 0.21428571 0.35714286 0.14285714 0.2        0.28571429
  0.28571429 0.21428571 0.21428571 0.26666667 0.28571429 0.21428571
  0.28571429 0.28571429 0.26666667 0.21428571 0.28571429 0.28571429
  0.14285714 0.26666667 0.28571429 0.28571429 0.21428571 0.28571429
  0.33333333 0.28571429 0.21428571 0.28571429 0.28571429 0.26666667
  0.21428571 0.28571429 0.28571429 0.21428571 0.26666667 0.28571429
  0.28571429 0.21428571 0.21428571 0.26666667]]
score: 0.2698095238095238
f1: 0.15668655184803842
mcc: 0.04464702379339559
Memory peak: 81320

keystroke.txt
Executed in: 3.051395893096924 seconds
ep: 0.05 percent_pool: 20 number of updts: 179
acc_percent: [[0.66666667 0.42857143 0.21428571 0.28571429 0.26666667 0.21428571
  0.21428571 0.28571429 0.42857143 0.6        0.64285714 0.5
  0.5        0.35714286 0.2        0.28571429 0.21428571 0.21428571
  0.28571429 0.33333333 0.28571429 0.14285714 0.21428571 0.21428571
  0.26666667 0.28571429 0.21428571 0.35714286 0.21428571 0.2
  0.28571429 0.28571429 0.28571429 0.21428571 0.2        0.14285714
  0.28571429 0.28571429 0.21428571 0.26666667 0.28571429 0.21428571
  0.21428571 0.14285714 0.26666667 0.21428571 0.21428571 0.21428571
  0.28571429 0.2        0.28571429 0.21428571 0.21428571 0.21428571
  0.26666667 0.28571429 0.21428571 0.21428571 0.28571429 0.2
  0.28571429 0.21428571 0.21428571 0.28571429 0.26666667 0.28571429
  0.28571429 0.21428571 0.28571429 0.26666667 0.28571429 0.28571429
  0.21428571 0.14285714 0.13333333 0.21428571 0.21428571 0.28571429
  0.21428571 0.2        0.21428571 0.21428571 0.28571429 0.21428571
  0.26666667 0.28571429 0.28571429 0.28571429 0.21428571 0.2
  0.35714286 0.21428571 0.21428571 0.28571429 0.26666667 0.28571429
  0.21428571 0.28571429 0.28571429 0.26666667]]
score: 0.2658571428571428
f1: 0.1440780319847459
mcc: 0.050436207026994875
Memory peak: 81640

keystroke.txt
Executed in: 3.8857946395874023 seconds
ep: 0.05 percent_pool: 30 number of updts: 231
acc_percent: [[0.73333333 0.71428571 0.71428571 0.5        0.53333333 0.42857143
  0.5        0.42857143 0.28571429 0.26666667 0.14285714 0.14285714
  0.28571429 0.07142857 0.         0.28571429 0.21428571 0.14285714
  0.07142857 0.13333333 0.28571429 0.21428571 0.28571429 0.28571429
  0.26666667 0.28571429 0.21428571 0.35714286 0.21428571 0.2
  0.28571429 0.28571429 0.28571429 0.21428571 0.         0.07142857
  0.28571429 0.21428571 0.21428571 0.33333333 0.28571429 0.14285714
  0.21428571 0.07142857 0.26666667 0.21428571 0.21428571 0.21428571
  0.21428571 0.26666667 0.28571429 0.21428571 0.21428571 0.21428571
  0.26666667 0.28571429 0.21428571 0.21428571 0.28571429 0.2
  0.21428571 0.21428571 0.14285714 0.28571429 0.26666667 0.35714286
  0.28571429 0.21428571 0.28571429 0.26666667 0.28571429 0.28571429
  0.21428571 0.14285714 0.13333333 0.21428571 0.21428571 0.28571429
  0.21428571 0.2        0.21428571 0.21428571 0.28571429 0.21428571
  0.26666667 0.28571429 0.28571429 0.28571429 0.21428571 0.2
  0.35714286 0.21428571 0.21428571 0.28571429 0.26666667 0.28571429
  0.21428571 0.28571429 0.28571429 0.26666667]]
score: 0.2576190476190476
f1: 0.16004274157424364
mcc: 0.024618148995415666
Memory peak: 81904

keystroke.txt
Executed in: 2.6582159996032715 seconds
ep: 0.1 percent_pool: 10 number of updts: 175
acc_percent: [[0.73333333 0.5        0.21428571 0.28571429 0.33333333 0.21428571
  0.21428571 0.28571429 0.28571429 0.26666667 0.28571429 0.42857143
  0.35714286 0.21428571 0.2        0.28571429 0.21428571 0.21428571
  0.28571429 0.26666667 0.28571429 0.28571429 0.21428571 0.21428571
  0.26666667 0.28571429 0.21428571 0.35714286 0.21428571 0.2
  0.28571429 0.28571429 0.28571429 0.21428571 0.2        0.14285714
  0.28571429 0.21428571 0.21428571 0.26666667 0.28571429 0.21428571
  0.21428571 0.21428571 0.26666667 0.21428571 0.21428571 0.21428571
  0.28571429 0.26666667 0.28571429 0.28571429 0.21428571 0.21428571
  0.26666667 0.28571429 0.21428571 0.21428571 0.28571429 0.2
  0.28571429 0.21428571 0.21428571 0.35714286 0.26666667 0.28571429
  0.28571429 0.21428571 0.28571429 0.26666667 0.28571429 0.28571429
  0.21428571 0.21428571 0.2        0.21428571 0.21428571 0.28571429
  0.21428571 0.2        0.21428571 0.21428571 0.28571429 0.21428571
  0.26666667 0.28571429 0.28571429 0.28571429 0.21428571 0.2
  0.28571429 0.21428571 0.21428571 0.28571429 0.26666667 0.28571429
  0.21428571 0.28571429 0.28571429 0.26666667]]
score: 0.2595238095238095
f1: 0.1291141897676453
mcc: 0.043888628206656066
Memory peak: 81904

keystroke.txt
Executed in: 5.88654088973999 seconds
ep: 0.1 percent_pool: 20 number of updts: 547
acc_percent: [[0.73333333 0.71428571 0.71428571 0.71428571 0.8        0.5
  0.5        0.5        0.28571429 0.2        0.14285714 0.14285714
  0.35714286 0.21428571 0.2        0.35714286 0.21428571 0.14285714
  0.21428571 0.2        0.28571429 0.28571429 0.21428571 0.28571429
  0.2        0.21428571 0.35714286 0.57142857 0.5        0.26666667
  0.21428571 0.21428571 0.21428571 0.21428571 0.2        0.21428571
  0.28571429 0.21428571 0.28571429 0.33333333 0.35714286 0.28571429
  0.21428571 0.28571429 0.2        0.28571429 0.28571429 0.14285714
  0.28571429 0.2        0.28571429 0.21428571 0.21428571 0.21428571
  0.26666667 0.28571429 0.28571429 0.21428571 0.35714286 0.2
  0.28571429 0.21428571 0.21428571 0.35714286 0.26666667 0.35714286
  0.28571429 0.21428571 0.28571429 0.33333333 0.28571429 0.28571429
  0.21428571 0.14285714 0.13333333 0.14285714 0.21428571 0.28571429
  0.28571429 0.2        0.21428571 0.21428571 0.28571429 0.21428571
  0.26666667 0.21428571 0.35714286 0.35714286 0.21428571 0.2
  0.28571429 0.21428571 0.28571429 0.28571429 0.26666667 0.28571429
  0.21428571 0.28571429 0.28571429 0.2       ]]
score: 0.28652380952380946
f1: 0.21806298320467898
mcc: 0.06237722491936846
Memory peak: 81904

keystroke.txt
Executed in: 4.433129072189331 seconds
ep: 0.1 percent_pool: 30 number of updts: 287
acc_percent: [[0.73333333 0.57142857 0.71428571 0.57142857 0.53333333 0.64285714
  0.71428571 0.57142857 0.5        0.53333333 0.42857143 0.42857143
  0.5        0.5        0.46666667 0.5        0.35714286 0.14285714
  0.28571429 0.26666667 0.28571429 0.21428571 0.21428571 0.42857143
  0.53333333 0.5        0.42857143 0.57142857 0.5        0.53333333
  0.42857143 0.42857143 0.28571429 0.21428571 0.2        0.14285714
  0.28571429 0.21428571 0.21428571 0.26666667 0.28571429 0.21428571
  0.21428571 0.14285714 0.26666667 0.21428571 0.21428571 0.21428571
  0.28571429 0.2        0.28571429 0.21428571 0.21428571 0.21428571
  0.26666667 0.28571429 0.28571429 0.21428571 0.35714286 0.2
  0.28571429 0.21428571 0.14285714 0.42857143 0.33333333 0.28571429
  0.28571429 0.21428571 0.28571429 0.33333333 0.28571429 0.28571429
  0.21428571 0.14285714 0.13333333 0.14285714 0.21428571 0.28571429
  0.21428571 0.2        0.21428571 0.21428571 0.28571429 0.21428571
  0.26666667 0.21428571 0.21428571 0.28571429 0.21428571 0.2
  0.28571429 0.21428571 0.21428571 0.28571429 0.26666667 0.28571429
  0.21428571 0.35714286 0.28571429 0.2       ]]
score: 0.3150476190476191
f1: 0.22207674124403437
mcc: 0.12201706113481756
Memory peak: 82344

keystroke.txt
Executed in: 2.7059032917022705 seconds
ep: 0.15 percent_pool: 10 number of updts: 181
acc_percent: [[0.73333333 0.42857143 0.21428571 0.28571429 0.33333333 0.21428571
  0.21428571 0.28571429 0.21428571 0.4        0.5        0.5
  0.35714286 0.21428571 0.2        0.28571429 0.21428571 0.21428571
  0.28571429 0.33333333 0.28571429 0.14285714 0.21428571 0.28571429
  0.33333333 0.28571429 0.21428571 0.35714286 0.21428571 0.2
  0.28571429 0.28571429 0.28571429 0.21428571 0.2        0.14285714
  0.28571429 0.28571429 0.21428571 0.26666667 0.28571429 0.21428571
  0.21428571 0.21428571 0.26666667 0.21428571 0.21428571 0.21428571
  0.28571429 0.26666667 0.28571429 0.28571429 0.21428571 0.21428571
  0.26666667 0.28571429 0.21428571 0.21428571 0.28571429 0.2
  0.28571429 0.21428571 0.21428571 0.28571429 0.26666667 0.28571429
  0.28571429 0.21428571 0.28571429 0.33333333 0.28571429 0.28571429
  0.21428571 0.21428571 0.2        0.21428571 0.21428571 0.28571429
  0.21428571 0.2        0.21428571 0.21428571 0.28571429 0.21428571
  0.26666667 0.28571429 0.28571429 0.28571429 0.21428571 0.2
  0.28571429 0.21428571 0.21428571 0.28571429 0.26666667 0.28571429
  0.21428571 0.28571429 0.28571429 0.26666667]]
score: 0.26357142857142857
f1: 0.13907214376513674
mcc: 0.04510482907000909
Memory peak: 82344

keystroke.txt
Executed in: 4.365173578262329 seconds
ep: 0.15 percent_pool: 20 number of updts: 342
acc_percent: [[0.73333333 0.57142857 0.71428571 0.71428571 0.73333333 0.64285714
  0.71428571 0.5        0.35714286 0.53333333 0.35714286 0.57142857
  0.35714286 0.35714286 0.4        0.57142857 0.57142857 0.5
  0.35714286 0.4        0.5        0.57142857 0.42857143 0.5
  0.46666667 0.42857143 0.42857143 0.35714286 0.57142857 0.53333333
  0.5        0.5        0.42857143 0.57142857 0.46666667 0.57142857
  0.42857143 0.5        0.57142857 0.53333333 0.5        0.42857143
  0.35714286 0.57142857 0.46666667 0.5        0.5        0.35714286
  0.42857143 0.4        0.42857143 0.5        0.42857143 0.42857143
  0.53333333 0.57142857 0.35714286 0.35714286 0.07142857 0.26666667
  0.28571429 0.28571429 0.35714286 0.35714286 0.33333333 0.28571429
  0.21428571 0.42857143 0.57142857 0.46666667 0.57142857 0.42857143
  0.35714286 0.35714286 0.33333333 0.35714286 0.5        0.42857143
  0.42857143 0.33333333 0.5        0.5        0.5        0.5
  0.53333333 0.5        0.57142857 0.42857143 0.42857143 0.46666667
  0.42857143 0.5        0.35714286 0.28571429 0.26666667 0.28571429
  0.21428571 0.28571429 0.28571429 0.26666667]]
score: 0.44752380952380955
f1: 0.40814564633215566
mcc: 0.3014316792050615
Memory peak: 82344

keystroke.txt
Executed in: 4.935940504074097 seconds
ep: 0.15 percent_pool: 30 number of updts: 343
acc_percent: [[0.73333333 0.71428571 0.71428571 0.64285714 0.66666667 0.71428571
  0.71428571 0.5        0.42857143 0.33333333 0.5        0.42857143
  0.42857143 0.5        0.46666667 0.57142857 0.42857143 0.28571429
  0.28571429 0.26666667 0.28571429 0.21428571 0.21428571 0.21428571
  0.33333333 0.28571429 0.14285714 0.35714286 0.21428571 0.2
  0.28571429 0.28571429 0.28571429 0.28571429 0.2        0.14285714
  0.28571429 0.28571429 0.21428571 0.26666667 0.28571429 0.21428571
  0.21428571 0.         0.06666667 0.         0.         0.
  0.         0.         0.         0.         0.         0.
  0.         0.         0.14285714 0.         0.         0.06666667
  0.         0.         0.         0.14285714 0.         0.14285714
  0.         0.         0.         0.         0.         0.14285714
  0.         0.07142857 0.         0.07142857 0.         0.
  0.         0.13333333 0.         0.         0.         0.
  0.06666667 0.07142857 0.         0.14285714 0.         0.
  0.         0.         0.         0.         0.         0.
  0.14285714 0.         0.         0.06666667]]
score: 0.17509523809523805
f1: 0.14236688377507942
mcc: -0.11220988852736608
Memory peak: 82344

