NOAA.txt
Executed in: 43.65580368041992 seconds
ep: 0.05 percent_pool: 10 number of updts: 979
acc_percent: [[0.47674419 0.46511628 0.69590643 0.45348837 0.71929825 0.27325581
  0.58479532 0.34302326 0.66081871 0.3372093  0.54385965 0.5755814
  0.62573099 0.44767442 0.56725146 0.62209302 0.49707602 0.63372093
  0.40350877 0.66860465 0.5497076  0.63372093 0.44444444 0.61627907
  0.59883721 0.56725146 0.55232558 0.53216374 0.5        0.50292398
  0.53488372 0.61403509 0.53488372 0.59649123 0.62790698 0.52046784
  0.55813953 0.4619883  0.64534884 0.52046784 0.66860465 0.59649123
  0.68604651 0.48538012 0.55813953 0.47953216 0.60465116 0.49122807
  0.64534884 0.59302326 0.61988304 0.61046512 0.66666667 0.70348837
  0.57309942 0.60465116 0.3625731  0.73837209 0.33918129 0.73255814
  0.50292398 0.72674419 0.52046784 0.65116279 0.36842105 0.56976744
  0.44444444 0.5755814  0.35672515 0.55232558 0.53216374 0.49418605
  0.40935673 0.52325581 0.56395349 0.57309942 0.53488372 0.58479532
  0.72093023 0.67251462 0.62209302 0.50877193 0.59883721 0.52631579
  0.59883721 0.59064327 0.43604651 0.59649123 0.68604651 0.53216374
  0.54069767 0.52631579 0.51744186 0.42690058 0.60465116 0.62573099
  0.43023256 0.59064327 0.53488372 0.72093023]]
score: 0.5555878552971576
f1: 0.40688758429236693
mcc: -0.17038634286944063
Memory peak: 118588

NOAA.txt
Executed in: 126.11410546302795 seconds
ep: 0.05 percent_pool: 20 number of updts: 2203
acc_percent: [[0.46511628 0.61627907 0.66666667 0.48837209 0.73684211 0.56976744
  0.63157895 0.39534884 0.67836257 0.4244186  0.57309942 0.53488372
  0.59064327 0.43604651 0.56725146 0.61627907 0.56140351 0.61627907
  0.44444444 0.70348837 0.56140351 0.62790698 0.35087719 0.63372093
  0.51162791 0.60818713 0.61627907 0.60233918 0.45348837 0.56725146
  0.55813953 0.63157895 0.56976744 0.59064327 0.61627907 0.58479532
  0.5755814  0.44444444 0.6744186  0.58479532 0.66860465 0.66666667
  0.6744186  0.65497076 0.54651163 0.57309942 0.63953488 0.56140351
  0.6627907  0.52906977 0.58479532 0.61627907 0.67251462 0.76744186
  0.59649123 0.63953488 0.46783626 0.78488372 0.4502924  0.70930233
  0.47368421 0.76162791 0.59064327 0.62209302 0.4502924  0.69186047
  0.59649123 0.6744186  0.33333333 0.65697674 0.47368421 0.55813953
  0.41520468 0.58139535 0.39534884 0.62573099 0.55813953 0.5380117
  0.75       0.62573099 0.73255814 0.49707602 0.65697674 0.60818713
  0.69186047 0.38011696 0.56395349 0.53216374 0.72674419 0.50292398
  0.61046512 0.50877193 0.56395349 0.43274854 0.63372093 0.50877193
  0.44767442 0.52046784 0.52906977 0.75581395]]
score: 0.579233646130831
f1: 0.5284296181804271
mcc: 0.05897506314845595
Memory peak: 118588

NOAA.txt
Executed in: 52.782909870147705 seconds
ep: 0.05 percent_pool: 30 number of updts: 378
acc_percent: [[0.54069767 0.70930233 0.64327485 0.56976744 0.77192982 0.59883721
  0.71345029 0.43604651 0.75438596 0.38372093 0.64327485 0.45348837
  0.6374269  0.39534884 0.60233918 0.51744186 0.52631579 0.56976744
  0.46783626 0.62790698 0.39766082 0.66860465 0.36842105 0.63953488
  0.43023256 0.59649123 0.38953488 0.5497076  0.41860465 0.63157895
  0.44186047 0.61988304 0.47674419 0.49707602 0.61627907 0.43859649
  0.54651163 0.42690058 0.5872093  0.42690058 0.63953488 0.46783626
  0.6627907  0.51461988 0.62209302 0.60233918 0.6744186  0.56140351
  0.6627907  0.52325581 0.51461988 0.62790698 0.67836257 0.77906977
  0.56725146 0.65697674 0.52631579 0.77906977 0.64912281 0.70930233
  0.55555556 0.73837209 0.73684211 0.64534884 0.64327485 0.62209302
  0.61403509 0.65697674 0.60233918 0.61046512 0.57894737 0.52325581
  0.59064327 0.56395349 0.64534884 0.65497076 0.6744186  0.68421053
  0.63953488 0.47953216 0.72093023 0.39181287 0.70348837 0.4619883
  0.68023256 0.36842105 0.60465116 0.49122807 0.6744186  0.46783626
  0.58139535 0.49122807 0.51744186 0.49122807 0.59883721 0.49707602
  0.45930233 0.52631579 0.56395349 0.60465116]]
score: 0.5750652794777642
f1: 0.5194140908360638
mcc: 0.039933652996186
Memory peak: 118588

NOAA.txt
Executed in: 55.13770055770874 seconds
ep: 0.1 percent_pool: 10 number of updts: 1436
acc_percent: [[0.47093023 0.46511628 0.71929825 0.50581395 0.68421053 0.65116279
  0.54385965 0.62209302 0.65497076 0.35465116 0.52631579 0.50581395
  0.60233918 0.52906977 0.57309942 0.59883721 0.55555556 0.63372093
  0.47368421 0.61627907 0.56140351 0.62790698 0.50292398 0.61046512
  0.48255814 0.56725146 0.59302326 0.53216374 0.49418605 0.50877193
  0.44186047 0.57894737 0.59883721 0.57894737 0.64534884 0.56140351
  0.56976744 0.3625731  0.62790698 0.4502924  0.6744186  0.40350877
  0.68604651 0.41520468 0.56976744 0.51461988 0.61046512 0.53216374
  0.6627907  0.56395349 0.50877193 0.5755814  0.6374269  0.76162791
  0.56140351 0.56976744 0.34502924 0.76162791 0.43859649 0.73255814
  0.44444444 0.72093023 0.59064327 0.65116279 0.4502924  0.59302326
  0.63157895 0.62790698 0.39766082 0.55232558 0.43859649 0.49418605
  0.42690058 0.5        0.5755814  0.58479532 0.55813953 0.60233918
  0.6744186  0.61403509 0.62209302 0.39766082 0.59883721 0.52046784
  0.59302326 0.41520468 0.43604651 0.56140351 0.69186047 0.43859649
  0.54069767 0.46783626 0.51744186 0.43274854 0.5755814  0.52046784
  0.4127907  0.57309942 0.44186047 0.6744186 ]]
score: 0.5526978784169727
f1: 0.43125975416797924
mcc: -0.12910793448342206
Memory peak: 118588

NOAA.txt
Executed in: 43.747697591781616 seconds
ep: 0.1 percent_pool: 20 number of updts: 378
acc_percent: [[0.43023256 0.61627907 0.64912281 0.51744186 0.77192982 0.61627907
  0.60818713 0.44186047 0.67251462 0.44767442 0.69590643 0.56976744
  0.7251462  0.43023256 0.57894737 0.60465116 0.55555556 0.63953488
  0.4502924  0.71511628 0.51461988 0.66860465 0.37426901 0.59883721
  0.46511628 0.59649123 0.54069767 0.59649123 0.4244186  0.61988304
  0.5        0.64327485 0.55232558 0.5497076  0.63372093 0.50877193
  0.59302326 0.42105263 0.64534884 0.47368421 0.66860465 0.47368421
  0.68604651 0.48538012 0.58139535 0.47953216 0.63372093 0.50292398
  0.63953488 0.56395349 0.5380117  0.63953488 0.69005848 0.75581395
  0.56140351 0.62209302 0.43859649 0.75       0.50877193 0.74418605
  0.65497076 0.73255814 0.77777778 0.65116279 0.59064327 0.58139535
  0.67251462 0.61627907 0.64912281 0.59302326 0.56725146 0.51162791
  0.5497076  0.54651163 0.63372093 0.65497076 0.64534884 0.69590643
  0.74418605 0.70760234 0.63953488 0.63157895 0.61627907 0.65497076
  0.59883721 0.65497076 0.44186047 0.7251462  0.69186047 0.65497076
  0.55232558 0.66081871 0.52325581 0.66081871 0.64534884 0.70760234
  0.44767442 0.64912281 0.60465116 0.76162791]]
score: 0.5991979464164285
f1: 0.48909331408280987
mcc: -0.011203565599125003
Memory peak: 118588

NOAA.txt
Executed in: 119.72827553749084 seconds
ep: 0.1 percent_pool: 30 number of updts: 1452
acc_percent: [[0.51744186 0.6627907  0.63157895 0.60465116 0.77192982 0.48837209
  0.69005848 0.45930233 0.77777778 0.4127907  0.67251462 0.48837209
  0.64327485 0.41860465 0.53216374 0.5        0.52046784 0.54651163
  0.46783626 0.61627907 0.40935673 0.62790698 0.28654971 0.62790698
  0.34883721 0.60233918 0.40116279 0.57309942 0.40116279 0.59064327
  0.38372093 0.58479532 0.52906977 0.55555556 0.5755814  0.42105263
  0.54069767 0.40935673 0.61046512 0.34502924 0.65697674 0.34502924
  0.68604651 0.33918129 0.5755814  0.39181287 0.63372093 0.32163743
  0.5755814  0.40116279 0.48538012 0.54069767 0.53216374 0.52325581
  0.4502924  0.55232558 0.26315789 0.73255814 0.29824561 0.72674419
  0.26900585 0.72674419 0.38596491 0.65697674 0.33918129 0.55813953
  0.43274854 0.55813953 0.30409357 0.59302326 0.43274854 0.49418605
  0.33333333 0.50581395 0.3255814  0.57309942 0.52906977 0.49707602
  0.62209302 0.41520468 0.64534884 0.45614035 0.61046512 0.42105263
  0.62209302 0.36842105 0.48255814 0.39766082 0.69767442 0.4619883
  0.5755814  0.34502924 0.48837209 0.39181287 0.56395349 0.43859649
  0.37209302 0.51461988 0.47674419 0.63372093]]
score: 0.5079470964232286
f1: 0.4676579031888215
mcc: -0.05547644380700301
Memory peak: 118588

NOAA.txt
Executed in: 40.96382164955139 seconds
ep: 0.15 percent_pool: 10 number of updts: 885
acc_percent: [[0.50581395 0.49418605 0.71929825 0.47674419 0.58479532 0.20348837
  0.53216374 0.1744186  0.6374269  0.27906977 0.54385965 0.43023256
  0.57309942 0.34302326 0.46783626 0.5755814  0.4619883  0.51162791
  0.36842105 0.61046512 0.34502924 0.61046512 0.29239766 0.61627907
  0.34302326 0.56725146 0.56395349 0.5380117  0.40697674 0.52046784
  0.37209302 0.57894737 0.50581395 0.51461988 0.54651163 0.43859649
  0.52906977 0.38011696 0.61627907 0.3625731  0.66860465 0.33333333
  0.68604651 0.50877193 0.56395349 0.43859649 0.61046512 0.54385965
  0.62790698 0.47093023 0.52631579 0.54069767 0.4619883  0.76744186
  0.54385965 0.59883721 0.22807018 0.74418605 0.29239766 0.73837209
  0.43274854 0.72674419 0.57309942 0.65116279 0.43859649 0.58139535
  0.41520468 0.55232558 0.35672515 0.55232558 0.42690058 0.49418605
  0.39181287 0.46511628 0.45348837 0.5380117  0.49418605 0.4619883
  0.70348837 0.66666667 0.62790698 0.4502924  0.59302326 0.45614035
  0.59883721 0.37426901 0.43604651 0.47953216 0.68604651 0.40350877
  0.54651163 0.45614035 0.52325581 0.40935673 0.55813953 0.52046784
  0.38372093 0.49122807 0.45930233 0.73837209]]
score: 0.5060492316061471
f1: 0.4164114600877221
mcc: -0.1667794088127023
Memory peak: 118588

NOAA.txt
Executed in: 46.20539045333862 seconds
ep: 0.15 percent_pool: 20 number of updts: 446
acc_percent: [[0.45930233 0.62209302 0.71345029 0.5        0.73684211 0.60465116
  0.58479532 0.59883721 0.57894737 0.5755814  0.59649123 0.64534884
  0.55555556 0.55232558 0.5497076  0.50581395 0.55555556 0.51162791
  0.46783626 0.54069767 0.64327485 0.5        0.5497076  0.41860465
  0.59302326 0.45614035 0.6744186  0.50877193 0.60465116 0.53216374
  0.64534884 0.52631579 0.59883721 0.55555556 0.56395349 0.57894737
  0.55813953 0.49707602 0.47674419 0.61988304 0.44186047 0.65497076
  0.4244186  0.66666667 0.41860465 0.50877193 0.45348837 0.59064327
  0.54651163 0.63953488 0.55555556 0.59302326 0.6374269  0.60465116
  0.53216374 0.56395349 0.4619883  0.5        0.49122807 0.54069767
  0.6374269  0.49418605 0.73684211 0.47093023 0.56725146 0.46511628
  0.6374269  0.47674419 0.49122807 0.43023256 0.53216374 0.5
  0.50292398 0.58139535 0.66860465 0.56140351 0.58139535 0.60818713
  0.56395349 0.7251462  0.54069767 0.61403509 0.53488372 0.61403509
  0.61627907 0.63157895 0.53488372 0.71929825 0.49418605 0.66081871
  0.39534884 0.71929825 0.46511628 0.67251462 0.51744186 0.61403509
  0.43604651 0.57309942 0.56976744 0.66860465]]
score: 0.5620770433836528
f1: 0.5262738493663058
mcc: 0.06349953857434457
Memory peak: 118588

NOAA.txt
Executed in: 52.451064586639404 seconds
ep: 0.15 percent_pool: 30 number of updts: 369
acc_percent: [[0.53488372 0.66860465 0.66081871 0.5        0.7251462  0.5755814
  0.69005848 0.43604651 0.74269006 0.4244186  0.69005848 0.54069767
  0.71929825 0.43023256 0.5497076  0.59883721 0.59064327 0.61046512
  0.50292398 0.6744186  0.52631579 0.68023256 0.44444444 0.63372093
  0.5755814  0.60818713 0.55232558 0.62573099 0.51162791 0.67836257
  0.5872093  0.60233918 0.54651163 0.59064327 0.68604651 0.54385965
  0.60465116 0.45614035 0.63372093 0.43859649 0.68604651 0.39766082
  0.72674419 0.47368421 0.59302326 0.5380117  0.70930233 0.50877193
  0.6744186  0.45930233 0.47953216 0.59302326 0.6374269  0.69186047
  0.55555556 0.6627907  0.43859649 0.79651163 0.52631579 0.70348837
  0.41520468 0.72093023 0.61403509 0.65697674 0.5497076  0.61627907
  0.47953216 0.58139535 0.47953216 0.56395349 0.53216374 0.50581395
  0.54385965 0.54069767 0.52906977 0.59064327 0.63953488 0.6374269
  0.71511628 0.64327485 0.65116279 0.60233918 0.69186047 0.60818713
  0.65697674 0.5497076  0.54069767 0.51461988 0.73255814 0.47368421
  0.65116279 0.50292398 0.54651163 0.48538012 0.61627907 0.44444444
  0.47674419 0.60233918 0.54651163 0.66860465]]
score: 0.5836168910648715
f1: 0.5348246556960746
mcc: 0.07230868879111008
Memory peak: 118588

