1CDT.txt
Executed in: 16.580692768096924 seconds
ep: 0.05 percent_pool: 10 number of updts: 46
acc_percent: [[1.         1.         1.         1.         1.         0.98675497
  1.         1.         1.         1.         1.         0.99337748
  1.         1.         1.         1.         1.         1.
  1.         1.         1.         1.         1.         1.
  1.         1.         1.         1.         1.         1.
  1.         1.         1.         0.99337748 1.         1.
  1.         1.         1.         1.         1.         1.
  1.         1.         1.         1.         1.         1.
  1.         1.         1.         1.         1.         1.
  1.         1.         1.         1.         1.         1.
  1.         1.         1.         1.         1.         1.
  1.         1.         1.         1.         1.         1.
  1.         1.         1.         1.         1.         1.
  1.         1.         1.         1.         1.         1.
  1.         1.         1.         1.         1.         0.99337748
  1.         1.         1.         1.         1.         0.98675497
  0.99337748 0.98013245 0.99337748 0.99337748]]
score: 0.9991390728476821
f1: 0.9991450180861559
mcc: 0.9982896897268434
Memory peak: 85500

1CDT.txt
Executed in: 17.889952898025513 seconds
ep: 0.05 percent_pool: 20 number of updts: 59
acc_percent: [[0.99342105 1.         1.         1.         1.         0.99337748
  1.         1.         1.         1.         0.99337748 0.99337748
  1.         1.         1.         1.         1.         1.
  1.         0.99337748 1.         1.         1.         1.
  1.         1.         1.         1.         1.         1.
  1.         1.         1.         0.99337748 1.         1.
  1.         1.         1.         1.         1.         1.
  1.         1.         1.         1.         1.         1.
  1.         1.         1.         1.         1.         1.
  1.         1.         1.         1.         1.         1.
  1.         1.         1.         1.         1.         1.
  1.         1.         1.         1.         1.         1.
  1.         1.         1.         1.         1.         1.
  1.         1.         1.         1.         1.         1.
  1.         1.         1.         1.         1.         1.
  1.         1.         1.         1.         1.         0.99337748
  0.99337748 0.98013245 1.         1.        ]]
score: 0.9992719588706866
f1: 0.9992762681755377
mcc: 0.998552640222928
Memory peak: 89956

1CDT.txt
Executed in: 20.5405695438385 seconds
ep: 0.05 percent_pool: 30 number of updts: 85
acc_percent: [[1.         0.99337748 1.         1.         1.         0.98675497
  1.         1.         1.         1.         1.         0.99337748
  1.         0.98675497 0.99337748 1.         1.         0.99337748
  1.         0.99337748 0.99337748 1.         1.         1.
  1.         1.         1.         1.         1.         1.
  1.         1.         1.         0.99337748 1.         1.
  1.         1.         1.         1.         1.         1.
  1.         1.         1.         1.         1.         1.
  1.         1.         0.99337748 1.         1.         1.
  1.         1.         1.         1.         1.         1.
  1.         1.         1.         1.         1.         1.
  1.         1.         1.         1.         1.         1.
  1.         1.         1.         1.         1.         1.
  1.         1.         1.         1.         1.         1.
  1.         1.         1.         1.         0.99337748 1.
  0.99337748 1.         1.         1.         1.         0.99337748
  1.         0.99337748 0.99337748 0.99337748]]
score: 0.9988079470198676
f1: 0.9988148538319727
mcc: 0.9976328225347644
Memory peak: 89956

1CDT.txt
Executed in: 16.08805751800537 seconds
ep: 0.1 percent_pool: 10 number of updts: 22
acc_percent: [[1.         0.99337748 1.         1.         1.         1.
  1.         1.         1.         1.         1.         0.99337748
  1.         1.         1.         1.         1.         1.
  1.         1.         1.         1.         1.         1.
  1.         1.         1.         1.         1.         1.
  1.         1.         1.         1.         1.         1.
  1.         1.         1.         1.         1.         1.
  1.         1.         1.         1.         1.         1.
  1.         1.         1.         1.         1.         1.
  1.         1.         1.         1.         1.         1.
  1.         1.         1.         1.         1.         1.
  1.         1.         1.         1.         1.         1.
  1.         1.         1.         1.         1.         1.
  1.         1.         1.         1.         1.         1.
  1.         1.         1.         1.         1.         0.99337748
  1.         1.         0.99337748 1.         1.         0.98675497
  0.99337748 0.98013245 0.99337748 0.99337748]]
score: 0.9992052980132451
f1: 0.9992107340173637
mcc: 0.9984211909170719
Memory peak: 90728

1CDT.txt
Executed in: 17.182713270187378 seconds
ep: 0.1 percent_pool: 20 number of updts: 43
acc_percent: [[0.99342105 1.         1.         1.         1.         0.98675497
  1.         1.         1.         0.99337748 1.         0.99337748
  1.         1.         1.         1.         0.99337748 1.
  1.         0.99337748 1.         1.         1.         1.
  1.         1.         1.         1.         1.         1.
  1.         1.         1.         0.99337748 1.         1.
  1.         1.         1.         1.         1.         1.
  1.         1.         1.         1.         1.         1.
  1.         1.         1.         1.         1.         1.
  1.         1.         1.         1.         1.         1.
  1.         1.         1.         1.         1.         1.
  1.         1.         1.         1.         1.         1.
  1.         1.         1.         1.         1.         1.
  1.         1.         1.         1.         1.         1.
  1.         1.         1.         1.         1.         1.
  1.         1.         1.         1.         1.         1.
  1.         0.98675497 1.         0.99337748]]
score: 0.9992719588706866
f1: 0.9992760776571241
mcc: 0.998552847678531
Memory peak: 90988

1CDT.txt
Executed in: 19.044398546218872 seconds
ep: 0.1 percent_pool: 30 number of updts: 63
acc_percent: [[0.98684211 1.         1.         1.         1.         0.99337748
  1.         1.         1.         1.         0.99337748 0.99337748
  1.         0.99337748 1.         1.         1.         1.
  1.         0.99337748 1.         1.         1.         1.
  1.         1.         1.         1.         1.         1.
  1.         1.         1.         0.99337748 1.         1.
  1.         1.         1.         1.         1.         1.
  1.         1.         1.         1.         1.         1.
  1.         1.         0.99337748 1.         1.         1.
  1.         1.         1.         1.         1.         1.
  1.         1.         1.         1.         1.         1.
  1.         1.         1.         1.         1.         1.
  1.         1.         1.         1.         1.         1.
  1.         1.         1.         1.         1.         1.
  1.         1.         1.         1.         0.99337748 1.
  0.99337748 1.         1.         1.         1.         0.99337748
  1.         0.99337748 0.99337748 0.99337748]]
score: 0.9990074939003136
f1: 0.9990127032185875
mcc: 0.9980267391215425
Memory peak: 91056

1CDT.txt
Executed in: 16.04142713546753 seconds
ep: 0.15 percent_pool: 10 number of updts: 25
acc_percent: [[1.         0.99337748 1.         1.         1.         0.99337748
  1.         1.         1.         1.         1.         0.99337748
  1.         1.         1.         1.         1.         1.
  1.         0.99337748 1.         1.         1.         1.
  1.         1.         1.         1.         1.         1.
  1.         1.         1.         0.99337748 1.         1.
  1.         1.         1.         1.         1.         1.
  1.         1.         1.         1.         1.         1.
  1.         1.         1.         1.         1.         1.
  1.         1.         1.         1.         1.         1.
  1.         1.         1.         1.         1.         1.
  1.         1.         1.         1.         1.         1.
  1.         1.         1.         1.         1.         1.
  1.         1.         1.         1.         1.         1.
  1.         1.         1.         1.         1.         0.99337748
  1.         1.         1.         1.         1.         0.98675497
  0.99337748 0.99337748 1.         0.99337748]]
score: 0.999271523178808
f1: 0.9992764585936986
mcc: 0.9985527093747814
Memory peak: 91320

1CDT.txt
Executed in: 18.791035890579224 seconds
ep: 0.15 percent_pool: 20 number of updts: 85
acc_percent: [[1.         0.99337748 1.         1.         1.         0.98675497
  1.         1.         1.         0.99337748 1.         0.98675497
  1.         1.         0.99337748 1.         0.99337748 0.99337748
  1.         0.98675497 1.         1.         1.         0.99337748
  1.         1.         1.         1.         1.         1.
  1.         1.         1.         0.99337748 1.         1.
  1.         1.         1.         1.         1.         1.
  1.         1.         1.         1.         1.         1.
  1.         1.         0.99337748 1.         1.         1.
  1.         1.         1.         1.         1.         1.
  1.         1.         1.         1.         1.         1.
  1.         1.         1.         1.         1.         1.
  1.         1.         1.         1.         1.         1.
  1.         1.         1.         1.         1.         0.99337748
  1.         0.99337748 1.         1.         1.         1.
  0.99337748 1.         1.         1.         1.         1.
  1.         0.99337748 0.99337748 0.99337748]]
score: 0.9986754966887418
f1: 0.9986828240252897
mcc: 0.9973706312947067
Memory peak: 91320

1CDT.txt
Executed in: 22.767417907714844 seconds
ep: 0.15 percent_pool: 30 number of updts: 126
acc_percent: [[0.99342105 1.         1.         1.         1.         0.98675497
  1.         1.         1.         1.         1.         0.99337748
  1.         1.         0.99337748 0.99337748 1.         0.99337748
  1.         0.98013245 0.98675497 1.         1.         1.
  1.         1.         1.         1.         1.         0.99337748
  1.         1.         1.         0.99337748 1.         1.
  1.         1.         1.         1.         1.         1.
  1.         1.         1.         1.         1.         1.
  1.         1.         0.99337748 1.         1.         1.
  1.         1.         1.         1.         1.         1.
  1.         1.         1.         1.         1.         1.
  1.         1.         1.         1.         1.         1.
  1.         1.         1.         1.         1.         1.
  1.         1.         1.         1.         1.         0.99337748
  0.99337748 0.99337748 1.         1.         0.99337748 1.
  0.99337748 1.         1.         1.         1.         1.
  0.99337748 0.99337748 1.         0.99337748]]
score: 0.9984772568839317
f1: 0.9984849482906265
mcc: 0.9969767997678937
Memory peak: 91320

