2CHT.txt
Executed in: 18.293564796447754 seconds
ep: 0.05 percent_pool: 10 number of updts: 125
acc_percent: [[0.63815789 0.68874172 0.65562914 0.61589404 0.55629139 0.47682119
  0.51655629 0.52317881 0.58278146 0.45695364 0.46357616 0.49668874
  0.51655629 0.42384106 0.52317881 0.53642384 0.53642384 0.44370861
  0.54966887 0.46357616 0.49668874 0.59602649 0.47682119 0.43046358
  0.51655629 0.50993377 0.49006623 0.51655629 0.46357616 0.52317881
  0.50331126 0.48344371 0.52317881 0.45695364 0.49668874 0.49668874
  0.50993377 0.46357616 0.53642384 0.51655629 0.54966887 0.45033113
  0.48344371 0.52317881 0.46357616 0.48344371 0.57615894 0.47019868
  0.44370861 0.53642384 0.49668874 0.52980132 0.47682119 0.51655629
  0.48344371 0.49668874 0.50993377 0.50331126 0.47682119 0.49668874
  0.51655629 0.51655629 0.48344371 0.52317881 0.49006623 0.49006623
  0.50331126 0.52980132 0.50331126 0.45695364 0.52317881 0.48344371
  0.53642384 0.51655629 0.49668874 0.47682119 0.50993377 0.44370861
  0.54966887 0.52317881 0.47019868 0.57615894 0.49668874 0.46357616
  0.50993377 0.49668874 0.46357616 0.57615894 0.45695364 0.53642384
  0.50331126 0.45033113 0.46357616 0.55629139 0.47019868 0.54966887
  0.56291391 0.64900662 0.7218543  0.69536424]]
score: 0.5137987974904149
f1: 0.05227418321588725
mcc: 0.1157832863707412
Memory peak: 119256

2CHT.txt
Executed in: 22.80407953262329 seconds
ep: 0.05 percent_pool: 20 number of updts: 193
acc_percent: [[0.73026316 0.79470199 0.66225166 0.61589404 0.61589404 0.48344371
  0.53642384 0.52317881 0.58278146 0.45695364 0.46357616 0.49668874
  0.52317881 0.42384106 0.52317881 0.53642384 0.53642384 0.44370861
  0.54966887 0.46357616 0.49668874 0.59602649 0.47682119 0.43046358
  0.51655629 0.50993377 0.49006623 0.51655629 0.46357616 0.52317881
  0.50331126 0.48344371 0.52317881 0.45695364 0.49668874 0.49668874
  0.50993377 0.46357616 0.53642384 0.51655629 0.54966887 0.45033113
  0.48344371 0.52317881 0.46357616 0.48344371 0.57615894 0.47019868
  0.44370861 0.53642384 0.49668874 0.52980132 0.47682119 0.51655629
  0.48344371 0.49668874 0.50993377 0.50331126 0.47682119 0.49668874
  0.51655629 0.51655629 0.48344371 0.52317881 0.49006623 0.49006623
  0.50331126 0.52980132 0.50331126 0.45695364 0.52317881 0.48344371
  0.53642384 0.51655629 0.49668874 0.47682119 0.50993377 0.44370861
  0.54966887 0.52317881 0.47019868 0.57615894 0.49668874 0.47019868
  0.50993377 0.49668874 0.46357616 0.57615894 0.45695364 0.55629139
  0.52317881 0.45695364 0.48344371 0.64238411 0.58940397 0.74172185
  0.74172185 0.82781457 0.8410596  0.84768212]]
score: 0.5277662077378877
f1: 0.1128395061728395
mcc: 0.15270620050760672
Memory peak: 119256

2CHT.txt
Executed in: 28.265254974365234 seconds
ep: 0.05 percent_pool: 30 number of updts: 237
acc_percent: [[0.71710526 0.83443709 0.62251656 0.68211921 0.66225166 0.53642384
  0.60264901 0.54966887 0.58940397 0.47019868 0.46357616 0.49668874
  0.52317881 0.42384106 0.52317881 0.53642384 0.53642384 0.44370861
  0.54966887 0.46357616 0.49668874 0.59602649 0.47682119 0.43046358
  0.51655629 0.50993377 0.49006623 0.51655629 0.46357616 0.52317881
  0.50331126 0.48344371 0.52317881 0.45695364 0.49668874 0.49668874
  0.50993377 0.46357616 0.53642384 0.51655629 0.54966887 0.45033113
  0.48344371 0.52317881 0.46357616 0.48344371 0.57615894 0.47019868
  0.44370861 0.53642384 0.49668874 0.52980132 0.47682119 0.51655629
  0.48344371 0.49668874 0.50993377 0.50331126 0.47682119 0.49668874
  0.51655629 0.51655629 0.48344371 0.52317881 0.49006623 0.49006623
  0.50331126 0.52980132 0.50331126 0.45695364 0.52317881 0.48344371
  0.53642384 0.51655629 0.49668874 0.47682119 0.50993377 0.44370861
  0.54966887 0.52317881 0.47019868 0.57615894 0.49668874 0.46357616
  0.50993377 0.49668874 0.46357616 0.57615894 0.48344371 0.55629139
  0.52980132 0.45695364 0.58940397 0.58278146 0.70860927 0.80794702
  0.87417219 0.88741722 0.86092715 0.90728477]]
score: 0.5357140989891949
f1: 0.1363803006232433
mcc: 0.18258445863816647
Memory peak: 119256

2CHT.txt
Executed in: 18.29334568977356 seconds
ep: 0.1 percent_pool: 10 number of updts: 118
acc_percent: [[0.625      0.62251656 0.51655629 0.55629139 0.52317881 0.47019868
  0.51655629 0.52317881 0.58278146 0.45695364 0.46357616 0.49668874
  0.51655629 0.42384106 0.52317881 0.53642384 0.53642384 0.44370861
  0.54966887 0.46357616 0.49668874 0.59602649 0.47682119 0.43046358
  0.51655629 0.50993377 0.49006623 0.51655629 0.46357616 0.52317881
  0.50331126 0.48344371 0.52317881 0.45695364 0.49668874 0.49668874
  0.50993377 0.46357616 0.53642384 0.51655629 0.54966887 0.45033113
  0.48344371 0.52317881 0.46357616 0.48344371 0.57615894 0.47019868
  0.44370861 0.53642384 0.49668874 0.52980132 0.47682119 0.51655629
  0.48344371 0.49668874 0.50993377 0.50331126 0.47682119 0.49668874
  0.51655629 0.51655629 0.48344371 0.52317881 0.49006623 0.49006623
  0.50331126 0.52980132 0.50331126 0.45695364 0.52317881 0.48344371
  0.53642384 0.51655629 0.49668874 0.47682119 0.50993377 0.44370861
  0.54966887 0.52317881 0.47019868 0.57615894 0.49668874 0.46357616
  0.50993377 0.49668874 0.46357616 0.57615894 0.45695364 0.53642384
  0.50331126 0.45033113 0.45695364 0.55629139 0.46357616 0.60264901
  0.68211921 0.68211921 0.75496689 0.75496689]]
score: 0.5134685430463577
f1: 0.05126890540886951
mcc: 0.11375561190530982
Memory peak: 119256

2CHT.txt
Executed in: 21.60179901123047 seconds
ep: 0.1 percent_pool: 20 number of updts: 161
acc_percent: [[0.75       0.80794702 0.61589404 0.60927152 0.66887417 0.52317881
  0.52317881 0.52317881 0.58278146 0.45695364 0.46357616 0.49668874
  0.51655629 0.42384106 0.52317881 0.53642384 0.53642384 0.44370861
  0.54966887 0.46357616 0.49668874 0.59602649 0.47682119 0.43046358
  0.51655629 0.50993377 0.49006623 0.51655629 0.46357616 0.52317881
  0.50331126 0.48344371 0.52317881 0.45695364 0.49668874 0.49668874
  0.50993377 0.46357616 0.53642384 0.51655629 0.54966887 0.45033113
  0.48344371 0.52317881 0.46357616 0.48344371 0.57615894 0.47019868
  0.44370861 0.53642384 0.49668874 0.52980132 0.47682119 0.51655629
  0.48344371 0.49668874 0.50993377 0.50331126 0.47682119 0.49668874
  0.51655629 0.51655629 0.48344371 0.52317881 0.49006623 0.49006623
  0.50331126 0.52980132 0.50331126 0.45695364 0.52317881 0.48344371
  0.53642384 0.51655629 0.49668874 0.47682119 0.50993377 0.44370861
  0.54966887 0.52317881 0.47019868 0.57615894 0.49668874 0.46357616
  0.50993377 0.49668874 0.46357616 0.57615894 0.47019868 0.53642384
  0.50993377 0.45695364 0.48344371 0.64238411 0.56291391 0.68211921
  0.8013245  0.78145695 0.71523179 0.79470199]]
score: 0.5255132450331126
f1: 0.09682261696272206
mcc: 0.1573318368856324
Memory peak: 119256

2CHT.txt
Executed in: 27.264355182647705 seconds
ep: 0.1 percent_pool: 30 number of updts: 223
acc_percent: [[0.73026316 0.78807947 0.62913907 0.63576159 0.66887417 0.52980132
  0.57615894 0.52980132 0.58278146 0.45695364 0.46357616 0.49668874
  0.52317881 0.42384106 0.52317881 0.53642384 0.53642384 0.44370861
  0.54966887 0.46357616 0.49668874 0.59602649 0.47682119 0.43046358
  0.51655629 0.50993377 0.49006623 0.51655629 0.46357616 0.52317881
  0.50331126 0.48344371 0.52317881 0.45695364 0.49668874 0.49668874
  0.50993377 0.46357616 0.53642384 0.51655629 0.54966887 0.45033113
  0.48344371 0.52317881 0.46357616 0.48344371 0.57615894 0.47019868
  0.44370861 0.53642384 0.49668874 0.52980132 0.47682119 0.51655629
  0.48344371 0.49668874 0.50993377 0.50331126 0.47682119 0.49668874
  0.51655629 0.51655629 0.48344371 0.52317881 0.49006623 0.49006623
  0.50331126 0.52980132 0.50331126 0.45695364 0.52317881 0.48344371
  0.53642384 0.51655629 0.49668874 0.47682119 0.50993377 0.44370861
  0.54966887 0.52317881 0.47019868 0.57615894 0.49668874 0.46357616
  0.50993377 0.49668874 0.46357616 0.57615894 0.45695364 0.53642384
  0.51655629 0.45695364 0.56953642 0.56953642 0.71523179 0.82781457
  0.90728477 0.82119205 0.86754967 0.81456954]]
score: 0.5324681944928547
f1: 0.12299728863692383
mcc: 0.17616192209066728
Memory peak: 119256

2CHT.txt
Executed in: 17.818191528320312 seconds
ep: 0.15 percent_pool: 10 number of updts: 102
acc_percent: [[0.60526316 0.74834437 0.60927152 0.60264901 0.52317881 0.47019868
  0.51655629 0.52317881 0.58278146 0.45695364 0.46357616 0.49668874
  0.51655629 0.42384106 0.52317881 0.53642384 0.53642384 0.44370861
  0.54966887 0.46357616 0.49668874 0.59602649 0.47682119 0.43046358
  0.51655629 0.50993377 0.49006623 0.51655629 0.46357616 0.52317881
  0.50331126 0.48344371 0.52317881 0.45695364 0.49668874 0.49668874
  0.50993377 0.46357616 0.53642384 0.51655629 0.54966887 0.45033113
  0.48344371 0.52317881 0.46357616 0.48344371 0.57615894 0.47019868
  0.44370861 0.53642384 0.49668874 0.52980132 0.47682119 0.51655629
  0.48344371 0.49668874 0.50993377 0.50331126 0.47682119 0.49668874
  0.51655629 0.51655629 0.48344371 0.52317881 0.49006623 0.49006623
  0.50331126 0.52980132 0.50331126 0.45695364 0.52317881 0.48344371
  0.53642384 0.51655629 0.49668874 0.47682119 0.50993377 0.44370861
  0.54966887 0.52317881 0.47019868 0.57615894 0.49668874 0.46357616
  0.50993377 0.49668874 0.46357616 0.57615894 0.45695364 0.53642384
  0.50331126 0.45033113 0.45695364 0.55629139 0.46357616 0.54304636
  0.56291391 0.62251656 0.66887417 0.66225166]]
score: 0.511747995817358
f1: 0.044507332132750196
mcc: 0.10637317704918633
Memory peak: 119256

2CHT.txt
Executed in: 21.78459668159485 seconds
ep: 0.15 percent_pool: 20 number of updts: 169
acc_percent: [[0.65789474 0.82119205 0.74172185 0.64900662 0.68211921 0.54304636
  0.52317881 0.52317881 0.58278146 0.45695364 0.46357616 0.49668874
  0.51655629 0.42384106 0.52317881 0.53642384 0.53642384 0.44370861
  0.54966887 0.46357616 0.49668874 0.59602649 0.47682119 0.43046358
  0.51655629 0.50993377 0.49006623 0.51655629 0.46357616 0.52317881
  0.50331126 0.48344371 0.52317881 0.45695364 0.49668874 0.49668874
  0.50993377 0.46357616 0.53642384 0.51655629 0.54966887 0.45033113
  0.48344371 0.52317881 0.46357616 0.48344371 0.57615894 0.47019868
  0.44370861 0.53642384 0.49668874 0.52980132 0.47682119 0.51655629
  0.48344371 0.49668874 0.50993377 0.50331126 0.47682119 0.49668874
  0.51655629 0.51655629 0.48344371 0.52317881 0.49006623 0.49006623
  0.50331126 0.52980132 0.50331126 0.45695364 0.52317881 0.48344371
  0.53642384 0.51655629 0.49668874 0.47682119 0.50993377 0.44370861
  0.54966887 0.52317881 0.47019868 0.57615894 0.49668874 0.46357616
  0.50993377 0.49668874 0.46357616 0.57615894 0.45695364 0.53642384
  0.52317881 0.45695364 0.49668874 0.57615894 0.62251656 0.68211921
  0.70860927 0.8013245  0.74172185 0.75496689]]
score: 0.525916695712792
f1: 0.09848768903887016
mcc: 0.15886293928711634
Memory peak: 119256

2CHT.txt
Executed in: 27.396880626678467 seconds
ep: 0.15 percent_pool: 30 number of updts: 221
acc_percent: [[0.68421053 0.78807947 0.75496689 0.66225166 0.70860927 0.51655629
  0.56291391 0.52317881 0.58278146 0.45695364 0.46357616 0.49668874
  0.52317881 0.42384106 0.52317881 0.53642384 0.53642384 0.44370861
  0.54966887 0.46357616 0.49668874 0.59602649 0.47682119 0.43046358
  0.51655629 0.50993377 0.49006623 0.51655629 0.46357616 0.52317881
  0.50331126 0.48344371 0.52317881 0.45695364 0.49668874 0.49668874
  0.50993377 0.46357616 0.53642384 0.51655629 0.54966887 0.45033113
  0.48344371 0.52317881 0.46357616 0.48344371 0.57615894 0.47019868
  0.44370861 0.53642384 0.49668874 0.52980132 0.47682119 0.51655629
  0.48344371 0.49668874 0.50993377 0.50331126 0.47682119 0.49668874
  0.51655629 0.51655629 0.48344371 0.52317881 0.49006623 0.49006623
  0.50331126 0.52980132 0.50331126 0.45695364 0.52317881 0.48344371
  0.53642384 0.51655629 0.49668874 0.47682119 0.50993377 0.44370861
  0.54966887 0.52317881 0.47019868 0.57615894 0.49668874 0.47019868
  0.51655629 0.49668874 0.46357616 0.58278146 0.47682119 0.57615894
  0.54966887 0.45695364 0.58278146 0.74834437 0.70860927 0.81456954
  0.8410596  0.90728477 0.86754967 0.91390728]]
score: 0.5376368072499129
f1: 0.14589149168588422
mcc: 0.18457053234834206
Memory peak: 119256

