keystroke.txt
Executed in: 8.043908834457397 seconds
ep: 0.05 percent_pool: 10 number of updts: 1139
acc_percent: [[0.4        0.28571429 0.21428571 0.28571429 0.26666667 0.21428571
  0.21428571 0.28571429 0.28571429 0.26666667 0.21428571 0.21428571
  0.28571429 0.21428571 0.2        0.28571429 0.21428571 0.21428571
  0.28571429 0.26666667 0.28571429 0.21428571 0.21428571 0.21428571
  0.26666667 0.28571429 0.21428571 0.35714286 0.21428571 0.2
  0.28571429 0.28571429 0.28571429 0.21428571 0.2        0.14285714
  0.28571429 0.21428571 0.21428571 0.26666667 0.28571429 0.21428571
  0.21428571 0.21428571 0.26666667 0.21428571 0.21428571 0.21428571
  0.28571429 0.26666667 0.28571429 0.28571429 0.21428571 0.21428571
  0.26666667 0.28571429 0.21428571 0.21428571 0.28571429 0.2
  0.28571429 0.21428571 0.21428571 0.28571429 0.26666667 0.28571429
  0.28571429 0.21428571 0.28571429 0.26666667 0.28571429 0.28571429
  0.21428571 0.21428571 0.2        0.21428571 0.21428571 0.28571429
  0.21428571 0.2        0.21428571 0.21428571 0.28571429 0.21428571
  0.26666667 0.28571429 0.28571429 0.28571429 0.21428571 0.2
  0.28571429 0.21428571 0.21428571 0.28571429 0.26666667 0.28571429
  0.21428571 0.28571429 0.28571429 0.26666667]]
score: 0.24838095238095234
f1: 0.10277938092015271
mcc: 0.024201124228835465
Memory peak: 79064

keystroke.txt
Executed in: 8.608697652816772 seconds
ep: 0.05 percent_pool: 20 number of updts: 957
acc_percent: [[0.53333333 0.5        0.35714286 0.57142857 0.53333333 0.42857143
  0.21428571 0.42857143 0.35714286 0.26666667 0.28571429 0.21428571
  0.21428571 0.21428571 0.26666667 0.35714286 0.28571429 0.28571429
  0.21428571 0.2        0.21428571 0.21428571 0.28571429 0.28571429
  0.2        0.28571429 0.28571429 0.21428571 0.28571429 0.26666667
  0.28571429 0.28571429 0.21428571 0.28571429 0.33333333 0.28571429
  0.21428571 0.14285714 0.28571429 0.33333333 0.21428571 0.28571429
  0.21428571 0.28571429 0.26666667 0.21428571 0.21428571 0.28571429
  0.28571429 0.2        0.21428571 0.28571429 0.28571429 0.21428571
  0.26666667 0.28571429 0.28571429 0.28571429 0.14285714 0.26666667
  0.21428571 0.28571429 0.21428571 0.28571429 0.26666667 0.35714286
  0.21428571 0.35714286 0.21428571 0.2        0.21428571 0.21428571
  0.21428571 0.28571429 0.26666667 0.28571429 0.21428571 0.21428571
  0.28571429 0.26666667 0.21428571 0.21428571 0.28571429 0.21428571
  0.2        0.21428571 0.28571429 0.35714286 0.28571429 0.33333333
  0.28571429 0.21428571 0.28571429 0.28571429 0.2        0.21428571
  0.28571429 0.28571429 0.21428571 0.2       ]]
score: 0.2708095238095238
f1: 0.1593871765685064
mcc: 0.06223520004674521
Memory peak: 80220

keystroke.txt
Executed in: 9.627618312835693 seconds
ep: 0.05 percent_pool: 30 number of updts: 956
acc_percent: [[0.4        0.42857143 0.35714286 0.14285714 0.4        0.28571429
  0.28571429 0.28571429 0.35714286 0.33333333 0.42857143 0.28571429
  0.28571429 0.28571429 0.26666667 0.28571429 0.28571429 0.21428571
  0.28571429 0.2        0.28571429 0.35714286 0.21428571 0.28571429
  0.26666667 0.21428571 0.14285714 0.21428571 0.28571429 0.26666667
  0.21428571 0.21428571 0.21428571 0.28571429 0.26666667 0.28571429
  0.21428571 0.28571429 0.28571429 0.26666667 0.28571429 0.21428571
  0.28571429 0.35714286 0.2        0.28571429 0.28571429 0.21428571
  0.21428571 0.4        0.21428571 0.28571429 0.28571429 0.28571429
  0.26666667 0.28571429 0.28571429 0.21428571 0.28571429 0.26666667
  0.21428571 0.21428571 0.35714286 0.14285714 0.2        0.21428571
  0.28571429 0.21428571 0.21428571 0.2        0.28571429 0.21428571
  0.28571429 0.28571429 0.26666667 0.21428571 0.28571429 0.28571429
  0.14285714 0.26666667 0.28571429 0.28571429 0.21428571 0.28571429
  0.26666667 0.28571429 0.21428571 0.28571429 0.28571429 0.26666667
  0.21428571 0.28571429 0.28571429 0.21428571 0.26666667 0.28571429
  0.21428571 0.21428571 0.21428571 0.26666667]]
score: 0.2651428571428572
f1: 0.13175052828709438
mcc: 0.03818481628096032
Memory peak: 80480

keystroke.txt
Executed in: 7.658929347991943 seconds
ep: 0.1 percent_pool: 10 number of updts: 951
acc_percent: [[0.33333333 0.21428571 0.35714286 0.21428571 0.26666667 0.28571429
  0.28571429 0.21428571 0.28571429 0.26666667 0.21428571 0.35714286
  0.21428571 0.21428571 0.2        0.28571429 0.21428571 0.21428571
  0.28571429 0.26666667 0.28571429 0.21428571 0.21428571 0.21428571
  0.26666667 0.28571429 0.21428571 0.35714286 0.21428571 0.2
  0.28571429 0.28571429 0.28571429 0.21428571 0.2        0.14285714
  0.28571429 0.21428571 0.21428571 0.26666667 0.28571429 0.21428571
  0.21428571 0.21428571 0.26666667 0.21428571 0.21428571 0.21428571
  0.28571429 0.26666667 0.28571429 0.28571429 0.21428571 0.21428571
  0.26666667 0.28571429 0.21428571 0.21428571 0.28571429 0.2
  0.28571429 0.21428571 0.21428571 0.21428571 0.2        0.21428571
  0.28571429 0.21428571 0.21428571 0.2        0.28571429 0.28571429
  0.21428571 0.21428571 0.2        0.21428571 0.21428571 0.28571429
  0.21428571 0.2        0.21428571 0.21428571 0.28571429 0.21428571
  0.26666667 0.28571429 0.28571429 0.28571429 0.21428571 0.2
  0.28571429 0.21428571 0.21428571 0.28571429 0.26666667 0.28571429
  0.21428571 0.28571429 0.28571429 0.26666667]]
score: 0.24566666666666662
f1: 0.14814522592172955
mcc: 0.0043737471407497355
Memory peak: 80736

keystroke.txt
Executed in: 10.378483295440674 seconds
ep: 0.1 percent_pool: 20 number of updts: 1246
acc_percent: [[0.6        0.42857143 0.42857143 0.57142857 0.66666667 0.57142857
  0.57142857 0.35714286 0.5        0.26666667 0.21428571 0.35714286
  0.28571429 0.21428571 0.2        0.21428571 0.21428571 0.21428571
  0.28571429 0.26666667 0.28571429 0.14285714 0.21428571 0.21428571
  0.26666667 0.28571429 0.21428571 0.35714286 0.21428571 0.2
  0.28571429 0.28571429 0.28571429 0.21428571 0.2        0.14285714
  0.28571429 0.21428571 0.21428571 0.33333333 0.28571429 0.21428571
  0.21428571 0.14285714 0.26666667 0.21428571 0.21428571 0.21428571
  0.28571429 0.2        0.28571429 0.28571429 0.21428571 0.21428571
  0.26666667 0.28571429 0.21428571 0.21428571 0.28571429 0.2
  0.28571429 0.21428571 0.21428571 0.28571429 0.26666667 0.35714286
  0.21428571 0.35714286 0.28571429 0.26666667 0.28571429 0.21428571
  0.28571429 0.28571429 0.26666667 0.21428571 0.28571429 0.28571429
  0.21428571 0.26666667 0.28571429 0.28571429 0.21428571 0.28571429
  0.26666667 0.28571429 0.28571429 0.35714286 0.28571429 0.26666667
  0.14285714 0.28571429 0.28571429 0.21428571 0.26666667 0.28571429
  0.28571429 0.21428571 0.21428571 0.26666667]]
score: 0.2763809523809524
f1: 0.2301028033663255
mcc: 0.04061722950180096
Memory peak: 80864

keystroke.txt
Executed in: 8.805763006210327 seconds
ep: 0.1 percent_pool: 30 number of updts: 846
acc_percent: [[0.6        0.5        0.42857143 0.57142857 0.53333333 0.42857143
  0.35714286 0.57142857 0.42857143 0.33333333 0.28571429 0.5
  0.42857143 0.35714286 0.33333333 0.42857143 0.28571429 0.42857143
  0.21428571 0.2        0.28571429 0.35714286 0.35714286 0.57142857
  0.4        0.57142857 0.28571429 0.35714286 0.28571429 0.4
  0.5        0.57142857 0.5        0.42857143 0.46666667 0.42857143
  0.5        0.35714286 0.35714286 0.53333333 0.5        0.35714286
  0.28571429 0.28571429 0.33333333 0.21428571 0.21428571 0.35714286
  0.57142857 0.2        0.21428571 0.28571429 0.28571429 0.21428571
  0.26666667 0.28571429 0.28571429 0.28571429 0.14285714 0.26666667
  0.21428571 0.28571429 0.28571429 0.28571429 0.26666667 0.35714286
  0.21428571 0.35714286 0.35714286 0.2        0.21428571 0.21428571
  0.21428571 0.28571429 0.26666667 0.28571429 0.21428571 0.28571429
  0.28571429 0.26666667 0.21428571 0.21428571 0.28571429 0.21428571
  0.2        0.21428571 0.28571429 0.35714286 0.28571429 0.33333333
  0.28571429 0.21428571 0.28571429 0.35714286 0.2        0.21428571
  0.35714286 0.28571429 0.21428571 0.2       ]]
score: 0.3315714285714285
f1: 0.2391137865402571
mcc: 0.18009707896789381
Memory peak: 80864

keystroke.txt
Executed in: 8.248411417007446 seconds
ep: 0.15 percent_pool: 10 number of updts: 1187
acc_percent: [[0.4        0.28571429 0.21428571 0.28571429 0.26666667 0.21428571
  0.21428571 0.28571429 0.28571429 0.26666667 0.21428571 0.21428571
  0.28571429 0.21428571 0.2        0.28571429 0.21428571 0.21428571
  0.28571429 0.26666667 0.28571429 0.21428571 0.21428571 0.21428571
  0.26666667 0.28571429 0.21428571 0.35714286 0.21428571 0.2
  0.28571429 0.28571429 0.28571429 0.21428571 0.2        0.14285714
  0.28571429 0.21428571 0.21428571 0.26666667 0.28571429 0.21428571
  0.21428571 0.21428571 0.26666667 0.21428571 0.21428571 0.21428571
  0.28571429 0.26666667 0.28571429 0.28571429 0.21428571 0.21428571
  0.26666667 0.28571429 0.21428571 0.21428571 0.28571429 0.2
  0.28571429 0.21428571 0.21428571 0.28571429 0.26666667 0.28571429
  0.28571429 0.21428571 0.28571429 0.26666667 0.28571429 0.28571429
  0.21428571 0.21428571 0.2        0.21428571 0.21428571 0.28571429
  0.21428571 0.2        0.21428571 0.21428571 0.28571429 0.21428571
  0.26666667 0.28571429 0.28571429 0.28571429 0.21428571 0.2
  0.28571429 0.21428571 0.21428571 0.28571429 0.26666667 0.28571429
  0.21428571 0.28571429 0.28571429 0.26666667]]
score: 0.24838095238095234
f1: 0.10277938092015271
mcc: 0.024201124228835465
Memory peak: 80964

keystroke.txt
Executed in: 8.130622625350952 seconds
ep: 0.15 percent_pool: 20 number of updts: 859
acc_percent: [[0.6        0.5        0.42857143 0.57142857 0.6        0.57142857
  0.35714286 0.42857143 0.42857143 0.2        0.35714286 0.28571429
  0.21428571 0.28571429 0.33333333 0.28571429 0.28571429 0.21428571
  0.28571429 0.2        0.35714286 0.35714286 0.28571429 0.28571429
  0.26666667 0.21428571 0.21428571 0.21428571 0.28571429 0.26666667
  0.21428571 0.21428571 0.21428571 0.28571429 0.46666667 0.42857143
  0.42857143 0.42857143 0.28571429 0.33333333 0.28571429 0.28571429
  0.28571429 0.28571429 0.26666667 0.28571429 0.35714286 0.21428571
  0.21428571 0.26666667 0.21428571 0.21428571 0.28571429 0.28571429
  0.26666667 0.28571429 0.28571429 0.21428571 0.35714286 0.26666667
  0.21428571 0.21428571 0.35714286 0.21428571 0.2        0.21428571
  0.28571429 0.21428571 0.21428571 0.2        0.28571429 0.21428571
  0.28571429 0.28571429 0.26666667 0.21428571 0.28571429 0.28571429
  0.14285714 0.26666667 0.28571429 0.28571429 0.21428571 0.28571429
  0.26666667 0.28571429 0.28571429 0.42857143 0.28571429 0.33333333
  0.21428571 0.28571429 0.28571429 0.21428571 0.26666667 0.28571429
  0.28571429 0.21428571 0.21428571 0.26666667]]
score: 0.29257142857142854
f1: 0.19565064157085005
mcc: 0.09380343553705721
Memory peak: 80964

keystroke.txt
Executed in: 7.308731317520142 seconds
ep: 0.15 percent_pool: 30 number of updts: 654
acc_percent: [[0.4        0.28571429 0.5        0.5        0.53333333 0.5
  0.28571429 0.28571429 0.42857143 0.2        0.14285714 0.35714286
  0.28571429 0.21428571 0.26666667 0.28571429 0.28571429 0.35714286
  0.21428571 0.26666667 0.21428571 0.28571429 0.28571429 0.28571429
  0.2        0.28571429 0.28571429 0.14285714 0.35714286 0.26666667
  0.35714286 0.42857143 0.21428571 0.21428571 0.26666667 0.35714286
  0.21428571 0.14285714 0.28571429 0.2        0.21428571 0.28571429
  0.21428571 0.35714286 0.26666667 0.21428571 0.28571429 0.21428571
  0.28571429 0.33333333 0.21428571 0.28571429 0.28571429 0.21428571
  0.26666667 0.28571429 0.28571429 0.28571429 0.14285714 0.26666667
  0.21428571 0.28571429 0.28571429 0.28571429 0.26666667 0.28571429
  0.21428571 0.35714286 0.28571429 0.2        0.21428571 0.21428571
  0.21428571 0.28571429 0.26666667 0.28571429 0.21428571 0.28571429
  0.28571429 0.26666667 0.21428571 0.21428571 0.28571429 0.21428571
  0.2        0.21428571 0.21428571 0.21428571 0.28571429 0.26666667
  0.21428571 0.21428571 0.28571429 0.35714286 0.2        0.21428571
  0.28571429 0.28571429 0.21428571 0.2       ]]
score: 0.27099999999999996
f1: 0.15324300403333077
mcc: 0.06061539882988396
Memory peak: 80964

