keystroke.txt
Executed in: 3.017958402633667 seconds
ep: 0.05 percent_pool: 10 number of updts: 233
acc_percent: [[0.53333333 0.21428571 0.21428571 0.28571429 0.         0.
  0.21428571 0.28571429 0.14285714 0.26666667 0.21428571 0.21428571
  0.28571429 0.21428571 0.2        0.28571429 0.21428571 0.21428571
  0.28571429 0.26666667 0.28571429 0.21428571 0.21428571 0.21428571
  0.26666667 0.28571429 0.21428571 0.35714286 0.21428571 0.2
  0.28571429 0.28571429 0.28571429 0.21428571 0.2        0.14285714
  0.28571429 0.21428571 0.21428571 0.26666667 0.28571429 0.21428571
  0.21428571 0.21428571 0.26666667 0.21428571 0.21428571 0.21428571
  0.28571429 0.26666667 0.28571429 0.28571429 0.21428571 0.21428571
  0.26666667 0.28571429 0.21428571 0.21428571 0.28571429 0.2
  0.28571429 0.21428571 0.21428571 0.28571429 0.26666667 0.28571429
  0.28571429 0.21428571 0.28571429 0.26666667 0.28571429 0.28571429
  0.21428571 0.21428571 0.2        0.21428571 0.21428571 0.28571429
  0.21428571 0.2        0.21428571 0.21428571 0.28571429 0.21428571
  0.26666667 0.28571429 0.28571429 0.28571429 0.21428571 0.2
  0.28571429 0.21428571 0.21428571 0.28571429 0.26666667 0.28571429
  0.21428571 0.28571429 0.28571429 0.26666667]]
score: 0.2427619047619047
f1: 0.11975141433988688
mcc: -0.007036352819578661
Memory peak: 81452

keystroke.txt
Executed in: 6.8424224853515625 seconds
ep: 0.05 percent_pool: 20 number of updts: 671
acc_percent: [[0.66666667 0.5        0.21428571 0.28571429 0.4        0.28571429
  0.28571429 0.5        0.57142857 0.53333333 0.35714286 0.21428571
  0.35714286 0.14285714 0.26666667 0.35714286 0.21428571 0.
  0.         0.         0.42857143 0.42857143 0.14285714 0.21428571
  0.26666667 0.21428571 0.21428571 0.57142857 0.5        0.53333333
  0.42857143 0.42857143 0.35714286 0.14285714 0.4        0.42857143
  0.5        0.35714286 0.5        0.46666667 0.35714286 0.5
  0.42857143 0.35714286 0.53333333 0.21428571 0.21428571 0.21428571
  0.42857143 0.33333333 0.5        0.42857143 0.5        0.42857143
  0.53333333 0.57142857 0.5        0.5        0.35714286 0.46666667
  0.5        0.5        0.42857143 0.42857143 0.2        0.28571429
  0.         0.21428571 0.21428571 0.2        0.28571429 0.21428571
  0.14285714 0.21428571 0.26666667 0.57142857 0.5        0.42857143
  0.28571429 0.53333333 0.42857143 0.35714286 0.28571429 0.28571429
  0.46666667 0.57142857 0.28571429 0.28571429 0.28571429 0.26666667
  0.21428571 0.21428571 0.35714286 0.21428571 0.13333333 0.21428571
  0.28571429 0.28571429 0.21428571 0.26666667]]
score: 0.34376190476190466
f1: 0.31995854690474557
mcc: 0.13007459559889478
Memory peak: 81772

keystroke.txt
Executed in: 6.831087112426758 seconds
ep: 0.05 percent_pool: 30 number of updts: 533
acc_percent: [[0.73333333 0.57142857 0.71428571 0.71428571 0.73333333 0.71428571
  0.64285714 0.5        0.42857143 0.4        0.42857143 0.42857143
  0.5        0.5        0.46666667 0.57142857 0.5        0.28571429
  0.57142857 0.46666667 0.5        0.21428571 0.35714286 0.42857143
  0.46666667 0.5        0.42857143 0.57142857 0.57142857 0.46666667
  0.5        0.42857143 0.28571429 0.21428571 0.26666667 0.35714286
  0.5        0.5        0.5        0.53333333 0.57142857 0.42857143
  0.35714286 0.42857143 0.6        0.28571429 0.35714286 0.14285714
  0.21428571 0.46666667 0.35714286 0.28571429 0.28571429 0.28571429
  0.26666667 0.28571429 0.28571429 0.14285714 0.28571429 0.26666667
  0.21428571 0.28571429 0.35714286 0.14285714 0.4        0.42857143
  0.42857143 0.42857143 0.28571429 0.26666667 0.28571429 0.42857143
  0.35714286 0.42857143 0.53333333 0.57142857 0.57142857 0.35714286
  0.5        0.46666667 0.35714286 0.5        0.5        0.5
  0.33333333 0.35714286 0.5        0.5        0.57142857 0.33333333
  0.5        0.42857143 0.5        0.28571429 0.46666667 0.5
  0.35714286 0.5        0.78571429 0.73333333]]
score: 0.4330952380952381
f1: 0.43395973531158033
mcc: 0.2521979859242951
Memory peak: 82036

keystroke.txt
Executed in: 2.535473108291626 seconds
ep: 0.1 percent_pool: 10 number of updts: 149
acc_percent: [[0.6        0.28571429 0.21428571 0.28571429 0.26666667 0.21428571
  0.21428571 0.28571429 0.14285714 0.26666667 0.21428571 0.28571429
  0.21428571 0.28571429 0.26666667 0.35714286 0.28571429 0.21428571
  0.28571429 0.26666667 0.28571429 0.28571429 0.21428571 0.28571429
  0.26666667 0.21428571 0.21428571 0.21428571 0.28571429 0.26666667
  0.21428571 0.21428571 0.21428571 0.28571429 0.26666667 0.28571429
  0.21428571 0.28571429 0.28571429 0.33333333 0.28571429 0.21428571
  0.28571429 0.28571429 0.2        0.28571429 0.28571429 0.21428571
  0.21428571 0.26666667 0.21428571 0.21428571 0.28571429 0.28571429
  0.26666667 0.28571429 0.28571429 0.21428571 0.28571429 0.26666667
  0.21428571 0.21428571 0.28571429 0.21428571 0.2        0.21428571
  0.28571429 0.21428571 0.28571429 0.2        0.28571429 0.21428571
  0.28571429 0.28571429 0.26666667 0.21428571 0.28571429 0.28571429
  0.21428571 0.26666667 0.28571429 0.28571429 0.21428571 0.28571429
  0.26666667 0.28571429 0.21428571 0.28571429 0.28571429 0.26666667
  0.14285714 0.28571429 0.28571429 0.21428571 0.26666667 0.28571429
  0.28571429 0.21428571 0.21428571 0.26666667]]
score: 0.25799999999999995
f1: 0.1468295353050728
mcc: 0.008364567086184998
Memory peak: 82036

keystroke.txt
Executed in: 5.27097225189209 seconds
ep: 0.1 percent_pool: 20 number of updts: 463
acc_percent: [[0.46666667 0.35714286 0.42857143 0.57142857 0.53333333 0.42857143
  0.42857143 0.28571429 0.35714286 0.26666667 0.42857143 0.07142857
  0.21428571 0.07142857 0.         0.07142857 0.         0.21428571
  0.21428571 0.13333333 0.         0.07142857 0.14285714 0.
  0.         0.28571429 0.28571429 0.21428571 0.28571429 0.2
  0.28571429 0.28571429 0.21428571 0.21428571 0.26666667 0.21428571
  0.14285714 0.         0.         0.13333333 0.         0.14285714
  0.14285714 0.         0.13333333 0.21428571 0.21428571 0.21428571
  0.28571429 0.2        0.28571429 0.21428571 0.21428571 0.21428571
  0.26666667 0.28571429 0.21428571 0.21428571 0.28571429 0.2
  0.28571429 0.21428571 0.28571429 0.28571429 0.26666667 0.35714286
  0.28571429 0.21428571 0.35714286 0.26666667 0.28571429 0.28571429
  0.21428571 0.14285714 0.13333333 0.21428571 0.21428571 0.28571429
  0.21428571 0.2        0.21428571 0.21428571 0.28571429 0.21428571
  0.26666667 0.28571429 0.35714286 0.42857143 0.21428571 0.26666667
  0.35714286 0.21428571 0.21428571 0.28571429 0.26666667 0.28571429
  0.21428571 0.28571429 0.28571429 0.26666667]]
score: 0.23161904761904759
f1: 0.15958853364501974
mcc: -0.03058315060872925
Memory peak: 82036

keystroke.txt
Executed in: 5.876852512359619 seconds
ep: 0.1 percent_pool: 30 number of updts: 441
acc_percent: [[0.66666667 0.71428571 0.64285714 0.64285714 0.46666667 0.42857143
  0.42857143 0.5        0.5        0.33333333 0.14285714 0.35714286
  0.35714286 0.21428571 0.4        0.07142857 0.35714286 0.42857143
  0.21428571 0.26666667 0.28571429 0.35714286 0.21428571 0.35714286
  0.26666667 0.42857143 0.21428571 0.35714286 0.28571429 0.13333333
  0.28571429 0.35714286 0.28571429 0.21428571 0.26666667 0.14285714
  0.28571429 0.21428571 0.21428571 0.26666667 0.28571429 0.21428571
  0.5        0.21428571 0.4        0.42857143 0.21428571 0.14285714
  0.28571429 0.26666667 0.35714286 0.28571429 0.21428571 0.21428571
  0.26666667 0.28571429 0.21428571 0.21428571 0.57142857 0.26666667
  0.35714286 0.21428571 0.21428571 0.28571429 0.33333333 0.35714286
  0.28571429 0.21428571 0.35714286 0.4        0.35714286 0.28571429
  0.21428571 0.35714286 0.2        0.14285714 0.21428571 0.28571429
  0.21428571 0.2        0.28571429 0.21428571 0.28571429 0.21428571
  0.4        0.28571429 0.28571429 0.28571429 0.21428571 0.26666667
  0.28571429 0.21428571 0.21428571 0.28571429 0.26666667 0.28571429
  0.28571429 0.28571429 0.28571429 0.26666667]]
score: 0.3031428571428571
f1: 0.2836057929408313
mcc: 0.07967592098888612
Memory peak: 82036

keystroke.txt
Executed in: 2.8883039951324463 seconds
ep: 0.15 percent_pool: 10 number of updts: 201
acc_percent: [[0.6        0.35714286 0.5        0.28571429 0.26666667 0.28571429
  0.14285714 0.21428571 0.14285714 0.26666667 0.21428571 0.21428571
  0.21428571 0.28571429 0.26666667 0.28571429 0.21428571 0.21428571
  0.28571429 0.26666667 0.28571429 0.21428571 0.21428571 0.21428571
  0.26666667 0.28571429 0.21428571 0.35714286 0.21428571 0.2
  0.28571429 0.28571429 0.28571429 0.21428571 0.2        0.14285714
  0.28571429 0.21428571 0.21428571 0.26666667 0.28571429 0.21428571
  0.21428571 0.21428571 0.26666667 0.21428571 0.21428571 0.28571429
  0.28571429 0.26666667 0.28571429 0.28571429 0.21428571 0.21428571
  0.26666667 0.28571429 0.21428571 0.21428571 0.28571429 0.26666667
  0.28571429 0.21428571 0.14285714 0.28571429 0.26666667 0.28571429
  0.28571429 0.21428571 0.28571429 0.26666667 0.28571429 0.28571429
  0.21428571 0.21428571 0.2        0.21428571 0.21428571 0.28571429
  0.28571429 0.2        0.21428571 0.21428571 0.28571429 0.21428571
  0.26666667 0.28571429 0.28571429 0.28571429 0.21428571 0.2
  0.28571429 0.21428571 0.21428571 0.28571429 0.26666667 0.28571429
  0.28571429 0.28571429 0.28571429 0.26666667]]
score: 0.2545714285714285
f1: 0.15011511855237675
mcc: 0.014195839646044898
Memory peak: 82360

keystroke.txt
Executed in: 3.8341429233551025 seconds
ep: 0.15 percent_pool: 20 number of updts: 278
acc_percent: [[0.53333333 0.14285714 0.21428571 0.28571429 0.2        0.21428571
  0.28571429 0.28571429 0.42857143 0.53333333 0.42857143 0.5
  0.5        0.42857143 0.46666667 0.64285714 0.42857143 0.42857143
  0.28571429 0.26666667 0.21428571 0.21428571 0.35714286 0.35714286
  0.26666667 0.28571429 0.57142857 0.5        0.5        0.26666667
  0.35714286 0.28571429 0.21428571 0.21428571 0.4        0.42857143
  0.5        0.35714286 0.5        0.53333333 0.5        0.35714286
  0.21428571 0.07142857 0.13333333 0.21428571 0.28571429 0.21428571
  0.28571429 0.2        0.28571429 0.28571429 0.21428571 0.21428571
  0.26666667 0.28571429 0.21428571 0.21428571 0.28571429 0.2
  0.28571429 0.21428571 0.28571429 0.35714286 0.26666667 0.35714286
  0.28571429 0.21428571 0.35714286 0.26666667 0.28571429 0.28571429
  0.21428571 0.21428571 0.2        0.21428571 0.21428571 0.28571429
  0.28571429 0.26666667 0.21428571 0.21428571 0.28571429 0.21428571
  0.26666667 0.28571429 0.35714286 0.42857143 0.21428571 0.26666667
  0.28571429 0.21428571 0.21428571 0.28571429 0.26666667 0.28571429
  0.28571429 0.28571429 0.28571429 0.2       ]]
score: 0.30480952380952375
f1: 0.2214776992230356
mcc: 0.09489204046042872
Memory peak: 82360

keystroke.txt
Executed in: 6.05917763710022 seconds
ep: 0.15 percent_pool: 30 number of updts: 462
acc_percent: [[0.73333333 0.92857143 0.92857143 0.71428571 0.93333333 0.92857143
  0.92857143 0.92857143 0.71428571 0.46666667 0.28571429 0.57142857
  0.57142857 0.5        0.46666667 0.5        0.5        0.42857143
  0.5        0.46666667 0.57142857 0.5        0.57142857 0.78571429
  0.73333333 0.78571429 0.5        0.71428571 0.78571429 0.6
  0.64285714 0.42857143 0.28571429 0.35714286 0.46666667 0.35714286
  0.5        0.5        0.5        0.46666667 0.57142857 0.35714286
  0.35714286 0.42857143 0.46666667 0.5        0.5        0.28571429
  0.5        0.46666667 0.5        0.42857143 0.5        0.42857143
  0.53333333 0.57142857 0.35714286 0.35714286 0.64285714 0.46666667
  0.28571429 0.42857143 0.42857143 0.42857143 0.46666667 0.5
  0.42857143 0.42857143 0.64285714 0.46666667 0.57142857 0.42857143
  0.35714286 0.5        0.46666667 0.35714286 0.42857143 0.64285714
  0.35714286 0.33333333 0.42857143 0.5        0.5        0.5
  0.6        0.64285714 0.57142857 0.64285714 0.42857143 0.53333333
  0.42857143 0.5        0.35714286 0.5        0.46666667 0.57142857
  0.42857143 0.42857143 0.57142857 0.46666667]]
score: 0.5228095238095238
f1: 0.4742504185742862
mcc: 0.38305289506409135
Memory peak: 82360

