NOAA.txt
Executed in: 60.288185358047485 seconds
ep: 0.05 percent_pool: 10 number of updts: 1474
acc_percent: [[0.46511628 0.48255814 0.47953216 0.34883721 0.55555556 0.24418605
  0.49122807 0.25581395 0.4502924  0.29651163 0.40350877 0.25581395
  0.52631579 0.30813953 0.36842105 0.28488372 0.40350877 0.45930233
  0.33333333 0.44767442 0.30409357 0.53488372 0.22807018 0.59883721
  0.27906977 0.57309942 0.23837209 0.53216374 0.20930233 0.44444444
  0.25       0.52046784 0.3255814  0.41520468 0.52906977 0.35672515
  0.48255814 0.3625731  0.58139535 0.23391813 0.6627907  0.2748538
  0.68604651 0.26900585 0.55232558 0.35672515 0.60465116 0.33333333
  0.56976744 0.36627907 0.46783626 0.52325581 0.4619883  0.44186047
  0.40350877 0.51744186 0.25730994 0.60465116 0.25146199 0.55813953
  0.22807018 0.64534884 0.24561404 0.65116279 0.32163743 0.58139535
  0.33333333 0.5755814  0.29239766 0.58139535 0.32163743 0.48837209
  0.31578947 0.50581395 0.28488372 0.52631579 0.50581395 0.46783626
  0.61627907 0.28070175 0.48837209 0.32748538 0.47674419 0.36842105
  0.33139535 0.31578947 0.44186047 0.20467836 0.59883721 0.32748538
  0.59302326 0.2748538  0.54651163 0.31578947 0.48255814 0.39766082
  0.47093023 0.35087719 0.44186047 0.34883721]]
score: 0.4189694682442541
f1: 0.4046226821471042
mcc: -0.15091865337782448
Memory peak: 86572

NOAA.txt
Executed in: 106.88106894493103 seconds
ep: 0.05 percent_pool: 20 number of updts: 1909
acc_percent: [[0.45930233 0.49418605 0.55555556 0.43604651 0.57309942 0.37209302
  0.49122807 0.43023256 0.52631579 0.72674419 0.56140351 0.63372093
  0.52631579 0.73255814 0.66666667 0.63372093 0.68421053 0.5872093
  0.71345029 0.58139535 0.77192982 0.51744186 0.76023392 0.40697674
  0.78488372 0.46783626 0.8255814  0.54385965 0.70930233 0.5497076
  0.76744186 0.62573099 0.69767442 0.65497076 0.54069767 0.70760234
  0.54651163 0.64327485 0.43604651 0.74269006 0.35465116 0.71929825
  0.37209302 0.74269006 0.44767442 0.66081871 0.40697674 0.61988304
  0.43023256 0.68023256 0.52631579 0.48837209 0.57309942 0.33139535
  0.52046784 0.40697674 0.69005848 0.26162791 0.69005848 0.30813953
  0.5380117  0.29651163 0.43274854 0.4244186  0.5497076  0.41860465
  0.52631579 0.46511628 0.61988304 0.5        0.57309942 0.55813953
  0.62573099 0.54069767 0.61627907 0.52631579 0.50581395 0.53216374
  0.34302326 0.49707602 0.41860465 0.56725146 0.44767442 0.49122807
  0.44767442 0.5497076  0.5755814  0.52631579 0.34302326 0.60233918
  0.55813953 0.59064327 0.55232558 0.60233918 0.51162791 0.52631579
  0.62209302 0.43274854 0.54651163 0.29651163]]
score: 0.5461522507819937
f1: 0.5445814897197523
mcc: 0.21763999281879523
Memory peak: 92220

NOAA.txt
Executed in: 139.2764024734497 seconds
ep: 0.05 percent_pool: 30 number of updts: 1186
acc_percent: [[0.5        0.61046512 0.59649123 0.64534884 0.60233918 0.76744186
  0.47368421 0.83139535 0.47368421 0.87209302 0.54385965 0.85465116
  0.59649123 0.69767442 0.57309942 0.60465116 0.64912281 0.55232558
  0.67251462 0.48837209 0.74269006 0.46511628 0.75438596 0.40697674
  0.75581395 0.4502924  0.8255814  0.49707602 0.69186047 0.52631579
  0.75       0.50292398 0.62209302 0.56725146 0.53488372 0.66666667
  0.47093023 0.61403509 0.39534884 0.65497076 0.3255814  0.64327485
  0.31395349 0.6374269  0.44186047 0.61988304 0.39534884 0.61988304
  0.37790698 0.56395349 0.49122807 0.44767442 0.42105263 0.36627907
  0.52631579 0.44186047 0.69590643 0.25       0.59064327 0.26162791
  0.56725146 0.27325581 0.42105263 0.34883721 0.60818713 0.43023256
  0.57309942 0.43023256 0.64912281 0.43023256 0.61988304 0.51162791
  0.67836257 0.49418605 0.68023256 0.47953216 0.48837209 0.50877193
  0.37209302 0.61403509 0.37790698 0.69590643 0.39534884 0.64327485
  0.4127907  0.67251462 0.53488372 0.62573099 0.3372093  0.57894737
  0.43604651 0.61403509 0.51744186 0.58479532 0.44186047 0.55555556
  0.59883721 0.5380117  0.5872093  0.39534884]]
score: 0.5465483476132191
f1: 0.5421920111866838
mcc: 0.17718050422115977
Memory peak: 95364

NOAA.txt
Executed in: 31.51547408103943 seconds
ep: 0.1 percent_pool: 10 number of updts: 195
acc_percent: [[0.56976744 0.72674419 0.57309942 0.72093023 0.42690058 0.79651163
  0.42690058 0.83139535 0.39766082 0.86627907 0.52046784 0.75
  0.48538012 0.68023256 0.59064327 0.59302326 0.61988304 0.52906977
  0.66081871 0.48837209 0.7251462  0.45930233 0.74853801 0.38953488
  0.76162791 0.43859649 0.81976744 0.49122807 0.73255814 0.52631579
  0.76162791 0.52046784 0.70348837 0.59064327 0.59302326 0.67251462
  0.54651163 0.67836257 0.43604651 0.74853801 0.38372093 0.78947368
  0.40697674 0.79532164 0.4127907  0.66081871 0.45348837 0.7251462
  0.48255814 0.64534884 0.5497076  0.56976744 0.61403509 0.56976744
  0.60818713 0.50581395 0.73684211 0.37209302 0.73099415 0.35465116
  0.76608187 0.35465116 0.83040936 0.40697674 0.76608187 0.43023256
  0.68421053 0.43604651 0.69005848 0.38953488 0.70175439 0.50581395
  0.67836257 0.52906977 0.73837209 0.52046784 0.55813953 0.61988304
  0.47674419 0.73099415 0.46511628 0.70175439 0.44186047 0.66081871
  0.44767442 0.67836257 0.56976744 0.77192982 0.39534884 0.66081871
  0.44767442 0.74269006 0.5        0.66081871 0.5        0.57309942
  0.5755814  0.60233918 0.61046512 0.45930233]]
score: 0.5924473004215967
f1: 0.5731338619726637
mcc: 0.17878875759711263
Memory peak: 95748

NOAA.txt
Executed in: 112.22538948059082 seconds
ep: 0.1 percent_pool: 20 number of updts: 2068
acc_percent: [[0.45348837 0.54651163 0.59064327 0.54651163 0.56140351 0.47093023
  0.49707602 0.45348837 0.49707602 0.48255814 0.52046784 0.49418605
  0.52631579 0.4244186  0.50292398 0.47674419 0.57894737 0.43023256
  0.64327485 0.44186047 0.51461988 0.4127907  0.64912281 0.43023256
  0.61627907 0.45614035 0.61046512 0.51461988 0.59883721 0.56140351
  0.63372093 0.56725146 0.51162791 0.45614035 0.4244186  0.52631579
  0.47674419 0.62573099 0.34883721 0.50877193 0.37209302 0.60233918
  0.41860465 0.6374269  0.46511628 0.60818713 0.44767442 0.56140351
  0.40697674 0.51744186 0.52046784 0.46511628 0.43859649 0.3372093
  0.50877193 0.46511628 0.70760234 0.26744186 0.73099415 0.3255814
  0.71345029 0.3372093  0.59064327 0.41860465 0.59064327 0.43604651
  0.58479532 0.44186047 0.59064327 0.50581395 0.62573099 0.52906977
  0.63157895 0.55232558 0.62790698 0.52631579 0.49418605 0.5497076
  0.34883721 0.35087719 0.41860465 0.52631579 0.47674419 0.49707602
  0.55232558 0.66081871 0.63372093 0.54385965 0.43023256 0.56725146
  0.55232558 0.54385965 0.52325581 0.61988304 0.51162791 0.5380117
  0.61046512 0.43274854 0.54651163 0.33139535]]
score: 0.5135057119543043
f1: 0.5130338198943027
mcc: 0.21502082619646348
Memory peak: 97328

NOAA.txt
Executed in: 144.26514792442322 seconds
ep: 0.1 percent_pool: 30 number of updts: 1304
acc_percent: [[0.51744186 0.63372093 0.5497076  0.77325581 0.55555556 0.8372093
  0.5380117  0.80813953 0.5497076  0.81976744 0.62573099 0.81976744
  0.61403509 0.76744186 0.71929825 0.66860465 0.7251462  0.62209302
  0.75438596 0.5755814  0.74853801 0.51744186 0.77192982 0.51744186
  0.77325581 0.52631579 0.79069767 0.56725146 0.70930233 0.59064327
  0.77906977 0.63157895 0.66860465 0.67251462 0.56976744 0.69590643
  0.56976744 0.62573099 0.4127907  0.71345029 0.34302326 0.71929825
  0.31976744 0.62573099 0.44186047 0.58479532 0.37209302 0.52631579
  0.35465116 0.52906977 0.50292398 0.44767442 0.42690058 0.45930233
  0.56725146 0.44767442 0.75438596 0.26744186 0.71345029 0.26162791
  0.59649123 0.27325581 0.51461988 0.34883721 0.61988304 0.4244186
  0.59649123 0.43023256 0.65497076 0.38953488 0.60818713 0.49418605
  0.62573099 0.48837209 0.65697674 0.44444444 0.47674419 0.51461988
  0.3372093  0.52046784 0.37209302 0.61988304 0.40116279 0.50292398
  0.39534884 0.61988304 0.54651163 0.53216374 0.33139535 0.57309942
  0.43023256 0.61403509 0.48837209 0.59649123 0.45348837 0.55555556
  0.59883721 0.52631579 0.54069767 0.35465116]]
score: 0.5606065551475587
f1: 0.5565033752423325
mcc: 0.2097121726754019
Memory peak: 97328

NOAA.txt
Executed in: 44.287050008773804 seconds
ep: 0.15 percent_pool: 10 number of updts: 1050
acc_percent: [[0.59302326 0.69186047 0.3625731  0.6744186  0.2748538  0.76744186
  0.40935673 0.74418605 0.40350877 0.84302326 0.51461988 0.72674419
  0.47953216 0.68604651 0.61403509 0.61046512 0.61403509 0.51162791
  0.63157895 0.40116279 0.66666667 0.39534884 0.7251462  0.38372093
  0.64534884 0.43859649 0.75       0.47368421 0.72674419 0.50292398
  0.64534884 0.41520468 0.53488372 0.46783626 0.44186047 0.61988304
  0.47674419 0.62573099 0.40697674 0.73099415 0.34302326 0.7251462
  0.31395349 0.69590643 0.40697674 0.61403509 0.4244186  0.67251462
  0.43604651 0.5872093  0.5497076  0.47674419 0.4619883  0.44186047
  0.56725146 0.43023256 0.71345029 0.26162791 0.71929825 0.26744186
  0.69005848 0.27325581 0.57309942 0.34883721 0.63157895 0.43604651
  0.63157895 0.45348837 0.68421053 0.44186047 0.66666667 0.51162791
  0.66081871 0.5        0.6744186  0.50877193 0.48837209 0.60233918
  0.44767442 0.70175439 0.41860465 0.69005848 0.40116279 0.63157895
  0.40697674 0.66666667 0.53488372 0.70760234 0.35465116 0.64327485
  0.45348837 0.70175439 0.52325581 0.59649123 0.4127907  0.55555556
  0.54651163 0.49707602 0.55813953 0.30813953]]
score: 0.5427169182646538
f1: 0.5380680310021926
mcc: 0.166141595518244
Memory peak: 97328

NOAA.txt
Executed in: 97.18099975585938 seconds
ep: 0.15 percent_pool: 20 number of updts: 1905
acc_percent: [[0.45348837 0.54651163 0.60233918 0.70348837 0.53216374 0.80813953
  0.51461988 0.73837209 0.49707602 0.70348837 0.54385965 0.56395349
  0.52046784 0.56976744 0.57309942 0.55813953 0.59064327 0.60465116
  0.70175439 0.44767442 0.75438596 0.49418605 0.76023392 0.4127907
  0.78488372 0.51461988 0.85465116 0.54385965 0.72093023 0.57309942
  0.75581395 0.59649123 0.6627907  0.64327485 0.55232558 0.74853801
  0.56395349 0.66081871 0.43023256 0.77192982 0.37790698 0.74269006
  0.4127907  0.73684211 0.44767442 0.69590643 0.46511628 0.64912281
  0.45348837 0.66860465 0.53216374 0.51162791 0.51461988 0.54651163
  0.61988304 0.44767442 0.71929825 0.29069767 0.67251462 0.30813953
  0.61403509 0.34302326 0.57894737 0.40697674 0.63157895 0.50581395
  0.64912281 0.45348837 0.61988304 0.50581395 0.66081871 0.56395349
  0.63157895 0.5755814  0.63953488 0.61988304 0.49418605 0.4619883
  0.34883721 0.36842105 0.4244186  0.51461988 0.43023256 0.45614035
  0.47093023 0.56725146 0.59302326 0.45614035 0.36627907 0.56725146
  0.54069767 0.56140351 0.5        0.61403509 0.48837209 0.49707602
  0.61627907 0.41520468 0.59883721 0.4127907 ]]
score: 0.5615123079015367
f1: 0.559726257743115
mcc: 0.24064385740268254
Memory peak: 97476

NOAA.txt
Executed in: 91.48903107643127 seconds
ep: 0.15 percent_pool: 30 number of updts: 994
acc_percent: [[0.5        0.56976744 0.50292398 0.51744186 0.56140351 0.46511628
  0.47953216 0.65697674 0.53216374 0.85465116 0.54385965 0.75
  0.5380117  0.72093023 0.59064327 0.62790698 0.63157895 0.55813953
  0.68421053 0.49418605 0.76023392 0.45930233 0.76608187 0.4127907
  0.78488372 0.44444444 0.83139535 0.50292398 0.79651163 0.5380117
  0.80232558 0.54385965 0.69186047 0.60233918 0.55813953 0.64327485
  0.46511628 0.61403509 0.44186047 0.76023392 0.36627907 0.74269006
  0.31395349 0.73684211 0.40697674 0.62573099 0.40697674 0.69590643
  0.44767442 0.59302326 0.54385965 0.52906977 0.55555556 0.54069767
  0.59649123 0.44767442 0.76023392 0.3372093  0.73684211 0.31395349
  0.76608187 0.31976744 0.78947368 0.37209302 0.73099415 0.4127907
  0.61403509 0.4127907  0.69005848 0.36627907 0.67836257 0.49418605
  0.6374269  0.46511628 0.70930233 0.46783626 0.55813953 0.59064327
  0.45348837 0.68421053 0.4244186  0.65497076 0.40697674 0.63157895
  0.4244186  0.66081871 0.53488372 0.76608187 0.35465116 0.65497076
  0.38372093 0.7251462  0.44767442 0.69005848 0.45930233 0.57894737
  0.48837209 0.64912281 0.55813953 0.44767442]]
score: 0.5705171358629131
f1: 0.553335032283047
mcc: 0.14477294066492283
Memory peak: 97488

