1CHT.txt
Executed in: 22.451730012893677 seconds
ep: 0.05 percent_pool: 10 number of updts: 312
acc_percent: [[0.96710526 0.96688742 0.99337748 0.97350993 0.98013245 0.98675497
  0.99337748 1.         1.         1.         0.99337748 1.
  1.         1.         1.         1.         0.99337748 1.
  1.         0.99337748 0.99337748 1.         0.99337748 1.
  1.         1.         0.99337748 1.         0.99337748 1.
  1.         1.         0.99337748 0.99337748 1.         1.
  0.99337748 1.         0.99337748 1.         1.         1.
  1.         1.         1.         1.         1.         0.99337748
  1.         1.         1.         1.         1.         1.
  1.         1.         1.         1.         1.         0.99337748
  1.         1.         1.         1.         1.         1.
  0.99337748 1.         1.         1.         0.98013245 0.99337748
  1.         0.99337748 1.         0.98675497 0.99337748 1.
  1.         1.         1.         1.         1.         1.
  1.         1.         1.         1.         1.         1.
  1.         0.99337748 0.99337748 0.99337748 0.97350993 0.93377483
  0.96688742 0.95364238 0.95364238 0.94039735]]
score: 0.9941743638898572
f1: 0.9941983122362869
mcc: 0.9884298143751381
Memory peak: 91320

1CHT.txt
Executed in: 43.349968671798706 seconds
ep: 0.05 percent_pool: 20 number of updts: 733
acc_percent: [[0.98026316 0.96688742 1.         0.97350993 0.97350993 0.96688742
  0.98675497 1.         1.         0.99337748 0.98675497 0.99337748
  0.98675497 0.96688742 0.99337748 0.97350993 0.98675497 0.99337748
  0.99337748 0.98013245 0.97350993 0.99337748 0.98675497 0.98013245
  0.98675497 0.99337748 0.98013245 0.98675497 0.98013245 0.98013245
  0.98013245 0.98675497 0.9602649  0.98013245 0.98675497 0.99337748
  0.98675497 0.98675497 0.98675497 0.99337748 1.         1.
  1.         1.         1.         0.99337748 0.99337748 0.99337748
  1.         1.         1.         1.         1.         1.
  1.         1.         1.         1.         1.         0.99337748
  1.         1.         1.         1.         1.         1.
  0.97350993 0.99337748 0.99337748 1.         0.97350993 0.97350993
  1.         0.98013245 0.97350993 0.95364238 0.98013245 0.99337748
  0.9602649  1.         0.99337748 0.97350993 0.98013245 1.
  1.         1.         1.         0.98013245 0.97350993 1.
  1.         0.99337748 0.99337748 1.         0.98675497 0.9205298
  0.94701987 0.85430464 0.8807947  0.84768212]]
score: 0.9842397176716627
f1: 0.9842171300270753
mcc: 0.9685798732709747
Memory peak: 91320

1CHT.txt
Executed in: 44.84711241722107 seconds
ep: 0.05 percent_pool: 30 number of updts: 529
acc_percent: [[0.94078947 0.97350993 1.         0.97350993 0.98675497 0.98013245
  0.98675497 1.         1.         0.96688742 0.98675497 0.98675497
  0.97350993 0.96688742 0.99337748 0.98013245 0.98675497 1.
  0.98675497 0.98675497 0.96688742 0.98675497 0.94701987 0.98013245
  0.95364238 0.97350993 0.99337748 0.98675497 0.97350993 0.98013245
  0.95364238 0.96688742 0.95364238 0.98013245 0.99337748 1.
  0.99337748 0.98675497 0.98675497 1.         0.99337748 1.
  1.         1.         1.         0.99337748 0.99337748 0.99337748
  1.         1.         1.         1.         1.         0.99337748
  1.         1.         1.         1.         1.         0.99337748
  1.         1.         1.         1.         1.         1.
  0.98675497 1.         1.         1.         0.9602649  0.96688742
  0.99337748 0.97350993 0.99337748 0.96688742 0.98013245 0.98675497
  0.9602649  0.98013245 0.99337748 0.96688742 0.9602649  0.98675497
  1.         0.99337748 0.98675497 0.96688742 0.96688742 1.
  0.98675497 1.         0.97350993 0.97350993 0.96688742 0.9602649
  0.9602649  0.9602649  0.93377483 0.92715232]]
score: 0.9838449808295573
f1: 0.983641583761768
mcc: 0.9681800293647241
Memory peak: 91320

1CHT.txt
Executed in: 18.47991704940796 seconds
ep: 0.1 percent_pool: 10 number of updts: 130
acc_percent: [[0.96052632 0.97350993 0.99337748 0.98013245 0.98675497 0.98675497
  0.99337748 1.         1.         1.         1.         1.
  0.99337748 0.99337748 1.         1.         1.         1.
  1.         1.         1.         1.         0.99337748 1.
  1.         1.         1.         1.         1.         1.
  1.         1.         1.         1.         1.         1.
  0.99337748 1.         1.         1.         1.         1.
  1.         1.         1.         1.         1.         0.99337748
  1.         1.         1.         1.         1.         1.
  1.         1.         1.         1.         1.         0.99337748
  1.         1.         1.         1.         1.         1.
  0.99337748 1.         1.         1.         1.         1.
  1.         1.         1.         0.99337748 0.99337748 0.99337748
  1.         1.         1.         1.         1.         1.
  1.         1.         1.         1.         1.         1.
  1.         0.98675497 0.99337748 0.98675497 0.97350993 0.93377483
  0.9602649  0.9602649  0.93377483 0.90728477]]
score: 0.9944397002439876
f1: 0.9944794952681388
mcc: 0.9889495600014533
Memory peak: 91320

1CHT.txt
Executed in: 32.17869424819946 seconds
ep: 0.1 percent_pool: 20 number of updts: 439
acc_percent: [[0.98026316 0.95364238 0.99337748 0.98013245 0.98675497 0.98013245
  0.99337748 1.         0.99337748 1.         0.98675497 0.98675497
  0.99337748 0.98013245 1.         0.98013245 1.         1.
  0.98013245 0.99337748 0.99337748 0.99337748 0.99337748 0.99337748
  0.95364238 0.96688742 0.99337748 0.99337748 0.96688742 0.98013245
  1.         0.98675497 0.98013245 0.98013245 0.98013245 1.
  0.98675497 0.98013245 0.98675497 0.98013245 1.         1.
  0.98675497 1.         1.         0.97350993 0.99337748 0.99337748
  1.         1.         1.         1.         1.         1.
  1.         1.         1.         1.         1.         0.99337748
  1.         1.         1.         1.         1.         1.
  0.98675497 1.         1.         1.         0.9602649  0.97350993
  1.         0.98675497 0.99337748 0.98675497 0.98013245 0.99337748
  0.98013245 1.         1.         1.         1.         1.
  0.99337748 1.         0.99337748 0.98675497 0.97350993 1.
  1.         0.99337748 0.99337748 0.99337748 0.97350993 0.9602649
  0.9602649  0.97350993 0.96688742 0.93377483]]
score: 0.9892728302544441
f1: 0.9891916981632518
mcc: 0.9786726093522831
Memory peak: 91320

1CHT.txt
Executed in: 39.69305992126465 seconds
ep: 0.1 percent_pool: 30 number of updts: 419
acc_percent: [[0.96052632 0.96688742 0.99337748 0.97350993 0.98675497 0.98013245
  0.98013245 1.         1.         0.98675497 0.99337748 0.98675497
  0.98675497 0.96688742 0.98013245 0.97350993 0.97350993 0.99337748
  0.99337748 0.98675497 0.98675497 1.         0.98675497 0.99337748
  0.97350993 0.96688742 0.96688742 0.97350993 0.97350993 0.97350993
  0.95364238 0.97350993 0.9602649  0.98013245 0.99337748 1.
  0.99337748 1.         0.98675497 0.99337748 0.97350993 1.
  0.98675497 1.         1.         0.99337748 0.99337748 0.99337748
  1.         1.         1.         1.         1.         0.99337748
  1.         1.         1.         1.         1.         0.99337748
  1.         1.         1.         1.         1.         1.
  0.97350993 0.99337748 0.99337748 0.97350993 0.95364238 0.97350993
  1.         0.97350993 0.98675497 0.9602649  0.98675497 0.98675497
  0.97350993 0.99337748 1.         1.         1.         0.99337748
  0.98675497 0.99337748 0.98675497 0.99337748 0.9602649  0.99337748
  1.         1.         1.         0.99337748 0.97350993 0.95364238
  0.97350993 0.98013245 0.94039735 0.94701987]]
score: 0.9860953293830604
f1: 0.9859586078392226
mcc: 0.9724888278173177
Memory peak: 91320

1CHT.txt
Executed in: 19.09141516685486 seconds
ep: 0.15 percent_pool: 10 number of updts: 147
acc_percent: [[0.94078947 0.97350993 0.99337748 0.98013245 0.98675497 0.98013245
  1.         1.         1.         1.         0.99337748 1.
  0.99337748 0.99337748 1.         0.99337748 1.         1.
  1.         1.         1.         1.         0.99337748 1.
  1.         1.         1.         1.         1.         1.
  1.         1.         1.         1.         1.         1.
  0.99337748 1.         1.         1.         1.         1.
  1.         1.         1.         1.         1.         0.99337748
  1.         1.         1.         1.         1.         1.
  1.         1.         1.         1.         1.         0.99337748
  1.         1.         1.         1.         1.         1.
  0.99337748 1.         1.         1.         1.         1.
  1.         1.         0.99337748 0.98013245 0.99337748 1.
  1.         1.         1.         1.         1.         1.
  1.         1.         1.         1.         1.         1.
  1.         0.98675497 0.96688742 0.98013245 0.98013245 0.93377483
  0.95364238 0.94039735 0.93377483 0.8807947 ]]
score: 0.9931827291739285
f1: 0.9931668856767412
mcc: 0.9863192047123003
Memory peak: 91360

1CHT.txt
Executed in: 24.918445110321045 seconds
ep: 0.15 percent_pool: 20 number of updts: 251
acc_percent: [[0.96710526 0.95364238 0.99337748 0.98013245 0.98675497 0.98013245
  1.         1.         1.         1.         1.         1.
  0.99337748 0.99337748 1.         0.98675497 0.99337748 1.
  0.99337748 0.99337748 0.99337748 0.99337748 0.99337748 1.
  0.9602649  0.99337748 0.99337748 1.         0.98013245 0.98675497
  0.95364238 1.         0.9602649  0.98675497 0.98675497 0.99337748
  0.98675497 0.99337748 0.98675497 0.99337748 1.         1.
  1.         1.         1.         0.99337748 0.99337748 0.99337748
  1.         1.         1.         1.         1.         1.
  1.         1.         1.         1.         1.         0.99337748
  1.         1.         1.         1.         1.         1.
  0.98675497 1.         1.         1.         0.96688742 0.97350993
  1.         1.         0.99337748 0.98675497 0.99337748 1.
  1.         1.         1.         1.         1.         1.
  1.         1.         1.         0.99337748 1.         1.
  1.         0.99337748 0.99337748 0.99337748 0.97350993 0.9602649
  0.96688742 0.94701987 0.96688742 0.94039735]]
score: 0.9915253572673406
f1: 0.9915422228095678
mcc: 0.9831949695120982
Memory peak: 91520

1CHT.txt
Executed in: 45.065428256988525 seconds
ep: 0.15 percent_pool: 30 number of updts: 535
acc_percent: [[0.94736842 0.97350993 1.         0.97350993 0.98675497 0.98013245
  0.98013245 0.98675497 0.98013245 0.99337748 0.99337748 0.99337748
  0.98013245 0.98675497 0.99337748 0.97350993 1.         0.99337748
  0.98675497 0.98675497 0.99337748 0.99337748 0.97350993 0.97350993
  0.97350993 0.98013245 0.99337748 1.         0.98013245 0.98013245
  0.96688742 0.94701987 0.9602649  0.96688742 0.97350993 0.98675497
  0.98013245 0.98013245 0.98013245 1.         0.98013245 0.98675497
  0.99337748 1.         1.         0.99337748 0.99337748 0.99337748
  1.         1.         1.         1.         1.         0.99337748
  1.         1.         1.         1.         1.         0.99337748
  1.         1.         1.         1.         1.         1.
  0.98675497 1.         1.         0.99337748 0.97350993 0.98013245
  1.         0.99337748 0.99337748 0.99337748 0.99337748 0.99337748
  0.99337748 1.         1.         1.         1.         1.
  1.         1.         1.         0.99337748 0.98013245 1.
  1.         1.         0.99337748 1.         0.98013245 0.94039735
  0.9602649  0.91390728 0.93377483 0.89403974]]
score: 0.9868246775880098
f1: 0.9867759851891034
mcc: 0.9737328983884622
Memory peak: 91520

