1CSurr.txt
Executed in: 167.04188752174377 seconds
ep: 0.05 percent_pool: 10 number of updts: 1507
acc_percent: [[0.96       0.97328244 0.98473282 0.96183206 0.89885496 0.84761905
  0.79389313 0.70038168 0.6240458  0.6240458  0.59047619 0.59541985
  0.57824427 0.59160305 0.60687023 0.60952381 0.60305344 0.60114504
  0.59732824 0.58587786 0.55725191 0.61333333 0.58969466 0.60114504
  0.60687023 0.59541985 0.59809524 0.61068702 0.57061069 0.60496183
  0.58969466 0.57333333 0.61259542 0.60305344 0.61450382 0.58206107
  0.57904762 0.58587786 0.57633588 0.59541985 0.58778626 0.58396947
  0.6152381  0.59732824 0.55725191 0.57633588 0.60496183 0.54666667
  0.57251908 0.58206107 0.57061069 0.57251908 0.58095238 0.60305344
  0.58396947 0.60305344 0.61259542 0.60952381 0.59923664 0.62022901
  0.57061069 0.59923664 0.60877863 0.59238095 0.58015267 0.58778626
  0.58396947 0.57442748 0.61333333 0.5629771  0.58587786 0.60305344
  0.62022901 0.61904762 0.61259542 0.67557252 0.69465649 0.80916031
  0.8552381  0.92557252 0.92175573 0.87977099 0.78244275 0.71374046
  0.65714286 0.62977099 0.54961832 0.53435115 0.5019084  0.50666667
  0.49236641 0.52099237 0.5019084  0.53625954 0.57142857 0.56679389
  0.5610687  0.59160305 0.57633588 0.59238095]]
score: 0.6303104689203926
f1: 0.18444481773895513
mcc: 0.07331980199456702
Memory peak: 102500

1CSurr.txt
Executed in: 297.1241919994354 seconds
ep: 0.05 percent_pool: 20 number of updts: 1944
acc_percent: [[0.95809524 0.95038168 0.95419847 0.95610687 0.9370229  0.93142857
  0.94083969 0.89312977 0.80152672 0.80152672 0.62857143 0.57824427
  0.5610687  0.5610687  0.56870229 0.5752381  0.5610687  0.5610687
  0.56679389 0.55343511 0.52671756 0.59238095 0.5610687  0.59351145
  0.57633588 0.57824427 0.57714286 0.59160305 0.54580153 0.58587786
  0.54961832 0.53142857 0.57824427 0.5648855  0.57633588 0.54770992
  0.56380952 0.57442748 0.5629771  0.58587786 0.5610687  0.56679389
  0.58857143 0.57442748 0.54007634 0.53244275 0.58396947 0.51619048
  0.54580153 0.5648855  0.5629771  0.55343511 0.55238095 0.58778626
  0.55725191 0.57824427 0.59541985 0.58666667 0.58206107 0.58778626
  0.53625954 0.57824427 0.59160305 0.56761905 0.54770992 0.54961832
  0.54770992 0.54961832 0.59619048 0.54580153 0.58206107 0.6278626
  0.70610687 0.77333333 0.8148855  0.85496183 0.92938931 0.9370229
  0.94857143 0.95038168 0.96374046 0.96374046 0.92557252 0.91793893
  0.81142857 0.73854962 0.57442748 0.54770992 0.49236641 0.46285714
  0.45419847 0.48091603 0.48854962 0.50381679 0.53904762 0.54389313
  0.53816794 0.5648855  0.55916031 0.55619048]]
score: 0.6388386041439477
f1: 0.28606909008805603
mcc: 0.12722978723373968
Memory peak: 114004

1CSurr.txt
Executed in: 345.3200852870941 seconds
ep: 0.05 percent_pool: 30 number of updts: 1603
acc_percent: [[0.93333333 0.94847328 0.84923664 0.76717557 0.71946565 0.73333333
  0.72137405 0.65648855 0.67366412 0.66030534 0.70095238 0.67557252
  0.66603053 0.64885496 0.61641221 0.59238095 0.59351145 0.61450382
  0.59160305 0.57061069 0.54770992 0.6        0.52671756 0.45419847
  0.41793893 0.32442748 0.32       0.28435115 0.19083969 0.20610687
  0.18320611 0.18285714 0.16793893 0.15648855 0.23091603 0.19465649
  0.20190476 0.17748092 0.18320611 0.19465649 0.20038168 0.14312977
  0.16761905 0.16793893 0.14122137 0.16030534 0.16221374 0.11428571
  0.15267176 0.17175573 0.15458015 0.13549618 0.14666667 0.18320611
  0.16412214 0.19274809 0.20992366 0.19809524 0.20038168 0.24045802
  0.18320611 0.23282443 0.25763359 0.32761905 0.40076336 0.5019084
  0.53244275 0.55343511 0.5847619  0.61259542 0.60877863 0.61259542
  0.64885496 0.58666667 0.59351145 0.58778626 0.57824427 0.59732824
  0.58666667 0.55152672 0.55916031 0.57251908 0.57442748 0.63549618
  0.61904762 0.6221374  0.69274809 0.67175573 0.70801527 0.69714286
  0.58015267 0.44656489 0.36259542 0.16984733 0.16761905 0.14122137
  0.11259542 0.14694656 0.16412214 0.17904762]]
score: 0.42048396946564887
f1: 0.40203512356107335
mcc: -0.11056537110416732
Memory peak: 117000

1CSurr.txt
Executed in: 572.1284527778625 seconds
ep: 0.1 percent_pool: 10 number of updts: 7421
acc_percent: [[0.89714286 0.76145038 0.76145038 0.82442748 0.78244275 0.79047619
  0.88167939 0.82633588 0.80534351 0.81679389 0.84380952 0.84541985
  0.79580153 0.80343511 0.79198473 0.6152381  0.5648855  0.5629771
  0.52671756 0.53435115 0.45992366 0.52       0.44847328 0.45419847
  0.48473282 0.4351145  0.46285714 0.53625954 0.54961832 0.50954198
  0.45801527 0.24761905 0.2519084  0.25381679 0.28625954 0.28053435
  0.27619048 0.2480916  0.2519084  0.29961832 0.30534351 0.29389313
  0.30857143 0.32251908 0.31679389 0.3129771  0.34160305 0.28761905
  0.29389313 0.21755725 0.20038168 0.19083969 0.17333333 0.21755725
  0.19465649 0.22519084 0.22519084 0.21904762 0.22328244 0.24427481
  0.21564885 0.27099237 0.25381679 0.2647619  0.27480916 0.44274809
  0.54007634 0.6870229  0.5752381  0.59541985 0.60496183 0.76145038
  0.77480916 0.75238095 0.77099237 0.76335878 0.72900763 0.75763359
  0.8        0.79580153 0.79770992 0.76717557 0.80534351 0.78625954
  0.76       0.7519084  0.69083969 0.64694656 0.55725191 0.58095238
  0.52862595 0.58969466 0.58778626 0.46755725 0.50095238 0.52480916
  0.44656489 0.39122137 0.38931298 0.35809524]]
score: 0.5142130861504907
f1: 0.4253153153153153
mcc: 0.017728743348166785
Memory peak: 117768

1CSurr.txt
Executed in: 433.7139847278595 seconds
ep: 0.1 percent_pool: 20 number of updts: 2682
acc_percent: [[0.91619048 0.89503817 0.8721374  0.91793893 0.89503817 0.89333333
  0.93320611 0.85877863 0.85687023 0.89122137 0.86285714 0.85687023
  0.85687023 0.82251908 0.79770992 0.77904762 0.7519084  0.79389313
  0.75       0.75954198 0.75572519 0.74666667 0.66221374 0.63358779
  0.55534351 0.45610687 0.49714286 0.44274809 0.37022901 0.41412214
  0.38740458 0.34857143 0.39503817 0.3778626  0.41984733 0.38740458
  0.39238095 0.41984733 0.3778626  0.40839695 0.40076336 0.38358779
  0.42666667 0.38549618 0.37977099 0.36450382 0.40458015 0.33142857
  0.38167939 0.41030534 0.39885496 0.3759542  0.38095238 0.40076336
  0.38931298 0.38549618 0.40648855 0.44190476 0.41030534 0.4351145
  0.3759542  0.41221374 0.44083969 0.41142857 0.38740458 0.41793893
  0.42175573 0.46564885 0.56952381 0.58969466 0.68129771 0.74236641
  0.81870229 0.82666667 0.8110687  0.82061069 0.80152672 0.82824427
  0.81714286 0.81679389 0.80152672 0.80725191 0.83015267 0.85496183
  0.74285714 0.65458015 0.53053435 0.44083969 0.41412214 0.36571429
  0.3110687  0.34732824 0.31679389 0.3110687  0.36380952 0.40267176
  0.38167939 0.41030534 0.41030534 0.41333333]]
score: 0.5687113049800073
f1: 0.40142668428005285
mcc: 0.06439788975445607
Memory peak: 119256

1CSurr.txt
Executed in: 304.8381597995758 seconds
ep: 0.1 percent_pool: 30 number of updts: 1403
acc_percent: [[0.94285714 0.94274809 0.95801527 0.95038168 0.86259542 0.67619048
  0.61641221 0.61832061 0.57251908 0.61259542 0.59809524 0.59541985
  0.57633588 0.58969466 0.6240458  0.61142857 0.58587786 0.59541985
  0.59923664 0.58587786 0.54770992 0.60761905 0.58969466 0.59351145
  0.60877863 0.60496183 0.60571429 0.59541985 0.57061069 0.61068702
  0.60114504 0.5752381  0.60496183 0.58778626 0.61832061 0.58587786
  0.60380952 0.61259542 0.59923664 0.61068702 0.58969466 0.59160305
  0.62095238 0.61832061 0.57633588 0.58969466 0.61450382 0.56
  0.58396947 0.58396947 0.60496183 0.57061069 0.58666667 0.60687023
  0.57633588 0.60687023 0.62022901 0.60952381 0.60305344 0.62022901
  0.56679389 0.59923664 0.61068702 0.59619048 0.5648855  0.57251908
  0.5629771  0.5629771  0.6247619  0.5629771  0.60687023 0.61641221
  0.66412214 0.76571429 0.8148855  0.89503817 0.94083969 0.97709924
  0.99047619 0.96564885 0.97709924 0.97519084 0.95610687 0.95610687
  0.80761905 0.6240458  0.54580153 0.55343511 0.51908397 0.49714286
  0.51908397 0.51717557 0.50763359 0.54770992 0.57714286 0.57633588
  0.57251908 0.60114504 0.60496183 0.58857143]]
score: 0.6466785169029444
f1: 0.23834537097833225
mcc: 0.1367970313908388
Memory peak: 119256

1CSurr.txt
Executed in: 420.2307505607605 seconds
ep: 0.15 percent_pool: 10 number of updts: 5199
acc_percent: [[0.94666667 0.94847328 0.91221374 0.88740458 0.88740458 0.89714286
  0.91221374 0.8129771  0.79580153 0.82061069 0.80190476 0.82251908
  0.81679389 0.76908397 0.75763359 0.74285714 0.73854962 0.75954198
  0.73664122 0.71755725 0.70419847 0.70857143 0.64694656 0.60877863
  0.52099237 0.42557252 0.47238095 0.40458015 0.30725191 0.36450382
  0.33206107 0.30666667 0.33587786 0.30534351 0.37022901 0.33778626
  0.36190476 0.36068702 0.3110687  0.34923664 0.33969466 0.29198473
  0.33714286 0.32251908 0.3110687  0.28244275 0.34160305 0.27238095
  0.32824427 0.34160305 0.34923664 0.33015267 0.32380952 0.35305344
  0.30725191 0.34541985 0.34541985 0.32       0.34351145 0.34160305
  0.33015267 0.35687023 0.35496183 0.3752381  0.34541985 0.39122137
  0.3778626  0.33778626 0.38857143 0.45038168 0.44847328 0.51908397
  0.60496183 0.67428571 0.69847328 0.74618321 0.77671756 0.79961832
  0.81142857 0.79770992 0.81679389 0.8110687  0.86450382 0.88740458
  0.87428571 0.88167939 0.84351145 0.7519084  0.72900763 0.53714286
  0.38167939 0.32633588 0.28816794 0.23091603 0.34285714 0.34732824
  0.31679389 0.34160305 0.33396947 0.3447619 ]]
score: 0.5338389312977099
f1: 0.3966490082542812
mcc: 0.018437673577744337
Memory peak: 119256

1CSurr.txt
Executed in: 299.10705518722534 seconds
ep: 0.15 percent_pool: 20 number of updts: 1940
acc_percent: [[0.94857143 0.9351145  0.92366412 0.91793893 0.93320611 0.94095238
  0.95419847 0.8759542  0.77290076 0.72900763 0.63428571 0.59351145
  0.54580153 0.55725191 0.55152672 0.54666667 0.53816794 0.54007634
  0.54580153 0.54580153 0.49618321 0.55809524 0.52480916 0.5648855
  0.55343511 0.54580153 0.56       0.57442748 0.52099237 0.55725191
  0.53053435 0.5047619  0.5610687  0.55534351 0.5629771  0.54198473
  0.54666667 0.56679389 0.54770992 0.57633588 0.5629771  0.54770992
  0.5752381  0.5648855  0.52671756 0.52290076 0.57061069 0.5047619
  0.53244275 0.55152672 0.55343511 0.53053435 0.54095238 0.5610687
  0.55152672 0.56679389 0.57633588 0.56571429 0.57633588 0.57824427
  0.52862595 0.5610687  0.58396947 0.54857143 0.52671756 0.54770992
  0.53625954 0.51717557 0.57904762 0.52290076 0.58396947 0.61259542
  0.69083969 0.73714286 0.79007634 0.82251908 0.87977099 0.93320611
  0.93333333 0.9370229  0.94847328 0.95229008 0.93320611 0.92175573
  0.79428571 0.69465649 0.53625954 0.5019084  0.47709924 0.45142857
  0.45229008 0.49045802 0.46755725 0.47328244 0.52761905 0.53435115
  0.52862595 0.54198473 0.53435115 0.55238095]]
score: 0.6222795710650673
f1: 0.27127483747750397
mcc: 0.08457402069548664
Memory peak: 119256

1CSurr.txt
Executed in: 332.05592703819275 seconds
ep: 0.15 percent_pool: 30 number of updts: 1543
acc_percent: [[0.92952381 0.92938931 0.88740458 0.82442748 0.71946565 0.71619048
  0.71374046 0.65458015 0.67938931 0.6870229  0.70285714 0.69656489
  0.6870229  0.66030534 0.64122137 0.61333333 0.60114504 0.6259542
  0.60496183 0.58587786 0.56679389 0.57142857 0.51526718 0.47519084
  0.39694656 0.30152672 0.30285714 0.27099237 0.18320611 0.20038168
  0.17557252 0.17142857 0.16984733 0.15076336 0.22519084 0.19083969
  0.2        0.17938931 0.18320611 0.1870229  0.19465649 0.12977099
  0.16190476 0.15839695 0.14312977 0.15648855 0.14122137 0.10285714
  0.14122137 0.16030534 0.14694656 0.13358779 0.1352381  0.17557252
  0.16412214 0.1889313  0.20038168 0.18857143 0.19847328 0.22709924
  0.1851145  0.24045802 0.28435115 0.35809524 0.42366412 0.50572519
  0.52862595 0.55343511 0.58285714 0.61068702 0.59541985 0.60114504
  0.64122137 0.58285714 0.59160305 0.58969466 0.56870229 0.58396947
  0.56952381 0.54770992 0.5629771  0.5610687  0.57061069 0.61641221
  0.61904762 0.61641221 0.68129771 0.66221374 0.71564885 0.69333333
  0.58396947 0.46755725 0.36832061 0.17557252 0.16761905 0.14885496
  0.11259542 0.13358779 0.16030534 0.18285714]]
score: 0.4197222828062524
f1: 0.4036313122419831
mcc: -0.11019845834739586
Memory peak: 119256

