2CDT.txt
Executed in: 21.962682723999023 seconds
ep: 0.05 percent_pool: 10 number of updts: 279
acc_percent: [[0.89473684 0.95364238 0.9602649  0.9602649  0.96688742 0.80794702
  0.9205298  0.8410596  0.65562914 0.56953642 0.49668874 0.50993377
  0.52980132 0.50993377 0.46357616 0.52980132 0.56953642 0.46357616
  0.43708609 0.53642384 0.50993377 0.51655629 0.48344371 0.51655629
  0.51655629 0.49668874 0.50331126 0.52980132 0.44370861 0.50331126
  0.50993377 0.50993377 0.50993377 0.47019868 0.53642384 0.45033113
  0.49668874 0.54966887 0.47682119 0.55629139 0.47682119 0.43708609
  0.47019868 0.52317881 0.50993377 0.49006623 0.49006623 0.49006623
  0.51655629 0.51655629 0.45033113 0.54304636 0.54304636 0.47682119
  0.48344371 0.49668874 0.45033113 0.56953642 0.52317881 0.50993377
  0.44370861 0.50331126 0.47682119 0.54304636 0.47019868 0.47682119
  0.47019868 0.53642384 0.50331126 0.47019868 0.52317881 0.45033113
  0.54966887 0.51655629 0.44370861 0.50331126 0.58278146 0.52980132
  0.45695364 0.45695364 0.50331126 0.52317881 0.49006623 0.54304636
  0.49668874 0.50331126 0.51655629 0.56953642 0.53642384 0.63576159
  0.82119205 0.80794702 0.9205298  0.9602649  0.95364238 0.94039735
  0.95364238 0.90066225 0.80794702 0.8807947 ]]
score: 0.5780202161031719
f1: 0.2842469576867255
mcc: 0.2743322221217127
Memory peak: 119256

2CDT.txt
Executed in: 24.03169059753418 seconds
ep: 0.05 percent_pool: 20 number of updts: 228
acc_percent: [[0.88157895 0.92715232 0.95364238 0.97350993 0.94701987 0.76821192
  0.84768212 0.7615894  0.64238411 0.52980132 0.49668874 0.50993377
  0.52980132 0.50993377 0.46357616 0.52980132 0.56953642 0.46357616
  0.43708609 0.53642384 0.50993377 0.51655629 0.48344371 0.51655629
  0.51655629 0.49668874 0.50331126 0.52980132 0.44370861 0.50331126
  0.50993377 0.50993377 0.50993377 0.47019868 0.53642384 0.45033113
  0.49668874 0.54966887 0.47682119 0.55629139 0.47682119 0.43708609
  0.47019868 0.52317881 0.50993377 0.49006623 0.49006623 0.49006623
  0.51655629 0.51655629 0.45033113 0.54304636 0.54304636 0.47682119
  0.48344371 0.49668874 0.45033113 0.56953642 0.52317881 0.50993377
  0.44370861 0.50331126 0.47682119 0.54304636 0.47019868 0.47682119
  0.47019868 0.53642384 0.50331126 0.47019868 0.52317881 0.45033113
  0.54966887 0.51655629 0.44370861 0.50331126 0.58278146 0.52980132
  0.45695364 0.45695364 0.50331126 0.52317881 0.49006623 0.54304636
  0.50331126 0.50993377 0.51655629 0.56953642 0.54304636 0.51655629
  0.66225166 0.67549669 0.80794702 0.83443709 0.8410596  0.93377483
  0.90728477 0.94039735 0.90066225 0.95364238]]
score: 0.5691469153014989
f1: 0.24755775198253077
mcc: 0.26726405689572297
Memory peak: 119256

2CDT.txt
Executed in: 23.64160919189453 seconds
ep: 0.05 percent_pool: 30 number of updts: 148
acc_percent: [[0.86184211 0.91390728 0.87417219 0.62913907 0.75496689 0.47682119
  0.57615894 0.44370861 0.52980132 0.48344371 0.47019868 0.50331126
  0.52980132 0.50993377 0.46357616 0.52317881 0.56953642 0.46357616
  0.43708609 0.53642384 0.50993377 0.51655629 0.48344371 0.51655629
  0.51655629 0.49668874 0.50331126 0.52980132 0.44370861 0.50331126
  0.50993377 0.50993377 0.50993377 0.47019868 0.53642384 0.45033113
  0.49668874 0.54966887 0.47682119 0.55629139 0.47682119 0.43708609
  0.47019868 0.52317881 0.50993377 0.49006623 0.49006623 0.49006623
  0.51655629 0.51655629 0.45033113 0.54304636 0.54304636 0.47682119
  0.48344371 0.49668874 0.45033113 0.56953642 0.52317881 0.50993377
  0.44370861 0.50331126 0.47682119 0.54304636 0.47019868 0.47682119
  0.47019868 0.53642384 0.50331126 0.47019868 0.52317881 0.45033113
  0.54966887 0.51655629 0.44370861 0.50331126 0.58278146 0.52980132
  0.45695364 0.45695364 0.50331126 0.52317881 0.49006623 0.53642384
  0.49006623 0.50331126 0.49006623 0.50331126 0.52317881 0.43708609
  0.52317881 0.50331126 0.50331126 0.52317881 0.50993377 0.53642384
  0.56953642 0.76821192 0.84768212 0.85430464]]
score: 0.5264992157546182
f1: 0.10185994257895394
mcc: 0.16427243995395244
Memory peak: 119256

2CDT.txt
Executed in: 20.910167455673218 seconds
ep: 0.1 percent_pool: 10 number of updts: 231
acc_percent: [[0.67763158 0.70860927 0.62251656 0.74172185 0.8410596  0.74172185
  0.66225166 0.54966887 0.58940397 0.49668874 0.47019868 0.50331126
  0.52980132 0.50993377 0.46357616 0.52317881 0.56953642 0.46357616
  0.43708609 0.53642384 0.50993377 0.51655629 0.48344371 0.51655629
  0.51655629 0.49668874 0.50331126 0.52980132 0.44370861 0.50331126
  0.50993377 0.50993377 0.50993377 0.47019868 0.53642384 0.45033113
  0.49668874 0.54966887 0.47682119 0.55629139 0.47682119 0.43708609
  0.47019868 0.52317881 0.50993377 0.49006623 0.49006623 0.49006623
  0.51655629 0.51655629 0.45033113 0.54304636 0.54304636 0.47682119
  0.48344371 0.49668874 0.45033113 0.56953642 0.52317881 0.50993377
  0.44370861 0.50331126 0.47682119 0.54304636 0.47019868 0.47682119
  0.47019868 0.53642384 0.50331126 0.47019868 0.52317881 0.45033113
  0.54966887 0.51655629 0.44370861 0.50331126 0.58278146 0.52980132
  0.45695364 0.45695364 0.50331126 0.52317881 0.49006623 0.53642384
  0.49006623 0.50331126 0.49006623 0.50331126 0.52317881 0.43708609
  0.52317881 0.51655629 0.52980132 0.52980132 0.56953642 0.61589404
  0.64900662 0.76821192 0.79470199 0.74834437]]
score: 0.5284319449285465
f1: 0.10804082648742842
mcc: 0.1714405031869898
Memory peak: 119256

2CDT.txt
Executed in: 19.270654916763306 seconds
ep: 0.1 percent_pool: 20 number of updts: 100
acc_percent: [[0.80921053 0.71523179 0.56953642 0.51655629 0.50993377 0.43708609
  0.57615894 0.44370861 0.52980132 0.48344371 0.47019868 0.50331126
  0.52980132 0.50993377 0.46357616 0.52317881 0.56953642 0.46357616
  0.43708609 0.53642384 0.50993377 0.51655629 0.48344371 0.51655629
  0.51655629 0.49668874 0.50331126 0.52980132 0.44370861 0.50331126
  0.50993377 0.50993377 0.50993377 0.47019868 0.53642384 0.45033113
  0.49668874 0.54966887 0.47682119 0.55629139 0.47682119 0.43708609
  0.47019868 0.52317881 0.50993377 0.49006623 0.49006623 0.49006623
  0.51655629 0.51655629 0.45033113 0.54304636 0.54304636 0.47682119
  0.48344371 0.49668874 0.45033113 0.56953642 0.52317881 0.50993377
  0.44370861 0.50331126 0.47682119 0.54304636 0.47019868 0.47682119
  0.47019868 0.53642384 0.50331126 0.47019868 0.52317881 0.45033113
  0.54966887 0.51655629 0.44370861 0.50331126 0.58278146 0.52980132
  0.45695364 0.45695364 0.50331126 0.52317881 0.49006623 0.53642384
  0.49006623 0.50331126 0.49006623 0.50331126 0.52317881 0.43708609
  0.52317881 0.50331126 0.48344371 0.50331126 0.50993377 0.50331126
  0.52317881 0.74834437 0.8013245  0.75496689]]
score: 0.5141185953293831
f1: 0.05527123848515865
mcc: 0.12006405124555362
Memory peak: 119256

2CDT.txt
Executed in: 24.162538051605225 seconds
ep: 0.1 percent_pool: 30 number of updts: 158
acc_percent: [[0.86842105 0.92715232 0.7218543  0.57615894 0.51655629 0.45695364
  0.58278146 0.44370861 0.52980132 0.48344371 0.47019868 0.50331126
  0.52980132 0.50993377 0.46357616 0.52317881 0.56953642 0.46357616
  0.43708609 0.53642384 0.50993377 0.51655629 0.48344371 0.51655629
  0.51655629 0.49668874 0.50331126 0.52980132 0.44370861 0.50331126
  0.50993377 0.50993377 0.50993377 0.47019868 0.53642384 0.45033113
  0.49668874 0.54966887 0.47682119 0.55629139 0.47682119 0.43708609
  0.47019868 0.52317881 0.50993377 0.49006623 0.49006623 0.49006623
  0.51655629 0.51655629 0.45033113 0.54304636 0.54304636 0.47682119
  0.48344371 0.49668874 0.45033113 0.56953642 0.52317881 0.50993377
  0.44370861 0.50331126 0.47682119 0.54304636 0.47019868 0.47682119
  0.47019868 0.53642384 0.50331126 0.47019868 0.52317881 0.45033113
  0.54966887 0.51655629 0.44370861 0.50331126 0.58278146 0.52980132
  0.45695364 0.45695364 0.50331126 0.52317881 0.49006623 0.53642384
  0.49006623 0.50331126 0.49006623 0.50331126 0.52317881 0.43708609
  0.52317881 0.50993377 0.50331126 0.52980132 0.52317881 0.71523179
  0.68874172 0.80794702 0.86092715 0.83443709]]
score: 0.5257040780759846
f1: 0.09879939969984992
mcc: 0.16272680242390192
Memory peak: 119256

2CDT.txt
Executed in: 16.06556749343872 seconds
ep: 0.15 percent_pool: 10 number of updts: 27
acc_percent: [[0.58552632 0.52980132 0.49006623 0.49006623 0.50331126 0.43708609
  0.57615894 0.44370861 0.52980132 0.48344371 0.47019868 0.50331126
  0.52980132 0.50993377 0.46357616 0.52317881 0.56953642 0.46357616
  0.43708609 0.53642384 0.50993377 0.51655629 0.48344371 0.51655629
  0.51655629 0.49668874 0.50331126 0.52980132 0.44370861 0.50331126
  0.50993377 0.50993377 0.50993377 0.47019868 0.53642384 0.45033113
  0.49668874 0.54966887 0.47682119 0.55629139 0.47682119 0.43708609
  0.47019868 0.52317881 0.50993377 0.49006623 0.49006623 0.49006623
  0.51655629 0.51655629 0.45033113 0.54304636 0.54304636 0.47682119
  0.48344371 0.49668874 0.45033113 0.56953642 0.52317881 0.50993377
  0.44370861 0.50331126 0.47682119 0.54304636 0.47019868 0.47682119
  0.47019868 0.53642384 0.50331126 0.47019868 0.52317881 0.45033113
  0.54966887 0.51655629 0.44370861 0.50331126 0.58278146 0.52980132
  0.45695364 0.45695364 0.50331126 0.52317881 0.49006623 0.53642384
  0.49006623 0.50331126 0.49006623 0.50331126 0.52317881 0.43708609
  0.52317881 0.50331126 0.48344371 0.50331126 0.50331126 0.49668874
  0.51655629 0.50993377 0.57615894 0.56953642]]
score: 0.5022128790519345
f1: 0.009168303863785199
mcc: 0.048041085834147935
Memory peak: 119256

2CDT.txt
Executed in: 20.66511869430542 seconds
ep: 0.15 percent_pool: 20 number of updts: 135
acc_percent: [[0.88157895 0.8807947  0.94039735 0.52980132 0.52317881 0.45695364
  0.57615894 0.44370861 0.52980132 0.48344371 0.47019868 0.50331126
  0.52980132 0.50993377 0.46357616 0.52317881 0.56953642 0.46357616
  0.43708609 0.53642384 0.50993377 0.51655629 0.48344371 0.51655629
  0.51655629 0.49668874 0.50331126 0.52980132 0.44370861 0.50331126
  0.50993377 0.50993377 0.50993377 0.47019868 0.53642384 0.45033113
  0.49668874 0.54966887 0.47682119 0.55629139 0.47682119 0.43708609
  0.47019868 0.52317881 0.50993377 0.49006623 0.49006623 0.49006623
  0.51655629 0.51655629 0.45033113 0.54304636 0.54304636 0.47682119
  0.48344371 0.49668874 0.45033113 0.56953642 0.52317881 0.50993377
  0.44370861 0.50331126 0.47682119 0.54304636 0.47019868 0.47682119
  0.47019868 0.53642384 0.50331126 0.47019868 0.52317881 0.45033113
  0.54966887 0.51655629 0.44370861 0.50331126 0.58278146 0.52980132
  0.45695364 0.45695364 0.50331126 0.52317881 0.49006623 0.53642384
  0.49006623 0.50331126 0.49006623 0.50331126 0.52317881 0.43708609
  0.52317881 0.50331126 0.50331126 0.52317881 0.50993377 0.60927152
  0.9205298  0.94701987 0.91390728 0.9602649 ]]
score: 0.5312661205995122
f1: 0.12074074074074073
mcc: 0.1763129561416329
Memory peak: 119256

2CDT.txt
Executed in: 22.844764232635498 seconds
ep: 0.15 percent_pool: 30 number of updts: 133
acc_percent: [[0.83552632 0.87417219 0.88741722 0.61589404 0.59602649 0.47682119
  0.58278146 0.44370861 0.52980132 0.48344371 0.47019868 0.50331126
  0.52980132 0.50993377 0.46357616 0.52317881 0.56953642 0.46357616
  0.43708609 0.53642384 0.50993377 0.51655629 0.48344371 0.51655629
  0.51655629 0.49668874 0.50331126 0.52980132 0.44370861 0.50331126
  0.50993377 0.50993377 0.50993377 0.47019868 0.53642384 0.45033113
  0.49668874 0.54966887 0.47682119 0.55629139 0.47682119 0.43708609
  0.47019868 0.52317881 0.50993377 0.49006623 0.49006623 0.49006623
  0.51655629 0.51655629 0.45033113 0.54304636 0.54304636 0.47682119
  0.48344371 0.49668874 0.45033113 0.56953642 0.52317881 0.50993377
  0.44370861 0.50331126 0.47682119 0.54304636 0.47019868 0.47682119
  0.47019868 0.53642384 0.50331126 0.47019868 0.52317881 0.45033113
  0.54966887 0.51655629 0.44370861 0.50331126 0.58278146 0.52980132
  0.45695364 0.45695364 0.50331126 0.52317881 0.49006623 0.53642384
  0.49006623 0.50331126 0.49006623 0.50331126 0.52980132 0.43708609
  0.52317881 0.50993377 0.49668874 0.51655629 0.50993377 0.71523179
  0.81456954 0.9205298  0.8807947  0.92715232]]
score: 0.5311367201115371
f1: 0.11920366019537529
mcc: 0.17819818690325562
Memory peak: 119256

