elec.txt
Executed in: 447.0402340888977 seconds
ep: 0.05 percent_pool: 10 number of updts: 11959
acc_percent: [[0.74712644 0.48659004 0.49425287 0.4559387  0.64615385 0.58237548
  0.5862069  0.83141762 0.85       0.70114943 0.75862069 0.72030651
  0.58461538 0.59386973 0.49042146 0.56321839 0.82692308 0.65900383
  0.54789272 0.63601533 0.61153846 0.62068966 0.8045977  0.64750958
  0.79230769 0.68965517 0.69348659 0.79310345 0.73846154 0.75862069
  0.70114943 0.60153257 0.65       0.60153257 0.74329502 0.6743295
  0.6        0.74712644 0.79693487 0.72030651 0.56923077 0.64750958
  0.64367816 0.63984674 0.78076923 0.60153257 0.63601533 0.55172414
  0.69230769 0.68199234 0.50191571 0.4789272  0.66538462 0.57088123
  0.61302682 0.68965517 0.69230769 0.42145594 0.75478927 0.62452107
  0.69230769 0.85057471 0.81226054 0.87356322 0.58846154 0.5210728
  0.67816092 0.77011494 0.64615385 0.71264368 0.47126437 0.61685824
  0.83846154 0.6743295  0.63218391 0.68582375 0.54615385 0.70114943
  0.72030651 0.69348659 0.69615385 0.77011494 0.76245211 0.75862069
  0.82692308 0.59003831 0.71264368 0.64750958 0.71538462 0.7816092
  0.72413793 0.68965517 0.60769231 0.57471264 0.55172414 0.70114943
  0.56538462 0.64750958 0.67049808 0.7164751 ]]
score: 0.6664146772767461
f1: 0.6413329124736649
mcc: 0.2969256173739956
Memory peak: 99944

elec.txt
Executed in: 1231.8846218585968 seconds
ep: 0.05 percent_pool: 20 number of updts: 12530
acc_percent: [[0.66283525 0.68199234 0.651341   0.67049808 0.51153846 0.61685824
  0.51724138 0.63984674 0.45769231 0.52873563 0.6091954  0.73180077
  0.6        0.59003831 0.651341   0.52490421 0.61153846 0.52873563
  0.70498084 0.61685824 0.53846154 0.63218391 0.83141762 0.71264368
  0.71538462 0.75862069 0.74329502 0.79693487 0.76153846 0.72796935
  0.5210728  0.76628352 0.69615385 0.72796935 0.76245211 0.59770115
  0.67307692 0.62835249 0.77777778 0.64750958 0.56923077 0.66666667
  0.63218391 0.62452107 0.56923077 0.54789272 0.5862069  0.56704981
  0.57692308 0.64750958 0.70114943 0.64367816 0.76923077 0.60153257
  0.57854406 0.55555556 0.74615385 0.44444444 0.56321839 0.43295019
  0.59615385 0.51724138 0.56321839 0.45210728 0.51153846 0.62452107
  0.64367816 0.49042146 0.51538462 0.59003831 0.44827586 0.56704981
  0.59615385 0.59770115 0.65517241 0.74712644 0.60769231 0.6743295
  0.68965517 0.79693487 0.64615385 0.68582375 0.67049808 0.70498084
  0.75769231 0.59003831 0.68582375 0.62452107 0.71923077 0.77011494
  0.64367816 0.61302682 0.49230769 0.5210728  0.54022989 0.55938697
  0.50769231 0.60153257 0.54789272 0.60536398]]
score: 0.6252010020630709
f1: 0.6244887934736281
mcc: 0.2679091284576729
Memory peak: 103108

elec.txt
Executed in: 1788.6184673309326 seconds
ep: 0.05 percent_pool: 30 number of updts: 12981
acc_percent: [[0.7164751  0.68199234 0.68199234 0.70498084 0.51538462 0.6091954
  0.54022989 0.62452107 0.43461538 0.5440613  0.5862069  0.70881226
  0.6        0.61685824 0.68965517 0.51340996 0.58076923 0.81609195
  0.56704981 0.78544061 0.74230769 0.63218391 0.83908046 0.69731801
  0.77692308 0.77777778 0.83141762 0.74712644 0.76923077 0.81992337
  0.63984674 0.67049808 0.66923077 0.73180077 0.78544061 0.73180077
  0.69230769 0.62452107 0.79693487 0.63984674 0.41923077 0.63218391
  0.651341   0.62452107 0.62692308 0.53639847 0.56704981 0.52873563
  0.65       0.63601533 0.48275862 0.66666667 0.71923077 0.70881226
  0.57088123 0.55555556 0.74230769 0.49042146 0.54789272 0.36781609
  0.56538462 0.51340996 0.55555556 0.47509579 0.51538462 0.62452107
  0.63984674 0.50191571 0.53076923 0.58237548 0.45210728 0.57471264
  0.60384615 0.60153257 0.65517241 0.74712644 0.6        0.6743295
  0.69348659 0.82758621 0.67692308 0.68582375 0.63984674 0.70114943
  0.75       0.5862069  0.67816092 0.61685824 0.65769231 0.8045977
  0.64367816 0.61302682 0.51923077 0.50574713 0.54022989 0.5440613
  0.52692308 0.58237548 0.63601533 0.6091954 ]]
score: 0.6330990274093723
f1: 0.6314471979115638
mcc: 0.2744372795714608
Memory peak: 103108

elec.txt
Executed in: 462.2558243274689 seconds
ep: 0.1 percent_pool: 10 number of updts: 12663
acc_percent: [[0.76245211 0.57088123 0.50191571 0.41762452 0.60384615 0.52873563
  0.57854406 0.86206897 0.87692308 0.70498084 0.7164751  0.61685824
  0.61538462 0.56321839 0.50191571 0.61685824 0.78846154 0.57854406
  0.55172414 0.76245211 0.73461538 0.62068966 0.64367816 0.651341
  0.71923077 0.71264368 0.76628352 0.60536398 0.69615385 0.76245211
  0.72413793 0.54789272 0.66923077 0.61302682 0.7816092  0.66666667
  0.68461538 0.73563218 0.79693487 0.69348659 0.59230769 0.64367816
  0.68582375 0.62452107 0.78076923 0.60153257 0.63984674 0.58237548
  0.69230769 0.68199234 0.44827586 0.4789272  0.70769231 0.57088123
  0.57854406 0.64367816 0.68846154 0.40613027 0.74329502 0.62452107
  0.63461538 0.83141762 0.79310345 0.81992337 0.60384615 0.68199234
  0.60536398 0.65900383 0.71153846 0.79693487 0.74712644 0.74329502
  0.80769231 0.57088123 0.5210728  0.50191571 0.63076923 0.62452107
  0.68199234 0.70114943 0.72692308 0.76628352 0.66283525 0.76245211
  0.73846154 0.63218391 0.66666667 0.63218391 0.70769231 0.78544061
  0.70114943 0.7394636  0.59615385 0.49808429 0.57854406 0.75095785
  0.57307692 0.70498084 0.65900383 0.78927203]]
score: 0.663010757441792
f1: 0.6300561747206932
mcc: 0.28640568123585847
Memory peak: 104772

elec.txt
Executed in: 852.3694486618042 seconds
ep: 0.1 percent_pool: 20 number of updts: 12524
acc_percent: [[0.67049808 0.69348659 0.64750958 0.6743295  0.55384615 0.55555556
  0.48659004 0.68965517 0.45384615 0.53639847 0.54789272 0.6743295
  0.59230769 0.59003831 0.64750958 0.50957854 0.58846154 0.52490421
  0.73180077 0.59003831 0.45769231 0.67816092 0.83141762 0.7164751
  0.71538462 0.76245211 0.70498084 0.82375479 0.77692308 0.8045977
  0.53639847 0.75862069 0.70384615 0.65900383 0.69731801 0.62068966
  0.66538462 0.59770115 0.79310345 0.73180077 0.60384615 0.5862069
  0.59770115 0.63218391 0.59615385 0.56704981 0.57854406 0.55555556
  0.57307692 0.60536398 0.70114943 0.67049808 0.76538462 0.5862069
  0.57471264 0.63218391 0.73846154 0.44444444 0.5440613  0.3256705
  0.55384615 0.54022989 0.57854406 0.45977011 0.51153846 0.6091954
  0.62835249 0.49042146 0.52692308 0.53639847 0.44061303 0.57088123
  0.62692308 0.6091954  0.67049808 0.76245211 0.61538462 0.67816092
  0.69348659 0.75095785 0.66153846 0.68965517 0.63601533 0.69348659
  0.67692308 0.59386973 0.67816092 0.59003831 0.66538462 0.81609195
  0.65900383 0.62835249 0.53461538 0.53639847 0.53256705 0.56321839
  0.52692308 0.59386973 0.57088123 0.5862069 ]]
score: 0.62159711170056
f1: 0.6212376608785433
mcc: 0.26472509144845185
Memory peak: 104816

elec.txt
Executed in: 1142.3986549377441 seconds
ep: 0.1 percent_pool: 30 number of updts: 10727
acc_percent: [[0.83524904 0.75862069 0.76245211 0.64750958 0.67692308 0.57471264
  0.62068966 0.70881226 0.77307692 0.71264368 0.74329502 0.65900383
  0.58461538 0.67816092 0.651341   0.72796935 0.61923077 0.82375479
  0.56704981 0.7164751  0.75384615 0.52490421 0.76245211 0.57854406
  0.52692308 0.55938697 0.69348659 0.5440613  0.62692308 0.63218391
  0.40996169 0.77394636 0.55384615 0.71264368 0.65900383 0.58237548
  0.68076923 0.70498084 0.61685824 0.5210728  0.56153846 0.6743295
  0.651341   0.63218391 0.77307692 0.53256705 0.55938697 0.4559387
  0.56538462 0.50191571 0.68199234 0.5862069  0.63076923 0.62068966
  0.34482759 0.46743295 0.55384615 0.45977011 0.44061303 0.39463602
  0.44230769 0.29501916 0.44827586 0.33333333 0.64230769 0.57471264
  0.49042146 0.39846743 0.45769231 0.4789272  0.51724138 0.66666667
  0.77307692 0.69348659 0.69348659 0.68199234 0.57692308 0.72413793
  0.79693487 0.85057471 0.76538462 0.75095785 0.90804598 0.88122605
  0.88461538 0.78927203 0.8697318  0.85057471 0.80384615 0.8467433
  0.76628352 0.8697318  0.81923077 0.78544061 0.68582375 0.70498084
  0.71923077 0.79310345 0.72796935 0.75862069]]
score: 0.6486500147362217
f1: 0.6355992405299331
mcc: 0.2718814013809032
Memory peak: 104816

elec.txt
Executed in: 447.9435067176819 seconds
ep: 0.15 percent_pool: 10 number of updts: 12142
acc_percent: [[0.76628352 0.57854406 0.49808429 0.42911877 0.58846154 0.54789272
  0.55938697 0.67049808 0.78461538 0.651341   0.76245211 0.5210728
  0.62692308 0.58237548 0.50191571 0.55172414 0.6        0.53639847
  0.54789272 0.58237548 0.60384615 0.7164751  0.78544061 0.651341
  0.81153846 0.73563218 0.66666667 0.72030651 0.70769231 0.73180077
  0.7816092  0.55555556 0.63846154 0.5440613  0.72796935 0.70881226
  0.67307692 0.58237548 0.80842912 0.66666667 0.58461538 0.66283525
  0.66666667 0.63984674 0.8        0.59003831 0.63218391 0.55555556
  0.68461538 0.68199234 0.44827586 0.4789272  0.63846154 0.64750958
  0.5210728  0.64367816 0.7        0.42145594 0.75095785 0.62452107
  0.67307692 0.77011494 0.80842912 0.87739464 0.81923077 0.72030651
  0.66283525 0.75478927 0.79615385 0.7164751  0.70498084 0.67049808
  0.86153846 0.70881226 0.6743295  0.73563218 0.55769231 0.72796935
  0.70114943 0.68965517 0.73076923 0.81992337 0.70881226 0.76245211
  0.75769231 0.59386973 0.7164751  0.651341   0.72307692 0.79693487
  0.70498084 0.61302682 0.61153846 0.43678161 0.68582375 0.78544061
  0.56538462 0.71264368 0.66666667 0.78544061]]
score: 0.6653846153846155
f1: 0.6397605738076653
mcc: 0.294550837928762
Memory peak: 104816

elec.txt
Executed in: 862.6605408191681 seconds
ep: 0.15 percent_pool: 20 number of updts: 12722
acc_percent: [[0.68199234 0.70114943 0.64367816 0.66283525 0.57307692 0.55172414
  0.5210728  0.66283525 0.45       0.59770115 0.58237548 0.66283525
  0.59230769 0.59003831 0.6743295  0.51340996 0.60769231 0.52490421
  0.74712644 0.65517241 0.58076923 0.63218391 0.83908046 0.70114943
  0.64615385 0.76245211 0.76245211 0.69731801 0.77307692 0.70881226
  0.52873563 0.77011494 0.71538462 0.73180077 0.77777778 0.61302682
  0.70384615 0.60536398 0.79310345 0.71264368 0.62692308 0.62452107
  0.65517241 0.69731801 0.65769231 0.53256705 0.6091954  0.55172414
  0.56923077 0.59003831 0.70881226 0.67049808 0.77307692 0.59770115
  0.56704981 0.59386973 0.71923077 0.44444444 0.54022989 0.37164751
  0.55769231 0.54789272 0.54022989 0.46360153 0.52307692 0.6091954
  0.63601533 0.50574713 0.52692308 0.52490421 0.44444444 0.57854406
  0.62307692 0.59003831 0.651341   0.75095785 0.60384615 0.6743295
  0.68965517 0.8045977  0.68461538 0.70114943 0.64367816 0.67049808
  0.71153846 0.58237548 0.69731801 0.5862069  0.66923077 0.80842912
  0.63601533 0.62835249 0.51923077 0.49808429 0.53639847 0.55938697
  0.50384615 0.65517241 0.57854406 0.59003831]]
score: 0.6265866489832007
f1: 0.6257252285122925
mcc: 0.267949187666872
Memory peak: 104816

elec.txt
Executed in: 1256.00905752182 seconds
ep: 0.15 percent_pool: 30 number of updts: 13056
acc_percent: [[0.651341   0.68199234 0.67816092 0.7164751  0.54615385 0.5210728
  0.54789272 0.64367816 0.48076923 0.57471264 0.61685824 0.70881226
  0.58461538 0.57854406 0.64367816 0.49808429 0.59230769 0.5210728
  0.72796935 0.62452107 0.47307692 0.68582375 0.82758621 0.70498084
  0.69615385 0.75095785 0.81609195 0.68965517 0.74615385 0.69348659
  0.57471264 0.68199234 0.65769231 0.73563218 0.79310345 0.62835249
  0.76538462 0.75095785 0.67049808 0.56321839 0.61538462 0.66666667
  0.65900383 0.64750958 0.65       0.51340996 0.6091954  0.53256705
  0.58461538 0.63218391 0.71264368 0.66283525 0.73846154 0.66666667
  0.56321839 0.54789272 0.75384615 0.44061303 0.54022989 0.37164751
  0.53076923 0.5440613  0.54789272 0.47509579 0.51923077 0.63601533
  0.62452107 0.49425287 0.52307692 0.59386973 0.4559387  0.59003831
  0.62692308 0.61302682 0.66666667 0.74712644 0.59615385 0.67816092
  0.71264368 0.83908046 0.67692308 0.69348659 0.65900383 0.7164751
  0.75384615 0.59770115 0.69348659 0.63601533 0.66153846 0.81226054
  0.64750958 0.63601533 0.53846154 0.50191571 0.53639847 0.55172414
  0.51923077 0.5862069  0.50957854 0.59003831]]
score: 0.6268517536103743
f1: 0.6254781553963646
mcc: 0.26461765775859586
Memory peak: 104816

