keystroke.txt
Executed in: 6.547083139419556 seconds
ep: 0.05 percent_pool: 10 number of updts: 858
acc_percent: [[0.53333333 0.42857143 0.42857143 0.5        0.4        0.21428571
  0.28571429 0.35714286 0.28571429 0.26666667 0.21428571 0.21428571
  0.28571429 0.21428571 0.2        0.28571429 0.21428571 0.21428571
  0.28571429 0.26666667 0.28571429 0.21428571 0.21428571 0.21428571
  0.26666667 0.28571429 0.21428571 0.35714286 0.21428571 0.2
  0.28571429 0.28571429 0.28571429 0.21428571 0.2        0.14285714
  0.28571429 0.21428571 0.21428571 0.26666667 0.28571429 0.21428571
  0.21428571 0.21428571 0.26666667 0.21428571 0.21428571 0.21428571
  0.21428571 0.26666667 0.21428571 0.28571429 0.28571429 0.28571429
  0.26666667 0.28571429 0.28571429 0.21428571 0.28571429 0.26666667
  0.21428571 0.21428571 0.35714286 0.14285714 0.2        0.21428571
  0.28571429 0.21428571 0.21428571 0.2        0.28571429 0.21428571
  0.28571429 0.28571429 0.26666667 0.21428571 0.28571429 0.28571429
  0.14285714 0.33333333 0.28571429 0.28571429 0.21428571 0.28571429
  0.26666667 0.28571429 0.21428571 0.28571429 0.28571429 0.26666667
  0.14285714 0.28571429 0.28571429 0.21428571 0.26666667 0.28571429
  0.14285714 0.28571429 0.14285714 0.06666667]]
score: 0.25604761904761897
f1: 0.19779998455037653
mcc: 0.012263170980271954
Memory peak: 78088

keystroke.txt
Executed in: 4.661084890365601 seconds
ep: 0.05 percent_pool: 20 number of updts: 383
acc_percent: [[0.6        0.5        0.21428571 0.28571429 0.46666667 0.28571429
  0.57142857 0.42857143 0.57142857 0.66666667 0.35714286 0.5
  0.5        0.42857143 0.46666667 0.5        0.5        0.5
  0.5        0.53333333 0.5        0.42857143 0.5        0.5
  0.46666667 0.57142857 0.21428571 0.35714286 0.28571429 0.2
  0.28571429 0.28571429 0.28571429 0.21428571 0.06666667 0.14285714
  0.28571429 0.21428571 0.21428571 0.33333333 0.21428571 0.21428571
  0.21428571 0.07142857 0.26666667 0.21428571 0.21428571 0.28571429
  0.57142857 0.4        0.42857143 0.42857143 0.5        0.42857143
  0.53333333 0.57142857 0.5        0.5        0.42857143 0.46666667
  0.42857143 0.5        0.42857143 0.57142857 0.46666667 0.57142857
  0.5        0.57142857 0.5        0.46666667 0.35714286 0.28571429
  0.21428571 0.21428571 0.2        0.42857143 0.42857143 0.5
  0.57142857 0.46666667 0.35714286 0.42857143 0.57142857 0.42857143
  0.46666667 0.42857143 0.57142857 0.64285714 0.5        0.53333333
  0.5        0.42857143 0.5        0.5        0.4        0.5
  0.42857143 0.57142857 0.5        0.4       ]]
score: 0.4150952380952381
f1: 0.30789093535572415
mcc: 0.26923266790622047
Memory peak: 78928

keystroke.txt
Executed in: 4.840458869934082 seconds
ep: 0.05 percent_pool: 30 number of updts: 349
acc_percent: [[0.6        0.35714286 0.42857143 0.57142857 0.53333333 0.5
  0.57142857 0.57142857 0.64285714 0.53333333 0.42857143 0.5
  0.57142857 0.42857143 0.4        0.57142857 0.5        0.42857143
  0.42857143 0.46666667 0.5        0.35714286 0.5        0.5
  0.46666667 0.5        0.42857143 0.35714286 0.5        0.46666667
  0.57142857 0.57142857 0.5        0.42857143 0.46666667 0.42857143
  0.5        0.42857143 0.5        0.53333333 0.42857143 0.5
  0.42857143 0.42857143 0.53333333 0.42857143 0.57142857 0.42857143
  0.57142857 0.4        0.5        0.5        0.5        0.42857143
  0.53333333 0.57142857 0.5        0.5        0.35714286 0.46666667
  0.5        0.5        0.5        0.57142857 0.46666667 0.64285714
  0.5        0.57142857 0.57142857 0.4        0.42857143 0.5
  0.42857143 0.5        0.46666667 0.42857143 0.42857143 0.57142857
  0.5        0.46666667 0.35714286 0.42857143 0.57142857 0.42857143
  0.4        0.42857143 0.5        0.64285714 0.5        0.53333333
  0.5        0.42857143 0.5        0.57142857 0.33333333 0.5
  0.5        0.57142857 0.42857143 0.33333333]]
score: 0.4851428571428572
f1: 0.40384919270187636
mcc: 0.3464574936076696
Memory peak: 79456

keystroke.txt
Executed in: 3.103564739227295 seconds
ep: 0.1 percent_pool: 10 number of updts: 253
acc_percent: [[0.46666667 0.35714286 0.21428571 0.28571429 0.26666667 0.21428571
  0.21428571 0.21428571 0.28571429 0.2        0.28571429 0.14285714
  0.21428571 0.21428571 0.2        0.35714286 0.21428571 0.21428571
  0.28571429 0.26666667 0.28571429 0.21428571 0.21428571 0.21428571
  0.26666667 0.28571429 0.21428571 0.35714286 0.21428571 0.2
  0.28571429 0.28571429 0.28571429 0.21428571 0.2        0.14285714
  0.28571429 0.21428571 0.21428571 0.33333333 0.28571429 0.21428571
  0.21428571 0.14285714 0.26666667 0.21428571 0.21428571 0.14285714
  0.28571429 0.2        0.28571429 0.28571429 0.21428571 0.21428571
  0.26666667 0.28571429 0.21428571 0.21428571 0.28571429 0.2
  0.28571429 0.21428571 0.21428571 0.28571429 0.26666667 0.35714286
  0.28571429 0.21428571 0.35714286 0.26666667 0.28571429 0.28571429
  0.21428571 0.21428571 0.2        0.21428571 0.21428571 0.28571429
  0.21428571 0.2        0.21428571 0.21428571 0.28571429 0.21428571
  0.26666667 0.28571429 0.35714286 0.35714286 0.21428571 0.26666667
  0.28571429 0.21428571 0.21428571 0.28571429 0.26666667 0.28571429
  0.21428571 0.28571429 0.28571429 0.26666667]]
score: 0.25047619047619046
f1: 0.11843911275857166
mcc: 0.012619207003267605
Memory peak: 79584

keystroke.txt
Executed in: 3.3486125469207764 seconds
ep: 0.1 percent_pool: 20 number of updts: 248
acc_percent: [[0.6        0.35714286 0.42857143 0.57142857 0.53333333 0.42857143
  0.5        0.57142857 0.64285714 0.53333333 0.64285714 0.35714286
  0.28571429 0.21428571 0.2        0.35714286 0.21428571 0.21428571
  0.28571429 0.26666667 0.28571429 0.28571429 0.21428571 0.21428571
  0.26666667 0.28571429 0.21428571 0.35714286 0.21428571 0.26666667
  0.28571429 0.28571429 0.28571429 0.21428571 0.26666667 0.14285714
  0.28571429 0.28571429 0.21428571 0.4        0.28571429 0.21428571
  0.28571429 0.14285714 0.26666667 0.21428571 0.21428571 0.21428571
  0.28571429 0.2        0.28571429 0.21428571 0.35714286 0.21428571
  0.26666667 0.28571429 0.21428571 0.21428571 0.28571429 0.2
  0.28571429 0.28571429 0.28571429 0.28571429 0.26666667 0.35714286
  0.35714286 0.28571429 0.35714286 0.53333333 0.5        0.57142857
  0.42857143 0.21428571 0.13333333 0.42857143 0.5        0.42857143
  0.5        0.33333333 0.5        0.5        0.5        0.5
  0.46666667 0.35714286 0.57142857 0.35714286 0.28571429 0.33333333
  0.64285714 0.5        0.42857143 0.35714286 0.53333333 0.5
  0.42857143 0.5        0.57142857 0.46666667]]
score: 0.3497619047619047
f1: 0.26541106236806267
mcc: 0.18572916090729355
Memory peak: 79720

keystroke.txt
Executed in: 5.192742109298706 seconds
ep: 0.1 percent_pool: 30 number of updts: 403
acc_percent: [[0.6        0.5        0.42857143 0.57142857 0.53333333 0.5
  0.57142857 0.5        0.57142857 0.53333333 0.5        0.42857143
  0.57142857 0.42857143 0.4        0.64285714 0.5        0.5
  0.5        0.26666667 0.42857143 0.35714286 0.42857143 0.5
  0.46666667 0.57142857 0.5        0.5        0.5        0.46666667
  0.57142857 0.57142857 0.5        0.42857143 0.53333333 0.42857143
  0.5        0.42857143 0.5        0.53333333 0.5        0.5
  0.42857143 0.35714286 0.53333333 0.42857143 0.57142857 0.5
  0.57142857 0.4        0.5        0.5        0.5        0.42857143
  0.53333333 0.57142857 0.5        0.5        0.42857143 0.46666667
  0.5        0.5        0.5        0.64285714 0.46666667 0.57142857
  0.57142857 0.57142857 0.64285714 0.53333333 0.5        0.57142857
  0.42857143 0.42857143 0.46666667 0.42857143 0.42857143 0.71428571
  0.5        0.53333333 0.42857143 0.42857143 0.57142857 0.42857143
  0.4        0.42857143 0.57142857 0.64285714 0.5        0.53333333
  0.5        0.42857143 0.5        0.57142857 0.46666667 0.5
  0.42857143 0.57142857 0.5        0.4       ]]
score: 0.49780952380952376
f1: 0.3743251757177637
mcc: 0.4014002628629034
Memory peak: 79772

keystroke.txt
Executed in: 4.526340961456299 seconds
ep: 0.15 percent_pool: 10 number of updts: 455
acc_percent: [[0.53333333 0.35714286 0.35714286 0.35714286 0.33333333 0.28571429
  0.28571429 0.35714286 0.14285714 0.2        0.14285714 0.21428571
  0.28571429 0.21428571 0.2        0.21428571 0.21428571 0.28571429
  0.21428571 0.26666667 0.21428571 0.28571429 0.28571429 0.21428571
  0.26666667 0.21428571 0.28571429 0.21428571 0.21428571 0.26666667
  0.21428571 0.21428571 0.28571429 0.28571429 0.26666667 0.28571429
  0.28571429 0.28571429 0.21428571 0.2        0.21428571 0.28571429
  0.28571429 0.21428571 0.26666667 0.28571429 0.14285714 0.28571429
  0.21428571 0.26666667 0.28571429 0.21428571 0.21428571 0.28571429
  0.2        0.14285714 0.21428571 0.28571429 0.21428571 0.26666667
  0.28571429 0.28571429 0.14285714 0.28571429 0.26666667 0.28571429
  0.28571429 0.21428571 0.28571429 0.33333333 0.28571429 0.28571429
  0.21428571 0.21428571 0.2        0.21428571 0.21428571 0.28571429
  0.21428571 0.2        0.21428571 0.21428571 0.28571429 0.21428571
  0.26666667 0.28571429 0.28571429 0.28571429 0.21428571 0.2
  0.28571429 0.21428571 0.21428571 0.28571429 0.26666667 0.28571429
  0.21428571 0.28571429 0.28571429 0.26666667]]
score: 0.2531904761904762
f1: 0.18823617870755013
mcc: 0.007177284784630269
Memory peak: 79772

keystroke.txt
Executed in: 4.605203628540039 seconds
ep: 0.15 percent_pool: 20 number of updts: 406
acc_percent: [[0.53333333 0.07142857 0.21428571 0.21428571 0.         0.
  0.14285714 0.14285714 0.21428571 0.6        0.5        0.5
  0.35714286 0.28571429 0.33333333 0.42857143 0.35714286 0.21428571
  0.5        0.33333333 0.21428571 0.07142857 0.14285714 0.14285714
  0.4        0.5        0.35714286 0.5        0.5        0.46666667
  0.5        0.42857143 0.42857143 0.42857143 0.06666667 0.21428571
  0.5        0.5        0.5        0.46666667 0.57142857 0.35714286
  0.35714286 0.42857143 0.46666667 0.5        0.35714286 0.14285714
  0.07142857 0.2        0.28571429 0.21428571 0.21428571 0.21428571
  0.26666667 0.28571429 0.21428571 0.21428571 0.28571429 0.2
  0.21428571 0.14285714 0.14285714 0.35714286 0.26666667 0.35714286
  0.28571429 0.21428571 0.42857143 0.2        0.28571429 0.28571429
  0.21428571 0.21428571 0.2        0.14285714 0.21428571 0.42857143
  0.35714286 0.26666667 0.5        0.5        0.5        0.5
  0.46666667 0.57142857 0.57142857 0.64285714 0.42857143 0.53333333
  0.42857143 0.5        0.42857143 0.57142857 0.46666667 0.42857143
  0.57142857 0.35714286 0.5        0.53333333]]
score: 0.3433809523809523
f1: 0.2692878982106086
mcc: 0.14592524199470744
Memory peak: 79788

keystroke.txt
Executed in: 3.6073150634765625 seconds
ep: 0.15 percent_pool: 30 number of updts: 205
acc_percent: [[0.6        0.42857143 0.42857143 0.57142857 0.4        0.5
  0.42857143 0.5        0.5        0.53333333 0.5        0.5
  0.5        0.42857143 0.46666667 0.57142857 0.5        0.42857143
  0.5        0.46666667 0.5        0.21428571 0.42857143 0.5
  0.46666667 0.57142857 0.5        0.5        0.42857143 0.46666667
  0.57142857 0.57142857 0.5        0.42857143 0.46666667 0.42857143
  0.5        0.42857143 0.5        0.53333333 0.5        0.5
  0.42857143 0.42857143 0.53333333 0.42857143 0.42857143 0.5
  0.57142857 0.33333333 0.42857143 0.42857143 0.5        0.42857143
  0.53333333 0.57142857 0.5        0.5        0.42857143 0.46666667
  0.5        0.5        0.5        0.64285714 0.53333333 0.64285714
  0.5        0.57142857 0.64285714 0.46666667 0.5        0.5
  0.42857143 0.5        0.4        0.5        0.42857143 0.71428571
  0.42857143 0.46666667 0.42857143 0.42857143 0.57142857 0.42857143
  0.4        0.42857143 0.57142857 0.57142857 0.5        0.46666667
  0.5        0.42857143 0.5        0.57142857 0.4        0.5
  0.42857143 0.57142857 0.5        0.46666667]]
score: 0.4872380952380952
f1: 0.3760757278442709
mcc: 0.40464971153631546
Memory peak: 79788

