1CDT.txt
Executed in: 16.283833265304565 seconds
ep: 0.05 percent_pool: 10 number of updts: 12
acc_percent: [[0.96052632 0.95364238 0.96688742 0.9602649  0.98675497 0.9602649
  0.9602649  0.98013245 0.97350993 0.94701987 0.97350993 0.95364238
  0.98013245 0.96688742 0.9602649  0.96688742 0.95364238 0.96688742
  0.97350993 0.9205298  0.94039735 0.92715232 0.95364238 0.92715232
  0.97350993 0.95364238 0.97350993 0.95364238 0.98013245 0.96688742
  0.9602649  0.96688742 0.94701987 0.9602649  0.9602649  0.97350993
  0.97350993 0.96688742 0.97350993 0.97350993 0.98675497 0.96688742
  0.9602649  0.98013245 0.97350993 0.90066225 0.96688742 0.98675497
  0.99337748 0.98675497 0.96688742 0.99337748 0.96688742 0.95364238
  0.95364238 0.95364238 0.9602649  0.96688742 0.96688742 0.9602649
  0.98013245 0.96688742 0.98013245 0.96688742 0.95364238 0.9602649
  0.97350993 0.9602649  0.98675497 0.97350993 0.96688742 0.97350993
  0.97350993 0.97350993 0.94701987 0.9205298  0.96688742 0.95364238
  0.95364238 0.96688742 0.98013245 0.9602649  0.98675497 0.9602649
  0.9602649  0.96688742 0.9602649  0.97350993 0.9602649  0.97350993
  0.9602649  0.97350993 0.96688742 0.94039735 0.97350993 0.94701987
  0.98013245 0.9602649  0.98013245 0.98675497]]
score: 0.9646383757406762
f1: 0.9635235562828118
mcc: 0.931899834010304
Memory peak: 84896

1CDT.txt
Executed in: 17.547952890396118 seconds
ep: 0.05 percent_pool: 20 number of updts: 39
acc_percent: [[0.96052632 0.95364238 0.96688742 0.96688742 0.98675497 0.9602649
  0.98675497 1.         1.         1.         1.         0.99337748
  1.         1.         1.         1.         1.         1.
  1.         0.99337748 0.99337748 1.         1.         1.
  1.         1.         1.         1.         1.         0.99337748
  1.         1.         1.         0.99337748 1.         1.
  1.         1.         1.         1.         1.         1.
  1.         1.         1.         1.         1.         1.
  1.         1.         0.99337748 1.         0.99337748 0.98675497
  1.         1.         1.         1.         1.         1.
  1.         1.         1.         1.         1.         1.
  1.         1.         1.         1.         1.         1.
  1.         1.         0.99337748 1.         1.         1.
  1.         1.         0.99337748 1.         1.         1.
  1.         1.         1.         1.         1.         1.
  1.         1.         1.         1.         1.         0.98675497
  0.99337748 0.93377483 0.89403974 0.93377483]]
score: 0.9945059254095505
f1: 0.9945376768673906
mcc: 0.9890791614177781
Memory peak: 91312

1CDT.txt
Executed in: 17.76864743232727 seconds
ep: 0.05 percent_pool: 30 number of updts: 28
acc_percent: [[0.96710526 0.96688742 0.96688742 0.96688742 0.99337748 0.96688742
  0.9602649  0.98675497 0.97350993 0.9602649  0.97350993 0.96688742
  1.         0.99337748 1.         1.         1.         1.
  1.         0.99337748 1.         1.         1.         1.
  1.         1.         1.         1.         1.         1.
  1.         1.         1.         0.99337748 1.         1.
  1.         1.         1.         1.         1.         1.
  1.         1.         1.         1.         1.         1.
  1.         1.         1.         1.         0.99337748 0.99337748
  1.         1.         1.         1.         1.         1.
  1.         1.         1.         1.         1.         1.
  1.         1.         1.         1.         1.         1.
  1.         1.         1.         1.         1.         1.
  1.         1.         1.         1.         1.         1.
  1.         1.         1.         1.         1.         0.99337748
  1.         1.         0.99337748 0.99337748 0.99337748 0.97350993
  0.97350993 0.90728477 0.8807947  0.91390728]]
score: 0.9923862844196586
f1: 0.9924337127442595
mcc: 0.9848684295781547
Memory peak: 91312

1CDT.txt
Executed in: 16.4198637008667 seconds
ep: 0.1 percent_pool: 10 number of updts: 10
acc_percent: [[0.98684211 0.98675497 0.98013245 0.98675497 0.98675497 0.98013245
  0.97350993 0.98675497 0.97350993 0.97350993 0.98675497 0.98675497
  0.96688742 0.99337748 0.98675497 0.98013245 0.99337748 0.99337748
  0.95364238 0.96688742 0.98013245 0.96688742 0.98013245 0.99337748
  1.         0.98675497 0.99337748 0.96688742 0.97350993 0.98013245
  0.98013245 0.98675497 0.97350993 0.98675497 0.99337748 0.97350993
  1.         1.         0.99337748 0.98013245 0.97350993 0.98013245
  0.96688742 0.98013245 0.98013245 0.98675497 0.98675497 0.97350993
  0.98675497 0.98675497 0.98013245 0.98675497 0.98675497 0.98675497
  0.98675497 0.99337748 0.96688742 0.97350993 0.99337748 0.99337748
  0.98013245 0.97350993 0.99337748 0.98013245 0.98675497 0.99337748
  0.99337748 0.96688742 1.         0.99337748 0.97350993 0.98675497
  0.98675497 0.98675497 0.97350993 0.9602649  0.97350993 0.97350993
  0.99337748 0.9602649  0.97350993 0.97350993 0.99337748 0.96688742
  0.97350993 0.98013245 0.98013245 0.98675497 0.9602649  0.97350993
  0.99337748 0.96688742 0.96688742 0.97350993 0.96688742 0.96688742
  0.94701987 0.94039735 0.92715232 0.92715232]]
score: 0.9792723945625655
f1: 0.9787746903247405
mcc: 0.9588725528446783
Memory peak: 91392

1CDT.txt
Executed in: 17.46152353286743 seconds
ep: 0.1 percent_pool: 20 number of updts: 34
acc_percent: [[0.97368421 0.97350993 0.98013245 0.96688742 0.99337748 0.97350993
  0.9602649  0.96688742 0.9602649  0.97350993 1.         0.99337748
  1.         1.         1.         1.         1.         1.
  1.         0.99337748 0.99337748 1.         0.99337748 1.
  1.         1.         1.         1.         1.         0.99337748
  0.99337748 1.         1.         0.98675497 1.         0.99337748
  1.         1.         1.         1.         1.         1.
  1.         1.         1.         1.         1.         1.
  1.         1.         0.99337748 1.         0.99337748 0.99337748
  1.         1.         1.         1.         1.         1.
  1.         1.         1.         1.         1.         1.
  1.         1.         0.99337748 1.         1.         1.
  1.         1.         0.99337748 0.98675497 1.         1.
  1.         1.         0.98675497 0.98675497 1.         1.
  0.99337748 1.         1.         1.         1.         1.
  1.         1.         1.         0.99337748 1.         0.99337748
  1.         0.99337748 0.98675497 0.98675497]]
score: 0.9953659811781109
f1: 0.995377096816801
mcc: 0.9908183272280571
Memory peak: 91488

1CDT.txt
Executed in: 20.545207023620605 seconds
ep: 0.1 percent_pool: 30 number of updts: 78
acc_percent: [[0.98684211 0.98013245 0.99337748 0.99337748 1.         0.98013245
  0.99337748 1.         1.         1.         1.         0.99337748
  1.         1.         1.         1.         1.         1.
  1.         0.99337748 0.99337748 1.         1.         1.
  1.         0.99337748 1.         1.         0.99337748 0.99337748
  1.         1.         0.99337748 0.98675497 1.         1.
  1.         0.98675497 1.         0.99337748 1.         1.
  1.         1.         1.         0.99337748 0.98675497 1.
  0.99337748 1.         0.98675497 1.         0.99337748 0.98013245
  1.         1.         0.98675497 1.         1.         0.99337748
  1.         0.99337748 1.         0.98675497 1.         0.99337748
  1.         0.99337748 0.98675497 0.99337748 0.99337748 1.
  0.99337748 1.         1.         1.         0.99337748 0.99337748
  0.99337748 1.         1.         1.         1.         1.
  1.         1.         1.         1.         1.         1.
  1.         1.         1.         1.         1.         0.99337748
  0.99337748 0.9602649  0.94701987 0.97350993]]
score: 0.9954313349599164
f1: 0.995451848922286
mcc: 0.9909282667391436
Memory peak: 91752

1CDT.txt
Executed in: 16.203583002090454 seconds
ep: 0.15 percent_pool: 10 number of updts: 13
acc_percent: [[0.96052632 0.95364238 0.96688742 0.9602649  0.99337748 0.97350993
  1.         1.         1.         1.         1.         0.99337748
  1.         1.         1.         1.         1.         1.
  1.         0.99337748 1.         1.         1.         1.
  1.         1.         1.         1.         1.         1.
  1.         1.         1.         0.99337748 1.         1.
  1.         1.         1.         1.         1.         1.
  1.         1.         1.         1.         1.         1.
  1.         1.         1.         1.         1.         1.
  1.         1.         1.         1.         1.         1.
  1.         1.         1.         1.         1.         1.
  1.         1.         1.         1.         1.         1.
  1.         1.         1.         1.         1.         1.
  1.         1.         1.         1.         1.         1.
  1.         1.         1.         1.         1.         0.99337748
  1.         1.         0.98675497 0.99337748 0.98013245 0.9602649
  0.9602649  0.86754967 0.88741722 0.89403974]]
score: 0.9931151969327294
f1: 0.9931758530183727
mcc: 0.9863294506410148
Memory peak: 91856

1CDT.txt
Executed in: 16.830338954925537 seconds
ep: 0.15 percent_pool: 20 number of updts: 23
acc_percent: [[0.98684211 1.         1.         1.         1.         0.98675497
  0.99337748 1.         1.         0.98675497 0.99337748 0.98675497
  1.         0.99337748 0.99337748 0.99337748 1.         0.99337748
  0.99337748 0.98675497 0.99337748 1.         0.99337748 0.99337748
  1.         1.         1.         0.99337748 1.         0.99337748
  0.98675497 1.         0.98013245 0.98675497 1.         0.99337748
  1.         1.         1.         1.         1.         1.
  1.         0.99337748 0.98675497 0.99337748 1.         0.99337748
  1.         1.         0.99337748 1.         0.98675497 0.98675497
  1.         1.         1.         0.99337748 1.         0.99337748
  1.         0.99337748 1.         0.99337748 0.99337748 1.
  0.99337748 0.98013245 0.99337748 1.         0.99337748 0.99337748
  1.         1.         0.99337748 0.99337748 0.99337748 1.
  1.         1.         0.99337748 0.99337748 1.         1.
  1.         1.         1.         1.         1.         1.
  1.         1.         1.         1.         1.         0.98675497
  0.99337748 0.93377483 0.94039735 0.9602649 ]]
score: 0.9943717323109098
f1: 0.9943972051941203
mcc: 0.9888229882545032
Memory peak: 92120

1CDT.txt
Executed in: 19.29618215560913 seconds
ep: 0.15 percent_pool: 30 number of updts: 54
acc_percent: [[0.96710526 0.96688742 0.96688742 0.96688742 0.99337748 0.96688742
  0.95364238 0.96688742 0.98013245 0.98675497 1.         0.99337748
  1.         1.         1.         1.         1.         0.99337748
  0.98675497 0.98013245 0.99337748 1.         1.         0.99337748
  1.         1.         1.         1.         1.         1.
  1.         1.         1.         0.99337748 1.         1.
  1.         1.         1.         1.         1.         1.
  1.         1.         1.         1.         1.         1.
  1.         1.         0.99337748 1.         1.         1.
  1.         1.         1.         1.         1.         1.
  1.         1.         1.         1.         1.         1.
  1.         1.         1.         1.         1.         1.
  1.         1.         1.         1.         1.         1.
  1.         1.         1.         1.         1.         1.
  1.         1.         1.         1.         1.         1.
  1.         1.         1.         1.         1.         0.98675497
  0.98013245 0.91390728 0.90728477 0.94039735]]
score: 0.9937107877309168
f1: 0.9937446500296305
mcc: 0.987501444666432
Memory peak: 92120

