1CSurr.txt
Executed in: 78.68016338348389 seconds
ep: 0.05 percent_pool: 10 number of updts: 305
acc_percent: [[0.88380952 0.88358779 0.82251908 0.88549618 0.90458015 0.92761905
  0.96183206 0.92175573 0.86450382 0.85114504 0.8247619  0.83778626
  0.8740458  0.85305344 0.79389313 0.78666667 0.74618321 0.75572519
  0.78625954 0.8148855  0.77099237 0.6952381  0.57251908 0.54389313
  0.5610687  0.54198473 0.51619048 0.50572519 0.46183206 0.51335878
  0.49045802 0.4647619  0.53435115 0.51145038 0.52099237 0.5019084
  0.51238095 0.51908397 0.50572519 0.52480916 0.53053435 0.50954198
  0.55428571 0.53435115 0.47519084 0.5019084  0.54007634 0.47619048
  0.52099237 0.54198473 0.54007634 0.49427481 0.49904762 0.51526718
  0.50381679 0.51526718 0.52480916 0.49904762 0.46755725 0.50954198
  0.4980916  0.50954198 0.51717557 0.49142857 0.49427481 0.51335878
  0.4980916  0.47328244 0.51619048 0.47900763 0.51335878 0.53244275
  0.64694656 0.51809524 0.48854962 0.66412214 0.71183206 0.8110687
  0.86666667 0.8129771  0.84541985 0.87022901 0.90648855 0.93129771
  0.89904762 0.8721374  0.81870229 0.73091603 0.60305344 0.4552381
  0.39122137 0.38549618 0.36641221 0.3721374  0.42285714 0.42366412
  0.38358779 0.44656489 0.47328244 0.46095238]]
score: 0.6161780443475099
f1: 0.3847022555931997
mcc: 0.12189792355081647
Memory peak: 102876

1CSurr.txt
Executed in: 124.67776846885681 seconds
ep: 0.05 percent_pool: 20 number of updts: 524
acc_percent: [[0.95047619 0.90458015 0.77671756 0.88740458 0.88358779 0.90285714
  0.90458015 0.89312977 0.90458015 0.89122137 0.76       0.77099237
  0.72900763 0.64503817 0.61641221 0.57904762 0.48854962 0.46564885
  0.45229008 0.43129771 0.43320611 0.50285714 0.46755725 0.45992366
  0.45229008 0.4389313  0.44       0.41603053 0.39503817 0.43320611
  0.40076336 0.36       0.40458015 0.41793893 0.45229008 0.45992366
  0.50285714 0.41412214 0.34160305 0.3778626  0.39122137 0.37022901
  0.41714286 0.39122137 0.3759542  0.35687023 0.41793893 0.34095238
  0.3721374  0.36068702 0.33396947 0.31679389 0.30095238 0.34351145
  0.32633588 0.37022901 0.40076336 0.4        0.40076336 0.42748092
  0.44847328 0.49427481 0.50381679 0.40761905 0.36450382 0.3740458
  0.40648855 0.40267176 0.46666667 0.41984733 0.44083969 0.5
  0.53244275 0.76380952 0.83969466 0.80916031 0.73091603 0.72519084
  0.72       0.6889313  0.68129771 0.71374046 0.70992366 0.76526718
  0.73142857 0.72900763 0.76717557 0.79580153 0.78053435 0.66285714
  0.52480916 0.45801527 0.36068702 0.20992366 0.21714286 0.20038168
  0.1851145  0.21755725 0.21946565 0.22285714]]
score: 0.5201593602326426
f1: 0.3318754141815772
mcc: -0.042349180204794
Memory peak: 114396

1CSurr.txt
Executed in: 189.63683009147644 seconds
ep: 0.05 percent_pool: 30 number of updts: 710
acc_percent: [[0.92952381 0.90839695 0.90267176 0.90458015 0.8778626  0.90666667
  0.88740458 0.84351145 0.80152672 0.8129771  0.87809524 0.88931298
  0.88167939 0.8721374  0.76526718 0.70095238 0.53625954 0.54389313
  0.45992366 0.5        0.48282443 0.5752381  0.52480916 0.51335878
  0.51145038 0.50954198 0.52952381 0.47709924 0.39312977 0.45610687
  0.45419847 0.50285714 0.49618321 0.52099237 0.54389313 0.52671756
  0.54666667 0.44465649 0.53625954 0.58778626 0.57442748 0.55916031
  0.56380952 0.53625954 0.47328244 0.51145038 0.58206107 0.51619048
  0.41221374 0.4389313  0.36068702 0.34351145 0.34857143 0.40839695
  0.36641221 0.4351145  0.46755725 0.47047619 0.50954198 0.43320611
  0.41412214 0.47519084 0.45038168 0.42095238 0.5019084  0.48854962
  0.46755725 0.47137405 0.53333333 0.51717557 0.55152672 0.56870229
  0.52099237 0.60571429 0.82824427 0.76335878 0.75381679 0.78625954
  0.78095238 0.80343511 0.81679389 0.79389313 0.78625954 0.80725191
  0.79238095 0.8148855  0.8129771  0.77099237 0.73664122 0.76
  0.61832061 0.40267176 0.26908397 0.19274809 0.23238095 0.26717557
  0.29389313 0.34923664 0.33778626 0.32380952]]
score: 0.5812992729916394
f1: 0.3666263464086171
mcc: 0.06012961142161697
Memory peak: 117524

1CSurr.txt
Executed in: 74.92218923568726 seconds
ep: 0.1 percent_pool: 10 number of updts: 263
acc_percent: [[0.93333333 0.95992366 0.97137405 0.9351145  0.86641221 0.84380952
  0.85496183 0.77290076 0.69083969 0.67175573 0.60952381 0.58206107
  0.48473282 0.44274809 0.45419847 0.54285714 0.49427481 0.50572519
  0.47137405 0.48473282 0.44847328 0.51238095 0.53435115 0.54580153
  0.54961832 0.53625954 0.56380952 0.5610687  0.50381679 0.55725191
  0.54770992 0.53142857 0.55916031 0.56870229 0.58206107 0.55152672
  0.55428571 0.55343511 0.56870229 0.56679389 0.57061069 0.5629771
  0.5752381  0.57824427 0.5610687  0.56870229 0.59541985 0.57333333
  0.59160305 0.60114504 0.57633588 0.55534351 0.56571429 0.58969466
  0.57824427 0.60114504 0.60877863 0.60952381 0.60114504 0.6278626
  0.54770992 0.57633588 0.58396947 0.56380952 0.54389313 0.58587786
  0.56679389 0.57633588 0.66285714 0.67175573 0.81679389 0.89885496
  0.95229008 0.95619048 0.9389313  0.92557252 0.95801527 0.97709924
  0.97904762 0.95229008 0.94274809 0.95038168 0.98664122 0.98091603
  0.94095238 0.88358779 0.80152672 0.70038168 0.57442748 0.49714286
  0.45419847 0.49427481 0.45229008 0.46755725 0.52       0.52290076
  0.47709924 0.55343511 0.55343511 0.55428571]]
score: 0.647040276263177
f1: 0.3469380568369898
mcc: 0.1638264835278176
Memory peak: 118168

1CSurr.txt
Executed in: 104.61969065666199 seconds
ep: 0.1 percent_pool: 20 number of updts: 368
acc_percent: [[0.95619048 0.91793893 0.76145038 0.8129771  0.76335878 0.70285714
  0.75763359 0.74236641 0.78816794 0.77671756 0.7447619  0.7519084
  0.74045802 0.70801527 0.64503817 0.56571429 0.46183206 0.42557252
  0.44274809 0.40076336 0.33587786 0.39428571 0.34923664 0.35305344
  0.29961832 0.29389313 0.31619048 0.3148855  0.24236641 0.29198473
  0.28244275 0.27809524 0.27290076 0.25572519 0.32251908 0.28625954
  0.3047619  0.28816794 0.29007634 0.30534351 0.30343511 0.25954198
  0.31238095 0.33015267 0.29198473 0.29770992 0.33587786 0.27619048
  0.25954198 0.29198473 0.29770992 0.28816794 0.29714286 0.32824427
  0.26145038 0.28244275 0.29961832 0.29142857 0.3148855  0.3110687
  0.26335878 0.29580153 0.29770992 0.31238095 0.3148855  0.33969466
  0.40839695 0.49618321 0.62095238 0.63358779 0.41603053 0.41412214
  0.68129771 0.65714286 0.68320611 0.68129771 0.73282443 0.72328244
  0.6952381  0.66603053 0.66984733 0.6889313  0.72519084 0.78053435
  0.77142857 0.75       0.76717557 0.80152672 0.73473282 0.59809524
  0.38549618 0.26717557 0.22328244 0.17938931 0.24571429 0.21374046
  0.20419847 0.22328244 0.24045802 0.24761905]]
score: 0.4592635768811341
f1: 0.3348632446609217
mcc: -0.11496836661041222
Memory peak: 119668

1CSurr.txt
Executed in: 154.27503156661987 seconds
ep: 0.1 percent_pool: 30 number of updts: 521
acc_percent: [[0.92571429 0.8759542  0.82061069 0.8129771  0.83015267 0.75238095
  0.74618321 0.72137405 0.77099237 0.77480916 0.79238095 0.71564885
  0.72519084 0.70038168 0.66984733 0.60571429 0.53053435 0.45801527
  0.4370229  0.36641221 0.34160305 0.43428571 0.36832061 0.34160305
  0.27099237 0.26335878 0.3047619  0.33206107 0.28244275 0.34351145
  0.29007634 0.24380952 0.31870229 0.25381679 0.34351145 0.30152672
  0.30666667 0.29961832 0.26908397 0.29198473 0.29580153 0.25954198
  0.2552381  0.26717557 0.22519084 0.24045802 0.27862595 0.21142857
  0.20419847 0.26145038 0.25572519 0.25381679 0.22857143 0.27290076
  0.24618321 0.27480916 0.29198473 0.28190476 0.3129771  0.30534351
  0.29007634 0.34923664 0.34732824 0.3352381  0.28816794 0.31870229
  0.32824427 0.26526718 0.32571429 0.40458015 0.38167939 0.3740458
  0.45038168 0.40571429 0.59160305 0.70229008 0.66984733 0.71755725
  0.64190476 0.60305344 0.59923664 0.64503817 0.65458015 0.70419847
  0.68571429 0.71564885 0.71946565 0.73091603 0.76335878 0.74095238
  0.63549618 0.48854962 0.30534351 0.16603053 0.19428571 0.17366412
  0.15458015 0.1889313  0.21564885 0.24952381]]
score: 0.43979156670301706
f1: 0.3165180230397622
mcc: -0.15172401557182347
Memory peak: 119668

1CSurr.txt
Executed in: 70.20051503181458 seconds
ep: 0.15 percent_pool: 10 number of updts: 196
acc_percent: [[0.79619048 0.73473282 0.73854962 0.82633588 0.8110687  0.79428571
  0.79770992 0.74618321 0.79007634 0.77099237 0.75619048 0.7519084
  0.71946565 0.66412214 0.65267176 0.63047619 0.55725191 0.58587786
  0.41412214 0.38549618 0.35496183 0.43238095 0.38358779 0.36068702
  0.33778626 0.29198473 0.32952381 0.33778626 0.27099237 0.3129771
  0.30725191 0.28571429 0.32251908 0.26145038 0.3148855  0.26717557
  0.3352381  0.36259542 0.33587786 0.35877863 0.33396947 0.30725191
  0.33333333 0.34160305 0.28435115 0.29961832 0.33396947 0.25714286
  0.29007634 0.30725191 0.27862595 0.27671756 0.32952381 0.36641221
  0.36832061 0.38549618 0.38167939 0.37333333 0.38167939 0.34351145
  0.31870229 0.34732824 0.35305344 0.36       0.34732824 0.46755725
  0.50572519 0.50572519 0.60761905 0.65076336 0.69656489 0.74045802
  0.79961832 0.76952381 0.75       0.70610687 0.66221374 0.72900763
  0.73333333 0.73473282 0.72328244 0.69274809 0.70038168 0.75763359
  0.79619048 0.80916031 0.81870229 0.76145038 0.72328244 0.57904762
  0.38549618 0.28816794 0.24236641 0.20992366 0.30285714 0.28244275
  0.24045802 0.28435115 0.25572519 0.28761905]]
score: 0.48988378771355867
f1: 0.3669746449585293
mcc: -0.054961885237008574
Memory peak: 119668

1CSurr.txt
Executed in: 95.17199683189392 seconds
ep: 0.15 percent_pool: 20 number of updts: 297
acc_percent: [[0.94285714 0.91603053 0.82442748 0.93129771 0.90648855 0.83809524
  0.76145038 0.70992366 0.58015267 0.6259542  0.60380952 0.61068702
  0.57251908 0.59351145 0.60305344 0.58857143 0.61259542 0.6240458
  0.63167939 0.61068702 0.58969466 0.63047619 0.61068702 0.61832061
  0.63358779 0.6240458  0.63047619 0.62022901 0.58587786 0.61259542
  0.59923664 0.5847619  0.6221374  0.60877863 0.6259542  0.59160305
  0.59428571 0.59160305 0.59351145 0.61832061 0.60496183 0.59541985
  0.62095238 0.61832061 0.57633588 0.59732824 0.6259542  0.58666667
  0.60114504 0.61068702 0.60687023 0.60114504 0.6        0.6221374
  0.59541985 0.6259542  0.63931298 0.63238095 0.61450382 0.64312977
  0.59732824 0.6278626  0.6240458  0.6152381  0.57251908 0.59351145
  0.58587786 0.58396947 0.63619048 0.56870229 0.59541985 0.62977099
  0.64312977 0.66666667 0.71183206 0.83778626 0.97709924 0.98664122
  0.99047619 0.97709924 0.98473282 0.97519084 0.92938931 0.91412214
  0.7752381  0.6221374  0.5610687  0.55916031 0.53435115 0.5352381
  0.53053435 0.52480916 0.5        0.53435115 0.56761905 0.56870229
  0.5648855  0.59541985 0.58778626 0.60571429]]
score: 0.654842639040349
f1: 0.2440590344367548
mcc: 0.16411026942954998
Memory peak: 119688

1CSurr.txt
Executed in: 137.266188621521 seconds
ep: 0.15 percent_pool: 30 number of updts: 434
acc_percent: [[0.92380952 0.90839695 0.90648855 0.93320611 0.90648855 0.87238095
  0.75763359 0.65076336 0.46946565 0.52099237 0.6647619  0.70419847
  0.73091603 0.65648855 0.6221374  0.52190476 0.50572519 0.51526718
  0.55534351 0.50572519 0.3740458  0.44380952 0.38358779 0.44465649
  0.45419847 0.4351145  0.48571429 0.49236641 0.41603053 0.46183206
  0.45419847 0.41714286 0.51145038 0.49427481 0.5        0.43320611
  0.42095238 0.44083969 0.38740458 0.41984733 0.41221374 0.36641221
  0.3752381  0.38740458 0.35687023 0.38931298 0.44274809 0.39047619
  0.46755725 0.45801527 0.44847328 0.45038168 0.46666667 0.50381679
  0.47900763 0.4980916  0.48473282 0.46285714 0.4980916  0.49427481
  0.45610687 0.48091603 0.47328244 0.51047619 0.44274809 0.39503817
  0.38549618 0.35496183 0.49714286 0.59732824 0.66030534 0.79198473
  0.83587786 0.89142857 0.9351145  0.91221374 0.79961832 0.82061069
  0.92761905 0.92748092 0.92366412 0.90458015 0.89885496 0.94083969
  0.87047619 0.86641221 0.8129771  0.74236641 0.79007634 0.66857143
  0.47328244 0.36641221 0.3148855  0.24427481 0.31238095 0.32442748
  0.28816794 0.34160305 0.41793893 0.44380952]]
score: 0.5657716103235187
f1: 0.35175393711979075
mcc: 0.029965459307288205
Memory peak: 119688

