2CDT.txt
Executed in: 16.24057650566101 seconds
ep: 0.05 percent_pool: 10 number of updts: 14
acc_percent: [[0.96052632 0.90066225 0.79470199 0.70860927 0.73509934 0.52980132
  0.64900662 0.47682119 0.52980132 0.50331126 0.47019868 0.50331126
  0.52980132 0.50993377 0.46357616 0.52317881 0.56953642 0.46357616
  0.43708609 0.53642384 0.50993377 0.51655629 0.48344371 0.51655629
  0.51655629 0.49668874 0.50331126 0.52980132 0.44370861 0.50331126
  0.50993377 0.50993377 0.50993377 0.47019868 0.53642384 0.45033113
  0.49668874 0.54966887 0.47682119 0.55629139 0.47682119 0.43708609
  0.47019868 0.52317881 0.50993377 0.49006623 0.49006623 0.49006623
  0.51655629 0.51655629 0.45033113 0.54304636 0.54304636 0.47682119
  0.48344371 0.49668874 0.45033113 0.56953642 0.52317881 0.50993377
  0.44370861 0.50331126 0.47682119 0.54304636 0.47019868 0.47682119
  0.47019868 0.53642384 0.50331126 0.47019868 0.52317881 0.45033113
  0.54966887 0.51655629 0.44370861 0.50331126 0.58278146 0.52980132
  0.45695364 0.45695364 0.50331126 0.52317881 0.49006623 0.53642384
  0.49006623 0.50331126 0.49006623 0.51655629 0.53642384 0.47682119
  0.58940397 0.54966887 0.60927152 0.70860927 0.7615894  0.85430464
  0.8410596  0.91390728 0.92715232 0.91390728]]
score: 0.544903276402928
f1: 0.16821080495728552
mcc: 0.2140438384029066
Memory peak: 119688

2CDT.txt
Executed in: 17.916464805603027 seconds
ep: 0.05 percent_pool: 20 number of updts: 49
acc_percent: [[0.94078947 0.96688742 0.94039735 0.81456954 0.9205298  0.68874172
  0.75496689 0.60264901 0.58278146 0.53642384 0.49668874 0.50993377
  0.52980132 0.50993377 0.46357616 0.52980132 0.56953642 0.46357616
  0.43708609 0.53642384 0.50993377 0.51655629 0.48344371 0.51655629
  0.51655629 0.49668874 0.50331126 0.52980132 0.44370861 0.50331126
  0.50993377 0.50993377 0.50993377 0.47019868 0.53642384 0.45033113
  0.49668874 0.54966887 0.47682119 0.55629139 0.47682119 0.43708609
  0.47019868 0.52317881 0.50993377 0.49006623 0.49006623 0.49006623
  0.51655629 0.51655629 0.45033113 0.54304636 0.54304636 0.47682119
  0.48344371 0.49668874 0.45033113 0.56953642 0.52317881 0.50993377
  0.44370861 0.50331126 0.47682119 0.54304636 0.47019868 0.47682119
  0.47019868 0.53642384 0.50331126 0.47019868 0.52317881 0.45033113
  0.54966887 0.51655629 0.44370861 0.50331126 0.58278146 0.52980132
  0.45695364 0.45695364 0.50331126 0.52317881 0.49006623 0.54966887
  0.49006623 0.50993377 0.50993377 0.58940397 0.54966887 0.57615894
  0.7218543  0.7218543  0.82781457 0.85430464 0.80794702 0.67549669
  0.57615894 0.58278146 0.65562914 0.65562914]]
score: 0.5512621993726037
f1: 0.18736591179976161
mcc: 0.23177213268449812
Memory peak: 119688

2CDT.txt
Executed in: 21.379114627838135 seconds
ep: 0.05 percent_pool: 30 number of updts: 92
acc_percent: [[0.91447368 0.93377483 0.90728477 0.91390728 0.52980132 0.43708609
  0.57615894 0.44370861 0.52980132 0.48344371 0.47019868 0.50331126
  0.52980132 0.50993377 0.46357616 0.52317881 0.56953642 0.46357616
  0.43708609 0.53642384 0.50993377 0.51655629 0.48344371 0.51655629
  0.51655629 0.49668874 0.50331126 0.52980132 0.44370861 0.50331126
  0.50993377 0.50993377 0.50993377 0.47019868 0.53642384 0.45033113
  0.49668874 0.54966887 0.47682119 0.55629139 0.47682119 0.43708609
  0.47019868 0.52317881 0.50993377 0.49006623 0.49006623 0.49006623
  0.51655629 0.51655629 0.45033113 0.54304636 0.54304636 0.47682119
  0.48344371 0.49668874 0.45033113 0.56953642 0.52317881 0.50993377
  0.44370861 0.50331126 0.47682119 0.54304636 0.47019868 0.47682119
  0.47019868 0.53642384 0.50331126 0.47019868 0.52317881 0.45033113
  0.54966887 0.51655629 0.44370861 0.50331126 0.58278146 0.52980132
  0.45695364 0.45695364 0.50331126 0.52317881 0.49006623 0.53642384
  0.49006623 0.50331126 0.49006623 0.50331126 0.52980132 0.43708609
  0.52317881 0.50331126 0.50331126 0.52317881 0.53642384 0.63576159
  0.59602649 0.64238411 0.74172185 0.66225166]]
score: 0.5251050017427675
f1: 0.09688321441982728
mcc: 0.16039607547140533
Memory peak: 119688

2CDT.txt
Executed in: 16.000763654708862 seconds
ep: 0.1 percent_pool: 10 number of updts: 8
acc_percent: [[0.96052632 0.96688742 0.92715232 0.91390728 0.89403974 0.7218543
  0.77483444 0.67549669 0.60264901 0.54304636 0.50331126 0.51655629
  0.52980132 0.51655629 0.46357616 0.52980132 0.56953642 0.46357616
  0.43708609 0.53642384 0.50993377 0.51655629 0.48344371 0.51655629
  0.51655629 0.49668874 0.50331126 0.52980132 0.44370861 0.50331126
  0.50993377 0.50993377 0.50993377 0.47019868 0.53642384 0.45033113
  0.49668874 0.54966887 0.47682119 0.55629139 0.47682119 0.43708609
  0.47019868 0.52317881 0.50993377 0.49006623 0.49006623 0.49006623
  0.51655629 0.51655629 0.45033113 0.54304636 0.54304636 0.47682119
  0.48344371 0.49668874 0.45033113 0.56953642 0.52317881 0.50993377
  0.44370861 0.50331126 0.47682119 0.54304636 0.47019868 0.47682119
  0.47019868 0.53642384 0.50331126 0.47019868 0.52317881 0.45033113
  0.54966887 0.51655629 0.44370861 0.50331126 0.58278146 0.52980132
  0.45695364 0.45695364 0.50331126 0.52317881 0.49006623 0.54966887
  0.49668874 0.50993377 0.53642384 0.61589404 0.56291391 0.58278146
  0.7615894  0.74172185 0.86754967 0.90066225 0.94039735 0.96688742
  0.95364238 0.93377483 0.90728477 0.93377483]]
score: 0.5728502962704777
f1: 0.26199681601091657
mcc: 0.27143369227688463
Memory peak: 119688

2CDT.txt
Executed in: 16.45119333267212 seconds
ep: 0.1 percent_pool: 20 number of updts: 14
acc_percent: [[0.94078947 0.94039735 0.91390728 0.87417219 0.86092715 0.68211921
  0.74834437 0.61589404 0.60264901 0.54304636 0.49668874 0.51655629
  0.54304636 0.51655629 0.46357616 0.52317881 0.56953642 0.46357616
  0.43708609 0.53642384 0.50993377 0.51655629 0.48344371 0.51655629
  0.51655629 0.49668874 0.50331126 0.52980132 0.44370861 0.50331126
  0.50993377 0.50993377 0.50993377 0.47019868 0.53642384 0.45033113
  0.49668874 0.54966887 0.47682119 0.55629139 0.47682119 0.43708609
  0.47019868 0.52317881 0.50993377 0.49006623 0.49006623 0.49006623
  0.51655629 0.51655629 0.45033113 0.54304636 0.54304636 0.47682119
  0.48344371 0.49668874 0.45033113 0.56953642 0.52317881 0.50993377
  0.44370861 0.50331126 0.47682119 0.54304636 0.47019868 0.47682119
  0.47019868 0.53642384 0.50331126 0.47019868 0.52317881 0.45033113
  0.54966887 0.51655629 0.44370861 0.50331126 0.58278146 0.52980132
  0.45695364 0.45695364 0.50331126 0.52317881 0.49006623 0.53642384
  0.52980132 0.51655629 0.51655629 0.59602649 0.58940397 0.54966887
  0.7218543  0.68874172 0.82119205 0.82119205 0.87417219 0.94039735
  0.94701987 0.9205298  0.92715232 0.91390728]]
score: 0.5667588881143256
f1: 0.2422288740501957
mcc: 0.26002063157147176
Memory peak: 119688

2CDT.txt
Executed in: 18.70708441734314 seconds
ep: 0.1 percent_pool: 30 number of updts: 46
acc_percent: [[0.93421053 0.9602649  0.9602649  0.89403974 0.84768212 0.66887417
  0.74172185 0.58278146 0.58940397 0.53642384 0.49668874 0.50993377
  0.52980132 0.51655629 0.46357616 0.52980132 0.56953642 0.46357616
  0.43708609 0.53642384 0.50993377 0.51655629 0.48344371 0.51655629
  0.51655629 0.49668874 0.50331126 0.52980132 0.44370861 0.50331126
  0.50993377 0.50993377 0.50993377 0.47019868 0.53642384 0.45033113
  0.49668874 0.54966887 0.47682119 0.55629139 0.47682119 0.43708609
  0.47019868 0.52317881 0.50993377 0.49006623 0.49006623 0.49006623
  0.51655629 0.51655629 0.45033113 0.54304636 0.54304636 0.47682119
  0.48344371 0.49668874 0.45033113 0.56953642 0.52317881 0.50993377
  0.44370861 0.50331126 0.47682119 0.54304636 0.47019868 0.47682119
  0.47019868 0.53642384 0.50331126 0.47019868 0.52317881 0.45033113
  0.54966887 0.51655629 0.44370861 0.50331126 0.58278146 0.52980132
  0.45695364 0.45695364 0.50331126 0.52317881 0.49006623 0.53642384
  0.49668874 0.50993377 0.52980132 0.56953642 0.56953642 0.56291391
  0.70198675 0.70198675 0.8013245  0.8410596  0.94701987 0.9602649
  0.97350993 0.94039735 0.94701987 0.91390728]]
score: 0.5674878006273963
f1: 0.24090541632983023
mcc: 0.26538868492760276
Memory peak: 119688

2CDT.txt
Executed in: 16.262022733688354 seconds
ep: 0.15 percent_pool: 10 number of updts: 16
acc_percent: [[0.74342105 0.76821192 0.90066225 0.81456954 0.8410596  0.66225166
  0.76821192 0.66887417 0.59602649 0.54304636 0.51655629 0.51655629
  0.54304636 0.51655629 0.46357616 0.52980132 0.56953642 0.46357616
  0.43708609 0.53642384 0.50993377 0.51655629 0.48344371 0.51655629
  0.51655629 0.49668874 0.50331126 0.52980132 0.44370861 0.50331126
  0.50993377 0.50993377 0.50993377 0.47019868 0.53642384 0.45033113
  0.49668874 0.54966887 0.47682119 0.55629139 0.47682119 0.43708609
  0.47019868 0.52317881 0.50993377 0.49006623 0.49006623 0.49006623
  0.51655629 0.51655629 0.45033113 0.54304636 0.54304636 0.47682119
  0.48344371 0.49668874 0.45033113 0.56953642 0.52317881 0.50993377
  0.44370861 0.50331126 0.47682119 0.54304636 0.47019868 0.47682119
  0.47019868 0.53642384 0.50331126 0.47019868 0.52317881 0.45033113
  0.54966887 0.51655629 0.44370861 0.50331126 0.58278146 0.52980132
  0.45695364 0.45695364 0.50331126 0.52980132 0.49006623 0.54304636
  0.50993377 0.52317881 0.52980132 0.61589404 0.58940397 0.59602649
  0.70198675 0.64900662 0.80794702 0.80794702 0.86754967 0.90728477
  0.92715232 0.9205298  0.89403974 0.9205298 ]]
score: 0.5619375217845941
f1: 0.22804779027954994
mcc: 0.24836828369619537
Memory peak: 119688

2CDT.txt
Executed in: 16.218459129333496 seconds
ep: 0.15 percent_pool: 20 number of updts: 8
acc_percent: [[0.81578947 0.90066225 0.80794702 0.7615894  0.7615894  0.54966887
  0.66887417 0.52317881 0.53642384 0.49668874 0.47682119 0.50331126
  0.52980132 0.50993377 0.46357616 0.52317881 0.56953642 0.46357616
  0.43708609 0.53642384 0.50993377 0.51655629 0.48344371 0.51655629
  0.51655629 0.49668874 0.50331126 0.52980132 0.44370861 0.50331126
  0.50993377 0.50993377 0.50993377 0.47019868 0.53642384 0.45033113
  0.49668874 0.54966887 0.47682119 0.55629139 0.47682119 0.43708609
  0.47019868 0.52317881 0.50993377 0.49006623 0.49006623 0.49006623
  0.51655629 0.51655629 0.45033113 0.54304636 0.54304636 0.47682119
  0.48344371 0.49668874 0.45033113 0.56953642 0.52317881 0.50993377
  0.44370861 0.50331126 0.47682119 0.54304636 0.47019868 0.47682119
  0.47019868 0.53642384 0.50331126 0.47019868 0.52317881 0.45033113
  0.54966887 0.51655629 0.44370861 0.50331126 0.58278146 0.52980132
  0.45695364 0.45695364 0.50331126 0.52317881 0.49006623 0.53642384
  0.49006623 0.50331126 0.49006623 0.51655629 0.54304636 0.48344371
  0.60264901 0.56291391 0.66887417 0.73509934 0.78807947 0.85430464
  0.87417219 0.92715232 0.93377483 0.93377483]]
score: 0.5475618682467759
f1: 0.17639304973037748
mcc: 0.2215374877532734
Memory peak: 119688

2CDT.txt
Executed in: 16.706345796585083 seconds
ep: 0.15 percent_pool: 30 number of updts: 16
acc_percent: [[0.82894737 0.63576159 0.60927152 0.52317881 0.52980132 0.44370861
  0.57615894 0.44370861 0.52980132 0.48344371 0.47019868 0.50331126
  0.52980132 0.50993377 0.46357616 0.52317881 0.56953642 0.46357616
  0.43708609 0.53642384 0.50993377 0.51655629 0.48344371 0.51655629
  0.51655629 0.49668874 0.50331126 0.52980132 0.44370861 0.50331126
  0.50993377 0.50993377 0.50993377 0.47019868 0.53642384 0.45033113
  0.49668874 0.54966887 0.47682119 0.55629139 0.47682119 0.43708609
  0.47019868 0.52317881 0.50993377 0.49006623 0.49006623 0.49006623
  0.51655629 0.51655629 0.45033113 0.54304636 0.54304636 0.47682119
  0.48344371 0.49668874 0.45033113 0.56953642 0.52317881 0.50993377
  0.44370861 0.50331126 0.47682119 0.54304636 0.47019868 0.47682119
  0.47019868 0.53642384 0.50331126 0.47019868 0.52317881 0.45033113
  0.54966887 0.51655629 0.44370861 0.50331126 0.58278146 0.52980132
  0.45695364 0.45695364 0.50331126 0.52317881 0.49006623 0.53642384
  0.49006623 0.50331126 0.49006623 0.50331126 0.52317881 0.43708609
  0.52317881 0.50331126 0.48344371 0.50331126 0.50993377 0.51655629
  0.54966887 0.58278146 0.67549669 0.63576159]]
score: 0.5105411293133496
f1: 0.041994074455751644
mcc: 0.10411497575835571
Memory peak: 119688

