2CHT.txt
Executed in: 17.699132204055786 seconds
ep: 0.05 percent_pool: 10 number of updts: 67
acc_percent: [[0.63815789 0.72847682 0.43708609 0.54966887 0.51655629 0.46357616
  0.51655629 0.54966887 0.60264901 0.47019868 0.46357616 0.49668874
  0.52980132 0.42384106 0.52317881 0.53642384 0.53642384 0.44370861
  0.54966887 0.46357616 0.49668874 0.59602649 0.47682119 0.43046358
  0.51655629 0.50993377 0.49006623 0.51655629 0.46357616 0.52317881
  0.50331126 0.48344371 0.52317881 0.45695364 0.49668874 0.49668874
  0.50993377 0.46357616 0.53642384 0.51655629 0.54966887 0.45033113
  0.48344371 0.52317881 0.46357616 0.48344371 0.57615894 0.47019868
  0.44370861 0.53642384 0.49668874 0.52980132 0.47682119 0.51655629
  0.48344371 0.49668874 0.50993377 0.50331126 0.47682119 0.49668874
  0.51655629 0.51655629 0.48344371 0.52317881 0.49006623 0.49006623
  0.50331126 0.52980132 0.50331126 0.45695364 0.52317881 0.48344371
  0.53642384 0.51655629 0.49668874 0.47682119 0.50993377 0.44370861
  0.54966887 0.52317881 0.47019868 0.57615894 0.49668874 0.46357616
  0.52317881 0.49668874 0.46357616 0.57615894 0.45695364 0.53642384
  0.50331126 0.46357616 0.53642384 0.60264901 0.49006623 0.53642384
  0.56953642 0.67549669 0.7615894  0.76821192]]
score: 0.5145272743116068
f1: 0.05598159509202454
mcc: 0.11684008075963048
Memory peak: 119688

2CHT.txt
Executed in: 20.188195943832397 seconds
ep: 0.05 percent_pool: 20 number of updts: 106
acc_percent: [[0.67105263 0.62251656 0.68874172 0.76821192 0.78145695 0.52317881
  0.52317881 0.52317881 0.58278146 0.45695364 0.46357616 0.49668874
  0.51655629 0.42384106 0.52317881 0.53642384 0.53642384 0.44370861
  0.54966887 0.46357616 0.49668874 0.59602649 0.47682119 0.43046358
  0.51655629 0.50993377 0.49006623 0.51655629 0.46357616 0.52317881
  0.50331126 0.48344371 0.52317881 0.45695364 0.49668874 0.49668874
  0.50993377 0.46357616 0.53642384 0.51655629 0.54966887 0.45033113
  0.48344371 0.52317881 0.46357616 0.48344371 0.57615894 0.47019868
  0.44370861 0.53642384 0.49668874 0.52980132 0.47682119 0.51655629
  0.48344371 0.49668874 0.50993377 0.50331126 0.47682119 0.49668874
  0.51655629 0.51655629 0.48344371 0.52317881 0.49006623 0.49006623
  0.50331126 0.52980132 0.50331126 0.45695364 0.52317881 0.48344371
  0.53642384 0.51655629 0.49668874 0.47682119 0.50993377 0.44370861
  0.54966887 0.52317881 0.47019868 0.57615894 0.49668874 0.46357616
  0.50993377 0.49668874 0.46357616 0.57615894 0.46357616 0.53642384
  0.50993377 0.46357616 0.55629139 0.79470199 0.78807947 0.78807947
  0.74834437 0.82781457 0.74834437 0.75496689]]
score: 0.5317436388985709
f1: 0.12179487179487179
mcc: 0.17357638541597206
Memory peak: 119688

2CHT.txt
Executed in: 23.230385303497314 seconds
ep: 0.05 percent_pool: 30 number of updts: 122
acc_percent: [[0.63815789 0.65562914 0.52317881 0.58940397 0.62251656 0.62251656
  0.57615894 0.52980132 0.58278146 0.45695364 0.46357616 0.49668874
  0.52317881 0.42384106 0.52317881 0.53642384 0.53642384 0.44370861
  0.54966887 0.46357616 0.49668874 0.59602649 0.47682119 0.43046358
  0.51655629 0.50993377 0.49006623 0.51655629 0.46357616 0.52317881
  0.50331126 0.48344371 0.52317881 0.45695364 0.49668874 0.49668874
  0.50993377 0.46357616 0.53642384 0.51655629 0.54966887 0.45033113
  0.48344371 0.52317881 0.46357616 0.48344371 0.57615894 0.47019868
  0.44370861 0.53642384 0.49668874 0.52980132 0.47682119 0.51655629
  0.48344371 0.49668874 0.50993377 0.50331126 0.47682119 0.49668874
  0.51655629 0.51655629 0.48344371 0.52317881 0.49006623 0.49006623
  0.50331126 0.52980132 0.50331126 0.45695364 0.52317881 0.48344371
  0.53642384 0.51655629 0.49668874 0.47682119 0.50993377 0.44370861
  0.54966887 0.52317881 0.47019868 0.57615894 0.49668874 0.46357616
  0.50993377 0.49668874 0.46357616 0.57615894 0.45695364 0.53642384
  0.52317881 0.46357616 0.49006623 0.56953642 0.54304636 0.8410596
  0.86754967 0.75496689 0.73509934 0.83443709]]
score: 0.5247259498082955
f1: 0.10049751243781095
mcc: 0.14440369353339008
Memory peak: 119688

2CHT.txt
Executed in: 17.308277368545532 seconds
ep: 0.1 percent_pool: 10 number of updts: 52
acc_percent: [[0.64473684 0.62251656 0.41721854 0.57615894 0.56953642 0.47682119
  0.52317881 0.52317881 0.58278146 0.45695364 0.46357616 0.49668874
  0.51655629 0.42384106 0.52317881 0.53642384 0.53642384 0.44370861
  0.54966887 0.46357616 0.49668874 0.59602649 0.47682119 0.43046358
  0.51655629 0.50993377 0.49006623 0.51655629 0.46357616 0.52317881
  0.50331126 0.48344371 0.52317881 0.45695364 0.49668874 0.49668874
  0.50993377 0.46357616 0.53642384 0.51655629 0.54966887 0.45033113
  0.48344371 0.52317881 0.46357616 0.48344371 0.57615894 0.47019868
  0.44370861 0.53642384 0.49668874 0.52980132 0.47682119 0.51655629
  0.48344371 0.49668874 0.50993377 0.50331126 0.47682119 0.49668874
  0.51655629 0.51655629 0.48344371 0.52317881 0.49006623 0.49006623
  0.50331126 0.52980132 0.50331126 0.45695364 0.52317881 0.48344371
  0.53642384 0.51655629 0.49668874 0.47682119 0.50993377 0.44370861
  0.54966887 0.52317881 0.47019868 0.57615894 0.49668874 0.46357616
  0.50993377 0.49668874 0.46357616 0.57615894 0.45695364 0.53642384
  0.50331126 0.45033113 0.46357616 0.55629139 0.49006623 0.57615894
  0.58278146 0.66887417 0.71523179 0.66225166]]
score: 0.5110831300104567
f1: 0.04272844272844273
mcc: 0.10134703873996335
Memory peak: 119688

2CHT.txt
Executed in: 19.09842038154602 seconds
ep: 0.1 percent_pool: 20 number of updts: 80
acc_percent: [[0.61842105 0.77483444 0.83443709 0.80794702 0.66887417 0.65562914
  0.69536424 0.66225166 0.65562914 0.54304636 0.52317881 0.52980132
  0.55629139 0.42384106 0.52317881 0.53642384 0.53642384 0.44370861
  0.54966887 0.46357616 0.49668874 0.59602649 0.47682119 0.43046358
  0.51655629 0.50993377 0.49006623 0.51655629 0.46357616 0.52317881
  0.50331126 0.48344371 0.52317881 0.45695364 0.49668874 0.49668874
  0.50993377 0.46357616 0.53642384 0.51655629 0.54966887 0.45033113
  0.48344371 0.52317881 0.46357616 0.48344371 0.57615894 0.47019868
  0.44370861 0.53642384 0.49668874 0.52980132 0.47682119 0.51655629
  0.48344371 0.49668874 0.50993377 0.50331126 0.47682119 0.49668874
  0.51655629 0.51655629 0.48344371 0.52317881 0.49006623 0.49006623
  0.50331126 0.52980132 0.50331126 0.45695364 0.52317881 0.48344371
  0.53642384 0.51655629 0.49668874 0.47682119 0.50993377 0.44370861
  0.54966887 0.52317881 0.47019868 0.57615894 0.49668874 0.46357616
  0.50993377 0.49668874 0.46357616 0.57615894 0.45695364 0.53642384
  0.50993377 0.45033113 0.48344371 0.55629139 0.49668874 0.58940397
  0.76821192 0.80794702 0.76821192 0.82119205]]
score: 0.5334689787382363
f1: 0.1278112326410225
mcc: 0.17925423498528442
Memory peak: 119688

2CHT.txt
Executed in: 21.761645555496216 seconds
ep: 0.1 percent_pool: 30 number of updts: 94
acc_percent: [[0.78947368 0.80794702 0.46357616 0.63576159 0.62913907 0.47682119
  0.52317881 0.53642384 0.58278146 0.45695364 0.46357616 0.49668874
  0.52317881 0.42384106 0.52317881 0.53642384 0.53642384 0.44370861
  0.54966887 0.46357616 0.49668874 0.59602649 0.47682119 0.43046358
  0.51655629 0.50993377 0.49006623 0.51655629 0.46357616 0.52317881
  0.50331126 0.48344371 0.52317881 0.45695364 0.49668874 0.49668874
  0.50993377 0.46357616 0.53642384 0.51655629 0.54966887 0.45033113
  0.48344371 0.52317881 0.46357616 0.48344371 0.57615894 0.47019868
  0.44370861 0.53642384 0.49668874 0.52980132 0.47682119 0.51655629
  0.48344371 0.49668874 0.50993377 0.50331126 0.47682119 0.49668874
  0.51655629 0.51655629 0.48344371 0.52317881 0.49006623 0.49006623
  0.50331126 0.52980132 0.50331126 0.45695364 0.52317881 0.48344371
  0.53642384 0.51655629 0.49668874 0.47682119 0.50993377 0.44370861
  0.54966887 0.52317881 0.47019868 0.57615894 0.49668874 0.46357616
  0.50993377 0.49668874 0.46357616 0.57615894 0.45695364 0.53642384
  0.52317881 0.46357616 0.63576159 0.90728477 0.8807947  0.82781457
  0.79470199 0.83443709 0.78145695 0.76821192]]
score: 0.5337225514116417
f1: 0.1538645038167939
mcc: 0.15051164372959883
Memory peak: 119688

2CHT.txt
Executed in: 17.15150260925293 seconds
ep: 0.15 percent_pool: 10 number of updts: 45
acc_percent: [[0.57894737 0.58940397 0.44370861 0.54966887 0.53642384 0.47682119
  0.52317881 0.52317881 0.58278146 0.45695364 0.46357616 0.49668874
  0.51655629 0.42384106 0.52317881 0.53642384 0.53642384 0.44370861
  0.54966887 0.46357616 0.49668874 0.59602649 0.47682119 0.43046358
  0.51655629 0.50993377 0.49006623 0.51655629 0.46357616 0.52317881
  0.50331126 0.48344371 0.52317881 0.45695364 0.49668874 0.49668874
  0.50993377 0.46357616 0.53642384 0.51655629 0.54966887 0.45033113
  0.48344371 0.52317881 0.46357616 0.48344371 0.57615894 0.47019868
  0.44370861 0.53642384 0.49668874 0.52980132 0.47682119 0.51655629
  0.48344371 0.49668874 0.50993377 0.50331126 0.47682119 0.49668874
  0.51655629 0.51655629 0.48344371 0.52317881 0.49006623 0.49006623
  0.50331126 0.52980132 0.50331126 0.45695364 0.52317881 0.48344371
  0.53642384 0.51655629 0.49668874 0.47682119 0.50993377 0.44370861
  0.54966887 0.52317881 0.47019868 0.57615894 0.49668874 0.46357616
  0.50993377 0.49668874 0.46357616 0.57615894 0.45695364 0.53642384
  0.50993377 0.45033113 0.46357616 0.55629139 0.47019868 0.54304636
  0.58940397 0.70860927 0.67549669 0.58278146]]
score: 0.508570930637853
f1: 0.03260869565217392
mcc: 0.08927528753191771
Memory peak: 119688

2CHT.txt
Executed in: 18.827287673950195 seconds
ep: 0.15 percent_pool: 20 number of updts: 67
acc_percent: [[0.60526316 0.69536424 0.47682119 0.62251656 0.57615894 0.47682119
  0.52317881 0.52317881 0.58278146 0.45695364 0.46357616 0.49668874
  0.51655629 0.42384106 0.52317881 0.53642384 0.53642384 0.44370861
  0.54966887 0.46357616 0.49668874 0.59602649 0.47682119 0.43046358
  0.51655629 0.50993377 0.49006623 0.51655629 0.46357616 0.52317881
  0.50331126 0.48344371 0.52317881 0.45695364 0.49668874 0.49668874
  0.50993377 0.46357616 0.53642384 0.51655629 0.54966887 0.45033113
  0.48344371 0.52317881 0.46357616 0.48344371 0.57615894 0.47019868
  0.44370861 0.53642384 0.49668874 0.52980132 0.47682119 0.51655629
  0.48344371 0.49668874 0.50993377 0.50331126 0.47682119 0.49668874
  0.51655629 0.51655629 0.48344371 0.52317881 0.49006623 0.49006623
  0.50331126 0.52980132 0.50331126 0.45695364 0.52317881 0.48344371
  0.53642384 0.51655629 0.49668874 0.47682119 0.50993377 0.44370861
  0.54966887 0.52317881 0.47019868 0.57615894 0.49668874 0.46357616
  0.50993377 0.49668874 0.46357616 0.57615894 0.45695364 0.53642384
  0.50331126 0.45033113 0.46357616 0.55629139 0.47682119 0.64900662
  0.63576159 0.67549669 0.68211921 0.69536424]]
score: 0.5137347507842455
f1: 0.05202460276781138
mcc: 0.11549111383785891
Memory peak: 119688

2CHT.txt
Executed in: 20.043641328811646 seconds
ep: 0.15 percent_pool: 30 number of updts: 63
acc_percent: [[0.64473684 0.71523179 0.58278146 0.66225166 0.58940397 0.48344371
  0.57615894 0.54304636 0.58278146 0.46357616 0.46357616 0.49668874
  0.52317881 0.42384106 0.52317881 0.53642384 0.53642384 0.44370861
  0.54966887 0.46357616 0.49668874 0.59602649 0.47682119 0.43046358
  0.51655629 0.50993377 0.49006623 0.51655629 0.46357616 0.52317881
  0.50331126 0.48344371 0.52317881 0.45695364 0.49668874 0.49668874
  0.50993377 0.46357616 0.53642384 0.51655629 0.54966887 0.45033113
  0.48344371 0.52317881 0.46357616 0.48344371 0.57615894 0.47019868
  0.44370861 0.53642384 0.49668874 0.52980132 0.47682119 0.51655629
  0.48344371 0.49668874 0.50993377 0.50331126 0.47682119 0.49668874
  0.51655629 0.51655629 0.48344371 0.52317881 0.49006623 0.49006623
  0.50331126 0.52980132 0.50331126 0.45695364 0.52317881 0.48344371
  0.53642384 0.51655629 0.49668874 0.47682119 0.50993377 0.44370861
  0.54966887 0.52317881 0.47019868 0.57615894 0.49668874 0.46357616
  0.50993377 0.49668874 0.46357616 0.57615894 0.47019868 0.53642384
  0.50993377 0.45033113 0.50331126 0.60927152 0.69536424 0.81456954
  0.8410596  0.84768212 0.86754967 0.70198675]]
score: 0.5275069710700592
f1: 0.11735821261969066
mcc: 0.14494707031186413
Memory peak: 119688

