1CDT.txtKDE
Executed in: 177.65174889564514 seconds
ep: 0.7 percent_pool: 10 number of updts: 15200
acc_percent: [[0.99342105 0.99210007 0.99078341 0.99144174 0.99473338 0.99341672
  0.9881501  0.9881501  0.98617512 0.99012508]]
score: 0.9909
f1: 0.9907708651483965
mcc: 0.9818747609849265

1CDT.txtKDE
Executed in: 331.44529390335083 seconds
ep: 0.7 percent_pool: 20 number of updts: 15200
acc_percent: [[0.99407895 0.99210007 0.99012508 0.99210007 0.99473338 0.99012508
  0.99210007 0.98946675 0.98880843 0.99407505]]
score: 0.9918
f1: 0.9917081260364843
mcc: 0.983685691902182

1CDT.txtKDE
Executed in: 500.72484707832336 seconds
ep: 0.7 percent_pool: 30 number of updts: 15200
acc_percent: [[0.99473684 0.99210007 0.99012508 0.99144174 0.99473338 0.98946675
  0.99078341 0.98946675 0.98880843 0.99407505]]
score: 0.9916
f1: 0.9915074309978769
mcc: 0.9832973639770122

1CDT.txtKDE
Executed in: 180.06174445152283 seconds
ep: 0.02 percent_pool: 10 number of updts: 15200
acc_percent: [[0.99342105 0.99210007 0.99078341 0.99144174 0.99473338 0.99341672
  0.9881501  0.9881501  0.98617512 0.99012508]]
score: 0.9909
f1: 0.9907708651483965
mcc: 0.9818747609849265

