1CDT.txt
Executed in: 16.601956844329834 seconds
ep: 0.05 percent_pool: 10 number of updts: 32
acc_percent: [[1.         0.98675497 0.98675497 1.         0.99337748 1.
  1.         1.         1.         1.         1.         0.99337748
  1.         1.         1.         1.         1.         1.
  1.         1.         1.         1.         1.         1.
  1.         1.         1.         1.         1.         1.
  1.         1.         1.         1.         1.         1.
  1.         1.         1.         1.         1.         1.
  1.         1.         1.         1.         1.         1.
  1.         1.         1.         1.         1.         1.
  1.         1.         1.         1.         1.         1.
  1.         1.         1.         1.         1.         1.
  1.         1.         1.         1.         1.         1.
  1.         1.         1.         1.         1.         1.
  1.         1.         1.         1.         1.         1.
  1.         1.         1.         1.         1.         0.99337748
  1.         1.         0.98013245 0.99337748 0.98675497 0.9205298
  0.91390728 0.7218543  0.70860927 0.70198675]]
score: 0.9888079470198674
f1: 0.988814423036166
mcc: 0.977870522766809
Memory peak: 85496

1CDT.txt
Executed in: 20.823338985443115 seconds
ep: 0.05 percent_pool: 20 number of updts: 128
acc_percent: [[0.99342105 0.98675497 1.         0.99337748 1.         1.
  1.         1.         1.         1.         1.         0.99337748
  1.         1.         1.         1.         1.         1.
  1.         0.99337748 1.         1.         0.99337748 1.
  1.         1.         1.         1.         1.         1.
  1.         1.         1.         0.99337748 1.         1.
  1.         1.         1.         1.         1.         1.
  1.         1.         1.         1.         1.         1.
  1.         1.         1.         1.         1.         1.
  1.         1.         1.         1.         1.         1.
  1.         1.         1.         1.         1.         1.
  1.         1.         1.         1.         1.         1.
  1.         1.         1.         1.         1.         1.
  1.         1.         1.         1.         1.         1.
  1.         0.99337748 1.         1.         1.         1.
  1.         1.         1.         1.         1.         0.98675497
  0.99337748 0.89403974 0.82119205 0.82119205]]
score: 0.9945699721157198
f1: 0.9946051487414683
mcc: 0.9892524882271571
Memory peak: 88052

1CDT.txt
Executed in: 20.939104795455933 seconds
ep: 0.05 percent_pool: 30 number of updts: 89
acc_percent: [[1.         0.98675497 0.99337748 1.         0.99337748 1.
  1.         1.         1.         0.99337748 1.         0.99337748
  1.         1.         1.         1.         1.         1.
  1.         0.99337748 0.99337748 1.         0.99337748 1.
  1.         1.         1.         1.         1.         1.
  1.         1.         1.         0.99337748 1.         1.
  1.         1.         1.         1.         1.         1.
  1.         1.         1.         1.         1.         1.
  1.         1.         0.99337748 1.         1.         1.
  1.         1.         1.         1.         1.         1.
  1.         1.         1.         1.         1.         1.
  1.         1.         1.         1.         1.         1.
  1.         1.         1.         1.         1.         1.
  1.         1.         1.         1.         1.         1.
  1.         1.         1.         1.         1.         1.
  0.99337748 1.         1.         1.         1.         0.98675497
  0.99337748 0.90728477 0.8410596  0.8410596 ]]
score: 0.9949006622516557
f1: 0.9949341289382522
mcc: 0.9899003071188346
Memory peak: 89136

1CDT.txt
Executed in: 16.50650453567505 seconds
ep: 0.1 percent_pool: 10 number of updts: 37
acc_percent: [[1.         0.99337748 0.99337748 1.         1.         1.
  1.         1.         1.         1.         1.         0.99337748
  1.         1.         1.         1.         1.         1.
  1.         1.         1.         1.         1.         1.
  1.         1.         1.         1.         1.         1.
  1.         1.         1.         1.         1.         1.
  1.         1.         1.         1.         1.         1.
  1.         1.         1.         1.         1.         1.
  1.         1.         1.         1.         1.         1.
  1.         1.         1.         1.         1.         1.
  1.         1.         1.         1.         1.         1.
  1.         1.         1.         1.         1.         1.
  1.         1.         1.         1.         1.         1.
  1.         1.         1.         1.         1.         1.
  1.         1.         1.         1.         1.         0.99337748
  1.         1.         0.97350993 0.98013245 0.97350993 0.91390728
  0.92715232 0.74834437 0.71523179 0.72847682]]
score: 0.9893377483443708
f1: 0.9892751125354573
mcc: 0.9787722784217566
Memory peak: 89772

1CDT.txt
Executed in: 17.778001308441162 seconds
ep: 0.1 percent_pool: 20 number of updts: 52
acc_percent: [[0.99342105 0.98675497 1.         1.         1.         1.
  1.         1.         1.         1.         1.         0.99337748
  1.         1.         1.         1.         1.         1.
  1.         0.99337748 1.         1.         1.         1.
  1.         1.         1.         1.         1.         1.
  1.         1.         1.         0.99337748 1.         1.
  1.         1.         1.         1.         1.         1.
  1.         1.         1.         1.         1.         1.
  1.         1.         0.99337748 1.         1.         1.
  1.         1.         1.         1.         1.         1.
  1.         1.         1.         1.         1.         1.
  1.         1.         1.         1.         1.         1.
  1.         1.         1.         1.         1.         1.
  1.         1.         1.         1.         1.         1.
  1.         1.         1.         1.         1.         1.
  1.         1.         1.         1.         1.         0.98675497
  0.97350993 0.90066225 0.83443709 0.8410596 ]]
score: 0.9949010979435344
f1: 0.9949341120984645
mcc: 0.9899068886631357
Memory peak: 91212

1CDT.txt
Executed in: 19.171056509017944 seconds
ep: 0.1 percent_pool: 30 number of updts: 62
acc_percent: [[1.         0.99337748 1.         1.         1.         0.99337748
  1.         1.         1.         1.         1.         0.99337748
  1.         1.         1.         1.         1.         1.
  1.         0.99337748 1.         1.         1.         1.
  1.         1.         1.         1.         1.         1.
  1.         1.         1.         0.99337748 1.         1.
  1.         1.         1.         1.         1.         1.
  1.         1.         1.         1.         1.         1.
  1.         1.         1.         1.         1.         1.
  1.         1.         1.         1.         1.         1.
  1.         1.         1.         1.         1.         1.
  1.         1.         1.         1.         1.         1.
  1.         1.         1.         1.         1.         1.
  1.         1.         1.         1.         1.         1.
  1.         0.99337748 1.         1.         1.         1.
  1.         1.         1.         1.         1.         0.98675497
  0.99337748 0.90066225 0.8410596  0.8410596 ]]
score: 0.9952317880794703
f1: 0.9952630790827389
mcc: 0.9905592778152527
Memory peak: 91212

1CDT.txt
Executed in: 16.445350170135498 seconds
ep: 0.15 percent_pool: 10 number of updts: 39
acc_percent: [[1.         0.99337748 0.99337748 1.         0.99337748 1.
  1.         1.         1.         1.         1.         1.
  1.         1.         1.         1.         1.         1.
  1.         0.99337748 1.         1.         1.         1.
  1.         1.         1.         1.         1.         1.
  1.         1.         1.         0.99337748 1.         1.
  1.         1.         1.         1.         1.         1.
  1.         1.         1.         1.         1.         1.
  1.         1.         1.         1.         1.         1.
  1.         1.         1.         1.         1.         1.
  1.         1.         1.         1.         1.         1.
  1.         1.         1.         1.         1.         1.
  1.         1.         1.         1.         1.         1.
  1.         1.         1.         1.         1.         1.
  1.         1.         1.         1.         1.         0.99337748
  1.         1.         0.99337748 0.99337748 0.99337748 0.94701987
  0.95364238 0.8807947  0.74834437 0.75496689]]
score: 0.9922516556291393
f1: 0.9923022061412319
mcc: 0.9847141145215398
Memory peak: 91212

1CDT.txt
Executed in: 17.373222589492798 seconds
ep: 0.15 percent_pool: 20 number of updts: 44
acc_percent: [[0.99342105 0.99337748 0.99337748 1.         0.99337748 1.
  1.         1.         1.         1.         1.         0.99337748
  1.         1.         1.         1.         1.         1.
  1.         1.         1.         1.         1.         0.98675497
  1.         1.         1.         1.         1.         1.
  1.         1.         1.         0.99337748 1.         1.
  1.         1.         1.         1.         1.         1.
  1.         1.         1.         1.         1.         1.
  1.         1.         1.         1.         1.         1.
  1.         1.         1.         1.         1.         1.
  1.         1.         1.         1.         1.         1.
  1.         1.         1.         1.         1.         1.
  1.         1.         1.         1.         1.         1.
  1.         1.         1.         1.         1.         1.
  1.         1.         1.         1.         1.         0.99337748
  1.         1.         0.99337748 0.99337748 0.98675497 0.98013245
  0.99337748 0.89403974 0.85430464 0.92715232]]
score: 0.9956295747647265
f1: 0.9956578357988792
mcc: 0.9913427016353114
Memory peak: 91212

1CDT.txt
Executed in: 16.54440951347351 seconds
ep: 0.15 percent_pool: 30 number of updts: 15
acc_percent: [[1.         0.99337748 1.         1.         1.         0.99337748
  1.         1.         1.         1.         1.         0.99337748
  1.         1.         1.         1.         1.         1.
  1.         0.99337748 1.         1.         1.         1.
  1.         1.         1.         1.         1.         1.
  1.         1.         1.         0.99337748 1.         1.
  1.         1.         1.         1.         1.         1.
  1.         1.         1.         1.         1.         1.
  1.         1.         0.99337748 1.         1.         1.
  1.         1.         1.         1.         1.         1.
  1.         1.         1.         1.         1.         1.
  1.         1.         1.         1.         1.         1.
  1.         1.         1.         1.         1.         1.
  1.         1.         1.         1.         1.         1.
  1.         1.         1.         1.         1.         1.
  1.         1.         1.         1.         1.         0.99337748
  0.99337748 0.93377483 0.98013245 0.98675497]]
score: 0.998476821192053
f1: 0.9984868409984251
mcc: 0.9969751427365163
Memory peak: 91968

