1CHT.txt
Executed in: 22.608790159225464 seconds
ep: 0.05 percent_pool: 10 number of updts: 303
acc_percent: [[0.94736842 0.84768212 0.85430464 0.86754967 0.89403974 0.94039735
  0.96688742 0.9602649  1.         0.98675497 1.         1.
  1.         1.         1.         1.         1.         1.
  1.         1.         1.         1.         1.         1.
  1.         0.99337748 0.99337748 1.         0.99337748 0.99337748
  1.         1.         1.         1.         1.         1.
  1.         1.         1.         1.         1.         1.
  1.         1.         1.         1.         1.         1.
  1.         1.         1.         1.         1.         1.
  1.         1.         1.         1.         1.         1.
  1.         1.         1.         1.         1.         1.
  0.99337748 1.         1.         1.         1.         0.99337748
  1.         1.         1.         0.99337748 0.99337748 1.
  1.         1.         1.         1.         1.         1.
  1.         1.         1.         1.         1.         1.
  1.         0.98675497 0.97350993 1.         0.98675497 0.91390728
  0.89403974 0.80794702 0.8013245  0.8013245 ]]
score: 0.9837783199721158
f1: 0.9838123983729279
mcc: 0.9680372474204435
Memory peak: 91968

1CHT.txt
Executed in: 27.568695306777954 seconds
ep: 0.05 percent_pool: 20 number of updts: 308
acc_percent: [[0.92763158 0.87417219 0.91390728 0.91390728 0.9205298  0.9602649
  0.99337748 0.99337748 1.         1.         1.         1.
  0.99337748 0.98675497 0.99337748 1.         1.         1.
  1.         0.99337748 0.99337748 1.         0.99337748 1.
  0.99337748 0.99337748 0.99337748 0.99337748 0.98675497 0.98675497
  1.         1.         0.97350993 0.98013245 0.99337748 1.
  0.99337748 1.         0.99337748 1.         1.         1.
  1.         1.         1.         0.99337748 0.99337748 0.99337748
  1.         1.         1.         1.         1.         1.
  1.         1.         1.         1.         1.         0.99337748
  1.         1.         1.         1.         1.         1.
  0.98675497 1.         1.         0.99337748 0.96688742 0.97350993
  1.         1.         1.         1.         0.99337748 0.99337748
  0.98675497 1.         1.         1.         1.         1.
  1.         1.         1.         1.         0.98013245 1.
  1.         0.99337748 0.99337748 0.98675497 0.98013245 0.92715232
  0.93377483 0.78145695 0.83443709 0.82781457]]
score: 0.9843756535378182
f1: 0.9844725830973056
mcc: 0.969084821778201
Memory peak: 91968

1CHT.txt
Executed in: 48.14360499382019 seconds
ep: 0.05 percent_pool: 30 number of updts: 564
acc_percent: [[0.94736842 0.94039735 0.98013245 0.96688742 0.96688742 0.98675497
  0.99337748 1.         0.99337748 1.         0.99337748 0.99337748
  0.99337748 0.98675497 0.98675497 0.98675497 0.99337748 1.
  0.99337748 0.99337748 0.97350993 1.         0.98675497 0.98675497
  0.97350993 0.99337748 0.99337748 0.99337748 0.97350993 0.98013245
  0.97350993 1.         0.9602649  0.98013245 0.99337748 0.99337748
  0.98675497 0.98675497 0.98013245 0.9602649  0.9602649  0.97350993
  0.96688742 0.9602649  0.97350993 0.96688742 0.95364238 0.97350993
  0.94039735 0.97350993 0.95364238 0.95364238 0.96688742 0.94701987
  0.93377483 0.97350993 0.98675497 0.98675497 1.         0.98675497
  0.99337748 0.98675497 1.         0.98013245 1.         1.
  0.96688742 1.         0.98675497 0.98013245 0.9602649  0.97350993
  1.         0.99337748 0.99337748 0.99337748 0.99337748 1.
  0.9602649  1.         0.99337748 1.         0.9602649  0.98675497
  1.         0.99337748 1.         0.98675497 0.98013245 1.
  1.         0.99337748 0.99337748 0.98675497 0.98013245 0.95364238
  0.94701987 0.83443709 0.88741722 0.8807947 ]]
score: 0.9781491808992682
f1: 0.9782221156259788
mcc: 0.9565851772910025
Memory peak: 91968

1CHT.txt
Executed in: 27.59488844871521 seconds
ep: 0.1 percent_pool: 10 number of updts: 503
acc_percent: [[0.88157895 0.76821192 0.80794702 0.82119205 0.86092715 0.90728477
  0.94039735 0.93377483 0.94701987 0.98013245 0.98013245 0.99337748
  0.98013245 0.98013245 1.         1.         1.         0.7615894
  0.58278146 0.47682119 0.50331126 0.47682119 0.54966887 0.44370861
  0.54304636 0.47019868 0.52980132 0.52317881 0.43046358 0.47019868
  0.50331126 0.56291391 0.49006623 0.49006623 0.47682119 0.47682119
  0.54304636 0.49006623 0.45695364 0.47682119 0.58278146 0.49006623
  0.54304636 0.44370861 0.47682119 0.44370861 0.55629139 0.52980132
  0.50993377 0.47682119 0.52980132 0.49668874 0.48344371 0.50331126
  0.47682119 0.50993377 0.50331126 0.49006623 0.56953642 0.47682119
  0.45033113 0.48344371 0.49006623 0.53642384 0.48344371 0.49668874
  0.54304636 0.46357616 0.49006623 0.50331126 0.48344371 0.50331126
  0.52980132 0.50993377 0.46357616 0.50331126 0.51655629 0.52317881
  0.49668874 0.50331126 0.54304636 0.54304636 0.56953642 0.49668874
  0.56953642 0.64238411 0.60264901 0.78807947 0.74834437 0.75496689
  0.80794702 0.82119205 0.86754967 0.94701987 0.89403974 0.85430464
  0.7218543  0.7218543  0.67549669 0.70198675]]
score: 0.6184846636458697
f1: 0.5546942192012683
mcc: 0.3635648242272368
Memory peak: 91968

1CHT.txt
Executed in: 24.950153589248657 seconds
ep: 0.1 percent_pool: 20 number of updts: 235
acc_percent: [[0.94078947 0.86092715 0.93377483 0.92715232 0.92715232 0.96688742
  0.97350993 0.98675497 1.         0.99337748 1.         1.
  1.         1.         1.         1.         1.         1.
  1.         0.99337748 1.         1.         0.99337748 1.
  1.         1.         0.99337748 0.98675497 0.98013245 0.99337748
  0.99337748 1.         0.98013245 0.99337748 1.         1.
  0.98675497 1.         0.99337748 1.         1.         1.
  1.         1.         1.         1.         1.         0.99337748
  1.         1.         1.         1.         1.         1.
  1.         1.         1.         1.         1.         0.99337748
  1.         1.         1.         1.         1.         1.
  0.98675497 1.         1.         1.         1.         1.
  1.         1.         1.         0.99337748 0.99337748 1.
  1.         1.         1.         1.         1.         1.
  1.         1.         1.         1.         1.         1.
  1.         0.99337748 0.99337748 1.         0.98675497 0.90066225
  0.90066225 0.80794702 0.81456954 0.84768212]]
score: 0.9860304112931337
f1: 0.9859855313423943
mcc: 0.9721555511986802
Memory peak: 91968

1CHT.txt
Executed in: 34.05961513519287 seconds
ep: 0.1 percent_pool: 30 number of updts: 302
acc_percent: [[0.94078947 0.94039735 0.98013245 0.96688742 0.98675497 0.99337748
  0.99337748 1.         1.         1.         0.99337748 0.99337748
  0.99337748 0.99337748 0.99337748 0.98675497 1.         1.
  1.         0.99337748 1.         0.98013245 0.98675497 0.99337748
  0.98675497 1.         0.99337748 0.99337748 0.97350993 0.98675497
  1.         1.         0.97350993 0.98675497 0.99337748 1.
  0.98675497 0.98013245 0.98013245 1.         1.         1.
  1.         1.         1.         0.99337748 0.99337748 0.99337748
  1.         1.         1.         1.         1.         0.99337748
  1.         1.         1.         1.         1.         0.99337748
  1.         1.         1.         1.         1.         1.
  0.98675497 1.         1.         1.         0.97350993 0.96688742
  1.         0.98675497 1.         0.99337748 0.99337748 1.
  0.96688742 1.         1.         1.         0.98675497 1.
  1.         1.         0.99337748 0.99337748 0.97350993 1.
  1.         0.99337748 0.98675497 0.99337748 0.98013245 0.94039735
  0.94701987 0.8807947  0.86754967 0.90728477]]
score: 0.9882158417567097
f1: 0.9882894686155941
mcc: 0.9765797927460315
Memory peak: 91968

1CHT.txt
Executed in: 18.000198364257812 seconds
ep: 0.15 percent_pool: 10 number of updts: 106
acc_percent: [[0.86842105 0.90066225 0.97350993 0.9602649  0.94039735 0.94039735
  0.98013245 0.96688742 1.         0.98675497 1.         1.
  1.         1.         1.         1.         1.         1.
  1.         1.         1.         1.         1.         1.
  1.         1.         1.         1.         1.         1.
  1.         1.         1.         1.         1.         1.
  1.         1.         1.         1.         1.         1.
  1.         1.         1.         1.         1.         1.
  1.         1.         1.         1.         1.         1.
  1.         1.         1.         1.         1.         1.
  1.         1.         1.         1.         1.         1.
  1.         1.         1.         1.         1.         1.
  1.         1.         1.         1.         1.         1.
  1.         1.         1.         1.         1.         1.
  0.99337748 1.         1.         0.98013245 0.98675497 1.
  0.98013245 0.96688742 0.9205298  0.86754967 0.86092715 0.79470199
  0.70198675 0.60264901 0.62251656 0.77483444]]
score: 0.9757040780759847
f1: 0.9757754283815976
mcc: 0.9526843131753971
Memory peak: 91968

1CHT.txt
Executed in: 31.874419450759888 seconds
ep: 0.15 percent_pool: 20 number of updts: 408
acc_percent: [[0.90131579 0.90728477 0.92715232 0.93377483 0.96688742 0.98013245
  1.         1.         1.         1.         1.         1.
  0.99337748 1.         1.         0.99337748 1.         1.
  1.         0.99337748 0.99337748 0.98675497 0.99337748 1.
  1.         1.         0.99337748 1.         0.98013245 0.98675497
  0.98013245 1.         0.98013245 0.98675497 0.99337748 1.
  0.98675497 0.98013245 0.99337748 0.99337748 1.         1.
  1.         1.         1.         0.99337748 0.99337748 0.99337748
  1.         1.         1.         1.         1.         1.
  1.         1.         1.         1.         1.         0.99337748
  1.         1.         1.         1.         1.         1.
  0.98675497 1.         1.         1.         0.99337748 0.99337748
  1.         0.99337748 1.         0.98013245 0.98013245 1.
  0.97350993 1.         1.         0.99337748 1.         1.
  1.         1.         1.         0.99337748 0.99337748 1.
  1.         0.99337748 0.99337748 0.99337748 0.99337748 0.9205298
  0.9205298  0.85430464 0.74834437 0.77483444]]
score: 0.9847085221331477
f1: 0.9847358587626464
mcc: 0.9695986187297765
Memory peak: 91968

1CHT.txt
Executed in: 35.44024991989136 seconds
ep: 0.15 percent_pool: 30 number of updts: 316
acc_percent: [[0.94078947 0.90728477 0.9602649  0.96688742 0.9602649  0.98675497
  0.99337748 1.         1.         0.98675497 0.99337748 1.
  0.99337748 0.99337748 1.         0.98675497 0.98675497 1.
  1.         0.99337748 0.97350993 0.98013245 0.99337748 0.98013245
  0.95364238 0.98675497 0.99337748 1.         0.97350993 0.97350993
  1.         1.         0.97350993 0.98675497 0.99337748 1.
  0.99337748 0.98675497 0.98675497 1.         1.         1.
  0.99337748 1.         1.         0.98675497 0.99337748 0.99337748
  1.         1.         1.         1.         1.         0.99337748
  1.         0.99337748 1.         1.         1.         0.99337748
  1.         1.         1.         1.         1.         1.
  0.98675497 1.         1.         0.99337748 0.96688742 0.97350993
  1.         0.98013245 0.99337748 0.98675497 0.99337748 0.99337748
  0.96688742 1.         0.99337748 0.99337748 1.         1.
  1.         1.         1.         0.99337748 0.98013245 1.
  1.         0.99337748 0.99337748 1.         0.98675497 0.90728477
  0.95364238 0.8807947  0.88741722 0.91390728]]
score: 0.9863615371209482
f1: 0.9864473681864157
mcc: 0.9728947705295979
Memory peak: 91968

