1CSurr.txt
Executed in: 440.1750726699829 seconds
ep: 0.05 percent_pool: 10 number of updts: 5193
acc_percent: [[0.84952381 0.63931298 0.60877863 0.64122137 0.63358779 0.64571429
  0.66603053 0.58206107 0.59923664 0.59160305 0.64571429 0.60305344
  0.59923664 0.57442748 0.57633588 0.57142857 0.53053435 0.59160305
  0.55534351 0.54389313 0.55152672 0.55047619 0.5648855  0.5
  0.55725191 0.48664122 0.38857143 0.36832061 0.20801527 0.24236641
  0.23091603 0.21333333 0.27671756 0.24236641 0.27480916 0.27862595
  0.29333333 0.3148855  0.30534351 0.33396947 0.26145038 0.22900763
  0.26095238 0.23854962 0.21946565 0.22900763 0.29389313 0.26857143
  0.29770992 0.36450382 0.42748092 0.44465649 0.3352381  0.34732824
  0.34923664 0.41221374 0.44083969 0.35619048 0.3721374  0.37022901
  0.42748092 0.4980916  0.58015267 0.63809524 0.63740458 0.72709924
  0.72519084 0.70419847 0.75047619 0.71946565 0.68320611 0.70038168
  0.74427481 0.74857143 0.76145038 0.75       0.72519084 0.75
  0.74666667 0.71755725 0.74045802 0.75       0.76145038 0.80343511
  0.82285714 0.83206107 0.85114504 0.79770992 0.78053435 0.63809524
  0.45038168 0.3148855  0.20610687 0.12022901 0.16761905 0.17938931
  0.45801527 0.53435115 0.61832061 0.60380952]]
score: 0.5111546710287168
f1: 0.5087778616793175
mcc: 0.060253990170157465
Memory peak: 101976

1CSurr.txt
Executed in: 361.0167820453644 seconds
ep: 0.05 percent_pool: 20 number of updts: 2186
acc_percent: [[0.82095238 0.67748092 0.64694656 0.67366412 0.63549618 0.64571429
  0.67557252 0.60114504 0.59541985 0.61641221 0.65904762 0.61641221
  0.61641221 0.57251908 0.58778626 0.58857143 0.55725191 0.60305344
  0.56870229 0.5610687  0.55152672 0.56571429 0.57251908 0.5
  0.44847328 0.41412214 0.39809524 0.41984733 0.31679389 0.25572519
  0.24618321 0.18095238 0.15839695 0.12977099 0.19083969 0.15648855
  0.15619048 0.14885496 0.14122137 0.16030534 0.15267176 0.09923664
  0.13714286 0.1259542  0.10114504 0.11259542 0.10496183 0.07619048
  0.11832061 0.12022901 0.12977099 0.11259542 0.12380952 0.14885496
  0.13931298 0.15648855 0.1889313  0.16571429 0.16984733 0.20610687
  0.20801527 0.33969466 0.3778626  0.4552381  0.46374046 0.51145038
  0.50381679 0.55152672 0.55428571 0.57251908 0.55152672 0.57442748
  0.58396947 0.55047619 0.5648855  0.54580153 0.52862595 0.53816794
  0.54285714 0.50572519 0.53435115 0.52671756 0.54007634 0.59923664
  0.60761905 0.59732824 0.64694656 0.6278626  0.67366412 0.66857143
  0.63167939 0.4980916  0.46183206 0.27862595 0.24380952 0.21183206
  0.14122137 0.14122137 0.13549618 0.13333333]]
score: 0.4024565976008724
f1: 0.40181301245349615
mcc: -0.11855486304353587
Memory peak: 113576

1CSurr.txt
Executed in: 305.49260091781616 seconds
ep: 0.05 percent_pool: 30 number of updts: 1255
acc_percent: [[0.77333333 0.65648855 0.64122137 0.66030534 0.64122137 0.63619048
  0.66603053 0.60305344 0.61450382 0.62022901 0.64952381 0.63931298
  0.63740458 0.60305344 0.59541985 0.57714286 0.55343511 0.59923664
  0.5629771  0.55343511 0.54770992 0.5752381  0.53625954 0.46755725
  0.4389313  0.3759542  0.34285714 0.30343511 0.23664122 0.21183206
  0.19656489 0.15619048 0.16030534 0.14312977 0.19847328 0.18129771
  0.18666667 0.14694656 0.15839695 0.17366412 0.17748092 0.1240458
  0.14857143 0.16221374 0.12977099 0.14122137 0.13931298 0.09142857
  0.13549618 0.14885496 0.12977099 0.1240458  0.12761905 0.16412214
  0.15076336 0.16412214 0.19656489 0.1752381  0.17748092 0.20801527
  0.19274809 0.25381679 0.27290076 0.32571429 0.42366412 0.49045802
  0.51335878 0.55725191 0.56761905 0.60114504 0.57442748 0.59351145
  0.6221374  0.55619048 0.57824427 0.56870229 0.55725191 0.57442748
  0.56380952 0.53625954 0.54389313 0.54961832 0.5629771  0.61450382
  0.60190476 0.59923664 0.65839695 0.64694656 0.69465649 0.68190476
  0.59923664 0.46946565 0.41030534 0.20610687 0.17904762 0.13931298
  0.10305344 0.1240458  0.14503817 0.15238095]]
score: 0.3984338058887677
f1: 0.39832137103200993
mcc: -0.13863527105041476
Memory peak: 116240

