1CHT.txtwBalanceEpChanged
ep: 0.05 percent_pool: 10 number of updts: 72
acc_percent: [[0.98223684 0.99868334 0.99736669 0.99605003 0.99802502 0.99934167
  0.99868334 0.99670836 1.         0.95128374]]
score: 0.9918
f1: 0.9918474687705457
mcc: 0.983685062054612

1CHT.txtwBalanceEpChanged
ep: 0.05 percent_pool: 20 number of updts: 158
acc_percent: [[0.95526316 0.99341672 0.99605003 0.99934167 0.99868334 0.99868334
  0.99868334 0.99078341 0.98683344 0.94404213]]
score: 0.9862
f1: 0.9860963983050848
mcc: 0.9724460043273362

1CHT.txtwBalanceEpChanged
ep: 0.05 percent_pool: 30 number of updts: 245
acc_percent: [[0.90526316 0.92100066 0.97300856 0.97695853 0.9644503  0.95655036
  0.96840026 0.96905859 0.99539171 0.96576695]]
score: 0.9596
f1: 0.9580027359781123
mcc: 0.9218990626457826

1CHT.txtwBalanceEpChanged
ep: 0.1 percent_pool: 10 number of updts: 35
acc_percent: [[0.96315789 0.99539171 0.99670836 0.99736669 0.99802502 0.99736669
  0.99802502 0.99473338 0.99802502 0.97103357]]
score: 0.991
f1: 0.9910051867900992
mcc: 0.9819818532590566

1CHT.txtwBalanceEpChanged
ep: 0.1 percent_pool: 20 number of updts: 72
acc_percent: [[0.95197368 0.99407505 0.98551679 0.98156682 0.98222515 0.97564187
  0.98156682 0.97498354 0.98288348 0.96115866]]
score: 0.9772
f1: 0.9767317105880774
mcc: 0.9550233066108748

1CHT.txtwBalanceEpChanged
ep: 0.1 percent_pool: 30 number of updts: 216
acc_percent: [[0.94407895 0.98683344 0.98485846 0.99473338 0.99605003 0.99605003
  0.99802502 0.98749177 0.99341672 0.96840026]]
score: 0.985
f1: 0.9848565356004251
mcc: 0.9701741632387073

1CHT.txtwBalanceEpChanged
ep: 0.15 percent_pool: 10 number of updts: 35
acc_percent: [[0.94736842 0.99210007 1.         0.99934167 0.99934167 1.
  1.         1.         0.99802502 0.93482554]]
score: 0.9871
f1: 0.987064413938754
mcc: 0.9742299571347453

1CHT.txtwBalanceEpChanged
ep: 0.15 percent_pool: 20 number of updts: 252
acc_percent: [[0.97631579 0.86635945 0.98880843 0.98617512 0.99802502 0.99605003
  0.99736669 0.98749177 0.99605003 0.95391705]]
score: 0.9747
f1: 0.9742629854936827
mcc: 0.9498197745634583

1CHT.txtwBalanceEpChanged
ep: 0.15 percent_pool: 30 number of updts: 120
acc_percent: [[0.96578947 0.99539171 0.9835418  0.99275839 0.99341672 0.99275839
  0.99473338 0.9881501  0.99605003 0.96050033]]
score: 0.9863
f1: 0.9861517976031957
mcc: 0.972904488635638
