1CHT.txt
ep: 0.15 percent_pool: 10 number of updts: 20
acc_percent: [[0.98157895 0.99868334 0.99736669 0.99736669 0.99868334 0.99736669
  0.99934167 0.99736669 0.94009217 0.58657011]]
score: 0.9494
f1: 0.9517050807008731
mcc: 0.9029107543863915

1CHT.txt
ep: 0.15 percent_pool: 20 number of updts: 19
acc_percent: [[0.97894737 0.99934167 0.99868334 1.         1.         0.99934167
  1.         0.99736669 0.94470046 0.84331797]]
score: 0.9761
f1: 0.9765912168698007
mcc: 0.9530146931494247

1CHT.txt
ep: 0.15 percent_pool: 30 number of updts: 11
acc_percent: [[0.96644737 0.96510862 0.95589203 0.94996708 0.95457538 0.94470046
  0.95655036 0.95786702 0.95655036 0.95128374]]
score: 0.9559
f1: 0.9540592430060341
mcc: 0.9148521308634121

1CHT.txt
ep: 0.2 percent_pool: 10 number of updts: 16
acc_percent: [[0.97105263 0.99144174 0.99210007 0.99210007 0.99078341 0.99210007
  0.99473338 0.98749177 0.99210007 0.78736011]]
score: 0.9691
f1: 0.9695157621059474
mcc: 0.9385675834089339

1CHT.txt
ep: 0.2 percent_pool: 20 number of updts: 20
acc_percent: [[0.94539474 0.92955892 0.93548387 0.92955892 0.94140882 0.9315339
  0.92692561 0.9361422  0.88610928 0.56550362]]
score: 0.8928
f1: 0.888325568648945
mcc: 0.7880188474876675

1CHT.txt
ep: 0.2 percent_pool: 30 number of updts: 15
acc_percent: [[0.98552632 0.99341672 0.99407505 0.99210007 0.99341672 0.99275839
  0.99605003 0.98946675 0.99934167 0.89993417]]
score: 0.9836
f1: 0.9837159113203845
mcc: 0.9673061855059628

1CHT.txt
ep: 0.25 percent_pool: 10 number of updts: 14
acc_percent: [[0.97039474 0.99934167 1.         0.99736669 0.99802502 0.99868334
  0.99868334 0.99868334 0.99670836 0.94272548]]
score: 0.9901
f1: 0.99007949543394
mcc: 0.9801353206414599

1CHT.txt
ep: 0.25 percent_pool: 20 number of updts: 13
acc_percent: [[0.98026316 0.99934167 1.         0.99736669 0.99802502 0.99868334
  0.99868334 0.99802502 0.98946675 0.919684  ]]
score: 0.988
f1: 0.9880556099471315
mcc: 0.9760447643445617

1CHT.txt
ep: 0.25 percent_pool: 30 number of updts: 10
acc_percent: [[0.98552632 0.99934167 1.         0.99802502 0.99934167 1.
  0.99934167 1.         1.         0.91046741]]
score: 0.9892
f1: 0.9893131760719407
mcc: 0.978601642984171
