1CSurr.txtwBalanceEpChanged
ep: 0.05 percent_pool: 10 number of updts: 320
acc_percent: [[0.88364121 0.69167778 0.5553228  0.51799657 0.55703675 0.5543706
  0.54637212 0.7251952  0.70253285 0.54065892]]
score: 0.6275
f1: 0.31143963393171414
mcc: 0.11097004256750666

1CSurr.txtwBalanceEpChanged
ep: 0.05 percent_pool: 20 number of updts: 560
acc_percent: [[0.89716245 0.56084555 0.56579699 0.5806513  0.61035993 0.60445629
  0.58674538 0.82079604 0.73738336 0.56770139]]
score: 0.6532
f1: 0.31451370069256246
mcc: 0.1705345465969379

1CSurr.txtwBalanceEpChanged
ep: 0.05 percent_pool: 30 number of updts: 705
acc_percent: [[0.86440678 0.4985717  0.56217863 0.51990097 0.53742144 0.40906494
  0.48333651 0.72195772 0.74252523 0.30584651]]
score: 0.5645
f1: 0.3275015437090182
mcc: 0.013975579573498048

1CSurr.txtwBalanceEpChanged
ep: 0.1 percent_pool: 10 number of updts: 247
acc_percent: [[0.86821558 0.6015997  0.55875071 0.59664826 0.61474005 0.61645401
  0.60769377 0.80003809 0.70672253 0.58655494]]
score: 0.6558
f1: 0.24786787036651828
mcc: 0.16789341022366158
1CSurr.txtwBalanceEpChanged

ep: 0.1 percent_pool: 20 number of updts: 434
acc_percent: [[0.86840602 0.71491145 0.4947629  0.57798515 0.55551324 0.57589031
  0.54980004 0.8148924  0.78118454 0.47000571]]
score: 0.6404
f1: 0.3788476716653512
mcc: 0.1612747862025236
1CSurr.txtwBalanceEpChanged

ep: 0.1 percent_pool: 30 number of updts: 542
acc_percent: [[0.88973529 0.69986669 0.48809751 0.37440488 0.30546563 0.45477052
  0.4145877  0.68348886 0.70215197 0.25823653]]
score: 0.5271
f1: 0.4073305175746295
mcc: 0.01840667170716264

1CSurr.txtwBalanceEpChanged
ep: 0.15 percent_pool: 10 number of updts: 210
acc_percent: [[0.91677776 0.82879452 0.53799276 0.51533041 0.52390021 0.58236526
  0.54161112 0.75261855 0.6779661  0.4976195 ]]
score: 0.6375
f1: 0.36090780903780295
mcc: 0.14923444963803062

1CSurr.txtwBalanceEpChanged
ep: 0.15 percent_pool: 20 number of updts: 297
acc_percent: [[0.90344696 0.76785374 0.60274233 0.44048753 0.45629404 0.50028566
  0.49438202 0.75833175 0.87945153 0.41401638]]
score: 0.6218
f1: 0.4199153161045408
mcc: 0.14815711643418472

1CSurr.txtwBalanceEpChanged
ep: 0.15 percent_pool: 30 number of updts: 456
acc_percent: [[0.89316321 0.64178252 0.57741383 0.5391354  0.43058465 0.43972577
  0.42906113 0.72290992 0.76271186 0.49800038]]
score: 0.5935
f1: 0.3056106684013661
mcc: 0.04626030286178552
