2CDT.txtwBalanceEpChanged
ep: 0.05 percent_pool: 10 number of updts: 14
acc_percent: [[0.70855263 0.50098749 0.50032916 0.50757077 0.49308756 0.50559579
  0.4917709  0.50098749 0.50757077 0.79328506]]
score: 0.5509
f1: 0.18680009530617106
mcc: 0.2288542617127563

2CDT.txtwBalanceEpChanged
ep: 0.05 percent_pool: 20 number of updts: 78
acc_percent: [[0.63026316 0.50032916 0.50032916 0.50757077 0.49308756 0.50559579
  0.4917709  0.50098749 0.50427913 0.55957867]]
score: 0.5193
f1: 0.07448695211553077
mcc: 0.14044073922620265

2CDT.txtwBalanceEpChanged
ep: 0.05 percent_pool: 30 number of updts: 62
acc_percent: [[0.75921053 0.50032916 0.50032916 0.50757077 0.49308756 0.50559579
  0.4917709  0.50098749 0.50888743 0.77814352]]
score: 0.5545
f1: 0.19822380106571938
mcc: 0.23802609824738624

2CDT.txtwBalanceEpChanged
ep: 0.1 percent_pool: 10 number of updts: 13
acc_percent: [[0.62697368 0.49967084 0.50032916 0.50757077 0.49308756 0.50559579
  0.4917709  0.50098749 0.50032916 0.70111916]]
score: 0.5327
f1: 0.12427567500924672
mcc: 0.1814052381149394

2CDT.txtwBalanceEpChanged
ep: 0.1 percent_pool: 20 number of updts: 12
acc_percent: [[0.76513158 0.50098749 0.50032916 0.50757077 0.49308756 0.50559579
  0.4917709  0.50098749 0.51217907 0.77814352]]
score: 0.5555
f1: 0.203489742985145
mcc: 0.23750183804857258

2CDT.txtwBalanceEpChanged
ep: 0.1 percent_pool: 30 number of updts: 40
acc_percent: [[0.79868421 0.5082291  0.50032916 0.50757077 0.49308756 0.50559579
  0.4917709  0.50098749 0.5437788  0.88018433]]
score: 0.573
f1: 0.2562163400939612
mcc: 0.2784686082598152

2CDT.txtwBalanceEpChanged
ep: 0.15 percent_pool: 10 number of updts: 9
acc_percent: [[0.75789474 0.50427913 0.50032916 0.50757077 0.49308756 0.50559579
  0.4917709  0.50098749 0.52732061 0.8604345 ]]
score: 0.5649
f1: 0.23449074074074075
mcc: 0.25693816527245755

2CDT.txtwBalanceEpChanged
ep: 0.15 percent_pool: 20 number of updts: 13
acc_percent: [[0.66118421 0.49967084 0.50032916 0.50757077 0.49308756 0.50559579
  0.4917709  0.50098749 0.49835418 0.59381172]]
score: 0.5252
f1: 0.09685896633712927
mcc: 0.1591649835515213

2CDT.txtwBalanceEpChanged
ep: 0.15 percent_pool: 30 number of updts: 26
acc_percent: [[0.77302632 0.50296248 0.50032916 0.50757077 0.49308756 0.50559579
  0.4917709  0.50098749 0.52863726 0.85977617]]
score: 0.5663
f1: 0.2391505078485688
mcc: 0.2599120710799268
