2CDT.txt
ep: 0.15 percent_pool: 10 number of updts: 3
acc_percent: [[0.65460526 0.50032916 0.50032916 0.50757077 0.49308756 0.50559579
  0.4917709  0.50098749 0.50296248 0.76168532]]
score: 0.5418
f1: 0.1564922480620155
mcc: 0.20590327910876527

2CDT.txt
ep: 0.15 percent_pool: 20 number of updts: 13
acc_percent: [[0.84144737 0.51678736 0.50032916 0.50757077 0.49308756 0.50559579
  0.4917709  0.50098749 0.58064516 0.90256748]]
score: 0.5841
f1: 0.30224086543768625
mcc: 0.2856496713493602

2CDT.txt
ep: 0.15 percent_pool: 30 number of updts: 19
acc_percent: [[0.79276316 0.52139566 0.50032916 0.50757077 0.49308756 0.50559579
  0.4917709  0.50098749 0.56418697 0.88610928]]
score: 0.5764
f1: 0.2772477270176226
mcc: 0.27226739793345206

2CDT.txt
ep: 0.2 percent_pool: 10 number of updts: 3
acc_percent: [[0.6875     0.50098749 0.50032916 0.50757077 0.49308756 0.50559579
  0.4917709  0.50098749 0.50757077 0.78999342]]
score: 0.5485
f1: 0.17896877616939827
mcc: 0.2226116896047671

2CDT.txt
ep: 0.2 percent_pool: 20 number of updts: 8
acc_percent: [[0.62697368 0.49967084 0.50032916 0.50757077 0.49308756 0.50559579
  0.4917709  0.50098749 0.50164582 0.70704411]]
score: 0.5334
f1: 0.1268160551588279
mcc: 0.1835249097185599

2CDT.txt
ep: 0.2 percent_pool: 30 number of updts: 22
acc_percent: [[0.85986842 0.53851218 0.50032916 0.50757077 0.49308756 0.50559579
  0.4917709  0.50098749 0.600395   0.8604345 ]]
score: 0.5859
f1: 0.3139306736429039
mcc: 0.2820048780006162

2CDT.txt
ep: 0.25 percent_pool: 10 number of updts: 3
acc_percent: [[0.70855263 0.50164582 0.50032916 0.50757077 0.49308756 0.50559579
  0.4917709  0.50098749 0.51283739 0.8038183 ]]
score: 0.5526
f1: 0.19295122819508723
mcc: 0.23175030359617177

2CDT.txt
ep: 0.25 percent_pool: 20 number of updts: 4
acc_percent: [[0.65526316 0.49967084 0.50032916 0.50757077 0.49308756 0.50559579
  0.4917709  0.50098749 0.5036208  0.76431863]]
score: 0.5422
f1: 0.15699576014536643
mcc: 0.20767322955644776

2CDT.txt
ep: 0.25 percent_pool: 30 number of updts: 15
acc_percent: [[0.66776316 0.49967084 0.50032916 0.50757077 0.49308756 0.50559579
  0.4917709  0.50098749 0.50032916 0.66491113]]
score: 0.5332
f1: 0.1245990624228966
mcc: 0.1848354462117198
