2CHT.txtwBalance
ep: 0.15 percent_pool: 10 number of updts: 66
acc_percent: [[0.52302632 0.49572087 0.50296248 0.49901251 0.49901251 0.49703752
  0.50032916 0.50559579 0.50427913 0.63133641]]
score: 0.5158
f1: 0.07234686160826821
mcc: 0.10770625960151808

2CHT.txtwBalance
ep: 0.15 percent_pool: 20 number of updts: 63
acc_percent: [[0.58026316 0.49572087 0.50296248 0.49901251 0.49901251 0.49703752
  0.50032916 0.50559579 0.50427913 0.65437788]]
score: 0.5238
f1: 0.09705588822355289
mcc: 0.14597077986053777

2CHT.txtwBalance
ep: 0.15 percent_pool: 30 number of updts: 70
acc_percent: [[0.56776316 0.49506254 0.50296248 0.49901251 0.49901251 0.49703752
  0.50032916 0.50559579 0.5036208  0.73403555]]
score: 0.5304
f1: 0.12929982922664063
mcc: 0.1563454372852486

2CHT.txtwBalance
ep: 0.2 percent_pool: 10 number of updts: 49
acc_percent: [[0.83157895 0.58657011 0.50493746 0.49901251 0.49901251 0.49703752
  0.50032916 0.5082291  0.65635286 0.71823568]]
score: 0.5801
f1: 0.2864169927333706
mcc: 0.28192018453230194

2CHT.txtwBalance
ep: 0.2 percent_pool: 20 number of updts: 43
acc_percent: [[0.61381579 0.49703752 0.50296248 0.49901251 0.49901251 0.49703752
  0.50032916 0.50559579 0.51678736 0.71033575]]
score: 0.5341
f1: 0.1463532248342375
mcc: 0.16346172925246952

2CHT.txtwBalance
ep: 0.2 percent_pool: 30 number of updts: 56
acc_percent: [[0.59802632 0.4963792  0.50296248 0.49901251 0.49901251 0.49703752
  0.50032916 0.50559579 0.50757077 0.62738644]]
score: 0.5233
f1: 0.0894697160090475
mcc: 0.15357323583275936

2CHT.txtwBalance
ep: 0.25 percent_pool: 10 number of updts: 8
acc_percent: [[0.65592105 0.53522054 0.5036208  0.49901251 0.49901251 0.49703752
  0.50032916 0.50625411 0.56945359 0.62738644]]
score: 0.5393
f1: 0.16561420231145005
mcc: 0.1766245056753388

2CHT.txtwBalance
ep: 0.25 percent_pool: 20 number of updts: 18
acc_percent: [[0.71052632 0.50493746 0.50296248 0.49901251 0.49901251 0.49703752
  0.50032916 0.50559579 0.50625411 0.62146149]]
score: 0.5347
f1: 0.13204074119523865
mcc: 0.1858192953356447

2CHT.txtwBalance
ep: 0.25 percent_pool: 30 number of updts: 20
acc_percent: [[0.58552632 0.49901251 0.50296248 0.49901251 0.49901251 0.49703752
  0.50032916 0.50559579 0.51415405 0.70572745]]
score: 0.5308
f1: 0.11928871326253397
mcc: 0.17295892307302244
