1CDT.txt
ep: 0.15 percent_pool: 10 number of updts: 5
acc_percent: [[0.96710526 0.96905859 0.95918367 0.96840026 0.9716919  0.96510862
  0.97432521 0.96247531 0.97037525 0.96050033]]
score: 0.9668
f1: 0.9657049537289057
mcc: 0.9357440778703847

1CDT.txt
ep: 0.15 percent_pool: 20 number of updts: 6
acc_percent: [[0.99473684 0.99341672 0.99539171 0.99539171 0.99539171 0.99539171
  0.99736669 0.99275839 0.99210007 0.99473338]]
score: 0.9947
f1: 0.9946439198571712
mcc: 0.9893928866081185

1CDT.txt
ep: 0.15 percent_pool: 30 number of updts: 7
acc_percent: [[0.98684211 0.98749177 0.9881501  0.99210007 0.99144174 0.9835418
  0.9835418  0.98683344 0.98880843 0.98617512]]
score: 0.9875
f1: 0.9873434585664802
mcc: 0.9752984437595345

1CDT.txt
ep: 0.2 percent_pool: 10 number of updts: 5
acc_percent: [[0.98421053 0.97959184 0.9763002  0.98156682 0.98485846 0.98551679
  0.98288348 0.97498354 0.98222515 0.98288348]]
score: 0.9815
f1: 0.9811649574368255
mcc: 0.9636852456237538

1CDT.txt
ep: 0.2 percent_pool: 20 number of updts: 5
acc_percent: [[0.98092105 0.97564187 0.9716919  0.97827518 0.98090849 0.9763002
  0.97761685 0.96905859 0.97959184 0.9881501 ]]
score: 0.9778
f1: 0.9773262463836373
mcc: 0.9565988004182173

1CDT.txt
ep: 0.2 percent_pool: 30 number of updts: 7
acc_percent: [[0.97039474 0.97037525 0.96115866 0.96840026 0.97300856 0.96905859
  0.97893351 0.96510862 0.97366689 0.96642528]]
score: 0.9697
f1: 0.9687224370717145
mcc: 0.941074987048973

1CDT.txt
ep: 0.25 percent_pool: 10 number of updts: 5
acc_percent: [[0.96710526 0.96905859 0.95918367 0.96708361 0.96840026 0.96642528
  0.9716919  0.95589203 0.96774194 0.94865043]]
score: 0.9641
f1: 0.962816401719315
mcc: 0.9306679154555048

1CDT.txt
ep: 0.25 percent_pool: 20 number of updts: 6
acc_percent: [[0.98157895 0.97959184 0.98090849 0.98880843 0.98025016 0.98288348
  0.9881501  0.97695853 0.98222515 0.97761685]]
score: 0.9819
f1: 0.9815967342568427
mcc: 0.9643673278837399

1CDT.txt
ep: 0.25 percent_pool: 30 number of updts: 5
acc_percent: [[0.97236842 0.9716919  0.96708361 0.97037525 0.97695853 0.9716919
  0.97761685 0.96379197 0.97103357 0.96510862]]
score: 0.9708
f1: 0.9699105448631066
mcc: 0.9431898857688247

1CDT.txt
ep: 0.15 percent_pool: 10 number of updts: 6
acc_percent: [[0.96776316 0.96840026 0.96115866 0.96774194 0.97235023 0.96774194
  0.97432521 0.95655036 0.96576695 0.96642528]]
score: 0.9668
f1: 0.9657049537289057
mcc: 0.9357440778703847

1CDT.txt
ep: 0.15 percent_pool: 10 number of updts: 14
acc_percent: [[0.96776316 0.96905859 0.9644503  0.96905859 0.97432521 0.96840026
  0.97300856 0.96313364 0.96840026 0.97366689]]
score: 0.9691
f1: 0.9681753409784897
mcc: 0.9400355072138469
