1CDT.txtwBalanceEpChanged
ep: 0.05 percent_pool: 10 number of updts: 22
acc_percent: [[0.97368421 0.9835418  0.99934167 0.99934167 1.         0.99934167
  1.         1.         1.         0.99736669]]
score: 0.9953
f1: 0.9952418715305313
mcc: 0.9905659666612231

1CDT.txtwBalanceEpChanged
ep: 0.05 percent_pool: 20 number of updts: 33
acc_percent: [[0.99605263 0.99934167 1.         0.99934167 1.         1.
  1.         1.         0.99934167 0.99605003]]
score: 0.999
f1: 0.9990130929666425
mcc: 0.9980263244288983

1CDT.txtwBalanceEpChanged
ep: 0.05 percent_pool: 30 number of updts: 76
acc_percent: [[0.97368421 0.99868334 0.99868334 0.99934167 1.         0.99934167
  1.         1.         1.         0.98946675]]
score: 0.9959
f1: 0.9959124472573839
mcc: 0.9918508973322406

1CDT.txtwBalanceEpChanged
ep: 0.1 percent_pool: 10 number of updts: 12
acc_percent: [[0.96710526 0.97037525 0.95918367 0.96708361 0.97300856 0.96642528
  0.97235023 0.96050033 0.97037525 0.96971692]]
score: 0.9676
f1: 0.966562457523447
mcc: 0.9371813126699303

1CDT.txtwBalanceEpChanged
ep: 0.1 percent_pool: 20 number of updts: 40
acc_percent: [[0.96776316 0.99868334 0.99934167 0.99934167 1.         0.99802502
  1.         1.         0.99934167 0.98090849]]
score: 0.9943
f1: 0.9943316635908251
mcc: 0.9886909205013158

1CDT.txtwBalanceEpChanged
ep: 0.1 percent_pool: 30 number of updts: 76
acc_percent: [[0.99013158 0.99868334 0.99868334 0.99934167 1.         0.99934167
  1.         1.         1.         0.98222515]]
score: 0.9968
f1: 0.9968429360694553
mcc: 0.9936843481557364

1CDT.txtwBalanceEpChanged
ep: 0.15 percent_pool: 10 number of updts: 13
acc_percent: [[0.98157895 0.98090849 0.98288348 0.98880843 0.99275839 0.98749177
  0.99012508 0.99012508 0.99407505 0.98749177]]
score: 0.9876
f1: 0.987417615338526
mcc: 0.9754021571668757

1CDT.txtwBalanceEpChanged
ep: 0.15 percent_pool: 20 number of updts: 27
acc_percent: [[0.99013158 0.99868334 1.         0.99934167 1.         0.99934167
  1.         1.         0.99934167 0.98222515]]
score: 0.9969
f1: 0.9969093180772013
mcc: 0.9938162110197772

1CDT.txtwBalanceEpChanged
ep: 0.15 percent_pool: 30 number of updts: 49
acc_percent: [[0.97171053 0.99802502 0.99934167 0.99934167 1.         0.99934167
  1.         1.         1.         0.98946675]]
score: 0.9957
f1: 0.9957143799037383
mcc: 0.9914567148671369
