1CDT.txtwBalance
ep: 0.15 percent_pool: 10 number of updts: 15
acc_percent: [[0.99078947 0.99868334 1.         0.99934167 1.         1.
  1.         1.         0.99934167 0.99407505]]
score: 0.9982
f1: 0.9982228657934575
mcc: 0.9964477910833804

1CDT.txtwBalance
ep: 0.15 percent_pool: 20 number of updts: 33
acc_percent: [[0.95921053 0.96115866 0.99868334 0.99934167 1.         0.99934167
  1.         1.         1.         0.959842  ]]
score: 0.9878
f1: 0.9877114164904863
mcc: 0.9755609069279665

1CDT.txtwBalance
ep: 0.15 percent_pool: 30 number of updts: 47
acc_percent: [[0.97171053 0.99275839 0.99868334 0.99934167 1.         0.99934167
  1.         1.         1.         0.97695853]]
score: 0.9939
f1: 0.993872306779996
mcc: 0.9877676811833428

1CDT.txtwBalance
ep: 0.2 percent_pool: 10 number of updts: 8
acc_percent: [[0.98355263 0.98090849 0.98156682 0.98485846 0.98551679 0.98617512
  0.98222515 0.97695853 0.97893351 0.98683344]]
score: 0.9828
f1: 0.9824655333957971
mcc: 0.966083144876936

1CDT.txtwBalance
ep: 0.2 percent_pool: 20 number of updts: 25
acc_percent: [[0.98815789 0.99868334 0.99934167 0.99934167 1.         0.99605003
  0.99473338 0.99670836 0.99605003 0.98683344]]
score: 0.9956
f1: 0.9955842615171687
mcc: 0.9911904655482111

1CDT.txtwBalance
ep: 0.2 percent_pool: 30 number of updts: 52
acc_percent: [[0.97105263 0.99605003 0.99934167 0.99934167 1.         0.99934167
  1.         1.         1.         0.9763002 ]]
score: 0.9941
f1: 0.9941381808601726
mcc: 0.9882919461282004

1CDT.txtwBalance
ep: 0.25 percent_pool: 10 number of updts: 11
acc_percent: [[0.96710526 0.97300856 0.96840026 0.97432521 0.98025016 0.97498354
  0.98025016 0.96708361 0.97695853 0.97827518]]
score: 0.9741
f1: 0.9733927606699081
mcc: 0.9494216507106882

1CDT.txtwBalance
ep: 0.25 percent_pool: 20 number of updts: 18
acc_percent: [[0.98092105 0.97827518 0.97827518 0.98420013 0.98551679 0.98420013
  0.99144174 0.98617512 0.99341672 0.96708361]]
score: 0.983
f1: 0.9827804002393459
mcc: 0.9661325092553366

1CDT.txtwBalance
ep: 0.25 percent_pool: 30 number of updts: 35
acc_percent: [[0.99078947 0.99868334 1.         0.99934167 1.         0.99934167
  1.         1.         1.         0.97564187]]
score: 0.9964
f1: 0.9963860963269597
mcc: 0.9927662602941478
