1CHT.txtwBalance
ep: 0.15 percent_pool: 10 number of updts: 29
acc_percent: [[0.95       0.97103357 0.959842   0.96115866 0.95457538 0.95194207
  0.97037525 0.95720869 0.96050033 0.94404213]]
score: 0.9581
f1: 0.9565158031264932
mcc: 0.918601591107358

1CHT.txtwBalance
ep: 0.15 percent_pool: 20 number of updts: 151
acc_percent: [[0.94013158 0.94865043 0.98946675 0.99144174 0.99341672 0.99341672
  0.99802502 0.99275839 1.         0.95194207]]
score: 0.9799
f1: 0.9797220929459476
mcc: 0.9600785526519112

1CHT.txtwBalance
ep: 0.15 percent_pool: 30 number of updts: 149
acc_percent: [[0.98421053 0.99407505 0.9763002  0.93745885 0.93350889 0.93350889
  0.94009217 0.95852535 0.98749177 0.87030941]]
score: 0.9516
f1: 0.9491572257529706
mcc: 0.9072841105635875

1CHT.txtwBalance
ep: 0.2 percent_pool: 10 number of updts: 19
acc_percent: [[0.97434211 1.         0.99868334 0.99934167 0.99868334 0.99934167
  1.         0.99934167 0.99868334 0.93285056]]
score: 0.9901
f1: 0.9902050411388272
mcc: 0.9803734561131734

1CHT.txtwBalance
ep: 0.2 percent_pool: 20 number of updts: 86
acc_percent: [[0.98618421 0.99078341 0.99275839 0.9835418  0.98683344 0.98683344
  0.99275839 0.98288348 0.98749177 0.9644503 ]]
score: 0.9855
f1: 0.9853224413893871
mcc: 0.9710929677804725

1CHT.txtwBalance
ep: 0.2 percent_pool: 30 number of updts: 125
acc_percent: [[0.98421053 0.99341672 0.98617512 0.98880843 0.9881501  0.98617512
  0.98551679 0.98222515 0.99934167 0.95523371]]
score: 0.9849
f1: 0.9848655078976934
mcc: 0.969908395334409

1CHT.txtwBalance
ep: 0.25 percent_pool: 10 number of updts: 20
acc_percent: [[0.95723684 0.96840026 0.9716919  0.97695853 0.97498354 0.96905859
  0.97235023 0.97037525 0.97695853 0.96576695]]
score: 0.9704
f1: 0.9696274298056157
mcc: 0.9419926526424385

1CHT.txtwBalance
ep: 0.25 percent_pool: 20 number of updts: 22
acc_percent: [[0.93486842 0.99934167 0.99868334 0.99934167 0.99934167 0.99934167
  0.99868334 0.99934167 1.         0.94206715]]
score: 0.9871
f1: 0.9870899749703597
mcc: 0.9742132587044535

1CHT.txtwBalance
ep: 0.25 percent_pool: 30 number of updts: 96
acc_percent: [[0.96118421 0.99078341 0.99012508 0.98946675 0.9881501  0.98880843
  0.98749177 0.98551679 0.99539171 0.95457538]]
score: 0.9832
f1: 0.9830530914868265
mcc: 0.9663897104057853
