1CSurr.txt
ep: 0.15 percent_pool: 10 number of updts: 202
acc_percent: [[0.89963816 0.67358598 0.52980385 0.58084174 0.57836603 0.61302609
  0.60502761 0.74576271 0.68234622 0.58179394]]
score: 0.6491
f1: 0.2858139264540629
mcc: 0.15342214418312547

1CSurr.txt
ep: 0.15 percent_pool: 20 number of updts: 302
acc_percent: [[0.89868596 0.73357456 0.42810893 0.36659684 0.42239573 0.43325081
  0.4589602  0.77642354 0.72195772 0.2690916 ]]
score: 0.5509
f1: 0.3972602739726028
mcc: 0.03960292474404414

1CSurr.txt
ep: 0.15 percent_pool: 30 number of updts: 432
acc_percent: [[0.88859265 0.76842506 0.48067035 0.40049514 0.42620453 0.42334793
  0.47229099 0.81546372 0.79070653 0.33879261]]
score: 0.5805
f1: 0.42413153148443417
mcc: 0.09425628633712378

1CSurr.txt
ep: 0.2 percent_pool: 10 number of updts: 203
acc_percent: [[0.89754333 0.61683489 0.45343744 0.44296325 0.4060179  0.43001333
  0.48428871 0.69491525 0.70043801 0.54808608]]
score: 0.5675
f1: 0.2852558051727393
mcc: -0.005646923794473803

1CSurr.txt
ep: 0.2 percent_pool: 20 number of updts: 264
acc_percent: [[0.84326795 0.72214816 0.55760807 0.47743287 0.41211198 0.43991621
  0.4608646  0.67720434 0.70043801 0.35212341]]
score: 0.5643
f1: 0.38028169014084506
mcc: 0.04542986401326453

1CSurr.txt
ep: 0.2 percent_pool: 30 number of updts: 354
acc_percent: [[0.89811464 0.69758141 0.54618168 0.59455342 0.56351171 0.60407541
  0.58674538 0.78727861 0.78746905 0.54827652]]
score: 0.6614
f1: 0.352015159244953
mcc: 0.1988873100160085

1CSurr.txt
ep: 0.25 percent_pool: 10 number of updts: 144
acc_percent: [[0.82574748 0.5930299  0.51990097 0.56693963 0.60045706 0.61302609
  0.60788421 0.72386212 0.68767854 0.58693582]]
score: 0.6326
f1: 0.2596685082872928
mcc: 0.10411006388998095

1CSurr.txt
ep: 0.25 percent_pool: 20 number of updts: 243
acc_percent: [[0.93163207 0.74595315 0.53323177 0.51894877 0.5806513  0.60902685
  0.57779471 0.77985146 0.78251762 0.47229099]]
score: 0.6532
f1: 0.3765873695019682
mcc: 0.1861981233475615

1CSurr.txt
ep: 0.25 percent_pool: 30 number of updts: 288
acc_percent: [[0.92325271 0.80479909 0.50695106 0.43763093 0.47952771 0.45191392
  0.45534184 0.6855837  0.84936203 0.44905732]]
score: 0.6044
f1: 0.40624106989769676
mcc: 0.11531167169867038
