1CSurr.txtwBalance
ep: 0.15 percent_pool: 10 number of updts: 207
acc_percent: [[0.89563893 0.58769758 0.38240335 0.44277281 0.44524852 0.4900019
  0.50314226 0.75128547 0.70653209 0.51114074]]
score: 0.5716
f1: 0.29023913180642313
mcc: 0.003425490918278719

1CSurr.txtwBalance
ep: 0.15 percent_pool: 20 number of updts: 305
acc_percent: [[0.8583127  0.56408303 0.57855647 0.59341078 0.61454961 0.58769758
  0.59474386 0.84383927 0.84745763 0.50447534]]
score: 0.6587
f1: 0.369729577662904
mcc: 0.19644466593190194

1CSurr.txtwBalance
ep: 0.15 percent_pool: 30 number of updts: 435
acc_percent: [[0.86059798 0.86421634 0.64387736 0.50923634 0.56484479 0.51704437
  0.53570748 0.76137878 0.74709579 0.32908018]]
score: 0.6333
f1: 0.4143070044709389
mcc: 0.16360767236990564

1CSurr.txtwBalance
ep: 0.2 percent_pool: 10 number of updts: 175
acc_percent: [[0.8234622  0.719482   0.55836983 0.60674157 0.61112169 0.60902685
  0.59036374 0.8263188  0.78689773 0.57798515]]
score: 0.671
f1: 0.32179306013502906
mcc: 0.22193479389108114

1CSurr.txtwBalance
ep: 0.2 percent_pool: 20 number of updts: 268
acc_percent: [[0.90211388 0.71967244 0.52980385 0.34183965 0.37097696 0.39287755
  0.39954294 0.70310417 0.77775662 0.32146258]]
score: 0.5459
f1: 0.3910734347870493
mcc: 0.029229827841930817

1CSurr.txtwBalance
ep: 0.2 percent_pool: 30 number of updts: 365
acc_percent: [[0.89849552 0.8291754  0.57341459 0.37173872 0.29042087 0.38126071
  0.43953533 0.71719672 0.71281661 0.28318416]]
score: 0.5497
f1: 0.3839099624843685
mcc: 0.029127265424083313

1CSurr.txtwBalance
ep: 0.25 percent_pool: 10 number of updts: 140
acc_percent: [[0.79546753 0.58750714 0.57322415 0.57360503 0.56865359 0.59093506
  0.60026662 0.7318606  0.67034851 0.5930299 ]]
score: 0.6285
f1: 0.1718312250615502
mcc: 0.06388900272593623

1CSurr.txtwBalance
ep: 0.25 percent_pool: 20 number of updts: 228
acc_percent: [[0.8215578  0.58998286 0.41496858 0.47381451 0.47076747 0.5090459
  0.52199581 0.88021329 0.83565035 0.36183584]]
score: 0.588
f1: 0.3857138801351389
mcc: 0.08057622580311154

1CSurr.txtwBalance
ep: 0.25 percent_pool: 30 number of updts: 286
acc_percent: [[0.8545039  0.73528852 0.48866882 0.53266045 0.448486   0.42925157
  0.48676443 0.71738716 0.84917159 0.36107408]]
score: 0.5904
f1: 0.37430200093066546
mcc: 0.07743525592431644
