2CDT.txtwBalance
ep: 0.15 percent_pool: 10 number of updts: 6
acc_percent: [[0.81052632 0.50625411 0.50032916 0.50757077 0.49308756 0.50559579
  0.4917709  0.50098749 0.53917051 0.89861751]]
score: 0.5753
f1: 0.2685552407932012
mcc: 0.2767333713893123

2CDT.txtwBalance
ep: 0.15 percent_pool: 20 number of updts: 8
acc_percent: [[0.73552632 0.50296248 0.50032916 0.50757077 0.49308756 0.50559579
  0.4917709  0.50098749 0.51876234 0.82949309]]
score: 0.5586
f1: 0.21428571428571427
mcc: 0.24308956534365703

2CDT.txtwBalance
ep: 0.15 percent_pool: 30 number of updts: 17
acc_percent: [[0.73618421 0.49967084 0.50032916 0.50757077 0.49308756 0.50559579
  0.4917709  0.50098749 0.5082291  0.82093483]]
score: 0.5564
f1: 0.20436578171091446
mcc: 0.24206359565836535

2CDT.txtwBalance
ep: 0.2 percent_pool: 10 number of updts: 9
acc_percent: [[0.79210526 0.5036208  0.50032916 0.50757077 0.49308756 0.50559579
  0.4917709  0.50098749 0.52995392 0.89137591]]
score: 0.5716
f1: 0.25594149908592323
mcc: 0.27045524394523035

2CDT.txtwBalance
ep: 0.2 percent_pool: 20 number of updts: 6
acc_percent: [[0.76578947 0.50230415 0.50032916 0.50757077 0.49308756 0.50559579
  0.4917709  0.50098749 0.52995392 0.87425938]]
score: 0.5671
f1: 0.24158598432457354
mcc: 0.26164665183217256

2CDT.txtwBalance
ep: 0.2 percent_pool: 30 number of updts: 13
acc_percent: [[0.75131579 0.50493746 0.50032916 0.50757077 0.49308756 0.50559579
  0.4917709  0.50098749 0.53258723 0.85648453]]
score: 0.5644
f1: 0.23394654633807707
mcc: 0.2547738920114768

2CDT.txtwBalance
ep: 0.25 percent_pool: 10 number of updts: 7
acc_percent: [[0.76776316 0.50296248 0.50032916 0.50757077 0.49308756 0.50559579
  0.4917709  0.50098749 0.53061224 0.85977617]]
score: 0.566
f1: 0.23866128101557993
mcc: 0.25851052086939724

2CDT.txtwBalance
ep: 0.25 percent_pool: 20 number of updts: 13
acc_percent: [[0.68157895 0.50098749 0.50032916 0.50757077 0.49308756 0.50559579
  0.4917709  0.50098749 0.5082291  0.76497696]]
score: 0.5455
f1: 0.16909200240529165
mcc: 0.21471667670073183

2CDT.txtwBalance
ep: 0.25 percent_pool: 30 number of updts: 17
acc_percent: [[0.76578947 0.50691244 0.50032916 0.50757077 0.49308756 0.50559579
  0.4917709  0.50098749 0.55167874 0.85450955]]
score: 0.5678
f1: 0.24673240082549874
mcc: 0.2591613990787003
