2CHT.txtwBalanceEpChanged
ep: 0.05 percent_pool: 10 number of updts: 79
acc_percent: [[0.63552632 0.49769585 0.50296248 0.49901251 0.49901251 0.49703752
  0.50032916 0.50559579 0.51481238 0.66096116]]
score: 0.5312
f1: 0.12177985948477751
mcc: 0.1730487153634398

2CHT.txtwBalanceEpChanged
ep: 0.05 percent_pool: 20 number of updts: 100
acc_percent: [[0.64276316 0.49506254 0.50296248 0.49901251 0.49901251 0.49703752
  0.50032916 0.50559579 0.50691244 0.63857801]]
score: 0.5287
f1: 0.11990171990171988
mcc: 0.15496107631451575

2CHT.txtwBalanceEpChanged
ep: 0.05 percent_pool: 30 number of updts: 130
acc_percent: [[0.62368421 0.49572087 0.50296248 0.49901251 0.49901251 0.49703752
  0.50032916 0.50559579 0.50427913 0.70046083]]
score: 0.5328
f1: 0.14864540877487412
mcc: 0.15204539805129869

2CHT.txtwBalanceEpChanged
ep: 0.1 percent_pool: 10 number of updts: 66
acc_percent: [[0.84473684 0.5720869  0.50493746 0.49901251 0.49901251 0.49703752
  0.50032916 0.50757077 0.640553   0.83805135]]
score: 0.5903
f1: 0.33218957752519834
mcc: 0.28450207888311946

2CHT.txtwBalanceEpChanged
ep: 0.1 percent_pool: 20 number of updts: 79
acc_percent: [[0.54276316 0.49572087 0.50296248 0.49901251 0.49901251 0.49703752
  0.50032916 0.50559579 0.50559579 0.63396972]]
score: 0.5182
f1: 0.07032241685707032
mcc: 0.13551056819511126

2CHT.txtwBalanceEpChanged
ep: 0.1 percent_pool: 30 number of updts: 83
acc_percent: [[0.59078947 0.49506254 0.50296248 0.49901251 0.49901251 0.49703752
  0.50032916 0.50559579 0.5036208  0.66556945]]
score: 0.5259
f1: 0.10058654686135031
mcc: 0.15902942479212462

2CHT.txtwBalanceEpChanged
ep: 0.15 percent_pool: 10 number of updts: 23
acc_percent: [[0.52039474 0.49572087 0.50296248 0.49901251 0.49901251 0.49703752
  0.50032916 0.50559579 0.50427913 0.59381172]]
score: 0.5118
f1: 0.046266546716360366
mcc: 0.10856584948552286

2CHT.txtwBalanceEpChanged
ep: 0.15 percent_pool: 20 number of updts: 63
acc_percent: [[0.60328947 0.50164582 0.50296248 0.49901251 0.49901251 0.49703752
  0.50032916 0.50559579 0.50427913 0.59052008]]
score: 0.5203
f1: 0.07976776473557995
mcc: 0.1409611832939774

2CHT.txtwBalanceEpChanged
ep: 0.15 percent_pool: 30 number of updts: 72
acc_percent: [[0.62368421 0.50164582 0.50296248 0.49901251 0.49901251 0.49703752
  0.50032916 0.50559579 0.52139566 0.69519421]]
score: 0.5345
f1: 0.13243408951563457
mcc: 0.18414847380400481
