2CHT.txt
ep: 0.15 percent_pool: 10 number of updts: 5
acc_percent: [[0.53486842 0.49506254 0.50296248 0.49901251 0.49901251 0.49703752
  0.50032916 0.50559579 0.50427913 0.57801185]]
score: 0.5116
f1: 0.04600359804677461
mcc: 0.1064561911856236

2CHT.txt
ep: 0.15 percent_pool: 20 number of updts: 21
acc_percent: [[0.53289474 0.49506254 0.50296248 0.49901251 0.49901251 0.49703752
  0.50032916 0.50559579 0.5036208  0.51086241]]
score: 0.5046
f1: 0.018508863399374346
mcc: 0.06707196559849828

2CHT.txt
ep: 0.15 percent_pool: 30 number of updts: 45
acc_percent: [[0.81315789 0.64252798 0.51152074 0.49901251 0.49901251 0.49703752
  0.50032916 0.52337064 0.69914417 0.74325214]]
score: 0.5928
f1: 0.370551149074639
mcc: 0.2619838497465261

2CHT.txt
ep: 0.2 percent_pool: 10 number of updts: 51
acc_percent: [[0.74605263 0.59973667 0.52139566 0.49967084 0.49901251 0.49703752
  0.50098749 0.5483871  0.59907834 0.54180382]]
score: 0.5552
f1: 0.25052654916306394
mcc: 0.18960774438588057

2CHT.txt
ep: 0.2 percent_pool: 20 number of updts: 23
acc_percent: [[0.53157895 0.49572087 0.50296248 0.49901251 0.49901251 0.49703752
  0.50032916 0.50559579 0.5036208  0.55299539]]
score: 0.5088
f1: 0.03464770523594053
mcc: 0.09326102594233084

2CHT.txt
ep: 0.2 percent_pool: 30 number of updts: 34
acc_percent: [[0.63947368 0.50164582 0.50296248 0.49901251 0.49901251 0.49703752
  0.50032916 0.50559579 0.51942067 0.73403555]]
score: 0.5398
f1: 0.1530451628526456
mcc: 0.19544093431399961

2CHT.txt
ep: 0.15 percent_pool: 20 number of updts: 20
acc_percent: [[0.52171053 0.49506254 0.50296248 0.49901251 0.49901251 0.49703752
  0.50032916 0.50559579 0.5036208  0.51942067]]
score: 0.5043
f1: 0.017475221700573813
mcc: 0.06506408293580473

2CHT.txt
ep: 0.15 percent_pool: 30 number of updts: 36
acc_percent: [[0.66776316 0.50888743 0.50296248 0.49901251 0.49901251 0.49703752
  0.50032916 0.50559579 0.53587887 0.75115207]]
score: 0.5467
f1: 0.1783925590269497
mcc: 0.21093799654616274

2CHT.txt
ep: 0.2 percent_pool: 20 number of updts: 16
acc_percent: [[0.57894737 0.50230415 0.50296248 0.49901251 0.49901251 0.49703752
  0.50032916 0.50559579 0.51415405 0.63265306]]
score: 0.5232
f1: 0.09263895843765647
mcc: 0.14683174123455128

2CHT.txt
ep: 0.2 percent_pool: 30 number of updts: 42
acc_percent: [[0.57434211 0.49572087 0.50296248 0.49901251 0.49901251 0.49703752
  0.50032916 0.50559579 0.50427913 0.61421988]]
score: 0.5192
f1: 0.07493670886075948
mcc: 0.13811126079339742

2CHT.txt
ep: 0.25 percent_pool: 20 number of updts: 15
acc_percent: [[0.54342105 0.49572087 0.50296248 0.49901251 0.49901251 0.49703752
  0.50032916 0.50559579 0.50427913 0.58722844]]
score: 0.5134
f1: 0.05252369971816551
mcc: 0.11607476256814245

2CHT.txt
ep: 0.25 percent_pool: 30 number of updts: 43
acc_percent: [[0.75657895 0.56418697 0.50559579 0.49901251 0.49901251 0.49703752
  0.50032916 0.50954575 0.63726136 0.8038183 ]]
score: 0.5772
f1: 0.29996732382093455
mcc: 0.2527897539641928
