1CHT.txt
Executed in: 18.024946212768555 seconds
ep: 0.05 percent_pool: 10 number of updts: 88
acc_percent: [[0.93421053 0.90066225 0.98013245 0.9602649  0.98675497 0.98013245
  1.         1.         1.         1.         0.99337748 1.
  1.         0.99337748 0.99337748 1.         1.         1.
  1.         1.         1.         1.         0.99337748 1.
  1.         1.         0.99337748 1.         0.99337748 0.99337748
  1.         1.         1.         0.99337748 1.         1.
  0.99337748 1.         0.99337748 1.         1.         1.
  1.         1.         1.         0.99337748 0.99337748 0.99337748
  1.         1.         1.         1.         1.         0.99337748
  1.         1.         1.         1.         1.         0.99337748
  1.         1.         1.         1.         1.         1.
  0.99337748 1.         1.         1.         1.         1.
  1.         1.         1.         0.94701987 0.99337748 0.99337748
  0.98675497 0.99337748 1.         0.99337748 1.         1.
  0.99337748 1.         1.         0.98675497 0.98013245 1.
  1.         0.99337748 0.99337748 0.99337748 0.96688742 0.96688742
  0.9602649  0.89403974 0.91390728 0.91390728]]
score: 0.9909977344022309
f1: 0.9910242872228089
mcc: 0.9821248514389166
Memory peak: 92120

1CHT.txt
Executed in: 22.981103897094727 seconds
ep: 0.05 percent_pool: 20 number of updts: 177
acc_percent: [[0.93421053 0.93377483 0.96688742 0.9602649  0.95364238 0.97350993
  0.98675497 0.96688742 0.96688742 0.98675497 0.99337748 1.
  0.99337748 0.99337748 0.98675497 0.98675497 1.         1.
  1.         0.99337748 0.99337748 1.         0.99337748 0.99337748
  0.9602649  0.99337748 0.99337748 1.         0.98013245 0.98675497
  0.99337748 1.         0.98675497 0.99337748 1.         1.
  0.99337748 1.         0.98675497 0.99337748 1.         1.
  1.         1.         1.         0.99337748 0.99337748 0.99337748
  1.         1.         1.         1.         1.         0.99337748
  0.99337748 1.         1.         0.98675497 1.         0.98675497
  1.         1.         1.         1.         1.         1.
  0.98675497 1.         1.         1.         0.98675497 0.99337748
  1.         1.         1.         0.98013245 0.99337748 1.
  1.         0.99337748 1.         1.         1.         1.
  1.         1.         1.         1.         0.98013245 1.
  0.99337748 0.99337748 0.99337748 0.98675497 0.97350993 0.96688742
  0.9602649  0.94701987 0.96688742 0.9205298 ]]
score: 0.9897394562565354
f1: 0.9897398556960351
mcc: 0.979678614591047
Memory peak: 92120

1CHT.txt
Executed in: 51.786269187927246 seconds
ep: 0.05 percent_pool: 30 number of updts: 621
acc_percent: [[0.94078947 0.89403974 0.8807947  0.9205298  0.9205298  0.96688742
  0.98013245 0.98675497 1.         1.         0.99337748 0.99337748
  0.98675497 0.97350993 1.         0.99337748 1.         1.
  1.         0.99337748 0.96688742 1.         0.97350993 0.97350993
  0.9602649  0.98675497 0.99337748 0.99337748 0.98013245 0.98675497
  0.96688742 0.95364238 0.9602649  0.98013245 0.98013245 0.93377483
  0.99337748 0.98013245 0.98675497 0.98675497 0.96688742 0.99337748
  0.99337748 0.99337748 0.99337748 0.98013245 0.99337748 0.99337748
  1.         1.         1.         1.         1.         0.99337748
  1.         1.         1.         1.         1.         0.99337748
  1.         1.         1.         1.         1.         1.
  0.9602649  0.98675497 1.         0.99337748 0.95364238 0.97350993
  1.         0.98013245 0.98675497 0.99337748 0.99337748 0.99337748
  1.         1.         1.         1.         1.         1.
  1.         1.         1.         0.98675497 0.99337748 1.
  1.         0.99337748 0.99337748 1.         0.98013245 0.94701987
  0.96688742 0.90728477 0.9205298  0.92715232]]
score: 0.9828516033461138
f1: 0.982717362403616
mcc: 0.9659929958644923
Memory peak: 92120

1CHT.txt
Executed in: 16.757415771484375 seconds
ep: 0.1 percent_pool: 10 number of updts: 34
acc_percent: [[0.92105263 0.89403974 0.98013245 0.9602649  0.98013245 0.98013245
  1.         1.         1.         1.         0.99337748 1.
  0.98675497 0.98675497 0.99337748 0.98675497 0.98675497 0.99337748
  1.         0.99337748 0.98675497 0.99337748 0.99337748 0.99337748
  0.98675497 1.         0.98675497 0.98675497 0.98675497 0.99337748
  1.         0.99337748 0.98013245 0.98675497 0.98675497 1.
  0.98675497 1.         0.98013245 0.98675497 1.         1.
  0.99337748 1.         1.         0.98675497 0.99337748 0.98675497
  1.         0.99337748 0.99337748 0.99337748 1.         0.98013245
  0.97350993 0.99337748 0.99337748 0.98675497 0.99337748 0.98675497
  1.         0.99337748 1.         0.98675497 0.98675497 0.98675497
  0.97350993 0.99337748 1.         0.99337748 0.96688742 0.98013245
  1.         0.98013245 0.99337748 0.98675497 0.99337748 0.98675497
  0.98675497 1.         0.99337748 0.98013245 0.99337748 1.
  0.99337748 1.         1.         0.99337748 0.97350993 0.99337748
  0.99337748 0.99337748 0.99337748 0.98675497 0.98013245 0.92715232
  0.94701987 0.94701987 0.96688742 0.92715232]]
score: 0.986627744858836
f1: 0.9866455110405924
mcc: 0.9734671990368229
Memory peak: 92120

1CHT.txt
Executed in: 22.266948223114014 seconds
ep: 0.1 percent_pool: 20 number of updts: 152
acc_percent: [[0.92105263 0.96688742 0.98013245 0.96688742 0.9602649  0.98013245
  0.98675497 0.98013245 0.97350993 0.79470199 0.88741722 0.86092715
  0.82119205 0.83443709 0.90066225 0.89403974 1.         0.99337748
  1.         1.         0.99337748 0.98675497 0.96688742 0.98675497
  1.         0.99337748 0.99337748 0.99337748 0.98013245 0.99337748
  1.         1.         1.         1.         1.         1.
  0.99337748 1.         1.         1.         1.         1.
  1.         1.         1.         1.         0.99337748 0.99337748
  1.         1.         1.         1.         1.         1.
  1.         1.         1.         1.         1.         0.99337748
  1.         1.         1.         1.         1.         1.
  0.98675497 1.         1.         1.         0.99337748 1.
  1.         1.         1.         1.         0.99337748 1.
  1.         1.         1.         1.         1.         1.
  1.         1.         1.         0.99337748 0.98013245 1.
  1.         0.99337748 0.99337748 0.99337748 0.97350993 0.9602649
  0.95364238 0.97350993 0.96688742 0.94701987]]
score: 0.982654234925061
f1: 0.9824936522784978
mcc: 0.965984296898726
Memory peak: 92120

1CHT.txt
Executed in: 23.949447870254517 seconds
ep: 0.1 percent_pool: 30 number of updts: 134
acc_percent: [[0.94736842 0.92715232 0.9205298  0.90066225 0.8807947  0.93377483
  0.89403974 0.8807947  1.         0.99337748 0.99337748 1.
  0.98675497 0.99337748 1.         0.98675497 0.98675497 0.97350993
  1.         0.98675497 0.99337748 1.         0.99337748 0.99337748
  0.95364238 0.99337748 0.96688742 0.97350993 0.9602649  0.98013245
  0.95364238 0.98013245 0.95364238 0.98013245 0.96688742 0.99337748
  0.98013245 0.98013245 0.98675497 0.96688742 0.98013245 0.98013245
  0.97350993 0.97350993 0.98675497 0.9602649  0.96688742 0.98675497
  0.96688742 0.97350993 0.96688742 0.96688742 0.98013245 0.96688742
  0.9602649  0.98013245 0.97350993 0.9602649  0.98675497 0.97350993
  1.         0.98013245 0.96688742 0.97350993 1.         0.99337748
  0.97350993 0.99337748 0.98013245 0.98013245 0.95364238 0.96688742
  0.99337748 0.98675497 0.98013245 0.94701987 0.98675497 0.98675497
  0.96688742 1.         1.         0.98675497 0.96688742 0.98675497
  1.         1.         0.99337748 0.99337748 0.97350993 1.
  1.         0.99337748 0.99337748 0.98675497 0.97350993 0.94039735
  0.94701987 0.91390728 0.9602649  0.94039735]]
score: 0.9735796444754271
f1: 0.9731435477373439
mcc: 0.9481372557997688
Memory peak: 92120

1CHT.txt
Executed in: 16.803138971328735 seconds
ep: 0.15 percent_pool: 10 number of updts: 40
acc_percent: [[0.93421053 0.93377483 0.96688742 0.9602649  0.94701987 0.98675497
  0.98013245 0.98013245 0.98013245 0.98675497 0.99337748 0.99337748
  0.98013245 0.98675497 0.99337748 0.98675497 0.98675497 0.99337748
  1.         0.99337748 0.98675497 0.99337748 0.99337748 0.99337748
  0.98675497 1.         0.99337748 0.99337748 0.98675497 1.
  1.         1.         0.98013245 0.99337748 1.         1.
  0.99337748 1.         0.98675497 0.99337748 1.         1.
  0.99337748 1.         1.         0.98675497 1.         0.99337748
  1.         0.99337748 1.         0.99337748 1.         1.
  0.98675497 1.         1.         0.98013245 1.         0.99337748
  1.         1.         1.         0.99337748 1.         1.
  0.97350993 1.         1.         1.         0.98675497 0.99337748
  1.         1.         1.         1.         1.         0.99337748
  1.         0.99337748 1.         1.         1.         1.
  1.         1.         1.         1.         0.97350993 0.99337748
  1.         0.98675497 0.96688742 0.93377483 0.92715232 0.94701987
  0.94039735 0.89403974 0.89403974 0.9205298 ]]
score: 0.9866930986406415
f1: 0.986799763577855
mcc: 0.9735587753340256
Memory peak: 92120

1CHT.txt
Executed in: 20.814854621887207 seconds
ep: 0.15 percent_pool: 20 number of updts: 122
acc_percent: [[0.97368421 0.9602649  0.97350993 0.96688742 0.97350993 0.98675497
  0.99337748 0.99337748 1.         1.         1.         1.
  1.         0.98675497 1.         1.         1.         1.
  1.         0.99337748 0.98675497 1.         0.99337748 0.98675497
  0.98013245 1.         0.99337748 1.         0.98013245 0.98675497
  0.99337748 1.         0.98675497 0.99337748 1.         1.
  0.99337748 1.         0.98675497 1.         1.         1.
  1.         1.         1.         0.99337748 0.99337748 0.99337748
  1.         1.         1.         1.         1.         1.
  1.         1.         1.         0.98675497 1.         0.98675497
  1.         1.         1.         1.         1.         1.
  0.98675497 1.         1.         1.         0.98675497 0.99337748
  1.         1.         1.         1.         0.99337748 1.
  1.         1.         1.         1.         1.         1.
  0.99337748 1.         1.         0.99337748 0.94701987 0.93377483
  0.98013245 0.98013245 0.94701987 0.9602649  0.95364238 0.9205298
  0.95364238 0.85430464 0.92715232 0.93377483]]
score: 0.9885447891251309
f1: 0.9886086784750115
mcc: 0.9772382717571739
Memory peak: 92120

1CHT.txt
Executed in: 22.76725935935974 seconds
ep: 0.15 percent_pool: 30 number of updts: 112
acc_percent: [[0.98026316 0.94701987 0.97350993 0.95364238 0.94039735 0.9602649
  0.9602649  0.96688742 0.94701987 0.97350993 0.99337748 1.
  0.98675497 0.99337748 0.99337748 0.96688742 1.         1.
  1.         0.99337748 1.         1.         0.99337748 0.99337748
  0.98675497 1.         0.99337748 1.         0.99337748 0.98675497
  1.         1.         0.99337748 1.         0.99337748 1.
  0.98675497 1.         0.99337748 1.         1.         1.
  0.99337748 1.         1.         0.98675497 0.99337748 0.99337748
  1.         0.99337748 1.         1.         1.         0.99337748
  1.         1.         0.99337748 1.         1.         0.99337748
  1.         1.         1.         0.99337748 1.         1.
  0.98675497 1.         1.         1.         0.98675497 0.99337748
  1.         0.99337748 0.99337748 1.         0.99337748 1.
  1.         1.         1.         0.99337748 0.99337748 1.
  0.99337748 1.         1.         1.         0.9602649  0.99337748
  0.99337748 0.99337748 0.99337748 0.99337748 0.98013245 0.94039735
  0.94039735 0.86754967 0.9205298  0.87417219]]
score: 0.9875509759498083
f1: 0.9875973083520254
mcc: 0.9752780505853245
Memory peak: 92120

