elec.txt
Executed in: 465.79048705101013 seconds
ep: 0.05 percent_pool: 10 number of updts: 12470
acc_percent: [[0.66666667 0.78927203 0.50957854 0.42911877 0.49615385 0.56321839
  0.58237548 0.70498084 0.74615385 0.63601533 0.71264368 0.54789272
  0.57307692 0.62068966 0.55555556 0.67816092 0.55384615 0.78927203
  0.54022989 0.67816092 0.72307692 0.58237548 0.80842912 0.58237548
  0.60769231 0.72796935 0.68582375 0.65517241 0.74615385 0.70114943
  0.64750958 0.55938697 0.48846154 0.73180077 0.70498084 0.651341
  0.62307692 0.77394636 0.73563218 0.54022989 0.58076923 0.64367816
  0.70498084 0.61685824 0.76538462 0.60536398 0.58237548 0.55172414
  0.63461538 0.68965517 0.44061303 0.4789272  0.63076923 0.71264368
  0.52873563 0.67816092 0.71923077 0.39846743 0.76245211 0.63984674
  0.66923077 0.80076628 0.80842912 0.88888889 0.8        0.74712644
  0.6743295  0.74329502 0.83076923 0.81992337 0.75095785 0.70114943
  0.81538462 0.64750958 0.69731801 0.79310345 0.60769231 0.69731801
  0.66283525 0.67049808 0.61153846 0.81226054 0.75862069 0.74712644
  0.69230769 0.59770115 0.66666667 0.57854406 0.63461538 0.81609195
  0.66283525 0.78544061 0.66538462 0.50574713 0.65900383 0.65900383
  0.54230769 0.60536398 0.63218391 0.76628352]]
score: 0.6624045092838194
f1: 0.5277228252152061
mcc: 0.28598700780355535
Memory peak: 89964

elec.txt
Executed in: 922.8097438812256 seconds
ep: 0.05 percent_pool: 20 number of updts: 13239
acc_percent: [[0.67816092 0.69731801 0.651341   0.66283525 0.51153846 0.62068966
  0.61302682 0.61302682 0.40769231 0.5210728  0.57088123 0.65900383
  0.63076923 0.56704981 0.69731801 0.48275862 0.57692308 0.5210728
  0.64367816 0.5210728  0.45       0.63218391 0.82758621 0.70881226
  0.80384615 0.75478927 0.71264368 0.77777778 0.74230769 0.82375479
  0.62452107 0.66283525 0.65       0.73563218 0.77011494 0.61302682
  0.68461538 0.55555556 0.76628352 0.68965517 0.60384615 0.56704981
  0.59003831 0.69348659 0.59230769 0.63984674 0.52490421 0.50957854
  0.58846154 0.59770115 0.71264368 0.67049808 0.55       0.59003831
  0.59386973 0.55938697 0.74230769 0.46743295 0.57854406 0.64367816
  0.75384615 0.78927203 0.7816092  0.52490421 0.50769231 0.61302682
  0.59770115 0.46360153 0.50384615 0.49042146 0.36781609 0.54789272
  0.61538462 0.55938697 0.59386973 0.68199234 0.48846154 0.68965517
  0.63984674 0.77394636 0.65384615 0.69348659 0.66666667 0.72413793
  0.72307692 0.61685824 0.70498084 0.63984674 0.64615385 0.81226054
  0.62835249 0.66283525 0.48076923 0.47509579 0.49425287 0.55938697
  0.47307692 0.55172414 0.57088123 0.59770115]]
score: 0.622083554376658
f1: 0.6066369568677383
mcc: 0.2635756034534028
Memory peak: 97912

elec.txt
Executed in: 1235.0070917606354 seconds
ep: 0.05 percent_pool: 30 number of updts: 12361
acc_percent: [[0.7164751  0.651341   0.6743295  0.70498084 0.52692308 0.5862069
  0.5440613  0.60153257 0.44230769 0.54789272 0.58237548 0.63601533
  0.57692308 0.68582375 0.67816092 0.52873563 0.57307692 0.72796935
  0.54789272 0.70498084 0.74615385 0.62835249 0.85057471 0.68199234
  0.71538462 0.74712644 0.85057471 0.69348659 0.73846154 0.71264368
  0.50191571 0.63984674 0.63461538 0.76245211 0.77777778 0.69348659
  0.70384615 0.74712644 0.65900383 0.66283525 0.63846154 0.57854406
  0.61685824 0.62835249 0.64615385 0.5440613  0.55555556 0.49042146
  0.67307692 0.66666667 0.53256705 0.51340996 0.73846154 0.55938697
  0.81992337 0.69348659 0.68846154 0.57854406 0.5440613  0.37164751
  0.56538462 0.52490421 0.53256705 0.47126437 0.51153846 0.651341
  0.61685824 0.49042146 0.5        0.62452107 0.651341   0.59386973
  0.7        0.63601533 0.66666667 0.75095785 0.58076923 0.66666667
  0.74712644 0.83141762 0.70384615 0.69348659 0.66283525 0.70881226
  0.73076923 0.55555556 0.63601533 0.67816092 0.73076923 0.80076628
  0.68582375 0.63984674 0.51153846 0.51724138 0.54022989 0.55172414
  0.52692308 0.57471264 0.5862069  0.5862069 ]]
score: 0.6339886531093427
f1: 0.5909226762307331
mcc: 0.26447876055123326
Memory peak: 100852

elec.txt
Executed in: 459.6385729312897 seconds
ep: 0.1 percent_pool: 10 number of updts: 12480
acc_percent: [[0.65517241 0.50957854 0.50574713 0.43295019 0.54230769 0.60153257
  0.60153257 0.81609195 0.86538462 0.66283525 0.651341   0.56321839
  0.58076923 0.60536398 0.5440613  0.64367816 0.64615385 0.8045977
  0.53256705 0.79310345 0.71538462 0.62068966 0.69348659 0.57088123
  0.67692308 0.66666667 0.75862069 0.54789272 0.68461538 0.68199234
  0.72796935 0.49042146 0.6        0.59386973 0.7816092  0.70881226
  0.70769231 0.62452107 0.651341   0.5440613  0.60769231 0.65517241
  0.70114943 0.53256705 0.77307692 0.59386973 0.6091954  0.59003831
  0.68846154 0.68965517 0.43678161 0.49042146 0.63076923 0.67816092
  0.56321839 0.48275862 0.68076923 0.39463602 0.7816092  0.65517241
  0.61153846 0.81992337 0.82375479 0.78544061 0.83846154 0.68199234
  0.69731801 0.71264368 0.79615385 0.74712644 0.75095785 0.68582375
  0.78846154 0.62068966 0.69731801 0.75862069 0.55384615 0.70498084
  0.62068966 0.83141762 0.74615385 0.8467433  0.79693487 0.77777778
  0.71153846 0.5862069  0.68582375 0.66283525 0.63076923 0.68965517
  0.60153257 0.82375479 0.53461538 0.51340996 0.52873563 0.62452107
  0.48461538 0.64367816 0.68965517 0.68965517]]
score: 0.6563638373121131
f1: 0.5214985100042571
mcc: 0.27287520166237905
Memory peak: 101496

elec.txt
Executed in: 913.8983125686646 seconds
ep: 0.1 percent_pool: 20 number of updts: 12771
acc_percent: [[0.651341   0.68582375 0.6743295  0.71264368 0.60384615 0.56321839
  0.67049808 0.71264368 0.57692308 0.651341   0.54789272 0.62068966
  0.58076923 0.59386973 0.68582375 0.50574713 0.60769231 0.50574713
  0.70881226 0.63601533 0.73846154 0.62452107 0.83141762 0.70114943
  0.81923077 0.77394636 0.72413793 0.72796935 0.74230769 0.71264368
  0.56321839 0.57854406 0.63076923 0.80842912 0.70881226 0.72413793
  0.70384615 0.62835249 0.70498084 0.63984674 0.59615385 0.54789272
  0.60536398 0.62452107 0.71153846 0.60153257 0.5440613  0.51724138
  0.71538462 0.61685824 0.62835249 0.62452107 0.66923077 0.63984674
  0.56704981 0.55555556 0.70769231 0.38697318 0.55555556 0.39846743
  0.54615385 0.5210728  0.52490421 0.44444444 0.51153846 0.63218391
  0.59386973 0.51724138 0.51538462 0.55555556 0.37547893 0.53639847
  0.57307692 0.58237548 0.64750958 0.73563218 0.53461538 0.69348659
  0.56321839 0.78927203 0.6        0.67816092 0.60153257 0.67049808
  0.64615385 0.58237548 0.76245211 0.60536398 0.63076923 0.66283525
  0.6743295  0.62835249 0.45384615 0.45977011 0.45977011 0.54022989
  0.52692308 0.55938697 0.58237548 0.55172414]]
score: 0.6166644562334218
f1: 0.579864310243739
mcc: 0.2351610261916788
Memory peak: 103236

elec.txt
Executed in: 1437.1655371189117 seconds
ep: 0.1 percent_pool: 30 number of updts: 13021
acc_percent: [[0.68582375 0.68199234 0.6743295  0.651341   0.55       0.56704981
  0.51724138 0.57471264 0.41153846 0.56321839 0.61685824 0.68199234
  0.61923077 0.59386973 0.67049808 0.51340996 0.6        0.5210728
  0.54022989 0.55938697 0.75       0.62835249 0.8467433  0.67816092
  0.69615385 0.74329502 0.82375479 0.65517241 0.75384615 0.69348659
  0.51724138 0.65517241 0.66538462 0.76245211 0.79693487 0.73180077
  0.7        0.63601533 0.64367816 0.61302682 0.51153846 0.7164751
  0.60536398 0.66283525 0.66923077 0.47126437 0.50191571 0.45977011
  0.57692308 0.59003831 0.5862069  0.49425287 0.66923077 0.67816092
  0.71264368 0.57471264 0.71538462 0.6743295  0.55172414 0.37547893
  0.58846154 0.5210728  0.5210728  0.44827586 0.50384615 0.57854406
  0.66283525 0.49425287 0.52307692 0.52490421 0.37931034 0.56321839
  0.61538462 0.6091954  0.67049808 0.72796935 0.56538462 0.70498084
  0.72030651 0.84291188 0.66538462 0.70498084 0.67049808 0.73180077
  0.74615385 0.61302682 0.72413793 0.70498084 0.72307692 0.82758621
  0.66666667 0.67816092 0.52307692 0.53639847 0.48659004 0.55555556
  0.52692308 0.58237548 0.63984674 0.57854406]]
score: 0.6223321544356026
f1: 0.5945679822761959
mcc: 0.25325463767341966
Memory peak: 103312

elec.txt
Executed in: 460.9603810310364 seconds
ep: 0.15 percent_pool: 10 number of updts: 12410
acc_percent: [[0.68582375 0.53639847 0.49808429 0.4559387  0.62692308 0.55555556
  0.57854406 0.72796935 0.70384615 0.651341   0.68199234 0.56321839
  0.53846154 0.58237548 0.55172414 0.56321839 0.71153846 0.62068966
  0.56321839 0.7816092  0.71538462 0.5440613  0.78544061 0.60153257
  0.68076923 0.63984674 0.65517241 0.59770115 0.70384615 0.67049808
  0.74712644 0.56321839 0.46538462 0.6091954  0.72030651 0.66666667
  0.71923077 0.73563218 0.69731801 0.67816092 0.63461538 0.65900383
  0.74712644 0.59770115 0.79230769 0.60536398 0.61685824 0.56321839
  0.76923077 0.67816092 0.50574713 0.47126437 0.64230769 0.59003831
  0.6091954  0.63984674 0.73076923 0.39463602 0.77011494 0.651341
  0.58461538 0.83524904 0.82758621 0.87356322 0.68846154 0.70881226
  0.69731801 0.77011494 0.79230769 0.81226054 0.69731801 0.6743295
  0.73846154 0.63218391 0.65900383 0.67816092 0.52307692 0.7164751
  0.5862069  0.70498084 0.65769231 0.77777778 0.6743295  0.74329502
  0.70384615 0.57854406 0.70114943 0.70498084 0.66538462 0.75095785
  0.66283525 0.65517241 0.55769231 0.46360153 0.56704981 0.66283525
  0.52307692 0.55938697 0.6091954  0.64367816]]
score: 0.6510677866195107
f1: 0.5173161317612224
mcc: 0.26187010762960056
Memory peak: 103580

elec.txt
Executed in: 1243.2670059204102 seconds
ep: 0.15 percent_pool: 20 number of updts: 13354
acc_percent: [[0.68199234 0.67816092 0.6743295  0.7164751  0.5        0.5862069
  0.5440613  0.54022989 0.42307692 0.51724138 0.57471264 0.68199234
  0.61538462 0.57471264 0.70881226 0.49425287 0.59615385 0.51724138
  0.73180077 0.55555556 0.48846154 0.69348659 0.74329502 0.68582375
  0.83076923 0.78927203 0.85057471 0.82758621 0.78461538 0.8467433
  0.63218391 0.56704981 0.65       0.6091954  0.77011494 0.73180077
  0.70384615 0.55172414 0.76245211 0.6743295  0.59615385 0.48659004
  0.63601533 0.62452107 0.53076923 0.49425287 0.5210728  0.48275862
  0.57307692 0.57854406 0.59770115 0.62835249 0.72307692 0.65517241
  0.57088123 0.56704981 0.73846154 0.4559387  0.5440613  0.36781609
  0.56923077 0.50957854 0.5210728  0.45210728 0.50769231 0.5862069
  0.66283525 0.50957854 0.52692308 0.54789272 0.3256705  0.56704981
  0.6        0.59003831 0.63218391 0.70881226 0.53461538 0.68199234
  0.7164751  0.86590038 0.69230769 0.69348659 0.63984674 0.72796935
  0.74230769 0.62452107 0.70114943 0.651341   0.61538462 0.71264368
  0.54789272 0.55938697 0.40384615 0.43295019 0.44827586 0.48659004
  0.48846154 0.52490421 0.50574713 0.51724138]]
score: 0.6081009431181844
f1: 0.6001403289935292
mcc: 0.24242010414895152
Memory peak: 103652

elec.txt
Executed in: 1807.372071504593 seconds
ep: 0.15 percent_pool: 30 number of updts: 12416
acc_percent: [[0.66283525 0.66283525 0.64750958 0.66283525 0.51538462 0.57854406
  0.4789272  0.5862069  0.43846154 0.57471264 0.61302682 0.70114943
  0.6        0.61685824 0.69348659 0.51724138 0.54230769 0.51724138
  0.75095785 0.62452107 0.61538462 0.63601533 0.82375479 0.73180077
  0.81538462 0.77777778 0.81226054 0.78544061 0.73461538 0.79693487
  0.65517241 0.63218391 0.65769231 0.76245211 0.80076628 0.71264368
  0.69615385 0.67049808 0.75095785 0.72796935 0.60769231 0.59770115
  0.65900383 0.73563218 0.58461538 0.5210728  0.6091954  0.49425287
  0.69615385 0.61302682 0.50191571 0.48275862 0.81923077 0.63984674
  0.79693487 0.69731801 0.63461538 0.43295019 0.51340996 0.5210728
  0.8        0.81609195 0.8045977  0.8045977  0.70384615 0.68199234
  0.57854406 0.79310345 0.74615385 0.63218391 0.69731801 0.54022989
  0.67692308 0.59386973 0.5862069  0.73563218 0.57692308 0.72413793
  0.68199234 0.84291188 0.66538462 0.69731801 0.64750958 0.68582375
  0.73076923 0.55172414 0.63218391 0.72030651 0.77307692 0.75478927
  0.64750958 0.6091954  0.46153846 0.50957854 0.52490421 0.56704981
  0.52307692 0.57088123 0.55555556 0.53256705]]
score: 0.6511730032419688
f1: 0.6068044788975022
mcc: 0.2971089955628392
Memory peak: 103652

