keystroke.txt
Executed in: 1.3529903888702393 seconds
ep: 0.05 percent_pool: 10 number of updts: 2
acc_percent: [[0.8        1.         1.         0.71428571 0.8        0.85714286
  0.92857143 0.85714286 0.64285714 0.73333333 0.64285714 0.85714286
  0.92857143 0.85714286 0.8        0.57142857 0.85714286 0.57142857
  0.92857143 0.86666667 0.85714286 0.78571429 0.85714286 0.78571429
  0.8        0.92857143 0.92857143 0.85714286 0.85714286 0.93333333
  0.92857143 0.64285714 0.85714286 0.71428571 1.         0.64285714
  0.78571429 0.85714286 0.64285714 0.66666667 0.64285714 0.42857143
  0.64285714 0.64285714 0.73333333 0.5        0.42857143 0.5
  0.71428571 0.66666667 0.71428571 0.35714286 0.42857143 0.57142857
  0.46666667 0.21428571 0.35714286 0.42857143 0.5        0.4
  0.57142857 0.64285714 0.71428571 0.5        0.46666667 0.35714286
  0.14285714 0.28571429 0.28571429 0.4        0.21428571 0.42857143
  0.5        0.64285714 0.46666667 0.57142857 0.71428571 0.28571429
  0.57142857 0.26666667 0.57142857 0.42857143 0.64285714 0.5
  0.4        0.28571429 0.57142857 0.64285714 0.28571429 0.53333333
  0.35714286 0.28571429 0.5        0.21428571 0.26666667 0.35714286
  0.28571429 0.28571429 0.35714286 0.4       ]]
score: 0.6008095238095238
f1: 0.602001658192126
mcc: 0.47371122477790856
Memory peak: 79328

keystroke.txt
Executed in: 1.325300931930542 seconds
ep: 0.05 percent_pool: 20 number of updts: 1
acc_percent: [[0.8        1.         1.         0.71428571 0.8        0.85714286
  1.         0.85714286 0.71428571 0.8        0.71428571 0.85714286
  0.85714286 0.85714286 0.8        0.5        0.92857143 0.71428571
  0.85714286 0.66666667 0.78571429 0.71428571 0.85714286 0.92857143
  0.86666667 0.92857143 0.85714286 0.71428571 0.71428571 0.8
  0.78571429 0.71428571 0.71428571 0.71428571 1.         0.85714286
  0.85714286 0.78571429 0.78571429 0.73333333 0.71428571 0.64285714
  0.64285714 0.71428571 0.6        0.64285714 0.57142857 0.5
  0.71428571 0.53333333 0.71428571 0.57142857 0.35714286 0.71428571
  0.6        0.42857143 0.57142857 0.64285714 0.35714286 0.46666667
  0.64285714 0.78571429 0.78571429 0.5        0.6        0.5
  0.35714286 0.57142857 0.35714286 0.46666667 0.35714286 0.57142857
  0.57142857 0.64285714 0.8        0.64285714 0.64285714 0.28571429
  0.57142857 0.46666667 0.57142857 0.42857143 0.42857143 0.57142857
  0.46666667 0.28571429 0.5        0.78571429 0.57142857 0.46666667
  0.57142857 0.42857143 0.5        0.35714286 0.4        0.42857143
  0.35714286 0.57142857 0.5        0.46666667]]
score: 0.6488571428571427
f1: 0.6302573156419677
mcc: 0.5410134894828771
Memory peak: 79848

keystroke.txt
Executed in: 1.3651607036590576 seconds
ep: 0.05 percent_pool: 30 number of updts: 2
acc_percent: [[0.8        1.         1.         0.71428571 0.8        0.85714286
  1.         0.85714286 0.71428571 0.8        0.71428571 0.57142857
  0.78571429 0.71428571 0.53333333 0.42857143 0.71428571 0.64285714
  0.85714286 0.73333333 0.71428571 0.57142857 0.71428571 0.78571429
  0.66666667 0.85714286 0.78571429 0.71428571 0.78571429 0.73333333
  0.71428571 0.57142857 0.78571429 0.71428571 0.93333333 0.71428571
  0.78571429 0.78571429 0.64285714 0.66666667 0.42857143 0.64285714
  0.42857143 0.64285714 0.73333333 0.57142857 0.57142857 0.64285714
  0.78571429 0.53333333 0.71428571 0.42857143 0.57142857 0.71428571
  0.66666667 0.57142857 0.64285714 0.78571429 0.57142857 0.6
  0.78571429 0.78571429 0.64285714 0.5        0.53333333 0.57142857
  0.42857143 0.71428571 0.57142857 0.66666667 0.57142857 0.64285714
  0.5        0.71428571 0.6        0.71428571 0.71428571 0.5
  0.64285714 0.66666667 0.64285714 0.5        0.5        0.57142857
  0.46666667 0.35714286 0.5        0.85714286 0.5        0.66666667
  0.85714286 0.57142857 0.5        0.5        0.4        0.57142857
  0.5        0.71428571 0.5        0.6       ]]
score: 0.6587142857142855
f1: 0.6338295241247822
mcc: 0.5592208171433318
Memory peak: 80168

keystroke.txt
Executed in: 1.3596112728118896 seconds
ep: 0.1 percent_pool: 10 number of updts: 1
acc_percent: [[0.8        1.         1.         0.71428571 0.8        0.85714286
  1.         0.85714286 0.64285714 0.8        0.64285714 0.85714286
  0.85714286 0.85714286 0.8        0.57142857 0.92857143 0.78571429
  0.85714286 0.66666667 0.78571429 0.78571429 0.85714286 0.92857143
  0.86666667 0.92857143 0.85714286 0.71428571 0.71428571 0.8
  0.78571429 0.71428571 0.71428571 0.71428571 0.93333333 0.85714286
  0.85714286 0.78571429 0.78571429 0.66666667 0.71428571 0.64285714
  0.64285714 0.71428571 0.53333333 0.64285714 0.5        0.57142857
  0.71428571 0.53333333 0.71428571 0.57142857 0.35714286 0.71428571
  0.6        0.42857143 0.57142857 0.64285714 0.35714286 0.53333333
  0.64285714 0.78571429 0.71428571 0.5        0.6        0.5
  0.28571429 0.57142857 0.35714286 0.4        0.35714286 0.5
  0.57142857 0.64285714 0.8        0.71428571 0.64285714 0.28571429
  0.57142857 0.46666667 0.57142857 0.42857143 0.42857143 0.57142857
  0.46666667 0.28571429 0.5        0.71428571 0.57142857 0.46666667
  0.57142857 0.42857143 0.5        0.35714286 0.4        0.42857143
  0.35714286 0.57142857 0.5        0.53333333]]
score: 0.6460952380952381
f1: 0.6295666511809515
mcc: 0.5376944979286363
Memory peak: 80188

keystroke.txt
Executed in: 1.344644546508789 seconds
ep: 0.1 percent_pool: 20 number of updts: 1
acc_percent: [[0.8        1.         1.         0.71428571 0.8        0.85714286
  1.         0.85714286 0.71428571 0.8        0.71428571 0.85714286
  0.85714286 0.85714286 0.8        0.5        0.92857143 0.71428571
  0.85714286 0.66666667 0.78571429 0.71428571 0.85714286 0.92857143
  0.86666667 0.92857143 0.85714286 0.71428571 0.71428571 0.8
  0.78571429 0.71428571 0.71428571 0.71428571 1.         0.85714286
  0.85714286 0.78571429 0.78571429 0.73333333 0.71428571 0.64285714
  0.64285714 0.71428571 0.6        0.64285714 0.57142857 0.5
  0.71428571 0.53333333 0.71428571 0.57142857 0.35714286 0.71428571
  0.6        0.42857143 0.57142857 0.64285714 0.35714286 0.46666667
  0.64285714 0.78571429 0.78571429 0.5        0.6        0.5
  0.35714286 0.57142857 0.35714286 0.46666667 0.35714286 0.57142857
  0.57142857 0.64285714 0.8        0.64285714 0.64285714 0.28571429
  0.57142857 0.46666667 0.57142857 0.42857143 0.42857143 0.57142857
  0.46666667 0.28571429 0.5        0.78571429 0.57142857 0.46666667
  0.57142857 0.42857143 0.5        0.35714286 0.4        0.42857143
  0.35714286 0.57142857 0.5        0.46666667]]
score: 0.6488571428571427
f1: 0.6302573156419677
mcc: 0.5410134894828771
Memory peak: 80312

keystroke.txt
Executed in: 1.430009365081787 seconds
ep: 0.1 percent_pool: 30 number of updts: 4
acc_percent: [[0.8        1.         1.         0.71428571 0.8        0.85714286
  0.92857143 0.78571429 0.78571429 0.8        0.85714286 0.78571429
  0.85714286 1.         0.93333333 0.71428571 0.78571429 0.71428571
  0.92857143 0.86666667 0.78571429 0.71428571 0.85714286 1.
  0.93333333 1.         0.92857143 0.92857143 1.         1.
  0.85714286 0.92857143 0.92857143 0.85714286 0.86666667 0.71428571
  0.71428571 0.85714286 0.92857143 0.86666667 0.71428571 0.71428571
  0.85714286 0.57142857 0.8        0.85714286 0.71428571 0.57142857
  0.85714286 0.66666667 0.92857143 0.85714286 0.92857143 1.
  0.93333333 0.78571429 0.71428571 0.71428571 0.64285714 0.66666667
  0.85714286 0.92857143 0.78571429 0.5        0.6        0.92857143
  0.57142857 0.71428571 0.57142857 0.6        0.42857143 0.71428571
  0.64285714 0.85714286 0.86666667 0.92857143 0.92857143 0.57142857
  0.78571429 0.8        0.92857143 0.5        0.92857143 1.
  0.6        0.71428571 0.71428571 0.92857143 0.64285714 0.73333333
  0.78571429 0.71428571 0.5        0.64285714 0.46666667 0.57142857
  0.71428571 0.92857143 0.71428571 0.73333333]]
score: 0.7911904761904759
f1: 0.7873394112688462
mcc: 0.721800952771785
Memory peak: 80312

keystroke.txt
Executed in: 1.3471684455871582 seconds
ep: 0.15 percent_pool: 10 number of updts: 2
acc_percent: [[0.8        1.         1.         0.71428571 0.8        0.85714286
  0.92857143 0.85714286 0.64285714 0.73333333 0.64285714 0.85714286
  0.92857143 0.85714286 0.8        0.57142857 0.85714286 0.57142857
  0.92857143 0.86666667 0.85714286 0.78571429 0.85714286 0.78571429
  0.8        0.92857143 0.92857143 0.85714286 0.85714286 0.93333333
  0.92857143 0.64285714 0.85714286 0.71428571 1.         0.64285714
  0.78571429 0.85714286 0.64285714 0.66666667 0.64285714 0.42857143
  0.64285714 0.64285714 0.73333333 0.5        0.42857143 0.5
  0.71428571 0.66666667 0.71428571 0.35714286 0.42857143 0.57142857
  0.46666667 0.21428571 0.35714286 0.42857143 0.5        0.4
  0.57142857 0.64285714 0.71428571 0.5        0.46666667 0.35714286
  0.14285714 0.28571429 0.28571429 0.4        0.21428571 0.42857143
  0.5        0.64285714 0.46666667 0.57142857 0.71428571 0.28571429
  0.57142857 0.26666667 0.57142857 0.42857143 0.64285714 0.5
  0.4        0.28571429 0.57142857 0.64285714 0.28571429 0.53333333
  0.35714286 0.28571429 0.5        0.21428571 0.26666667 0.35714286
  0.28571429 0.28571429 0.35714286 0.4       ]]
score: 0.6008095238095238
f1: 0.602001658192126
mcc: 0.47371122477790856
Memory peak: 80404

keystroke.txt
Executed in: 1.463728427886963 seconds
ep: 0.15 percent_pool: 20 number of updts: 4
acc_percent: [[0.8        1.         1.         0.71428571 0.8        0.85714286
  1.         0.85714286 0.71428571 0.8        0.71428571 0.85714286
  0.85714286 0.71428571 0.66666667 0.64285714 0.85714286 0.71428571
  0.85714286 0.73333333 0.85714286 0.71428571 0.85714286 0.92857143
  0.8        1.         0.85714286 0.85714286 0.71428571 0.93333333
  0.92857143 0.64285714 0.71428571 0.78571429 0.93333333 0.78571429
  0.85714286 0.71428571 0.64285714 0.6        0.78571429 0.64285714
  0.85714286 0.78571429 0.8        0.71428571 0.64285714 0.57142857
  0.85714286 0.6        0.71428571 0.57142857 0.64285714 0.71428571
  0.66666667 0.42857143 0.64285714 0.57142857 0.42857143 0.66666667
  0.42857143 0.78571429 0.57142857 0.64285714 0.73333333 0.85714286
  0.71428571 0.78571429 0.57142857 0.73333333 0.78571429 0.85714286
  0.5        0.78571429 0.73333333 0.92857143 0.85714286 0.5
  0.57142857 0.6        0.64285714 0.64285714 0.71428571 0.64285714
  0.6        0.71428571 0.71428571 0.71428571 0.85714286 0.6
  0.85714286 0.78571429 0.78571429 0.78571429 1.         0.85714286
  0.71428571 0.57142857 0.78571429 0.8       ]]
score: 0.7431428571428572
f1: 0.7385206536816216
mcc: 0.660465275306972
Memory peak: 80404

keystroke.txt
Executed in: 1.345801591873169 seconds
ep: 0.15 percent_pool: 30 number of updts: 1
acc_percent: [[0.8        1.         0.92857143 0.78571429 0.8        0.85714286
  0.85714286 0.92857143 0.78571429 0.8        0.64285714 0.78571429
  0.92857143 0.92857143 0.8        0.5        0.92857143 0.64285714
  0.92857143 0.73333333 0.92857143 0.78571429 0.85714286 0.92857143
  0.93333333 0.92857143 0.85714286 0.78571429 0.78571429 0.8
  0.85714286 0.78571429 0.78571429 0.71428571 0.86666667 0.85714286
  0.85714286 0.92857143 0.78571429 0.73333333 0.71428571 0.57142857
  0.64285714 0.78571429 0.6        0.57142857 0.57142857 0.64285714
  0.85714286 0.53333333 0.71428571 0.64285714 0.64285714 0.78571429
  0.66666667 0.57142857 0.57142857 0.64285714 0.28571429 0.53333333
  0.85714286 0.85714286 0.71428571 0.42857143 0.6        0.57142857
  0.35714286 0.57142857 0.42857143 0.46666667 0.35714286 0.42857143
  0.57142857 0.71428571 0.86666667 0.64285714 0.78571429 0.42857143
  0.57142857 0.53333333 0.57142857 0.5        0.5        0.5
  0.53333333 0.35714286 0.64285714 0.92857143 0.64285714 0.66666667
  0.64285714 0.42857143 0.5        0.35714286 0.33333333 0.42857143
  0.5        0.57142857 0.5        0.6       ]]
score: 0.6812857142857142
f1: 0.6742002655683229
mcc: 0.5860291772146787
Memory peak: 80420

