NOAA.txt
Executed in: 19.31842565536499 seconds
ep: 0.05 percent_pool: 10 number of updts: 86
acc_percent: [[0.43604651 0.46511628 0.51461988 0.38953488 0.45614035 0.34883721
  0.51461988 0.33139535 0.5380117  0.38372093 0.51461988 0.40697674
  0.48538012 0.38953488 0.52631579 0.48255814 0.52631579 0.45930233
  0.63157895 0.43604651 0.40935673 0.45348837 0.5497076  0.43023256
  0.51162791 0.49122807 0.40697674 0.52046784 0.54651163 0.56725146
  0.50581395 0.47953216 0.5        0.50292398 0.48255814 0.50292398
  0.45930233 0.55555556 0.43023256 0.45614035 0.4127907  0.49122807
  0.45930233 0.43274854 0.52325581 0.57894737 0.52906977 0.50292398
  0.48255814 0.44186047 0.47368421 0.50581395 0.49707602 0.37790698
  0.54385965 0.49418605 0.61403509 0.4127907  0.55555556 0.41860465
  0.43274854 0.44767442 0.35087719 0.55232558 0.48538012 0.51744186
  0.42105263 0.44767442 0.48538012 0.48837209 0.5497076  0.56976744
  0.56140351 0.58139535 0.43604651 0.55555556 0.46511628 0.50292398
  0.41860465 0.36842105 0.45348837 0.45614035 0.55813953 0.42105263
  0.5755814  0.50877193 0.60465116 0.42105263 0.43604651 0.51461988
  0.51744186 0.47368421 0.48255814 0.47953216 0.45348837 0.38596491
  0.55813953 0.4619883  0.48255814 0.43604651]]
score: 0.4806551747586019
f1: 0.4435884691848907
mcc: 0.18734884567590887
Memory peak: 89264

NOAA.txt
Executed in: 22.776048183441162 seconds
ep: 0.05 percent_pool: 20 number of updts: 147
acc_percent: [[0.47674419 0.5755814  0.47953216 0.50581395 0.55555556 0.44186047
  0.52631579 0.41860465 0.54385965 0.47093023 0.54385965 0.50581395
  0.52631579 0.44186047 0.53216374 0.45348837 0.58479532 0.44767442
  0.6374269  0.44186047 0.41520468 0.45930233 0.5380117  0.49418605
  0.54069767 0.52631579 0.39534884 0.57309942 0.51162791 0.54385965
  0.50581395 0.50877193 0.48255814 0.50292398 0.48255814 0.5380117
  0.48837209 0.52631579 0.41860465 0.50877193 0.43023256 0.45614035
  0.48837209 0.43859649 0.51744186 0.5380117  0.51162791 0.56140351
  0.47674419 0.48255814 0.50292398 0.48837209 0.46783626 0.38953488
  0.5380117  0.48255814 0.62573099 0.4244186  0.60818713 0.4127907
  0.39766082 0.48837209 0.32748538 0.51744186 0.5380117  0.49418605
  0.40935673 0.43604651 0.50877193 0.53488372 0.55555556 0.5755814
  0.54385965 0.54069767 0.45348837 0.56140351 0.47093023 0.52631579
  0.38953488 0.38596491 0.47093023 0.49707602 0.55232558 0.43859649
  0.55232558 0.48538012 0.61627907 0.40350877 0.47674419 0.50292398
  0.54651163 0.50877193 0.52325581 0.53216374 0.49418605 0.42105263
  0.60465116 0.49707602 0.50581395 0.47674419]]
score: 0.4967377260981911
f1: 0.4623103127903375
mcc: 0.2236716005287931
Memory peak: 94616

NOAA.txt
Executed in: 22.18324637413025 seconds
ep: 0.05 percent_pool: 30 number of updts: 98
acc_percent: [[0.48837209 0.61046512 0.52631579 0.58139535 0.62573099 0.54069767
  0.63157895 0.51744186 0.62573099 0.54651163 0.59649123 0.56395349
  0.5380117  0.41860465 0.56140351 0.55813953 0.59649123 0.51744186
  0.61403509 0.53488372 0.49122807 0.56395349 0.56725146 0.52325581
  0.5872093  0.51461988 0.53488372 0.61403509 0.66860465 0.65497076
  0.58139535 0.54385965 0.61046512 0.60818713 0.58139535 0.53216374
  0.50581395 0.64912281 0.49418605 0.57894737 0.51744186 0.60233918
  0.53488372 0.54385965 0.52906977 0.59649123 0.63953488 0.57309942
  0.56395349 0.53488372 0.52631579 0.64534884 0.59064327 0.5755814
  0.63157895 0.56395349 0.71929825 0.56976744 0.60233918 0.56976744
  0.50292398 0.59302326 0.49122807 0.55232558 0.57309942 0.54069767
  0.44444444 0.46511628 0.50877193 0.63953488 0.58479532 0.60465116
  0.56140351 0.59883721 0.48255814 0.59649123 0.60465116 0.60818713
  0.47674419 0.45614035 0.51744186 0.50877193 0.63953488 0.4619883
  0.62790698 0.5380117  0.5872093  0.53216374 0.5755814  0.56140351
  0.56395349 0.56140351 0.47674419 0.5380117  0.47093023 0.42105263
  0.55813953 0.5497076  0.52906977 0.52906977]]
score: 0.5586311709506324
f1: 0.5882543978349121
mcc: 0.22559943579128544
Memory peak: 94620

NOAA.txt
Executed in: 16.836013555526733 seconds
ep: 0.1 percent_pool: 10 number of updts: 62
acc_percent: [[0.46511628 0.45930233 0.43274854 0.37790698 0.43859649 0.34883721
  0.50292398 0.4127907  0.51461988 0.45348837 0.48538012 0.52325581
  0.50292398 0.38953488 0.51461988 0.47674419 0.54385965 0.44767442
  0.59064327 0.44186047 0.42105263 0.46511628 0.56140351 0.43023256
  0.48255814 0.49122807 0.39534884 0.50877193 0.47674419 0.5380117
  0.47674419 0.45614035 0.49418605 0.47368421 0.49418605 0.48538012
  0.46511628 0.52046784 0.4127907  0.47368421 0.41860465 0.45614035
  0.43023256 0.41520468 0.53488372 0.56140351 0.47674419 0.5380117
  0.45348837 0.49418605 0.47953216 0.51744186 0.47953216 0.36627907
  0.51461988 0.54069767 0.57309942 0.40116279 0.56140351 0.4127907
  0.44444444 0.44186047 0.36842105 0.52325581 0.50877193 0.53488372
  0.51461988 0.45930233 0.50877193 0.47674419 0.57309942 0.55232558
  0.56140351 0.55813953 0.47093023 0.56725146 0.5        0.51461988
  0.4244186  0.40935673 0.45930233 0.4502924  0.55813953 0.46783626
  0.56395349 0.53216374 0.60465116 0.42105263 0.44767442 0.52631579
  0.51162791 0.47368421 0.48255814 0.52046784 0.46511628 0.41520468
  0.54651163 0.4619883  0.5        0.45348837]]
score: 0.4824578403372773
f1: 0.4517199017199018
mcc: 0.17925297837347837
Memory peak: 94848

NOAA.txt
Executed in: 17.94611144065857 seconds
ep: 0.1 percent_pool: 20 number of updts: 61
acc_percent: [[0.47674419 0.54069767 0.44444444 0.45348837 0.5497076  0.38372093
  0.50877193 0.4244186  0.5380117  0.47674419 0.5497076  0.51162791
  0.5497076  0.4127907  0.56140351 0.4127907  0.56725146 0.47674419
  0.57894737 0.48837209 0.44444444 0.50581395 0.52631579 0.55232558
  0.51744186 0.50877193 0.44186047 0.61403509 0.48837209 0.60818713
  0.49418605 0.5380117  0.50581395 0.51461988 0.49418605 0.53216374
  0.45930233 0.52631579 0.44767442 0.49707602 0.49418605 0.49707602
  0.51162791 0.43859649 0.50581395 0.56140351 0.55813953 0.52631579
  0.5        0.49418605 0.50877193 0.48255814 0.56725146 0.4244186
  0.56725146 0.54069767 0.60818713 0.45348837 0.59064327 0.47674419
  0.38596491 0.52906977 0.43274854 0.52325581 0.50877193 0.52325581
  0.39181287 0.4244186  0.47953216 0.60465116 0.53216374 0.60465116
  0.55555556 0.59302326 0.45930233 0.54385965 0.53488372 0.49707602
  0.45348837 0.44444444 0.48255814 0.48538012 0.61046512 0.42690058
  0.56976744 0.46783626 0.63953488 0.39766082 0.53488372 0.47953216
  0.56395349 0.4619883  0.51744186 0.47368421 0.47093023 0.38596491
  0.59883721 0.44444444 0.5        0.46511628]]
score: 0.5042917856657146
f1: 0.48094197620781737
mcc: 0.21918390518475928
Memory peak: 96068

NOAA.txt
Executed in: 19.725157022476196 seconds
ep: 0.1 percent_pool: 30 number of updts: 71
acc_percent: [[0.50581395 0.65697674 0.57309942 0.5872093  0.62573099 0.55813953
  0.62573099 0.50581395 0.61988304 0.63953488 0.6374269  0.68604651
  0.61988304 0.53488372 0.64327485 0.59302326 0.68421053 0.62209302
  0.64912281 0.62209302 0.60818713 0.63953488 0.62573099 0.56976744
  0.68023256 0.52631579 0.6627907  0.64327485 0.76744186 0.67836257
  0.6744186  0.64327485 0.70348837 0.70760234 0.64534884 0.60818713
  0.55813953 0.64327485 0.55813953 0.6374269  0.58139535 0.66081871
  0.55813953 0.59649123 0.54069767 0.66666667 0.68604651 0.69005848
  0.62790698 0.5872093  0.54385965 0.63372093 0.68421053 0.65697674
  0.64912281 0.61627907 0.74853801 0.59302326 0.61403509 0.5872093
  0.59064327 0.60465116 0.65497076 0.56395349 0.68421053 0.5755814
  0.54385965 0.49418605 0.55555556 0.65697674 0.66666667 0.60465116
  0.66081871 0.63372093 0.5872093  0.64912281 0.66860465 0.64912281
  0.55232558 0.61988304 0.56976744 0.60233918 0.65116279 0.59649123
  0.6627907  0.58479532 0.6627907  0.67251462 0.60465116 0.63157895
  0.61046512 0.65497076 0.55232558 0.59649123 0.52325581 0.45614035
  0.63372093 0.59649123 0.64534884 0.58139535]]
score: 0.6179953760369918
f1: 0.6568658116984673
mcc: 0.3182225264949419
Memory peak: 96900

NOAA.txt
Executed in: 17.060874700546265 seconds
ep: 0.15 percent_pool: 10 number of updts: 68
acc_percent: [[0.56395349 0.54069767 0.52631579 0.51744186 0.46783626 0.45930233
  0.49122807 0.34302326 0.52631579 0.45348837 0.51461988 0.51162791
  0.49122807 0.4127907  0.55555556 0.45930233 0.52046784 0.44186047
  0.57894737 0.45930233 0.42690058 0.44767442 0.50292398 0.43604651
  0.49418605 0.47953216 0.4244186  0.5380117  0.49418605 0.56725146
  0.50581395 0.50292398 0.50581395 0.51461988 0.49418605 0.41520468
  0.43023256 0.50292398 0.47093023 0.41520468 0.41860465 0.4619883
  0.45348837 0.44444444 0.52325581 0.5497076  0.51744186 0.47953216
  0.47674419 0.4127907  0.43274854 0.49418605 0.52046784 0.4127907
  0.5380117  0.50581395 0.56725146 0.41860465 0.48538012 0.45348837
  0.40935673 0.48837209 0.38596491 0.53488372 0.47368421 0.53488372
  0.36842105 0.45348837 0.4502924  0.50581395 0.50292398 0.54651163
  0.52631579 0.56395349 0.43604651 0.57894737 0.5        0.50877193
  0.43023256 0.37426901 0.45930233 0.45614035 0.56976744 0.45614035
  0.55813953 0.45614035 0.58139535 0.45614035 0.47674419 0.47368421
  0.52325581 0.47368421 0.46511628 0.42105263 0.45930233 0.37426901
  0.52906977 0.4502924  0.51162791 0.47674419]]
score: 0.4817217462260301
f1: 0.4587067086461613
mcc: 0.16201169607159757
Memory peak: 96900

NOAA.txt
Executed in: 17.923599004745483 seconds
ep: 0.15 percent_pool: 20 number of updts: 64
acc_percent: [[0.54069767 0.54651163 0.51461988 0.54069767 0.56140351 0.47093023
  0.52631579 0.43604651 0.5497076  0.43023256 0.5380117  0.48255814
  0.5497076  0.45348837 0.54385965 0.49418605 0.61403509 0.52906977
  0.5497076  0.54069767 0.50877193 0.56976744 0.56140351 0.55813953
  0.58139535 0.47368421 0.5        0.56140351 0.63372093 0.60233918
  0.53488372 0.55555556 0.54651163 0.5380117  0.54069767 0.52046784
  0.49418605 0.5497076  0.45930233 0.53216374 0.52325581 0.5380117
  0.54069767 0.52046784 0.53488372 0.61988304 0.55813953 0.54385965
  0.51744186 0.50581395 0.50292398 0.52325581 0.56725146 0.48255814
  0.57894737 0.55813953 0.66081871 0.52325581 0.58479532 0.53488372
  0.44444444 0.55232558 0.47368421 0.52906977 0.58479532 0.50581395
  0.4502924  0.4244186  0.47953216 0.61046512 0.62573099 0.61046512
  0.56725146 0.5755814  0.51744186 0.59064327 0.58139535 0.56725146
  0.48837209 0.48538012 0.52906977 0.5380117  0.62790698 0.4619883
  0.59883721 0.50877193 0.60465116 0.52631579 0.56395349 0.54385965
  0.55232558 0.51461988 0.52325581 0.51461988 0.46511628 0.40935673
  0.56395349 0.52046784 0.52325581 0.54651163]]
score: 0.5345508635930912
f1: 0.5414667580534613
mcc: 0.22551382084685465
Memory peak: 97036

NOAA.txt
Executed in: 19.646310806274414 seconds
ep: 0.15 percent_pool: 30 number of updts: 61
acc_percent: [[0.5872093  0.63953488 0.57894737 0.5872093  0.62573099 0.54651163
  0.61403509 0.51744186 0.61403509 0.58139535 0.61403509 0.62209302
  0.55555556 0.51744186 0.59064327 0.54069767 0.61403509 0.55232558
  0.6374269  0.59302326 0.52046784 0.54069767 0.57894737 0.5
  0.62209302 0.53216374 0.59302326 0.59064327 0.66860465 0.56140351
  0.5755814  0.59064327 0.63953488 0.61988304 0.55813953 0.61988304
  0.54069767 0.63157895 0.5        0.57309942 0.48837209 0.60818713
  0.58139535 0.5497076  0.54069767 0.62573099 0.65697674 0.6374269
  0.63372093 0.5        0.54385965 0.62209302 0.62573099 0.58139535
  0.61403509 0.55813953 0.68421053 0.58139535 0.60233918 0.54651163
  0.52046784 0.62790698 0.57309942 0.55813953 0.61988304 0.52325581
  0.50292398 0.48837209 0.51461988 0.59302326 0.59064327 0.56976744
  0.59064327 0.5872093  0.50581395 0.63157895 0.5872093  0.59649123
  0.51744186 0.49122807 0.54069767 0.5380117  0.55813953 0.48538012
  0.5755814  0.5497076  0.63953488 0.57894737 0.54651163 0.57894737
  0.59302326 0.61988304 0.51162791 0.57309942 0.52906977 0.43859649
  0.59302326 0.56140351 0.56395349 0.51744186]]
score: 0.5735063919488644
f1: 0.607665207643856
mcc: 0.24455393386701194
Memory peak: 98248

