1CDT.txt
ep: 0.15 percent_pool: 10 number of updts: 4
acc_percent: [[0.96776316 0.96708361 0.96379197 0.96576695 0.97300856 0.96642528
  0.97366689 0.96181698 0.96840026 0.95918367]]
score: 0.9667
f1: 0.9655735474214178
mcc: 0.9354639746981428

1CDT.txt
ep: 0.15 percent_pool: 20 number of updts: 7
acc_percent: [[0.96381579 0.97761685 0.97827518 0.98617512 0.98485846 0.97695853
  0.98090849 0.97695853 0.97893351 0.99341672]]
score: 0.9798
f1: 0.9794028849379404
mcc: 0.9603289831413968

1CDT.txt
ep: 0.2 percent_pool: 10 number of updts: 5
acc_percent: [[0.98157895 0.98551679 0.98617512 0.99012508 0.98946675 0.98551679
  0.99012508 0.98090849 0.9835418  0.98090849]]
score: 0.9853
f1: 0.9851263923164143
mcc: 0.9710181343093981

1CDT.txt
ep: 0.2 percent_pool: 20 number of updts: 4
acc_percent: [[0.98092105 0.97564187 0.9716919  0.97827518 0.98090849 0.9763002
  0.97761685 0.96905859 0.97959184 0.97695853]]
score: 0.9767
f1: 0.9761551933180654
mcc: 0.95445700900919
