1CHT.txt
ep: 0.15 percent_pool: 10 number of updts: 20
acc_percent: [[0.98157895 0.99802502 0.99539171 0.99605003 0.99736669 0.99670836
  0.99670836 0.99736669 0.99605003 0.94338381]]
score: 0.9899
f1: 0.9899082568807339
mcc: 0.9797673754978597

1CHT.txt
ep: 0.15 percent_pool: 20 number of updts: 18
acc_percent: [[0.97828947 0.99934167 1.         1.         1.         1.
  1.         0.99802502 0.92363397 0.68663594]]
score: 0.9586
f1: 0.9600659229208925
mcc: 0.9197506115167806

1CHT.txt
ep: 0.2 percent_pool: 10 number of updts: 14
acc_percent: [[0.94671053 0.99802502 0.99473338 0.99539171 0.99605003 0.99605003
  0.99868334 0.99275839 0.99605003 0.87886768]]
score: 0.9793
f1: 0.9796103896103897
mcc: 0.9590163374063736

1CHT.txt
ep: 0.2 percent_pool: 20 number of updts: 13
acc_percent: [[0.97894737 1.         0.99868334 1.         0.99934167 0.99934167
  1.         0.99868334 0.99934167 0.85516787]]
score: 0.983
f1: 0.983191641248621
mcc: 0.9662864988191824
