1CDT.txt
Executed in: 15.880946159362793 seconds
ep: 0.05 percent_pool: 10 number of updts: 18
acc_percent: [[0.98881579 0.98946675 0.99934167 1.         1.         1.
  1.         1.         0.99934167 0.91573404]]
score: 0.9893
f1: 0.9893429225237005
mcc: 0.9786290899633732

1CDT.txt
Executed in: 15.706255197525024 seconds
ep: 0.05 percent_pool: 20 number of updts: 20
acc_percent: [[0.96776316 0.96708361 0.959842   0.96379197 0.97366689 0.9644503
  0.96840026 0.95852535 0.96774194 0.98485846]]
score: 0.9676
f1: 0.9666078457988326
mcc: 0.9370262507433343

1CDT.txt
Executed in: 18.777913570404053 seconds
ep: 0.05 percent_pool: 30 number of updts: 71
acc_percent: [[0.99342105 0.99802502 0.99934167 0.99934167 1.         0.99934167
  1.         1.         1.         0.97761685]]
score: 0.9967
f1: 0.9967144171376002
mcc: 0.9934238389004084

1CDT.txt
Executed in: 15.154406309127808 seconds
ep: 0.1 percent_pool: 10 number of updts: 11
acc_percent: [[0.98092105 0.98090849 0.98749177 0.9881501  0.98880843 0.98749177
  0.99210007 0.98156682 0.98090849 0.98156682]]
score: 0.9849
f1: 0.9847221295616786
mcc: 0.9702424211380307

1CDT.txt
Executed in: 15.728384494781494 seconds
ep: 0.1 percent_pool: 20 number of updts: 19
acc_percent: [[0.99605263 0.99868334 1.         0.99934167 1.         0.99934167
  1.         1.         1.         0.98617512]]
score: 0.998
f1: 0.9979620011833542
mcc: 0.9959220957984479

1CDT.txt
Executed in: 17.0128116607666 seconds
ep: 0.1 percent_pool: 30 number of updts: 31
acc_percent: [[0.98157895 0.99275839 0.99736669 0.99605003 0.99802502 0.99670836
  0.99934167 0.99605003 0.99605003 0.99210007]]
score: 0.9946
f1: 0.9945831681860219
mcc: 0.989243444555668

1CDT.txt
Executed in: 15.310869693756104 seconds
ep: 0.15 percent_pool: 10 number of updts: 15
acc_percent: [[0.96710526 0.96840026 0.95720869 0.9644503  0.97235023 0.9835418
  0.99210007 0.98946675 0.99144174 0.95589203]]
score: 0.9742
f1: 0.9737511718226866
mcc: 0.9490024947808569

1CDT.txt
Executed in: 17.45949149131775 seconds
ep: 0.15 percent_pool: 20 number of updts: 62
acc_percent: [[0.99407895 0.99802502 0.99934167 0.99934167 1.         0.99934167
  1.         1.         1.         0.98288348]]
score: 0.9973
f1: 0.9973045822102425
mcc: 0.9946063049465541

1CDT.txt
Executed in: 17.450387239456177 seconds
ep: 0.15 percent_pool: 30 number of updts: 45
acc_percent: [[0.98684211 0.98946675 0.99802502 0.99605003 0.99802502 0.99670836
  0.99934167 0.99605003 0.99605003 0.98551679]]
score: 0.9942
f1: 0.9941937186592767
mcc: 0.9884376179991677

