1CHT.txt
Executed in: 16.30123519897461 seconds
ep: 0.05 percent_pool: 10 number of updts: 50
acc_percent: [[0.96973684 0.97827518 0.96510862 0.96181698 0.9644503  0.95918367
  0.96708361 0.97564187 0.97432521 0.95852535]]
score: 0.9674
f1: 0.9665788940652218
mcc: 0.9360954275710299

1CHT.txt
Executed in: 21.052541732788086 seconds
ep: 0.05 percent_pool: 20 number of updts: 156
acc_percent: [[0.98684211 0.99210007 0.98880843 0.99539171 0.99802502 0.99736669
  0.99868334 0.99802502 0.99736669 0.96247531]]
score: 0.9915
f1: 0.9914845864413494
mcc: 0.9830484499463651

1CHT.txt
Executed in: 39.5363712310791 seconds
ep: 0.05 percent_pool: 30 number of updts: 440
acc_percent: [[0.94013158 0.92034233 0.98880843 0.97761685 0.96642528 0.96379197
  0.96642528 0.98551679 0.99473338 0.9716919 ]]
score: 0.9676
f1: 0.9666192700927619
mcc: 0.9366389465473887

1CHT.txt
Executed in: 15.844857215881348 seconds
ep: 0.1 percent_pool: 10 number of updts: 39
acc_percent: [[0.93881579 0.91836735 0.92034233 0.92363397 0.92231731 0.92626728
  0.92758394 0.93021725 0.92231731 0.96576695]]
score: 0.9296
f1: 0.9245203160270882
mcc: 0.8671174080111305

1CHT.txt
Executed in: 20.149558782577515 seconds
ep: 0.1 percent_pool: 20 number of updts: 142
acc_percent: [[0.96447368 0.99670836 0.99275839 0.96510862 0.96247531 0.96181698
  0.95918367 0.97761685 0.99605003 0.95128374]]
score: 0.9728
f1: 0.9722668810289389
mcc: 0.9461324540593204

1CHT.txt
Executed in: 23.676161527633667 seconds
ep: 0.1 percent_pool: 30 number of updts: 156
acc_percent: [[0.96710526 0.99275839 0.98946675 0.99539171 0.99539171 0.99605003
  0.99736669 0.99605003 0.98880843 0.97366689]]
score: 0.9892
f1: 0.9891476971942826
mcc: 0.9784866486721234

1CHT.txt
Executed in: 15.864437103271484 seconds
ep: 0.15 percent_pool: 10 number of updts: 37
acc_percent: [[0.97236842 0.99736669 0.99736669 0.99605003 0.99670836 0.99539171
  0.99802502 0.99868334 1.         0.94996708]]
score: 0.9902
f1: 0.9901578704009512
mcc: 0.9804263177379287

1CHT.txt
Executed in: 20.339147329330444 seconds
ep: 0.15 percent_pool: 20 number of updts: 141
acc_percent: [[0.98421053 0.99539171 0.99012508 0.98880843 0.99341672 0.99341672
  0.99802502 0.99210007 1.         0.94930876]]
score: 0.9885
f1: 0.9884966804706502
mcc: 0.9769751134774494

1CHT.txt
Executed in: 24.94006371498108 seconds
ep: 0.15 percent_pool: 30 number of updts: 175
acc_percent: [[0.93157895 0.99341672 0.98683344 0.99210007 0.99670836 0.99473338
  0.99802502 0.99275839 0.98617512 0.93680053]]
score: 0.9809
f1: 0.9807129555732907
mcc: 0.9620661248568251

