1CSurr.txt
Executed in: 75.07356357574463 seconds
ep: 0.05 percent_pool: 10 number of updts: 318
acc_percent: [[0.70710341 0.53342221 0.55932203 0.55208532 0.55589412 0.56846315
  0.57322415 0.71053133 0.76804418 0.54256332]]
score: 0.6071
f1: 0.20120771076875438
mcc: 0.02204526120815369

1CSurr.txt
Executed in: 116.43921256065369 seconds
ep: 0.05 percent_pool: 20 number of updts: 519
acc_percent: [[0.74309655 0.58331746 0.32660446 0.28832603 0.24928585 0.27213864
  0.42963245 0.68006094 0.69720053 0.2690916 ]]
score: 0.4539
f1: 0.3700775295952209
mcc: -0.09542128281441223

1CSurr.txt
Executed in: 180.9026176929474 seconds
ep: 0.05 percent_pool: 30 number of updts: 723
acc_percent: [[0.90287564 0.80422777 0.53780232 0.54027804 0.38316511 0.36088364
  0.4646734  0.69567701 0.79641973 0.33136545]]
score: 0.5818
f1: 0.40158016618989234
mcc: 0.0815373076209617

1CSurr.txt
Executed in: 69.23241829872131 seconds
ep: 0.1 percent_pool: 10 number of updts: 246
acc_percent: [[0.83679299 0.51152161 0.42544277 0.49038278 0.42182441 0.56370215
  0.55494192 0.72271948 0.6770139  0.48295563]]
score: 0.5688
f1: 0.24234719480780165
mcc: -0.027420284674662426

1CSurr.txt
Executed in: 100.82606410980225 seconds
ep: 0.1 percent_pool: 20 number of updts: 386
acc_percent: [[0.85317082 0.72119596 0.51475909 0.36907256 0.3201295  0.40011426
  0.39992382 0.60426585 0.7309084  0.29422967]]
score: 0.5208
f1: 0.36640567961531684
mcc: -0.018329669678730835

1CSurr.txt
Executed in: 152.88572883605957 seconds
ep: 0.1 percent_pool: 30 number of updts: 556
acc_percent: [[0.91830128 0.70234241 0.51799657 0.46334032 0.443725   0.42296705
  0.47400495 0.73814512 0.78480289 0.37764235]]
score: 0.5843
f1: 0.39344262295081966
mcc: 0.08005094405922791

1CSurr.txt
Executed in: 67.95686054229736 seconds
ep: 0.15 percent_pool: 10 number of updts: 213
acc_percent: [[0.88859265 0.74462007 0.51494953 0.38564083 0.35802704 0.40373262
  0.43839269 0.64235384 0.56713007 0.42506189]]
score: 0.5369
f1: 0.33676919720767884
mcc: -0.01769931612459634

1CSurr.txt
Executed in: 94.67319798469543 seconds
ep: 0.15 percent_pool: 20 number of updts: 335
acc_percent: [[0.83945915 0.74842887 0.55494192 0.59512474 0.60921729 0.62616644
  0.53475528 0.76080747 0.84936203 0.42620453]]
score: 0.6544
f1: 0.40498360655737703
mcc: 0.19760981340314943

1CSurr.txt
Executed in: 134.9752070903778 seconds
ep: 0.15 percent_pool: 30 number of updts: 451
acc_percent: [[0.86916778 0.74195391 0.48943058 0.369263   0.36221672 0.34069701
  0.49914302 0.74385831 0.74271567 0.31041706]]
score: 0.5469
f1: 0.42516185138660734
mcc: 0.054650288848712474

