2CDT.txt
Executed in: 15.772379636764526 seconds
ep: 0.05 percent_pool: 10 number of updts: 22
acc_percent: [[0.82828947 0.50888743 0.50032916 0.50757077 0.49308756 0.50559579
  0.4917709  0.50098749 0.55233706 0.8959842 ]]
score: 0.5785
f1: 0.28132361189007293
mcc: 0.27919306420406437

2CDT.txt
Executed in: 17.72770643234253 seconds
ep: 0.05 percent_pool: 20 number of updts: 57
acc_percent: [[0.57894737 0.49967084 0.50032916 0.50757077 0.49308756 0.50559579
  0.4917709  0.50098749 0.49835418 0.62804477]]
score: 0.5204
f1: 0.07861476238624875
mcc: 0.1438355428518321

2CDT.txt
Executed in: 20.082549810409546 seconds
ep: 0.05 percent_pool: 30 number of updts: 77
acc_percent: [[0.76710526 0.50296248 0.50032916 0.50757077 0.49308756 0.50559579
  0.4917709  0.50098749 0.52863726 0.64647795]]
score: 0.5444
f1: 0.16415208207604104
mcc: 0.2140671203829214

2CDT.txt
Executed in: 15.631086349487305 seconds
ep: 0.1 percent_pool: 10 number of updts: 10
acc_percent: [[0.73026316 0.50427913 0.50032916 0.50757077 0.49308756 0.50559579
  0.4917709  0.50098749 0.52468729 0.82817643]]
score: 0.5586
f1: 0.21357402414722776
mcc: 0.2444590358516634

2CDT.txt
Executed in: 15.602325916290283 seconds
ep: 0.1 percent_pool: 20 number of updts: 10
acc_percent: [[0.63289474 0.49967084 0.50032916 0.50757077 0.49308756 0.50559579
  0.4917709  0.50098749 0.49901251 0.65306122]]
score: 0.5284
f1: 0.10733408043830159
mcc: 0.17082958656830688

2CDT.txt
Executed in: 17.27149772644043 seconds
ep: 0.1 percent_pool: 30 number of updts: 38
acc_percent: [[0.57697368 0.49967084 0.50032916 0.50757077 0.49308756 0.50559579
  0.4917709  0.50098749 0.49835418 0.55431205]]
score: 0.5128
f1: 0.05027574708221111
mcc: 0.1134259547684105

2CDT.txt
Executed in: 15.483410120010376 seconds
ep: 0.15 percent_pool: 10 number of updts: 12
acc_percent: [[0.78552632 0.51020408 0.50032916 0.50757077 0.49308756 0.50559579
  0.4917709  0.50098749 0.55431205 0.90651745]]
score: 0.5756
f1: 0.2708262687916808
mcc: 0.2754564872340598

2CDT.txt
Executed in: 15.547312021255493 seconds
ep: 0.15 percent_pool: 20 number of updts: 13
acc_percent: [[0.79934211 0.50493746 0.50032916 0.50757077 0.49308756 0.50559579
  0.4917709  0.50098749 0.53785385 0.89466754]]
score: 0.5736
f1: 0.2632416458285974
mcc: 0.27297216099035476

2CDT.txt
Executed in: 16.351284980773926 seconds
ep: 0.15 percent_pool: 30 number of updts: 25
acc_percent: [[0.61973684 0.49967084 0.50032916 0.50757077 0.49308756 0.50559579
  0.4917709  0.50098749 0.50691244 0.80052666]]
score: 0.5426
f1: 0.1581305242765468
mcc: 0.20900873471265743

