2CHT.txt
Executed in: 16.109029531478882 seconds
ep: 0.05 percent_pool: 10 number of updts: 23
acc_percent: [[0.62565789 0.49506254 0.50296248 0.49901251 0.49901251 0.49703752
  0.50032916 0.50559579 0.5036208  0.52666228]]
score: 0.5155
f1: 0.061424748311456605
mcc: 0.12227994057165953

2CHT.txt
Executed in: 20.07328724861145 seconds
ep: 0.05 percent_pool: 20 number of updts: 94
acc_percent: [[0.55263158 0.49572087 0.50296248 0.49901251 0.49901251 0.49703752
  0.50032916 0.50559579 0.50559579 0.62277814]]
score: 0.518
f1: 0.07359635811836115
mcc: 0.12793774474027156

2CHT.txt
Executed in: 21.779605627059937 seconds
ep: 0.05 percent_pool: 30 number of updts: 112
acc_percent: [[0.64473684 0.49572087 0.50296248 0.49901251 0.49901251 0.49703752
  0.50032916 0.50559579 0.5036208  0.70836076]]
score: 0.5356
f1: 0.160741885625966
mcc: 0.1583694949407529

2CHT.txt
Executed in: 16.722439289093018 seconds
ep: 0.1 percent_pool: 10 number of updts: 55
acc_percent: [[0.72302632 0.50098749 0.50296248 0.49901251 0.49901251 0.49703752
  0.50032916 0.50625411 0.51678736 0.63133641]]
score: 0.5376
f1: 0.15264046298529055
mcc: 0.18027788610759743

2CHT.txt
Executed in: 18.242340564727783 seconds
ep: 0.1 percent_pool: 20 number of updts: 71
acc_percent: [[0.61052632 0.49901251 0.50296248 0.49901251 0.49901251 0.49703752
  0.50032916 0.50559579 0.520079   0.75971034]]
score: 0.5393
f1: 0.16101593386845572
mcc: 0.18169167509314615

2CHT.txt
Executed in: 21.69858455657959 seconds
ep: 0.1 percent_pool: 30 number of updts: 100
acc_percent: [[0.57631579 0.49506254 0.50296248 0.49901251 0.49901251 0.49703752
  0.50032916 0.50559579 0.51612903 0.73535221]]
score: 0.5326
f1: 0.14840565811555984
mcc: 0.15143477396273924

2CHT.txt
Executed in: 16.859382390975952 seconds
ep: 0.15 percent_pool: 10 number of updts: 45
acc_percent: [[0.52894737 0.49572087 0.50296248 0.49901251 0.49901251 0.49703752
  0.50032916 0.50559579 0.50493746 0.58986175]]
score: 0.5123
f1: 0.048273205803055594
mcc: 0.11102119355077275

2CHT.txt
Executed in: 18.312538862228394 seconds
ep: 0.15 percent_pool: 20 number of updts: 73
acc_percent: [[0.75921053 0.52863726 0.50296248 0.49901251 0.49901251 0.49703752
  0.50032916 0.50559579 0.52600395 0.63726136]]
score: 0.5455
f1: 0.17759790501130823
mcc: 0.20346776916586365

2CHT.txt
Executed in: 19.903327703475952 seconds
ep: 0.15 percent_pool: 30 number of updts: 76
acc_percent: [[0.63486842 0.51612903 0.50296248 0.49901251 0.49901251 0.49703752
  0.50032916 0.50559579 0.5483871  0.75905201]]
score: 0.5462
f1: 0.17349628564581834
mcc: 0.21378324908280363

